<?xml version="1.0" encoding="utf-8"?><TestRun id="e725777b-a24a-483e-a99f-2463814562cc" name="Steve Knipmeyer@VECTOR 2018-08-17 04:11:28" runUser="VECTOR\Steve Knipmeyer" xmlns="http://microsoft.com/schemas/VisualStudio/TeamTest/2010"><Times creation="2018-08-17T04:11:28.1010070-04:00" queuing="2018-08-17T04:11:28.1010174-04:00" start="2018-08-17T04:11:23.9358697-04:00" finish="2018-08-17T04:12:12.5449251-04:00" /><TestSettings name="default" id="1695fe78-5e74-4a60-a474-4c42ac48c91c"><Deployment runDeploymentRoot="Steve_Knipmeyer_VECTOR_2018-08-17_04_11_28" /></TestSettings><Results><UnitTestResult executionId="10b0fffb-35f7-4021-836e-f718fc6a80d5" testId="73f7bdbf-2a8c-428f-b508-ed80f9825000" testName="Put_InvalidReferencePropertyReturndBadRequest" computerName="VECTOR" duration="00:00:00.0470000" startTime="2018-08-17T04:11:33.1630095-04:00" endTime="2018-08-17T04:11:33.1630165-04:00" testType="13cdc9d9-ddb5-4fa4-a97d-d965ccfc6d4b" outcome="Passed" testListId="8c84fa94-04c1-424b-9868-57a2d4851a1d" relativeResultsDirectory="10b0fffb-35f7-4021-836e-f718fc6a80d5" /><UnitTestResult executionId="9dbc9005-8d36-4328-9ac5-9d5db0491741" testId="e7e89515-3fb5-4c1c-b8d6-7403ac0e37d2" testName="Post_CanCreateNewModel" computerName="VECTOR" duration="00:00:00.2090000" startTime="2018-08-17T04:11:32.6204449-04:00" endTime="2018-08-17T04:11:32.6204517-04:00" testType="13cdc9d9-ddb5-4fa4-a97d-d965ccfc6d4b" outcome="Passed" testListId="8c84fa94-04c1-424b-9868-57a2d4851a1d" relativeResultsDirectory="9dbc9005-8d36-4328-9ac5-9d5db0491741" /><UnitTestResult executionId="f1651a65-43f4-4521-8934-9166d4edf969" testId="f76f1da2-af23-4575-b48c-8d61b0789fd9" testName="Post_InvalidReferencePropertyReturnsBadRequest" computerName="VECTOR" duration="00:00:00.0160000" startTime="2018-08-17T04:11:38.8812065-04:00" endTime="2018-08-17T04:11:38.8812113-04:00" testType="13cdc9d9-ddb5-4fa4-a97d-d965ccfc6d4b" outcome="Passed" testListId="8c84fa94-04c1-424b-9868-57a2d4851a1d" relativeResultsDirectory="f1651a65-43f4-4521-8934-9166d4edf969" /><UnitTestResult executionId="3f9b8dfd-80c8-4b5d-8d45-e454eb297820" testId="ec2859fc-471c-4544-9e4c-96533afabb74" testName="Post_InvalidReferencePropertyReturnsBadRequest" computerName="VECTOR" duration="00:00:00.3280000" startTime="2018-08-17T04:11:30.1577470-04:00" endTime="2018-08-17T04:11:30.1577536-04:00" testType="13cdc9d9-ddb5-4fa4-a97d-d965ccfc6d4b" outcome="Passed" testListId="8c84fa94-04c1-424b-9868-57a2d4851a1d" relativeResultsDirectory="3f9b8dfd-80c8-4b5d-8d45-e454eb297820" /><UnitTestResult executionId="1e54de08-413f-410c-be51-6def5e5b20ff" testId="eb61202b-cb6a-4e94-8874-00e16632e1ba" testName="Post_CanCreateNewModel" computerName="VECTOR" duration="00:00:00.1680000" startTime="2018-08-17T04:12:10.4655649-04:00" endTime="2018-08-17T04:12:10.4655719-04:00" testType="13cdc9d9-ddb5-4fa4-a97d-d965ccfc6d4b" outcome="Passed" testListId="8c84fa94-04c1-424b-9868-57a2d4851a1d" relativeResultsDirectory="1e54de08-413f-410c-be51-6def5e5b20ff" /><UnitTestResult executionId="bc16e5aa-c0fa-4362-a70e-6e3a10fc7f64" testId="08ed8df1-d301-4fff-89a9-995100dea52d" testName="Put_InvalidIdReturnsNotFound" computerName="VECTOR" duration="00:00:00.0520000" startTime="2018-08-17T04:11:29.4062073-04:00" endTime="2018-08-17T04:11:29.4062144-04:00" testType="13cdc9d9-ddb5-4fa4-a97d-d965ccfc6d4b" outcome="Passed" testListId="8c84fa94-04c1-424b-9868-57a2d4851a1d" relativeResultsDirectory="bc16e5aa-c0fa-4362-a70e-6e3a10fc7f64" /><UnitTestResult executionId="941f74e3-cab4-4687-89ed-6544c0966b35" testId="38fe0883-e0b6-4fec-822b-6ed9c229686c" testName="GetSingle_ValidIdPropertyValueReturnsCorrectModel" computerName="VECTOR" duration="00:00:00.0510000" startTime="2018-08-17T04:11:46.5961338-04:00" endTime="2018-08-17T04:11:46.5961404-04:00" testType="13cdc9d9-ddb5-4fa4-a97d-d965ccfc6d4b" outcome="Passed" testListId="8c84fa94-04c1-424b-9868-57a2d4851a1d" relativeResultsDirectory="941f74e3-cab4-4687-89ed-6544c0966b35" /><UnitTestResult executionId="20f4d349-bd34-4dd2-816d-32d5a3958e01" testId="8d2c16be-b6d8-44be-a5e8-804f9101d444" testName="Put_InvalidIdReturnsNotFound" computerName="VECTOR" duration="00:00:00.0290000" startTime="2018-08-17T04:12:04.1762793-04:00" endTime="2018-08-17T04:12:04.1762852-04:00" testType="13cdc9d9-ddb5-4fa4-a97d-d965ccfc6d4b" outcome="Passed" testListId="8c84fa94-04c1-424b-9868-57a2d4851a1d" relativeResultsDirectory="20f4d349-bd34-4dd2-816d-32d5a3958e01" /><UnitTestResult executionId="4d9ada2b-d47e-4e19-8ba7-00c56e6dd56d" testId="5e3dc92c-5933-45e2-be97-61e2139786ad" testName="Patch_InvalidEnumPropertyValueReturnsBadRequest" computerName="VECTOR" duration="00:00:00.0170000" startTime="2018-08-17T04:11:32.4107964-04:00" endTime="2018-08-17T04:11:32.4108018-04:00" testType="13cdc9d9-ddb5-4fa4-a97d-d965ccfc6d4b" outcome="Passed" testListId="8c84fa94-04c1-424b-9868-57a2d4851a1d" relativeResultsDirectory="4d9ada2b-d47e-4e19-8ba7-00c56e6dd56d" /><UnitTestResult executionId="73136e9b-e0c8-4063-a995-9a3217c2ad93" testId="dc010541-6488-4121-8114-4388d5dd29b1" testName="Patch_InvalidReferencePropertyReturnsBadRequest" computerName="VECTOR" duration="00:00:00.0380000" startTime="2018-08-17T04:12:04.0714489-04:00" endTime="2018-08-17T04:12:04.0714552-04:00" testType="13cdc9d9-ddb5-4fa4-a97d-d965ccfc6d4b" outcome="Passed" testListId="8c84fa94-04c1-424b-9868-57a2d4851a1d" relativeResultsDirectory="73136e9b-e0c8-4063-a995-9a3217c2ad93" /><UnitTestResult executionId="05c7ca9e-b62d-408f-9aa3-4dba30cb16fd" testId="305892b5-d5b1-4c3b-a80b-1fb3281ec21d" testName="Put_InvalidIdReturnsNotFound" computerName="VECTOR" duration="00:00:00.0440000" startTime="2018-08-17T04:11:31.1650330-04:00" endTime="2018-08-17T04:11:31.1650392-04:00" testType="13cdc9d9-ddb5-4fa4-a97d-d965ccfc6d4b" outcome="Passed" testListId="8c84fa94-04c1-424b-9868-57a2d4851a1d" relativeResultsDirectory="05c7ca9e-b62d-408f-9aa3-4dba30cb16fd" /><UnitTestResult executionId="544561df-78d6-4ab0-866a-8b5dfb148727" testId="46b0cb73-aaeb-4f0b-b86b-c4d9f5d7a4b0" testName="DepthBufferHasExpectedDependentFiles" computerName="VECTOR" duration="00:00:00.0010000" startTime="2018-08-17T04:11:27.3979289-04:00" endTime="2018-08-17T04:11:27.3979308-04:00" testType="13cdc9d9-ddb5-4fa4-a97d-d965ccfc6d4b" outcome="Passed" testListId="8c84fa94-04c1-424b-9868-57a2d4851a1d" relativeResultsDirectory="544561df-78d6-4ab0-866a-8b5dfb148727" /><UnitTestResult executionId="28a590f1-f2ec-4adf-80d5-e6165a72d3c9" testId="885b8d2b-7136-4e7a-be8d-e8ef84b9d974" testName="Put_InvalidIdReturnsNotFound" computerName="VECTOR" duration="00:00:00.2190000" startTime="2018-08-17T04:11:36.2910972-04:00" endTime="2018-08-17T04:11:36.2911034-04:00" testType="13cdc9d9-ddb5-4fa4-a97d-d965ccfc6d4b" outcome="Passed" testListId="8c84fa94-04c1-424b-9868-57a2d4851a1d" relativeResultsDirectory="28a590f1-f2ec-4adf-80d5-e6165a72d3c9" /><UnitTestResult executionId="638e26bd-dbfd-4899-994c-105b2c75229b" testId="79710eed-dc82-4985-bfb7-8f38a127dc5e" testName="Post_ValidReferencePropertyCreatesModel" computerName="VECTOR" duration="00:00:00.2230000" startTime="2018-08-17T04:12:04.7902384-04:00" endTime="2018-08-17T04:12:04.7902455-04:00" testType="13cdc9d9-ddb5-4fa4-a97d-d965ccfc6d4b" outcome="Passed" testListId="8c84fa94-04c1-424b-9868-57a2d4851a1d" relativeResultsDirectory="638e26bd-dbfd-4899-994c-105b2c75229b" /><UnitTestResult executionId="3f9fba03-ac36-4e5d-8df0-b54215dcbd6a" testId="9c9597da-9653-457c-a290-a71ecb640e52" testName="Delete_TargetModelIsDeleted" computerName="VECTOR" duration="00:00:00.4590000" startTime="2018-08-17T04:11:33.1156222-04:00" endTime="2018-08-17T04:11:33.1156284-04:00" testType="13cdc9d9-ddb5-4fa4-a97d-d965ccfc6d4b" outcome="Passed" testListId="8c84fa94-04c1-424b-9868-57a2d4851a1d" relativeResultsDirectory="3f9fba03-ac36-4e5d-8df0-b54215dcbd6a" /><UnitTestResult executionId="bbbd3c41-aae1-4a6b-ac4e-4b61aeb6a548" testId="4aa4ad6e-7a7d-4a7e-98ed-cd0531693aef" testName="FileRequest_FileCanBeReadAfterRename" computerName="VECTOR" duration="00:00:00.6560000" startTime="2018-08-17T04:11:35.2035681-04:00" endTime="2018-08-17T04:11:35.2035746-04:00" testType="13cdc9d9-ddb5-4fa4-a97d-d965ccfc6d4b" outcome="Passed" testListId="8c84fa94-04c1-424b-9868-57a2d4851a1d" relativeResultsDirectory="bbbd3c41-aae1-4a6b-ac4e-4b61aeb6a548" /><UnitTestResult executionId="6c81cc76-0a49-41cc-be4c-3d87f47e85ff" testId="c2549edc-64af-4350-9b33-a5992f144b10" testName="Post_InvalidReferencePropertyReturnsBadRequest" computerName="VECTOR" duration="00:00:00.0160000" startTime="2018-08-17T04:12:10.7488303-04:00" endTime="2018-08-17T04:12:10.7488368-04:00" testType="13cdc9d9-ddb5-4fa4-a97d-d965ccfc6d4b" outcome="Passed" testListId="8c84fa94-04c1-424b-9868-57a2d4851a1d" relativeResultsDirectory="6c81cc76-0a49-41cc-be4c-3d87f47e85ff" /><UnitTestResult executionId="151aa70c-4842-4ae6-b821-5b3f27fb2c76" testId="17f2890a-a83d-4b44-bec8-0ff4da701b7b" testName="PostFile_FileTimeStampIsUpdatedAfterFileIsPosted" computerName="VECTOR" duration="00:00:01.4920000" startTime="2018-08-17T04:12:06.6332668-04:00" endTime="2018-08-17T04:12:06.6332739-04:00" testType="13cdc9d9-ddb5-4fa4-a97d-d965ccfc6d4b" outcome="Passed" testListId="8c84fa94-04c1-424b-9868-57a2d4851a1d" relativeResultsDirectory="151aa70c-4842-4ae6-b821-5b3f27fb2c76" /><UnitTestResult executionId="609e6481-93b0-4945-baaa-939406748a7b" testId="5dd5e27a-02a9-48de-b61f-7cff545e8e7a" testName="Put_CanUpdateModel" computerName="VECTOR" duration="00:00:01.0290000" startTime="2018-08-17T04:11:44.1523732-04:00" endTime="2018-08-17T04:11:44.1523798-04:00" testType="13cdc9d9-ddb5-4fa4-a97d-d965ccfc6d4b" outcome="Passed" testListId="8c84fa94-04c1-424b-9868-57a2d4851a1d" relativeResultsDirectory="609e6481-93b0-4945-baaa-939406748a7b" /><UnitTestResult executionId="2acb5b4c-3c57-496a-aee0-c63171d2c603" testId="fb542157-3a59-4151-a36b-43ba92e49c15" testName="Put_CanUpdateModel" computerName="VECTOR" duration="00:00:00.3090000" startTime="2018-08-17T04:12:05.0999675-04:00" endTime="2018-08-17T04:12:05.0999738-04:00" testType="13cdc9d9-ddb5-4fa4-a97d-d965ccfc6d4b" outcome="Passed" testListId="8c84fa94-04c1-424b-9868-57a2d4851a1d" relativeResultsDirectory="2acb5b4c-3c57-496a-aee0-c63171d2c603" /><UnitTestResult executionId="fc7cd450-d192-4fe2-8aee-ab8ca6169985" testId="58931000-6096-4287-ab36-61cd2610aef6" testName="PostFile_NewFileCanBePosted" computerName="VECTOR" duration="00:00:00.3580000" startTime="2018-08-17T04:12:09.8917204-04:00" endTime="2018-08-17T04:12:09.8917273-04:00" testType="13cdc9d9-ddb5-4fa4-a97d-d965ccfc6d4b" outcome="Passed" testListId="8c84fa94-04c1-424b-9868-57a2d4851a1d" relativeResultsDirectory="fc7cd450-d192-4fe2-8aee-ab8ca6169985" /><UnitTestResult executionId="cdf8a4c1-451c-442a-88b6-a9d48ba4c5b2" testId="fdaaa3fa-8b44-4876-b806-09807997cce4" testName="Put_ValidReferencePropertyUpdatesModel" computerName="VECTOR" duration="00:00:00.3470000" startTime="2018-08-17T04:12:12.0901657-04:00" endTime="2018-08-17T04:12:12.0901735-04:00" testType="13cdc9d9-ddb5-4fa4-a97d-d965ccfc6d4b" outcome="Passed" testListId="8c84fa94-04c1-424b-9868-57a2d4851a1d" relativeResultsDirectory="cdf8a4c1-451c-442a-88b6-a9d48ba4c5b2" /><UnitTestResult executionId="c64edd3c-0386-474b-8a8a-87343dbe6506" testId="b0691199-eeb5-41b8-984b-95aacc6af301" testName="Patch_InvalidIdPropertyReturnsNotFound" computerName="VECTOR" duration="00:00:00.0160000" startTime="2018-08-17T04:11:29.8109931-04:00" endTime="2018-08-17T04:11:29.8109987-04:00" testType="13cdc9d9-ddb5-4fa4-a97d-d965ccfc6d4b" outcome="Passed" testListId="8c84fa94-04c1-424b-9868-57a2d4851a1d" relativeResultsDirectory="c64edd3c-0386-474b-8a8a-87343dbe6506" /><UnitTestResult executionId="175fad11-1229-4096-ab73-bd88710bbaaf" testId="cad713c2-af53-4b70-bbd3-76ca44993e66" testName="Patch_InvalidEnumPropertyValueReturnsBadRequest" computerName="VECTOR" duration="00:00:00.0380000" startTime="2018-08-17T04:12:02.6892366-04:00" endTime="2018-08-17T04:12:02.6892430-04:00" testType="13cdc9d9-ddb5-4fa4-a97d-d965ccfc6d4b" outcome="Passed" testListId="8c84fa94-04c1-424b-9868-57a2d4851a1d" relativeResultsDirectory="175fad11-1229-4096-ab73-bd88710bbaaf" /><UnitTestResult executionId="91b2de8b-3043-4311-98f8-c6a6013bb676" testId="299b2d7f-b7a1-4ab3-86fa-d7bc8c2737b9" testName="Patch_InvalidPropertyNameReturnsBadRequest" computerName="VECTOR" duration="00:00:00.0250000" startTime="2018-08-17T04:11:36.3160167-04:00" endTime="2018-08-17T04:11:36.3160229-04:00" testType="13cdc9d9-ddb5-4fa4-a97d-d965ccfc6d4b" outcome="Passed" testListId="8c84fa94-04c1-424b-9868-57a2d4851a1d" relativeResultsDirectory="91b2de8b-3043-4311-98f8-c6a6013bb676" /><UnitTestResult executionId="8615a298-311b-4648-96a3-e49cc107aed4" testId="3c17d368-0553-4d32-b724-2ca236668fca" testName="PostFile_FileTimeStampIsUpdatedAfterFileIsPosted" computerName="VECTOR" duration="00:00:01.4770000" startTime="2018-08-17T04:11:53.6180187-04:00" endTime="2018-08-17T04:11:53.6180251-04:00" testType="13cdc9d9-ddb5-4fa4-a97d-d965ccfc6d4b" outcome="Passed" testListId="8c84fa94-04c1-424b-9868-57a2d4851a1d" relativeResultsDirectory="8615a298-311b-4648-96a3-e49cc107aed4" /><UnitTestResult executionId="958b1e27-0a8a-4243-bd88-cb5ef5a03ea7" testId="fce11f4e-8b7f-4ccf-9aa2-f39a2cf4c6d8" testName="PutFile_FileCanBeUpdated" computerName="VECTOR" duration="00:00:00.5060000" startTime="2018-08-17T04:12:07.1396825-04:00" endTime="2018-08-17T04:12:07.1396895-04:00" testType="13cdc9d9-ddb5-4fa4-a97d-d965ccfc6d4b" outcome="Passed" testListId="8c84fa94-04c1-424b-9868-57a2d4851a1d" relativeResultsDirectory="958b1e27-0a8a-4243-bd88-cb5ef5a03ea7" /><UnitTestResult executionId="9217bea2-de2a-4b1c-9747-deb4d01cf4ed" testId="ef250878-12fa-4c53-ac7a-7fd747e24603" testName="Patch_ValidReferencePropertyUpdatesModel" computerName="VECTOR" duration="00:00:00.5510000" startTime="2018-08-17T04:11:31.7705998-04:00" endTime="2018-08-17T04:11:31.7706060-04:00" testType="13cdc9d9-ddb5-4fa4-a97d-d965ccfc6d4b" outcome="Passed" testListId="8c84fa94-04c1-424b-9868-57a2d4851a1d" relativeResultsDirectory="9217bea2-de2a-4b1c-9747-deb4d01cf4ed" /><UnitTestResult executionId="aadc1a14-ab4c-405c-aae3-6e210e1ff36f" testId="d12512cf-75d3-48ca-beb7-3a161cd90534" testName="Patch_InvalidEnumPropertyValueReturnsBadRequest" computerName="VECTOR" duration="00:00:00.0300000" startTime="2018-08-17T04:11:44.7475938-04:00" endTime="2018-08-17T04:11:44.7475993-04:00" testType="13cdc9d9-ddb5-4fa4-a97d-d965ccfc6d4b" outcome="Passed" testListId="8c84fa94-04c1-424b-9868-57a2d4851a1d" relativeResultsDirectory="aadc1a14-ab4c-405c-aae3-6e210e1ff36f" /><UnitTestResult executionId="2116e12e-5b06-45d0-bb34-5b2a30e2981d" testId="bcbddfda-df27-4be7-a4b9-4fdb869330ef" testName="Delete_TargetModelIsDeleted" computerName="VECTOR" duration="00:00:00.2340000" startTime="2018-08-17T04:11:46.5444589-04:00" endTime="2018-08-17T04:11:46.5444665-04:00" testType="13cdc9d9-ddb5-4fa4-a97d-d965ccfc6d4b" outcome="Passed" testListId="8c84fa94-04c1-424b-9868-57a2d4851a1d" relativeResultsDirectory="2116e12e-5b06-45d0-bb34-5b2a30e2981d" /><UnitTestResult executionId="12a2683f-7f0a-4dcf-8658-e64398286b55" testId="bd3f6a44-977f-49d2-b11b-95ca94b8dc52" testName="GetFile_FileCanBeRoundTripped" computerName="VECTOR" duration="00:00:00.3580000" startTime="2018-08-17T04:11:51.5347085-04:00" endTime="2018-08-17T04:11:51.5347155-04:00" testType="13cdc9d9-ddb5-4fa4-a97d-d965ccfc6d4b" outcome="Passed" testListId="8c84fa94-04c1-424b-9868-57a2d4851a1d" relativeResultsDirectory="12a2683f-7f0a-4dcf-8658-e64398286b55" /><UnitTestResult executionId="94d4ed23-2bab-4e0a-98ea-1410ab621e41" testId="ffe948ef-ba63-4f08-a60f-57bc9bd63aa3" testName="CameraHasExpectedDependentFiles" computerName="VECTOR" duration="00:00:00.0010000" startTime="2018-08-17T04:11:27.3939102-04:00" endTime="2018-08-17T04:11:27.3939118-04:00" testType="13cdc9d9-ddb5-4fa4-a97d-d965ccfc6d4b" outcome="Passed" testListId="8c84fa94-04c1-424b-9868-57a2d4851a1d" relativeResultsDirectory="94d4ed23-2bab-4e0a-98ea-1410ab621e41" /><UnitTestResult executionId="cc4af11c-93e5-48c0-b8f9-4752e964aba6" testId="c5223c05-0019-4e56-8d0d-7b633db21002" testName="Put_InvalidReferencePropertyReturndBadRequest" computerName="VECTOR" duration="00:00:00.0340000" startTime="2018-08-17T04:12:11.1084663-04:00" endTime="2018-08-17T04:12:11.1084727-04:00" testType="13cdc9d9-ddb5-4fa4-a97d-d965ccfc6d4b" outcome="Passed" testListId="8c84fa94-04c1-424b-9868-57a2d4851a1d" relativeResultsDirectory="cc4af11c-93e5-48c0-b8f9-4752e964aba6" /><UnitTestResult executionId="b877fe11-0eb4-4ceb-85f8-d5ef8b9a5d1c" testId="da4fe25d-d939-401b-9b7f-05493089d198" testName="Delete_TargetModelIsDeleted" computerName="VECTOR" duration="00:00:00.4600000" startTime="2018-08-17T04:11:36.7767571-04:00" endTime="2018-08-17T04:11:36.7767634-04:00" testType="13cdc9d9-ddb5-4fa4-a97d-d965ccfc6d4b" outcome="Passed" testListId="8c84fa94-04c1-424b-9868-57a2d4851a1d" relativeResultsDirectory="b877fe11-0eb4-4ceb-85f8-d5ef8b9a5d1c" /><UnitTestResult executionId="cbefd75d-5e9e-4546-a8c3-28b34913e131" testId="e769e779-f3b8-40ed-908a-420f67a02eb5" testName="GetFile_ExistingFileReturnsSuccess" computerName="VECTOR" duration="00:00:00.0400000" startTime="2018-08-17T04:11:52.1400004-04:00" endTime="2018-08-17T04:11:52.1400073-04:00" testType="13cdc9d9-ddb5-4fa4-a97d-d965ccfc6d4b" outcome="Passed" testListId="8c84fa94-04c1-424b-9868-57a2d4851a1d" relativeResultsDirectory="cbefd75d-5e9e-4546-a8c3-28b34913e131" /><UnitTestResult executionId="a1211992-5044-4818-a95d-3a9482ba5fb4" testId="5c77308e-04da-4814-93f8-bd649ec9c131" testName="Patch_ValidReferencePropertyUpdatesModel" computerName="VECTOR" duration="00:00:00.4960000" startTime="2018-08-17T04:11:38.1350761-04:00" endTime="2018-08-17T04:11:38.1350838-04:00" testType="13cdc9d9-ddb5-4fa4-a97d-d965ccfc6d4b" outcome="Passed" testListId="8c84fa94-04c1-424b-9868-57a2d4851a1d" relativeResultsDirectory="a1211992-5044-4818-a95d-3a9482ba5fb4" /><UnitTestResult executionId="53fbe02b-a41c-458d-b758-034dbe792304" testId="9e4c11ba-bfc6-46f2-b423-a66670d03bce" testName="GetSingle_InvalidIdPropertyValueReturnsNotFound" computerName="VECTOR" duration="00:00:00.0240000" startTime="2018-08-17T04:11:31.1207135-04:00" endTime="2018-08-17T04:11:31.1207196-04:00" testType="13cdc9d9-ddb5-4fa4-a97d-d965ccfc6d4b" outcome="Passed" testListId="8c84fa94-04c1-424b-9868-57a2d4851a1d" relativeResultsDirectory="53fbe02b-a41c-458d-b758-034dbe792304" /><UnitTestResult executionId="8c0378cb-de9b-4dc9-b655-54328a0d8a30" testId="b08eca4d-fc76-4b42-b8b6-b5e3f06cea41" testName="PutFile_NewFileCanBePut" computerName="VECTOR" duration="00:00:00.4510000" startTime="2018-08-17T04:11:33.6287696-04:00" endTime="2018-08-17T04:11:33.6287763-04:00" testType="13cdc9d9-ddb5-4fa4-a97d-d965ccfc6d4b" outcome="Passed" testListId="8c84fa94-04c1-424b-9868-57a2d4851a1d" relativeResultsDirectory="8c0378cb-de9b-4dc9-b655-54328a0d8a30" /><UnitTestResult executionId="23abc16b-553f-4f27-a39f-3361ba15ba02" testId="9a7de570-da0b-4a33-ab63-756de869bca4" testName="GetList_ListReturnsCorrectCount" computerName="VECTOR" duration="00:00:00.0180000" startTime="2018-08-17T04:11:37.0514941-04:00" endTime="2018-08-17T04:11:37.0514984-04:00" testType="13cdc9d9-ddb5-4fa4-a97d-d965ccfc6d4b" outcome="Passed" testListId="8c84fa94-04c1-424b-9868-57a2d4851a1d" relativeResultsDirectory="23abc16b-553f-4f27-a39f-3361ba15ba02" /><UnitTestResult executionId="83aca1a8-b345-4d92-acd9-719bbac65246" testId="c698e81c-6c6d-4a8b-a934-1acc68a278fd" testName="LucyDepthBufferFindsOneDependent" computerName="VECTOR" duration="00:00:00.0030000" startTime="2018-08-17T04:11:27.3976523-04:00" endTime="2018-08-17T04:11:27.3976552-04:00" testType="13cdc9d9-ddb5-4fa4-a97d-d965ccfc6d4b" outcome="Passed" testListId="8c84fa94-04c1-424b-9868-57a2d4851a1d" relativeResultsDirectory="83aca1a8-b345-4d92-acd9-719bbac65246" /><UnitTestResult executionId="355a241a-387f-48de-a1c6-eaaa69ef4283" testId="125e22ac-6152-4c3d-8195-d6d30288b04d" testName="Patch_InvalidIdPropertyReturnsNotFound" computerName="VECTOR" duration="00:00:00.0230000" startTime="2018-08-17T04:11:45.9665281-04:00" endTime="2018-08-17T04:11:45.9665343-04:00" testType="13cdc9d9-ddb5-4fa4-a97d-d965ccfc6d4b" outcome="Passed" testListId="8c84fa94-04c1-424b-9868-57a2d4851a1d" relativeResultsDirectory="355a241a-387f-48de-a1c6-eaaa69ef4283" /><UnitTestResult executionId="82b9c77e-dde2-4b14-b2a2-7f231c81ae97" testId="642fa1d2-8416-4fef-8dc3-b8b1c5990552" testName="Put_ValidReferencePropertyUpdatesModel" computerName="VECTOR" duration="00:00:00.3510000" startTime="2018-08-17T04:11:37.4029383-04:00" endTime="2018-08-17T04:11:37.4029447-04:00" testType="13cdc9d9-ddb5-4fa4-a97d-d965ccfc6d4b" outcome="Passed" testListId="8c84fa94-04c1-424b-9868-57a2d4851a1d" relativeResultsDirectory="82b9c77e-dde2-4b14-b2a2-7f231c81ae97" /><UnitTestResult executionId="d2a4d280-9e52-4469-987f-aa4517560e73" testId="7a62f137-55bc-4456-abaf-45d43514814c" testName="Patch_TargetPropertyIsUpdated" computerName="VECTOR" duration="00:00:00.3500000" startTime="2018-08-17T04:12:12.4404828-04:00" endTime="2018-08-17T04:12:12.4404903-04:00" testType="13cdc9d9-ddb5-4fa4-a97d-d965ccfc6d4b" outcome="Passed" testListId="8c84fa94-04c1-424b-9868-57a2d4851a1d" relativeResultsDirectory="d2a4d280-9e52-4469-987f-aa4517560e73" /><UnitTestResult executionId="0f1eaf50-b623-44f0-92de-aafd0e05d214" testId="71bd4241-9115-40ec-8288-7deef725e1c6" testName="Patch_InvalidIdPropertyReturnsNotFound" computerName="VECTOR" duration="00:00:00.0230000" startTime="2018-08-17T04:12:03.0244588-04:00" endTime="2018-08-17T04:12:03.0244656-04:00" testType="13cdc9d9-ddb5-4fa4-a97d-d965ccfc6d4b" outcome="Passed" testListId="8c84fa94-04c1-424b-9868-57a2d4851a1d" relativeResultsDirectory="0f1eaf50-b623-44f0-92de-aafd0e05d214" /><UnitTestResult executionId="398f33cb-7b5e-4f09-a3ed-2440c9557f66" testId="67bf5d0f-8f8e-4d46-a88a-497477f44f9b" testName="GetSingle_ValidIdPropertyValueReturnsCorrectModel" computerName="VECTOR" duration="00:00:00.0170000" startTime="2018-08-17T04:11:29.4237642-04:00" endTime="2018-08-17T04:11:29.4237708-04:00" testType="13cdc9d9-ddb5-4fa4-a97d-d965ccfc6d4b" outcome="Passed" testListId="8c84fa94-04c1-424b-9868-57a2d4851a1d" relativeResultsDirectory="398f33cb-7b5e-4f09-a3ed-2440c9557f66" /><UnitTestResult executionId="b9873286-65b8-4efb-95fc-c6a126bd3e00" testId="b7543cba-167e-4606-bd58-1c3737f63786" testName="GetFile_NonExistentFileReturnsNotFound" computerName="VECTOR" duration="00:00:00.0220000" startTime="2018-08-17T04:11:36.0590002-04:00" endTime="2018-08-17T04:11:36.0590058-04:00" testType="13cdc9d9-ddb5-4fa4-a97d-d965ccfc6d4b" outcome="Passed" testListId="8c84fa94-04c1-424b-9868-57a2d4851a1d" relativeResultsDirectory="b9873286-65b8-4efb-95fc-c6a126bd3e00" /><UnitTestResult executionId="9b521635-c833-4cf2-8a80-360a6b44b1aa" testId="73b61874-8783-4733-95ff-efcf6373d7d3" testName="Post_CanCreateNewModel" computerName="VECTOR" duration="00:00:00.1960000" startTime="2018-08-17T04:11:37.0033037-04:00" endTime="2018-08-17T04:11:37.0033105-04:00" testType="13cdc9d9-ddb5-4fa4-a97d-d965ccfc6d4b" outcome="Passed" testListId="8c84fa94-04c1-424b-9868-57a2d4851a1d" relativeResultsDirectory="9b521635-c833-4cf2-8a80-360a6b44b1aa" /><UnitTestResult executionId="81fff4ed-17fe-439e-ac1e-1d5e8b52ae20" testId="cc64f9bb-4e6e-4ca7-9577-316cd1ddd965" testName="Put_InvalidIdReturnsNotFound" computerName="VECTOR" duration="00:00:00.0890000" startTime="2018-08-17T04:11:40.0124644-04:00" endTime="2018-08-17T04:11:40.0124699-04:00" testType="13cdc9d9-ddb5-4fa4-a97d-d965ccfc6d4b" outcome="Passed" testListId="8c84fa94-04c1-424b-9868-57a2d4851a1d" relativeResultsDirectory="81fff4ed-17fe-439e-ac1e-1d5e8b52ae20" /><UnitTestResult executionId="f0e11e1a-5799-4ae3-84d3-e4ad6d230cc7" testId="78765b08-6d58-454f-9b0f-b179827ad1ca" testName="Put_InvalidReferencePropertyReturndBadRequest" computerName="VECTOR" duration="00:00:00.0110000" startTime="2018-08-17T04:11:29.7946980-04:00" endTime="2018-08-17T04:11:29.7947024-04:00" testType="13cdc9d9-ddb5-4fa4-a97d-d965ccfc6d4b" outcome="Passed" testListId="8c84fa94-04c1-424b-9868-57a2d4851a1d" relativeResultsDirectory="f0e11e1a-5799-4ae3-84d3-e4ad6d230cc7" /><UnitTestResult executionId="1efc8f6a-7172-4fae-99a4-632e5f7bd390" testId="415c14dc-873b-4228-a49e-cc79d87557fd" testName="Patch_MultipleInvalidReferencePropertiesReturnsMultipleValidationErrorsAndBadRequest" computerName="VECTOR" duration="00:00:00.0360000" startTime="2018-08-17T04:12:11.3435682-04:00" endTime="2018-08-17T04:12:11.3435743-04:00" testType="13cdc9d9-ddb5-4fa4-a97d-d965ccfc6d4b" outcome="Passed" testListId="8c84fa94-04c1-424b-9868-57a2d4851a1d" relativeResultsDirectory="1efc8f6a-7172-4fae-99a4-632e5f7bd390" /><UnitTestResult executionId="94783840-31f5-497f-b6c6-0fb7228d78f1" testId="b63ab1f8-8b93-487b-8d0f-dec0b91006a2" testName="Post_InvalidPropertyValueReturnsBadRequest" computerName="VECTOR" duration="00:00:00.0180000" startTime="2018-08-17T04:12:04.1950453-04:00" endTime="2018-08-17T04:12:04.1950521-04:00" testType="13cdc9d9-ddb5-4fa4-a97d-d965ccfc6d4b" outcome="Passed" testListId="8c84fa94-04c1-424b-9868-57a2d4851a1d" relativeResultsDirectory="94783840-31f5-497f-b6c6-0fb7228d78f1" /><UnitTestResult executionId="b62410f3-cdc5-4809-b99e-83d699245eec" testId="eb036629-31cb-42cf-a3c7-280ef3c0b24e" testName="PostFile_FileIsSynchronizedIsUpdatedAfterFileIsPosted" computerName="VECTOR" duration="00:00:00.0120000" startTime="2018-08-17T04:11:36.0710407-04:00" endTime="2018-08-17T04:11:36.0710458-04:00" testType="13cdc9d9-ddb5-4fa4-a97d-d965ccfc6d4b" outcome="Passed" testListId="8c84fa94-04c1-424b-9868-57a2d4851a1d" relativeResultsDirectory="b62410f3-cdc5-4809-b99e-83d699245eec" /><UnitTestResult executionId="345b37fc-2a25-4d45-822f-7a2c13e7427f" testId="063703a6-d952-4051-907a-4628eac288bf" testName="GetFile_FileCanBeRoundTripped" computerName="VECTOR" duration="00:00:00.3830000" startTime="2018-08-17T04:11:36.0366732-04:00" endTime="2018-08-17T04:11:36.0366797-04:00" testType="13cdc9d9-ddb5-4fa4-a97d-d965ccfc6d4b" outcome="Passed" testListId="8c84fa94-04c1-424b-9868-57a2d4851a1d" relativeResultsDirectory="345b37fc-2a25-4d45-822f-7a2c13e7427f" /><UnitTestResult executionId="29dff05a-8878-4458-8950-aebf978fe862" testId="09768640-c45b-4e1e-aa7f-317262b53861" testName="Post_InvalidReferencePropertyReturnsBadRequest" computerName="VECTOR" duration="00:00:00.0250000" startTime="2018-08-17T04:11:46.0146067-04:00" endTime="2018-08-17T04:11:46.0146130-04:00" testType="13cdc9d9-ddb5-4fa4-a97d-d965ccfc6d4b" outcome="Passed" testListId="8c84fa94-04c1-424b-9868-57a2d4851a1d" relativeResultsDirectory="29dff05a-8878-4458-8950-aebf978fe862" /><UnitTestResult executionId="0b6605ab-499f-4f53-a860-e799e9cfb8db" testId="5c4da189-b609-430c-85be-35637fd37a54" testName="Delete_TargetModelIsDeleted" computerName="VECTOR" duration="00:00:00.2150000" startTime="2018-08-17T04:12:03.0008394-04:00" endTime="2018-08-17T04:12:03.0008458-04:00" testType="13cdc9d9-ddb5-4fa4-a97d-d965ccfc6d4b" outcome="Passed" testListId="8c84fa94-04c1-424b-9868-57a2d4851a1d" relativeResultsDirectory="0b6605ab-499f-4f53-a860-e799e9cfb8db" /><UnitTestResult executionId="1b4ffa0e-e9b9-4738-9868-7d75bc5ba856" testId="913b9e2b-7760-4423-b40e-7ecf1ec2c8e2" testName="GetFile_NonExistentFileReturnsNotFound" computerName="VECTOR" duration="00:00:00.0240000" startTime="2018-08-17T04:12:08.7823004-04:00" endTime="2018-08-17T04:12:08.7823067-04:00" testType="13cdc9d9-ddb5-4fa4-a97d-d965ccfc6d4b" outcome="Passed" testListId="8c84fa94-04c1-424b-9868-57a2d4851a1d" relativeResultsDirectory="1b4ffa0e-e9b9-4738-9868-7d75bc5ba856" /><UnitTestResult executionId="c5f4cf3d-d3e8-46d4-929e-542508a75bd1" testId="2d2482f7-de31-4976-816e-1d357117a8b0" testName="GetSingle_InvalidIdPropertyValueReturnsNotFound" computerName="VECTOR" duration="00:00:00.0220000" startTime="2018-08-17T04:11:45.9887141-04:00" endTime="2018-08-17T04:11:45.9887199-04:00" testType="13cdc9d9-ddb5-4fa4-a97d-d965ccfc6d4b" outcome="Passed" testListId="8c84fa94-04c1-424b-9868-57a2d4851a1d" relativeResultsDirectory="c5f4cf3d-d3e8-46d4-929e-542508a75bd1" /><UnitTestResult executionId="d5bad959-8c40-4cd8-ab2c-86a71cf0aa63" testId="c68eea42-048e-41b6-9504-4af31aaa939c" testName="Patch_InvalidReferencePropertyReturnsBadRequest" computerName="VECTOR" duration="00:00:00.0260000" startTime="2018-08-17T04:12:11.7421705-04:00" endTime="2018-08-17T04:12:11.7421768-04:00" testType="13cdc9d9-ddb5-4fa4-a97d-d965ccfc6d4b" outcome="Passed" testListId="8c84fa94-04c1-424b-9868-57a2d4851a1d" relativeResultsDirectory="d5bad959-8c40-4cd8-ab2c-86a71cf0aa63" /><UnitTestResult executionId="3d3f3520-57d5-4a34-ae38-c096d680911d" testId="da3b8c19-8871-4e41-9723-c9b74baeacec" testName="GetSingle_ValidIdPropertyValueReturnsCorrectModel" computerName="VECTOR" duration="00:00:00.0210000" startTime="2018-08-17T04:12:10.2967322-04:00" endTime="2018-08-17T04:12:10.2967381-04:00" testType="13cdc9d9-ddb5-4fa4-a97d-d965ccfc6d4b" outcome="Passed" testListId="8c84fa94-04c1-424b-9868-57a2d4851a1d" relativeResultsDirectory="3d3f3520-57d5-4a34-ae38-c096d680911d" /><UnitTestResult executionId="192ac849-2689-42d8-9183-b9f8cec686c7" testId="a692c9c9-4123-473b-998d-c534a4a51c00" testName="GetSingle_InvalidIdPropertyValueReturnsNotFound" computerName="VECTOR" duration="00:00:00.0200000" startTime="2018-08-17T04:11:38.8484143-04:00" endTime="2018-08-17T04:11:38.8484205-04:00" testType="13cdc9d9-ddb5-4fa4-a97d-d965ccfc6d4b" outcome="Passed" testListId="8c84fa94-04c1-424b-9868-57a2d4851a1d" relativeResultsDirectory="192ac849-2689-42d8-9183-b9f8cec686c7" /><UnitTestResult executionId="3f1fa7fb-70d2-4c9a-9dff-4716482a1cf6" testId="66cf091e-a3cb-49af-877f-c2632eb32a2c" testName="Post_InvalidPropertyValueReturnsBadRequest" computerName="VECTOR" duration="00:00:00.0200000" startTime="2018-08-17T04:11:46.6619100-04:00" endTime="2018-08-17T04:11:46.6619159-04:00" testType="13cdc9d9-ddb5-4fa4-a97d-d965ccfc6d4b" outcome="Passed" testListId="8c84fa94-04c1-424b-9868-57a2d4851a1d" relativeResultsDirectory="3f1fa7fb-70d2-4c9a-9dff-4716482a1cf6" /><UnitTestResult executionId="315b65b9-a75d-423c-b57c-ee92272e6d77" testId="32917c3f-935a-4f1e-b372-e80062caa2d7" testName="Patch_InvalidPropertyNameReturnsBadRequest" computerName="VECTOR" duration="00:00:00.0950000" startTime="2018-08-17T04:11:28.0608207-04:00" endTime="2018-08-17T04:11:28.0608272-04:00" testType="13cdc9d9-ddb5-4fa4-a97d-d965ccfc6d4b" outcome="Passed" testListId="8c84fa94-04c1-424b-9868-57a2d4851a1d" relativeResultsDirectory="315b65b9-a75d-423c-b57c-ee92272e6d77" /><UnitTestResult executionId="c4f15876-2a5d-4e3f-8e27-3902345a29f6" testId="3c9b9e73-bf9a-44f7-a259-1fde91a19b84" testName="Put_CanUpdateModel" computerName="VECTOR" duration="00:00:00.2890000" startTime="2018-08-17T04:11:29.7441707-04:00" endTime="2018-08-17T04:11:29.7441771-04:00" testType="13cdc9d9-ddb5-4fa4-a97d-d965ccfc6d4b" outcome="Passed" testListId="8c84fa94-04c1-424b-9868-57a2d4851a1d" relativeResultsDirectory="c4f15876-2a5d-4e3f-8e27-3902345a29f6" /><UnitTestResult executionId="b95d0063-2a3f-4dd5-897d-ca587b97ba93" testId="4bb3596a-fd39-4b49-9107-44817a8e6e46" testName="GetSingle_ValidIdPropertyValueReturnsCorrectModel" computerName="VECTOR" duration="00:00:00.0250000" startTime="2018-08-17T04:12:04.1464027-04:00" endTime="2018-08-17T04:12:04.1464082-04:00" testType="13cdc9d9-ddb5-4fa4-a97d-d965ccfc6d4b" outcome="Passed" testListId="8c84fa94-04c1-424b-9868-57a2d4851a1d" relativeResultsDirectory="b95d0063-2a3f-4dd5-897d-ca587b97ba93" /><UnitTestResult executionId="9602e549-fbe3-4bd9-8f8d-aaa70fe3b0f7" testId="aad3951d-a82a-4f6b-aea4-faf845fb16f1" testName="Patch_InvalidReferencePropertyReturnsBadRequest" computerName="VECTOR" duration="00:00:00.0290000" startTime="2018-08-17T04:11:37.0325871-04:00" endTime="2018-08-17T04:11:37.0325931-04:00" testType="13cdc9d9-ddb5-4fa4-a97d-d965ccfc6d4b" outcome="Passed" testListId="8c84fa94-04c1-424b-9868-57a2d4851a1d" relativeResultsDirectory="9602e549-fbe3-4bd9-8f8d-aaa70fe3b0f7" /><UnitTestResult executionId="16ba1a0d-7592-40d4-a0c0-b706110f6500" testId="babdd3ea-e90d-43b9-a22d-b494207867e1" testName="FileRequest_MeshGenerateSetsFileIsSynchronized" computerName="VECTOR" duration="00:00:07.6740000" startTime="2018-08-17T04:12:01.6503337-04:00" endTime="2018-08-17T04:12:01.6503411-04:00" testType="13cdc9d9-ddb5-4fa4-a97d-d965ccfc6d4b" outcome="Passed" testListId="8c84fa94-04c1-424b-9868-57a2d4851a1d" relativeResultsDirectory="16ba1a0d-7592-40d4-a0c0-b706110f6500" /><UnitTestResult executionId="f0c53f89-5deb-433d-bf12-039b734e2619" testId="30ad0780-ab74-4762-a9ae-31728df7963b" testName="FileRequest_FileCanBeReadAfterRename" computerName="VECTOR" duration="00:00:00.4430000" startTime="2018-08-17T04:12:07.5828454-04:00" endTime="2018-08-17T04:12:07.5828517-04:00" testType="13cdc9d9-ddb5-4fa4-a97d-d965ccfc6d4b" outcome="Passed" testListId="8c84fa94-04c1-424b-9868-57a2d4851a1d" relativeResultsDirectory="f0c53f89-5deb-433d-bf12-039b734e2619" /><UnitTestResult executionId="88336f19-bb96-4c91-a2a6-5228c1251c9c" testId="b88fd2b8-ae3d-47f0-bb90-4bec8ceb7fe1" testName="Post_ValidReferencePropertyCreatesModel" computerName="VECTOR" duration="00:00:00.1980000" startTime="2018-08-17T04:12:11.3073553-04:00" endTime="2018-08-17T04:12:11.3073617-04:00" testType="13cdc9d9-ddb5-4fa4-a97d-d965ccfc6d4b" outcome="Passed" testListId="8c84fa94-04c1-424b-9868-57a2d4851a1d" relativeResultsDirectory="88336f19-bb96-4c91-a2a6-5228c1251c9c" /><UnitTestResult executionId="a9d1fba9-b730-4ef8-b491-1c50d1af73ad" testId="d5b540c8-ace7-4406-aa9d-8c39d5c1a2cd" testName="PostFile_FileIsSynchronizedIsUpdatedAfterFileIsPosted" computerName="VECTOR" duration="00:00:00.4250000" startTime="2018-08-17T04:12:02.0752925-04:00" endTime="2018-08-17T04:12:02.0752996-04:00" testType="13cdc9d9-ddb5-4fa4-a97d-d965ccfc6d4b" outcome="Passed" testListId="8c84fa94-04c1-424b-9868-57a2d4851a1d" relativeResultsDirectory="a9d1fba9-b730-4ef8-b491-1c50d1af73ad" /><UnitTestResult executionId="94457af0-b2c6-41b4-ab60-f7cdeed6f53c" testId="d6d2eaf6-7c7c-444d-a45b-31367d507334" testName="Post_ValidReferencePropertyCreatesModel" computerName="VECTOR" duration="00:00:00.2530000" startTime="2018-08-17T04:11:46.3101965-04:00" endTime="2018-08-17T04:11:46.3102031-04:00" testType="13cdc9d9-ddb5-4fa4-a97d-d965ccfc6d4b" outcome="Passed" testListId="8c84fa94-04c1-424b-9868-57a2d4851a1d" relativeResultsDirectory="94457af0-b2c6-41b4-ab60-f7cdeed6f53c" /><UnitTestResult executionId="547cb201-66bc-4f07-8b8c-66ed9e2d07d1" testId="1c01e14f-69f0-4909-b7c8-e9d62f5856e2" testName="Put_CanUpdateModel" computerName="VECTOR" duration="00:00:00.4420000" startTime="2018-08-17T04:11:31.0959479-04:00" endTime="2018-08-17T04:11:31.0959549-04:00" testType="13cdc9d9-ddb5-4fa4-a97d-d965ccfc6d4b" outcome="Passed" testListId="8c84fa94-04c1-424b-9868-57a2d4851a1d" relativeResultsDirectory="547cb201-66bc-4f07-8b8c-66ed9e2d07d1" /><UnitTestResult executionId="bc208c80-1f47-4677-b06c-c4d6490dfb55" testId="2d37cb17-ad52-4def-b415-cee690677eb5" testName="PostFile_NewFileCanBePosted" computerName="VECTOR" duration="00:00:00.3580000" startTime="2018-08-17T04:11:53.9761267-04:00" endTime="2018-08-17T04:11:53.9761336-04:00" testType="13cdc9d9-ddb5-4fa4-a97d-d965ccfc6d4b" outcome="Passed" testListId="8c84fa94-04c1-424b-9868-57a2d4851a1d" relativeResultsDirectory="bc208c80-1f47-4677-b06c-c4d6490dfb55" /><UnitTestResult executionId="6b32f82f-2e02-4351-b0bf-08bca32c807d" testId="0c45d216-016d-4850-b154-48ae1e4482f7" testName="Post_InvalidPropertyValueReturnsBadRequest" computerName="VECTOR" duration="00:00:00.0170000" startTime="2018-08-17T04:11:29.8283898-04:00" endTime="2018-08-17T04:11:29.8283958-04:00" testType="13cdc9d9-ddb5-4fa4-a97d-d965ccfc6d4b" outcome="Passed" testListId="8c84fa94-04c1-424b-9868-57a2d4851a1d" relativeResultsDirectory="6b32f82f-2e02-4351-b0bf-08bca32c807d" /><UnitTestResult executionId="2a13768a-b589-429c-8458-2e1cf2065373" testId="84c701a5-6148-43df-a024-f75d760fdce6" testName="Patch_InvalidIdPropertyReturnsNotFound" computerName="VECTOR" duration="00:00:00.0150000" startTime="2018-08-17T04:11:37.6285759-04:00" endTime="2018-08-17T04:11:37.6285799-04:00" testType="13cdc9d9-ddb5-4fa4-a97d-d965ccfc6d4b" outcome="Passed" testListId="8c84fa94-04c1-424b-9868-57a2d4851a1d" relativeResultsDirectory="2a13768a-b589-429c-8458-2e1cf2065373" /><UnitTestResult executionId="f2608750-e76c-48ff-aa74-e2e01d780e1e" testId="69bfe1d4-90e9-401d-ba7d-6ae14027add3" testName="LucyCameraFindsAllDependents" computerName="VECTOR" duration="00:00:00.0080000" startTime="2018-08-17T04:11:27.3936321-04:00" endTime="2018-08-17T04:11:27.3936361-04:00" testType="13cdc9d9-ddb5-4fa4-a97d-d965ccfc6d4b" outcome="Passed" testListId="8c84fa94-04c1-424b-9868-57a2d4851a1d" relativeResultsDirectory="f2608750-e76c-48ff-aa74-e2e01d780e1e" /><UnitTestResult executionId="528f6485-6837-4ba3-ba99-22525e04f8b2" testId="dbc0472f-92b4-4a62-b0b8-374fe080eec3" testName="Put_InvalidReferencePropertyReturndBadRequest" computerName="VECTOR" duration="00:00:00.0270000" startTime="2018-08-17T04:11:37.6136086-04:00" endTime="2018-08-17T04:11:37.6136156-04:00" testType="13cdc9d9-ddb5-4fa4-a97d-d965ccfc6d4b" outcome="Passed" testListId="8c84fa94-04c1-424b-9868-57a2d4851a1d" relativeResultsDirectory="528f6485-6837-4ba3-ba99-22525e04f8b2" /><UnitTestResult executionId="3d6d80ea-b5ed-458f-ac0f-2409c600e5d7" testId="cb63f9bb-31c0-4532-b30d-8932f8be89d1" testName="Put_ValidReferencePropertyUpdatesModel" computerName="VECTOR" duration="00:00:00.4410000" startTime="2018-08-17T04:12:04.0333618-04:00" endTime="2018-08-17T04:12:04.0333696-04:00" testType="13cdc9d9-ddb5-4fa4-a97d-d965ccfc6d4b" outcome="Passed" testListId="8c84fa94-04c1-424b-9868-57a2d4851a1d" relativeResultsDirectory="3d6d80ea-b5ed-458f-ac0f-2409c600e5d7" /><UnitTestResult executionId="8a2cdf95-6130-4884-8425-965a6b80caf6" testId="6f4ba70b-6676-49ff-b0d8-41e3cf8450e0" testName="GetList_ListReturnsCorrectCount" computerName="VECTOR" duration="00:00:00.0270000" startTime="2018-08-17T04:11:29.7715293-04:00" endTime="2018-08-17T04:11:29.7715360-04:00" testType="13cdc9d9-ddb5-4fa4-a97d-d965ccfc6d4b" outcome="Passed" testListId="8c84fa94-04c1-424b-9868-57a2d4851a1d" relativeResultsDirectory="8a2cdf95-6130-4884-8425-965a6b80caf6" /><UnitTestResult executionId="e610739f-7949-4433-adc3-9de6d2e85701" testId="db89f6b0-7a70-4852-adb4-cd37ecee96fe" testName="Patch_MultipleInvalidReferencePropertiesReturnsMultipleValidationErrorsAndBadRequest" computerName="VECTOR" duration="00:00:00.0270000" startTime="2018-08-17T04:12:04.0985743-04:00" endTime="2018-08-17T04:12:04.0985807-04:00" testType="13cdc9d9-ddb5-4fa4-a97d-d965ccfc6d4b" outcome="Passed" testListId="8c84fa94-04c1-424b-9868-57a2d4851a1d" relativeResultsDirectory="e610739f-7949-4433-adc3-9de6d2e85701" /><UnitTestResult executionId="cc983988-c582-4288-bef1-a1f9a2066915" testId="7ad35de3-b37e-4f5b-980b-dc372206569d" testName="Patch_InvalidPropertyNameReturnsBadRequest" computerName="VECTOR" duration="00:00:00.0230000" startTime="2018-08-17T04:11:45.9430114-04:00" endTime="2018-08-17T04:11:45.9430167-04:00" testType="13cdc9d9-ddb5-4fa4-a97d-d965ccfc6d4b" outcome="Passed" testListId="8c84fa94-04c1-424b-9868-57a2d4851a1d" relativeResultsDirectory="cc983988-c582-4288-bef1-a1f9a2066915" /><UnitTestResult executionId="d60818c9-1e69-4b37-9048-b8ec2c5009e4" testId="25bb48d4-9395-4e79-9138-1db7d8e4293f" testName="Patch_MultipleInvalidReferencePropertiesReturnsMultipleValidationErrorsAndBadRequest" computerName="VECTOR" duration="00:00:00.0430000" startTime="2018-08-17T04:11:32.3723455-04:00" endTime="2018-08-17T04:11:32.3723521-04:00" testType="13cdc9d9-ddb5-4fa4-a97d-d965ccfc6d4b" outcome="Passed" testListId="8c84fa94-04c1-424b-9868-57a2d4851a1d" relativeResultsDirectory="d60818c9-1e69-4b37-9048-b8ec2c5009e4" /><UnitTestResult executionId="87077956-daee-4ba0-b125-02249bd220d9" testId="911a4934-8918-4ebc-8d72-2d7754748844" testName="Patch_MultipleInvalidReferencePropertiesReturnsMultipleValidationErrorsAndBadRequest" computerName="VECTOR" duration="00:00:00.0120000" startTime="2018-08-17T04:11:29.7836442-04:00" endTime="2018-08-17T04:11:29.7836488-04:00" testType="13cdc9d9-ddb5-4fa4-a97d-d965ccfc6d4b" outcome="Passed" testListId="8c84fa94-04c1-424b-9868-57a2d4851a1d" relativeResultsDirectory="87077956-daee-4ba0-b125-02249bd220d9" /><UnitTestResult executionId="84071c9e-127a-42ea-8877-13c60ce3d3f5" testId="c3cf5eac-6135-41fc-8009-056878784f3b" testName="GetFile_NonExistentFileReturnsNotFound" computerName="VECTOR" duration="00:00:00.0320000" startTime="2018-08-17T04:11:46.6948942-04:00" endTime="2018-08-17T04:11:46.6949001-04:00" testType="13cdc9d9-ddb5-4fa4-a97d-d965ccfc6d4b" outcome="Passed" testListId="8c84fa94-04c1-424b-9868-57a2d4851a1d" relativeResultsDirectory="84071c9e-127a-42ea-8877-13c60ce3d3f5" /><UnitTestResult executionId="7043ba5a-4805-4add-94fe-95432411741b" testId="a508a63e-2d6a-4fcd-90eb-5e0c29924830" testName="GetSingle_InvalidIdPropertyValueReturnsNotFound" computerName="VECTOR" duration="00:00:00.0160000" startTime="2018-08-17T04:11:29.4550832-04:00" endTime="2018-08-17T04:11:29.4550893-04:00" testType="13cdc9d9-ddb5-4fa4-a97d-d965ccfc6d4b" outcome="Passed" testListId="8c84fa94-04c1-424b-9868-57a2d4851a1d" relativeResultsDirectory="7043ba5a-4805-4add-94fe-95432411741b" /><UnitTestResult executionId="490c319a-d2da-4c0d-88ba-8b3ec649d984" testId="475fdab1-6d2c-460a-9a4c-1c749228e5a7" testName="Post_InvalidPropertyValueReturnsBadRequest" computerName="VECTOR" duration="00:00:00.0160000" startTime="2018-08-17T04:12:11.3936700-04:00" endTime="2018-08-17T04:12:11.3936764-04:00" testType="13cdc9d9-ddb5-4fa4-a97d-d965ccfc6d4b" outcome="Passed" testListId="8c84fa94-04c1-424b-9868-57a2d4851a1d" relativeResultsDirectory="490c319a-d2da-4c0d-88ba-8b3ec649d984" /><UnitTestResult executionId="7c0014c8-792a-45e4-ba25-ca07a9f9ed49" testId="c41ab13a-0349-4acd-804d-dcab08e041bd" testName="Patch_InvalidIdPropertyReturnsNotFound" computerName="VECTOR" duration="00:00:00.0170000" startTime="2018-08-17T04:12:11.3605136-04:00" endTime="2018-08-17T04:12:11.3605201-04:00" testType="13cdc9d9-ddb5-4fa4-a97d-d965ccfc6d4b" outcome="Passed" testListId="8c84fa94-04c1-424b-9868-57a2d4851a1d" relativeResultsDirectory="7c0014c8-792a-45e4-ba25-ca07a9f9ed49" /><UnitTestResult executionId="4f461c6d-b719-422a-a56b-01169edc35eb" testId="1cc4ef09-d7e8-4138-bf55-8c63d5cd727c" testName="Patch_InvalidEnumPropertyValueReturnsBadRequest" computerName="VECTOR" duration="00:00:00.0150000" startTime="2018-08-17T04:11:29.4384763-04:00" endTime="2018-08-17T04:11:29.4384827-04:00" testType="13cdc9d9-ddb5-4fa4-a97d-d965ccfc6d4b" outcome="Passed" testListId="8c84fa94-04c1-424b-9868-57a2d4851a1d" relativeResultsDirectory="4f461c6d-b719-422a-a56b-01169edc35eb" /><UnitTestResult executionId="cf48c762-6a33-40cd-b1d3-f0002451ff55" testId="d44a99ad-37af-4713-b5ff-951f7eace418" testName="PostFile_FileIsSynchronizedIsUpdatedAfterFileIsPosted" computerName="VECTOR" duration="00:00:00.3830000" startTime="2018-08-17T04:12:09.5326778-04:00" endTime="2018-08-17T04:12:09.5326840-04:00" testType="13cdc9d9-ddb5-4fa4-a97d-d965ccfc6d4b" outcome="Passed" testListId="8c84fa94-04c1-424b-9868-57a2d4851a1d" relativeResultsDirectory="cf48c762-6a33-40cd-b1d3-f0002451ff55" /><UnitTestResult executionId="c1f620e5-a5a8-4f52-a071-7fae467df58e" testId="837fb236-ad02-4cb9-9de0-a7ea1c1cf1c2" testName="FileRequest_DepthBufferIsInvalidatedAfterCameraDependencyPropertyChange" computerName="VECTOR" duration="00:00:01.1740000" startTime="2018-08-17T04:12:08.7574880-04:00" endTime="2018-08-17T04:12:08.7574942-04:00" testType="13cdc9d9-ddb5-4fa4-a97d-d965ccfc6d4b" outcome="Passed" testListId="8c84fa94-04c1-424b-9868-57a2d4851a1d" relativeResultsDirectory="c1f620e5-a5a8-4f52-a071-7fae467df58e" /><UnitTestResult executionId="8d625360-68b4-41be-b352-31ba26315917" testId="1f0ba6a5-e894-4557-a41b-b4654b378e89" testName="PutFile_NewFileCanBePut" computerName="VECTOR" duration="00:00:00.3670000" startTime="2018-08-17T04:12:09.1494223-04:00" endTime="2018-08-17T04:12:09.1494287-04:00" testType="13cdc9d9-ddb5-4fa4-a97d-d965ccfc6d4b" outcome="Passed" testListId="8c84fa94-04c1-424b-9868-57a2d4851a1d" relativeResultsDirectory="8d625360-68b4-41be-b352-31ba26315917" /><UnitTestResult executionId="a015aad7-edbc-43b9-ab4a-7d72b3ac6507" testId="906404a6-95f7-4829-8b6a-4e2184898416" testName="GetList_ListReturnsCorrectCount" computerName="VECTOR" duration="00:00:00.0260000" startTime="2018-08-17T04:12:02.7159057-04:00" endTime="2018-08-17T04:12:02.7159121-04:00" testType="13cdc9d9-ddb5-4fa4-a97d-d965ccfc6d4b" outcome="Passed" testListId="8c84fa94-04c1-424b-9868-57a2d4851a1d" relativeResultsDirectory="a015aad7-edbc-43b9-ab4a-7d72b3ac6507" /><UnitTestResult executionId="4c83934c-c59d-4cb3-a913-4831ec93f8b5" testId="42b2c6fa-9624-4474-b782-3e0e9ce8f027" testName="MeshTransformHasExpectedDependentFiles" computerName="VECTOR" duration="00:00:00.0010000" startTime="2018-08-17T04:11:27.3941930-04:00" endTime="2018-08-17T04:11:27.3941946-04:00" testType="13cdc9d9-ddb5-4fa4-a97d-d965ccfc6d4b" outcome="Passed" testListId="8c84fa94-04c1-424b-9868-57a2d4851a1d" relativeResultsDirectory="4c83934c-c59d-4cb3-a913-4831ec93f8b5" /><UnitTestResult executionId="b564fb29-c370-45d9-a3eb-d98a6d51b9a9" testId="8fa5b471-568b-4656-9b53-fa36a7d34d06" testName="Put_InvalidIdReturnsNotFound" computerName="VECTOR" duration="00:00:00.0260000" startTime="2018-08-17T04:12:10.4922789-04:00" endTime="2018-08-17T04:12:10.4922850-04:00" testType="13cdc9d9-ddb5-4fa4-a97d-d965ccfc6d4b" outcome="Passed" testListId="8c84fa94-04c1-424b-9868-57a2d4851a1d" relativeResultsDirectory="b564fb29-c370-45d9-a3eb-d98a6d51b9a9" /><UnitTestResult executionId="5371bace-2a20-4ce8-bafc-3020962d3b21" testId="f8c27432-38d3-4e55-9657-cea6029acf89" testName="Patch_TargetPropertyIsUpdated" computerName="VECTOR" duration="00:00:00.4960000" startTime="2018-08-17T04:11:30.6538308-04:00" endTime="2018-08-17T04:11:30.6538373-04:00" testType="13cdc9d9-ddb5-4fa4-a97d-d965ccfc6d4b" outcome="Passed" testListId="8c84fa94-04c1-424b-9868-57a2d4851a1d" relativeResultsDirectory="5371bace-2a20-4ce8-bafc-3020962d3b21" /><UnitTestResult executionId="2b352a44-cdc5-4631-ab6f-76b83b12fcf1" testId="c113c89e-d74d-4d08-9118-569ef4fec0f3" testName="Post_ValidReferencePropertyCreatesModel" computerName="VECTOR" duration="00:00:00.1650000" startTime="2018-08-17T04:11:37.5866160-04:00" endTime="2018-08-17T04:11:37.5866225-04:00" testType="13cdc9d9-ddb5-4fa4-a97d-d965ccfc6d4b" outcome="Passed" testListId="8c84fa94-04c1-424b-9868-57a2d4851a1d" relativeResultsDirectory="2b352a44-cdc5-4631-ab6f-76b83b12fcf1" /><UnitTestResult executionId="e5ac5af0-26b1-488c-b691-f1fe01ac4f3d" testId="1741fa98-3a56-467a-8a38-fefc6866944a" testName="Patch_InvalidPropertyNameReturnsBadRequest" computerName="VECTOR" duration="00:00:00.0190000" startTime="2018-08-17T04:11:31.1848085-04:00" endTime="2018-08-17T04:11:31.1848145-04:00" testType="13cdc9d9-ddb5-4fa4-a97d-d965ccfc6d4b" outcome="Passed" testListId="8c84fa94-04c1-424b-9868-57a2d4851a1d" relativeResultsDirectory="e5ac5af0-26b1-488c-b691-f1fe01ac4f3d" /><UnitTestResult executionId="022117d3-0812-42fa-a278-4d3b3af585bf" testId="6f72ff88-3acf-40ea-98cf-225e5055031f" testName="GetSingle_InvalidIdPropertyValueReturnsNotFound" computerName="VECTOR" duration="00:00:00.0190000" startTime="2018-08-17T04:12:10.7319923-04:00" endTime="2018-08-17T04:12:10.7319983-04:00" testType="13cdc9d9-ddb5-4fa4-a97d-d965ccfc6d4b" outcome="Passed" testListId="8c84fa94-04c1-424b-9868-57a2d4851a1d" relativeResultsDirectory="022117d3-0812-42fa-a278-4d3b3af585bf" /><UnitTestResult executionId="d33ceb68-a9e7-4054-8b31-2398ed5c3b92" testId="153f53a2-5a7f-4f76-96ac-193e4484a046" testName="GetList_ListReturnsCorrectCount" computerName="VECTOR" duration="00:00:01.0400000" startTime="2018-08-17T04:11:39.9228480-04:00" endTime="2018-08-17T04:11:39.9228548-04:00" testType="13cdc9d9-ddb5-4fa4-a97d-d965ccfc6d4b" outcome="Passed" testListId="8c84fa94-04c1-424b-9868-57a2d4851a1d" relativeResultsDirectory="d33ceb68-a9e7-4054-8b31-2398ed5c3b92" /><UnitTestResult executionId="7b0212c5-6adf-4d1e-9c21-e28efd342ef7" testId="60f04a10-c4b7-4b1d-80dd-b233f46c570e" testName="GetFile_ExistingFileReturnsSuccess" computerName="VECTOR" duration="00:00:00.0390000" startTime="2018-08-17T04:12:05.1403631-04:00" endTime="2018-08-17T04:12:05.1403712-04:00" testType="13cdc9d9-ddb5-4fa4-a97d-d965ccfc6d4b" outcome="Passed" testListId="8c84fa94-04c1-424b-9868-57a2d4851a1d" relativeResultsDirectory="7b0212c5-6adf-4d1e-9c21-e28efd342ef7" /><UnitTestResult executionId="abcf6e26-04d3-4ba3-a108-30ebc761ca90" testId="005a7098-3e07-40aa-92f1-1f911c6c1d60" testName="Patch_ValidReferencePropertyUpdatesModel" computerName="VECTOR" duration="00:00:00.5620000" startTime="2018-08-17T04:11:27.9648208-04:00" endTime="2018-08-17T04:11:27.9648275-04:00" testType="13cdc9d9-ddb5-4fa4-a97d-d965ccfc6d4b" outcome="Passed" testListId="8c84fa94-04c1-424b-9868-57a2d4851a1d" relativeResultsDirectory="abcf6e26-04d3-4ba3-a108-30ebc761ca90" /><UnitTestResult executionId="61847a97-f744-4b37-af99-c3ec90fce270" testId="15310bdf-c0bd-43f6-aba2-a58f0d361db6" testName="GetSingle_ValidIdPropertyValueReturnsCorrectModel" computerName="VECTOR" duration="00:00:00.0180000" startTime="2018-08-17T04:11:31.2188114-04:00" endTime="2018-08-17T04:11:31.2188172-04:00" testType="13cdc9d9-ddb5-4fa4-a97d-d965ccfc6d4b" outcome="Passed" testListId="8c84fa94-04c1-424b-9868-57a2d4851a1d" relativeResultsDirectory="61847a97-f744-4b37-af99-c3ec90fce270" /><UnitTestResult executionId="6643ac9a-4979-4046-998e-df571facc96b" testId="cd38b15c-8fb3-46cc-9c97-731cb8b8d828" testName="Put_CanUpdateModel" computerName="VECTOR" duration="00:00:00.3250000" startTime="2018-08-17T04:12:11.0739759-04:00" endTime="2018-08-17T04:12:11.0739825-04:00" testType="13cdc9d9-ddb5-4fa4-a97d-d965ccfc6d4b" outcome="Passed" testListId="8c84fa94-04c1-424b-9868-57a2d4851a1d" relativeResultsDirectory="6643ac9a-4979-4046-998e-df571facc96b" /><UnitTestResult executionId="1e3c3e8b-a3a1-40ef-9abd-05d2754d9bb3" testId="e2da9797-5e3e-47f7-bbd0-a8ae51e903ac" testName="FileRequest_FileCanBeReadAfterRename" computerName="VECTOR" duration="00:00:00.5740000" startTime="2018-08-17T04:12:02.6502198-04:00" endTime="2018-08-17T04:12:02.6502270-04:00" testType="13cdc9d9-ddb5-4fa4-a97d-d965ccfc6d4b" outcome="Passed" testListId="8c84fa94-04c1-424b-9868-57a2d4851a1d" relativeResultsDirectory="1e3c3e8b-a3a1-40ef-9abd-05d2754d9bb3" /><UnitTestResult executionId="74b307b5-a1e4-43f9-b50b-d9b2f9ba9e62" testId="0a111c13-166d-4ea4-8550-b96fd61a0db0" testName="Post_InvalidPropertyValueReturnsBadRequest" computerName="VECTOR" duration="00:00:00.0150000" startTime="2018-08-17T04:11:31.2004214-04:00" endTime="2018-08-17T04:11:31.2004280-04:00" testType="13cdc9d9-ddb5-4fa4-a97d-d965ccfc6d4b" outcome="Passed" testListId="8c84fa94-04c1-424b-9868-57a2d4851a1d" relativeResultsDirectory="74b307b5-a1e4-43f9-b50b-d9b2f9ba9e62" /><UnitTestResult executionId="15a5538b-e973-479f-8f3c-afa74bf9dd4e" testId="802fc9ea-2314-452f-866a-d6314eb04b10" testName="Delete_TargetModelIsDeleted" computerName="VECTOR" duration="00:00:00.3680000" startTime="2018-08-17T04:11:28.4531009-04:00" endTime="2018-08-17T04:11:28.4531071-04:00" testType="13cdc9d9-ddb5-4fa4-a97d-d965ccfc6d4b" outcome="Passed" testListId="8c84fa94-04c1-424b-9868-57a2d4851a1d" relativeResultsDirectory="15a5538b-e973-479f-8f3c-afa74bf9dd4e" /><UnitTestResult executionId="d8eb3a5d-ee3e-4247-a1de-363c28a43f00" testId="ef21ab80-9aa0-4aa1-a1cc-2f5c37456f99" testName="Patch_TargetPropertyIsUpdated" computerName="VECTOR" duration="00:00:00.3330000" startTime="2018-08-17T04:12:03.5918946-04:00" endTime="2018-08-17T04:12:03.5919015-04:00" testType="13cdc9d9-ddb5-4fa4-a97d-d965ccfc6d4b" outcome="Passed" testListId="8c84fa94-04c1-424b-9868-57a2d4851a1d" relativeResultsDirectory="d8eb3a5d-ee3e-4247-a1de-363c28a43f00" /><UnitTestResult executionId="456781f0-279d-4d63-ba82-009d7d11a4c4" testId="0c069519-d6b9-45ed-9dfc-6838c1c1b1f3" testName="Patch_ValidReferencePropertyUpdatesModel" computerName="VECTOR" duration="00:00:00.3460000" startTime="2018-08-17T04:12:04.5417353-04:00" endTime="2018-08-17T04:12:04.5417414-04:00" testType="13cdc9d9-ddb5-4fa4-a97d-d965ccfc6d4b" outcome="Passed" testListId="8c84fa94-04c1-424b-9868-57a2d4851a1d" relativeResultsDirectory="456781f0-279d-4d63-ba82-009d7d11a4c4" /><UnitTestResult executionId="04cd45b2-d5bc-4d1c-8b44-747d51b14549" testId="dacb7fea-8b77-4dbc-b625-63d1fc77998c" testName="Patch_MultipleInvalidReferencePropertiesReturnsMultipleValidationErrorsAndBadRequest" computerName="VECTOR" duration="00:00:00.0300000" startTime="2018-08-17T04:11:36.8071181-04:00" endTime="2018-08-17T04:11:36.8071239-04:00" testType="13cdc9d9-ddb5-4fa4-a97d-d965ccfc6d4b" outcome="Passed" testListId="8c84fa94-04c1-424b-9868-57a2d4851a1d" relativeResultsDirectory="04cd45b2-d5bc-4d1c-8b44-747d51b14549" /><UnitTestResult executionId="92cfc75c-b584-4508-a1f8-a3ecc58d8775" testId="b6a0a94e-6c67-4e6d-8bdc-f2a6bf11ee2d" testName="Post_InvalidPropertyValueReturnsBadRequest" computerName="VECTOR" duration="00:00:00.0180000" startTime="2018-08-17T04:11:37.4210341-04:00" endTime="2018-08-17T04:11:37.4210394-04:00" testType="13cdc9d9-ddb5-4fa4-a97d-d965ccfc6d4b" outcome="Passed" testListId="8c84fa94-04c1-424b-9868-57a2d4851a1d" relativeResultsDirectory="92cfc75c-b584-4508-a1f8-a3ecc58d8775" /><UnitTestResult executionId="f0141d70-0dd2-4118-88cc-343a0c5c42ef" testId="80cca9fa-fadc-4218-b454-21f34f1f43fb" testName="Patch_TargetPropertyIsUpdated" computerName="VECTOR" duration="00:00:00.3660000" startTime="2018-08-17T04:11:38.5016780-04:00" endTime="2018-08-17T04:11:38.5016848-04:00" testType="13cdc9d9-ddb5-4fa4-a97d-d965ccfc6d4b" outcome="Passed" testListId="8c84fa94-04c1-424b-9868-57a2d4851a1d" relativeResultsDirectory="f0141d70-0dd2-4118-88cc-343a0c5c42ef" /><UnitTestResult executionId="64a51496-bce6-4f36-a252-2133a67c455e" testId="904d7f3f-dcb2-4d9d-b27c-710f8c67d118" testName="GetFile_ExistingFileReturnsSuccess" computerName="VECTOR" duration="00:00:00.2600000" startTime="2018-08-17T04:11:34.5471448-04:00" endTime="2018-08-17T04:11:34.5471520-04:00" testType="13cdc9d9-ddb5-4fa4-a97d-d965ccfc6d4b" outcome="Passed" testListId="8c84fa94-04c1-424b-9868-57a2d4851a1d" relativeResultsDirectory="64a51496-bce6-4f36-a252-2133a67c455e" /><UnitTestResult executionId="e31e3a59-db86-4221-8a4c-5753eb10f44a" testId="3594d953-7062-4a71-968a-67fcde370bd1" testName="Put_InvalidReferencePropertyReturndBadRequest" computerName="VECTOR" duration="00:00:00.0440000" startTime="2018-08-17T04:11:46.6410438-04:00" endTime="2018-08-17T04:11:46.6410494-04:00" testType="13cdc9d9-ddb5-4fa4-a97d-d965ccfc6d4b" outcome="Passed" testListId="8c84fa94-04c1-424b-9868-57a2d4851a1d" relativeResultsDirectory="e31e3a59-db86-4221-8a4c-5753eb10f44a" /><UnitTestResult executionId="0094a82c-3848-456d-9ef4-64940506a1dc" testId="9be2d55f-9a76-4e58-9890-ea3443b5f4c2" testName="Patch_InvalidEnumPropertyValueReturnsBadRequest" computerName="VECTOR" duration="00:00:00.0100000" startTime="2018-08-17T04:12:10.7126583-04:00" endTime="2018-08-17T04:12:10.7126619-04:00" testType="13cdc9d9-ddb5-4fa4-a97d-d965ccfc6d4b" outcome="Passed" testListId="8c84fa94-04c1-424b-9868-57a2d4851a1d" relativeResultsDirectory="0094a82c-3848-456d-9ef4-64940506a1dc" /><UnitTestResult executionId="03bf0903-621f-45f6-b065-17d96981acee" testId="cd1e30bb-ef36-4524-8fce-570dc90c719f" testName="Post_CanCreateNewModel" computerName="VECTOR" duration="00:00:00.3430000" startTime="2018-08-17T04:11:45.8769864-04:00" endTime="2018-08-17T04:11:45.8769933-04:00" testType="13cdc9d9-ddb5-4fa4-a97d-d965ccfc6d4b" outcome="Passed" testListId="8c84fa94-04c1-424b-9868-57a2d4851a1d" relativeResultsDirectory="03bf0903-621f-45f6-b065-17d96981acee" /><UnitTestResult executionId="0a2fe58f-4c00-464d-8e0e-3eb2d149137e" testId="5f494a59-bab8-4aa2-af68-3dc80c2d626e" testName="Patch_TargetPropertyIsUpdated" computerName="VECTOR" duration="00:00:00.7860000" startTime="2018-08-17T04:11:45.5340128-04:00" endTime="2018-08-17T04:11:45.5340194-04:00" testType="13cdc9d9-ddb5-4fa4-a97d-d965ccfc6d4b" outcome="Passed" testListId="8c84fa94-04c1-424b-9868-57a2d4851a1d" relativeResultsDirectory="0a2fe58f-4c00-464d-8e0e-3eb2d149137e" /><UnitTestResult executionId="0979e4e3-be21-4a8b-96fc-2c88ed3058d5" testId="df5e6faf-1be6-4432-b3a0-bd266f7af371" testName="Put_ValidReferencePropertyUpdatesModel" computerName="VECTOR" duration="00:00:00.3080000" startTime="2018-08-17T04:11:32.0787848-04:00" endTime="2018-08-17T04:11:32.0787919-04:00" testType="13cdc9d9-ddb5-4fa4-a97d-d965ccfc6d4b" outcome="Passed" testListId="8c84fa94-04c1-424b-9868-57a2d4851a1d" relativeResultsDirectory="0979e4e3-be21-4a8b-96fc-2c88ed3058d5" /><UnitTestResult executionId="f1c226d2-cd4d-473f-b8e8-5c19e5f948a9" testId="10344a9b-f495-42a0-8e3a-d7ec7c4310b1" testName="GetSingle_ValidIdPropertyValueReturnsCorrectModel" computerName="VECTOR" duration="00:00:00.0160000" startTime="2018-08-17T04:11:38.8644190-04:00" endTime="2018-08-17T04:11:38.8644240-04:00" testType="13cdc9d9-ddb5-4fa4-a97d-d965ccfc6d4b" outcome="Passed" testListId="8c84fa94-04c1-424b-9868-57a2d4851a1d" relativeResultsDirectory="f1c226d2-cd4d-473f-b8e8-5c19e5f948a9" /><UnitTestResult executionId="98f6e75a-dcb4-425b-8b0a-86459ca0fa1c" testId="7e8b98d1-f875-4af3-9879-7eb8b3b75f9e" testName="Model3dHasExpectedDependentFiles" computerName="VECTOR" duration="00:00:00.0380000" startTime="2018-08-17T04:11:27.0095606-04:00" endTime="2018-08-17T04:11:27.0095676-04:00" testType="13cdc9d9-ddb5-4fa4-a97d-d965ccfc6d4b" outcome="Passed" testListId="8c84fa94-04c1-424b-9868-57a2d4851a1d" relativeResultsDirectory="98f6e75a-dcb4-425b-8b0a-86459ca0fa1c" /><UnitTestResult executionId="2b8af38f-b123-44c9-9dec-ecbde8adb2f0" testId="7355314d-0b04-4b47-85ba-1e3d98617501" testName="Patch_TargetPropertyIsUpdated" computerName="VECTOR" duration="00:00:00.5870000" startTime="2018-08-17T04:11:29.0409670-04:00" endTime="2018-08-17T04:11:29.0409747-04:00" testType="13cdc9d9-ddb5-4fa4-a97d-d965ccfc6d4b" outcome="Passed" testListId="8c84fa94-04c1-424b-9868-57a2d4851a1d" relativeResultsDirectory="2b8af38f-b123-44c9-9dec-ecbde8adb2f0" /><UnitTestResult executionId="7f99117d-1741-41a2-a943-c5f7fa83e22c" testId="030d3709-1ff8-4efc-aa6a-040d1b764295" testName="FileRequest_MeshIsInvalidatedAfterDepthBufferFileBecomesUnsynchronized" computerName="VECTOR" duration="00:00:03.0160000" startTime="2018-08-17T04:11:51.1765147-04:00" endTime="2018-08-17T04:11:51.1765218-04:00" testType="13cdc9d9-ddb5-4fa4-a97d-d965ccfc6d4b" outcome="Passed" testListId="8c84fa94-04c1-424b-9868-57a2d4851a1d" relativeResultsDirectory="7f99117d-1741-41a2-a943-c5f7fa83e22c" /><UnitTestResult executionId="26a58326-8d96-4123-9680-ac17fd043c67" testId="f1a63269-33d5-461b-8ea7-64bbc50da986" testName="Put_InvalidReferencePropertyReturndBadRequest" computerName="VECTOR" duration="00:00:00.0460000" startTime="2018-08-17T04:12:02.7855485-04:00" endTime="2018-08-17T04:12:02.7855544-04:00" testType="13cdc9d9-ddb5-4fa4-a97d-d965ccfc6d4b" outcome="Passed" testListId="8c84fa94-04c1-424b-9868-57a2d4851a1d" relativeResultsDirectory="26a58326-8d96-4123-9680-ac17fd043c67" /><UnitTestResult executionId="865e530b-c84c-486d-b72f-f7806578814c" testId="fbc57d77-49ed-44f1-91d7-49fd087f6d2f" testName="Patch_MultipleInvalidReferencePropertiesReturnsMultipleValidationErrorsAndBadRequest" computerName="VECTOR" duration="00:00:00.0410000" startTime="2018-08-17T04:11:46.0563975-04:00" endTime="2018-08-17T04:11:46.0564043-04:00" testType="13cdc9d9-ddb5-4fa4-a97d-d965ccfc6d4b" outcome="Passed" testListId="8c84fa94-04c1-424b-9868-57a2d4851a1d" relativeResultsDirectory="865e530b-c84c-486d-b72f-f7806578814c" /><UnitTestResult executionId="6240fbab-cf74-4fc9-bd2c-4219e75d5a4e" testId="a43495e3-082a-45a4-8664-f6b88d37c0c4" testName="PutFile_FileCanBeUpdated" computerName="VECTOR" duration="00:00:00.6580000" startTime="2018-08-17T04:11:34.2868680-04:00" endTime="2018-08-17T04:11:34.2868743-04:00" testType="13cdc9d9-ddb5-4fa4-a97d-d965ccfc6d4b" outcome="Passed" testListId="8c84fa94-04c1-424b-9868-57a2d4851a1d" relativeResultsDirectory="6240fbab-cf74-4fc9-bd2c-4219e75d5a4e" /><UnitTestResult executionId="fcd97800-bdb3-4d19-b528-379eaace1961" testId="2c0b2d2f-4e52-49e7-9ebc-76fe7e0e8fdb" testName="Patch_ValidReferencePropertyUpdatesModel" computerName="VECTOR" duration="00:00:00.3210000" startTime="2018-08-17T04:12:11.7154902-04:00" endTime="2018-08-17T04:12:11.7154969-04:00" testType="13cdc9d9-ddb5-4fa4-a97d-d965ccfc6d4b" outcome="Passed" testListId="8c84fa94-04c1-424b-9868-57a2d4851a1d" relativeResultsDirectory="fcd97800-bdb3-4d19-b528-379eaace1961" /><UnitTestResult executionId="0b845535-410a-49c3-9631-5d3bdbf6bd0f" testId="a10f60b8-ab7d-470a-adae-7a2a807d3287" testName="GetList_ListReturnsCorrectCount" computerName="VECTOR" duration="00:00:00.0190000" startTime="2018-08-17T04:12:10.7024501-04:00" endTime="2018-08-17T04:12:10.7024558-04:00" testType="13cdc9d9-ddb5-4fa4-a97d-d965ccfc6d4b" outcome="Passed" testListId="8c84fa94-04c1-424b-9868-57a2d4851a1d" relativeResultsDirectory="0b845535-410a-49c3-9631-5d3bdbf6bd0f" /><UnitTestResult executionId="2f32b5a6-48ce-44ab-b474-264b498f33e8" testId="20ac0e66-6983-4824-bd0f-d0d7a81b85ed" testName="Delete_TargetModelIsDeleted" computerName="VECTOR" duration="00:00:00.1900000" startTime="2018-08-17T04:12:10.6825171-04:00" endTime="2018-08-17T04:12:10.6825236-04:00" testType="13cdc9d9-ddb5-4fa4-a97d-d965ccfc6d4b" outcome="Passed" testListId="8c84fa94-04c1-424b-9868-57a2d4851a1d" relativeResultsDirectory="2f32b5a6-48ce-44ab-b474-264b498f33e8" /><UnitTestResult executionId="8316adcb-0ebf-4079-ae12-124da029ea42" testId="1533a8d7-0139-411c-b85f-9bdee8f5e134" testName="Patch_InvalidReferencePropertyReturnsBadRequest" computerName="VECTOR" duration="00:00:00.0140000" startTime="2018-08-17T04:11:29.0746270-04:00" endTime="2018-08-17T04:11:29.0746354-04:00" testType="13cdc9d9-ddb5-4fa4-a97d-d965ccfc6d4b" outcome="Passed" testListId="8c84fa94-04c1-424b-9868-57a2d4851a1d" relativeResultsDirectory="8316adcb-0ebf-4079-ae12-124da029ea42" /><UnitTestResult executionId="097e2791-cff4-4117-8476-260d3b1a4586" testId="72c0edf1-2481-4ded-b891-521072e7ee98" testName="Post_CanCreateNewModel" computerName="VECTOR" duration="00:00:00.2340000" startTime="2018-08-17T04:12:03.2584659-04:00" endTime="2018-08-17T04:12:03.2584723-04:00" testType="13cdc9d9-ddb5-4fa4-a97d-d965ccfc6d4b" outcome="Passed" testListId="8c84fa94-04c1-424b-9868-57a2d4851a1d" relativeResultsDirectory="097e2791-cff4-4117-8476-260d3b1a4586" /><UnitTestResult executionId="ec11df27-b3c1-4e45-9867-09c27aa19d0b" testId="420b2a24-73e6-4c09-9e19-a727903f991f" testName="Patch_InvalidIdPropertyReturnsNotFound" computerName="VECTOR" duration="00:00:00.0220000" startTime="2018-08-17T04:11:32.1015436-04:00" endTime="2018-08-17T04:11:32.1015509-04:00" testType="13cdc9d9-ddb5-4fa4-a97d-d965ccfc6d4b" outcome="Passed" testListId="8c84fa94-04c1-424b-9868-57a2d4851a1d" relativeResultsDirectory="ec11df27-b3c1-4e45-9867-09c27aa19d0b" /><UnitTestResult executionId="08acd346-636b-401d-b66f-1f0563a52d4b" testId="04043615-5a79-4806-a8cc-7ec8c0dc5a15" testName="Post_ValidReferencePropertyCreatesModel" computerName="VECTOR" duration="00:00:00.2270000" startTime="2018-08-17T04:11:32.3288192-04:00" endTime="2018-08-17T04:11:32.3288254-04:00" testType="13cdc9d9-ddb5-4fa4-a97d-d965ccfc6d4b" outcome="Passed" testListId="8c84fa94-04c1-424b-9868-57a2d4851a1d" relativeResultsDirectory="08acd346-636b-401d-b66f-1f0563a52d4b" /><UnitTestResult executionId="fefbda39-474f-489a-b0b6-54d87abc00f5" testId="ceb9ddef-54b2-4622-ba40-042f3350b385" testName="Patch_InvalidReferencePropertyReturnsBadRequest" computerName="VECTOR" duration="00:00:00.0410000" startTime="2018-08-17T04:11:45.9192142-04:00" endTime="2018-08-17T04:11:45.9192200-04:00" testType="13cdc9d9-ddb5-4fa4-a97d-d965ccfc6d4b" outcome="Passed" testListId="8c84fa94-04c1-424b-9868-57a2d4851a1d" relativeResultsDirectory="fefbda39-474f-489a-b0b6-54d87abc00f5" /><UnitTestResult executionId="2fa1e88e-b020-4f4f-be53-f51f99c9436b" testId="760622fe-11c5-4ea8-8e3f-f6685d3235f8" testName="Put_CanUpdateModel" computerName="VECTOR" duration="00:00:00.3260000" startTime="2018-08-17T04:11:38.8279939-04:00" endTime="2018-08-17T04:11:38.8279999-04:00" testType="13cdc9d9-ddb5-4fa4-a97d-d965ccfc6d4b" outcome="Passed" testListId="8c84fa94-04c1-424b-9868-57a2d4851a1d" relativeResultsDirectory="2fa1e88e-b020-4f4f-be53-f51f99c9436b" /><UnitTestResult executionId="cb2250ca-ec14-4782-bd6c-68e6bdada22a" testId="d48d55f9-ecb3-4cfd-bd20-475ac89cce10" testName="GetSingle_InvalidIdPropertyValueReturnsNotFound" computerName="VECTOR" duration="00:00:00.0250000" startTime="2018-08-17T04:12:04.5671250-04:00" endTime="2018-08-17T04:12:04.5671313-04:00" testType="13cdc9d9-ddb5-4fa4-a97d-d965ccfc6d4b" outcome="Passed" testListId="8c84fa94-04c1-424b-9868-57a2d4851a1d" relativeResultsDirectory="cb2250ca-ec14-4782-bd6c-68e6bdada22a" /><UnitTestResult executionId="34d0fac3-90cb-4548-ad06-8ec374a6d572" testId="7ae3db5d-88ee-40ca-9ae2-c2d5ce5211e5" testName="Put_ValidReferencePropertyUpdatesModel" computerName="VECTOR" duration="00:00:00.0190000" startTime="2018-08-17T04:11:29.0605805-04:00" endTime="2018-08-17T04:11:29.0605892-04:00" testType="13cdc9d9-ddb5-4fa4-a97d-d965ccfc6d4b" outcome="Passed" testListId="8c84fa94-04c1-424b-9868-57a2d4851a1d" relativeResultsDirectory="34d0fac3-90cb-4548-ad06-8ec374a6d572" /><UnitTestResult executionId="37cff99e-e48e-42f3-ae88-be7668dd4a4d" testId="a79f95a2-2cb1-4a0d-bb53-2c4bac6e25fc" testName="GetFile_FileCanBeRoundTripped" computerName="VECTOR" duration="00:00:00.3820000" startTime="2018-08-17T04:12:10.2740640-04:00" endTime="2018-08-17T04:12:10.2740705-04:00" testType="13cdc9d9-ddb5-4fa4-a97d-d965ccfc6d4b" outcome="Passed" testListId="8c84fa94-04c1-424b-9868-57a2d4851a1d" relativeResultsDirectory="37cff99e-e48e-42f3-ae88-be7668dd4a4d" /><UnitTestResult executionId="a96091b4-3d7f-4be7-8963-0c0afce8db87" testId="5c48d3b7-b1b6-4bb2-aaf1-8190fd3f9a3b" testName="Post_InvalidReferencePropertyReturnsBadRequest" computerName="VECTOR" duration="00:00:00.0110000" startTime="2018-08-17T04:11:28.0841626-04:00" endTime="2018-08-17T04:11:28.0841654-04:00" testType="13cdc9d9-ddb5-4fa4-a97d-d965ccfc6d4b" outcome="Passed" testListId="8c84fa94-04c1-424b-9868-57a2d4851a1d" relativeResultsDirectory="a96091b4-3d7f-4be7-8963-0c0afce8db87" /><UnitTestResult executionId="a8efcec4-5490-4a13-bfcd-d60c4ee4ed05" testId="06857b46-b8db-4347-89f5-a50d284c0666" testName="Post_CanCreateNewModel" computerName="VECTOR" duration="00:00:00.2790000" startTime="2018-08-17T04:11:29.3540918-04:00" endTime="2018-08-17T04:11:29.3540980-04:00" testType="13cdc9d9-ddb5-4fa4-a97d-d965ccfc6d4b" outcome="Passed" testListId="8c84fa94-04c1-424b-9868-57a2d4851a1d" relativeResultsDirectory="a8efcec4-5490-4a13-bfcd-d60c4ee4ed05" /><UnitTestResult executionId="88981b0a-00e2-4dd0-b1e2-6cb0a8d252b8" testId="ab516027-8356-4e9a-ba3d-afb877005cc5" testName="Post_InvalidReferencePropertyReturnsBadRequest" computerName="VECTOR" duration="00:00:00.0210000" startTime="2018-08-17T04:12:04.1204557-04:00" endTime="2018-08-17T04:12:04.1204621-04:00" testType="13cdc9d9-ddb5-4fa4-a97d-d965ccfc6d4b" outcome="Passed" testListId="8c84fa94-04c1-424b-9868-57a2d4851a1d" relativeResultsDirectory="88981b0a-00e2-4dd0-b1e2-6cb0a8d252b8" /><UnitTestResult executionId="ecca7222-3f00-495f-bd75-39edac4ad1f9" testId="8fc636e9-9fef-4c95-a076-bba57a11c2b2" testName="PutFile_FileCanBeUpdated" computerName="VECTOR" duration="00:00:00.5650000" startTime="2018-08-17T04:11:52.0999536-04:00" endTime="2018-08-17T04:11:52.0999601-04:00" testType="13cdc9d9-ddb5-4fa4-a97d-d965ccfc6d4b" outcome="Passed" testListId="8c84fa94-04c1-424b-9868-57a2d4851a1d" relativeResultsDirectory="ecca7222-3f00-495f-bd75-39edac4ad1f9" /><UnitTestResult executionId="b57653fe-3129-45b9-861d-c6c0880bb635" testId="455164e7-f8e5-4795-9bc4-521edf748e70" testName="Patch_InvalidEnumPropertyValueReturnsBadRequest" computerName="VECTOR" duration="00:00:00.0100000" startTime="2018-08-17T04:11:37.6382483-04:00" endTime="2018-08-17T04:11:37.6382517-04:00" testType="13cdc9d9-ddb5-4fa4-a97d-d965ccfc6d4b" outcome="Passed" testListId="8c84fa94-04c1-424b-9868-57a2d4851a1d" relativeResultsDirectory="b57653fe-3129-45b9-861d-c6c0880bb635" /><UnitTestResult executionId="bd8c369e-efba-481b-b976-01994505c411" testId="da88cd88-1566-4c8c-bb34-1eae8c5d5a07" testName="LucyModel3dHasTwoDependents" computerName="VECTOR" duration="00:00:00.3790000" startTime="2018-08-17T04:11:27.3853409-04:00" endTime="2018-08-17T04:11:27.3853579-04:00" testType="13cdc9d9-ddb5-4fa4-a97d-d965ccfc6d4b" outcome="Passed" testListId="8c84fa94-04c1-424b-9868-57a2d4851a1d" relativeResultsDirectory="bd8c369e-efba-481b-b976-01994505c411" /><UnitTestResult executionId="d1ee078b-966b-4371-9203-f90093f00a65" testId="ebf0008b-3c51-4565-bbbe-129aa3063fb7" testName="Put_ValidReferencePropertyUpdatesModel" computerName="VECTOR" duration="00:00:00.5640000" startTime="2018-08-17T04:11:44.7170374-04:00" endTime="2018-08-17T04:11:44.7170439-04:00" testType="13cdc9d9-ddb5-4fa4-a97d-d965ccfc6d4b" outcome="Passed" testListId="8c84fa94-04c1-424b-9868-57a2d4851a1d" relativeResultsDirectory="d1ee078b-966b-4371-9203-f90093f00a65" /><UnitTestResult executionId="be636a3d-532a-4185-a9d9-e98327c6a947" testId="3d47b7ec-e39c-4f27-b2aa-17488314ba82" testName="PostFile_FileTimeStampIsUpdatedAfterFileIsPosted" computerName="VECTOR" duration="00:00:00.0140000" startTime="2018-08-17T04:11:33.1770633-04:00" endTime="2018-08-17T04:11:33.1770691-04:00" testType="13cdc9d9-ddb5-4fa4-a97d-d965ccfc6d4b" outcome="Passed" testListId="8c84fa94-04c1-424b-9868-57a2d4851a1d" relativeResultsDirectory="be636a3d-532a-4185-a9d9-e98327c6a947" /><UnitTestResult executionId="461bf647-faa5-4be5-b46e-e4a2ee037b20" testId="6922bbad-de3a-4db2-b728-74bfc1019850" testName="Patch_InvalidPropertyNameReturnsBadRequest" computerName="VECTOR" duration="00:00:00.0230000" startTime="2018-08-17T04:12:02.7393381-04:00" endTime="2018-08-17T04:12:02.7393465-04:00" testType="13cdc9d9-ddb5-4fa4-a97d-d965ccfc6d4b" outcome="Passed" testListId="8c84fa94-04c1-424b-9868-57a2d4851a1d" relativeResultsDirectory="461bf647-faa5-4be5-b46e-e4a2ee037b20" /><UnitTestResult executionId="09ecc74c-a052-4943-bdc7-742382d82f2e" testId="0a253d51-6821-423b-89c4-d0db2fe511bd" testName="Patch_ValidReferencePropertyUpdatesModel" computerName="VECTOR" duration="00:00:03.1090000" startTime="2018-08-17T04:11:43.1225198-04:00" endTime="2018-08-17T04:11:43.1225325-04:00" testType="13cdc9d9-ddb5-4fa4-a97d-d965ccfc6d4b" outcome="Passed" testListId="8c84fa94-04c1-424b-9868-57a2d4851a1d" relativeResultsDirectory="09ecc74c-a052-4943-bdc7-742382d82f2e" /><UnitTestResult executionId="c8eca962-27bc-43e4-a25f-df68427de27a" testId="a14ef20a-b775-4f54-9ab9-d3bbdc4edecf" testName="Patch_InvalidPropertyNameReturnsBadRequest" computerName="VECTOR" duration="00:00:00.0160000" startTime="2018-08-17T04:12:11.3769930-04:00" endTime="2018-08-17T04:12:11.3770006-04:00" testType="13cdc9d9-ddb5-4fa4-a97d-d965ccfc6d4b" outcome="Passed" testListId="8c84fa94-04c1-424b-9868-57a2d4851a1d" relativeResultsDirectory="c8eca962-27bc-43e4-a25f-df68427de27a" /><UnitTestResult executionId="2d185f8f-ce8a-44a9-9db5-46322576cbd3" testId="026129b3-a43b-491a-9032-f26a704d895a" testName="PostFile_NewFileCanBePosted" computerName="VECTOR" duration="00:00:00.4490000" startTime="2018-08-17T04:11:35.6532492-04:00" endTime="2018-08-17T04:11:35.6532558-04:00" testType="13cdc9d9-ddb5-4fa4-a97d-d965ccfc6d4b" outcome="Passed" testListId="8c84fa94-04c1-424b-9868-57a2d4851a1d" relativeResultsDirectory="2d185f8f-ce8a-44a9-9db5-46322576cbd3" /><UnitTestResult executionId="0885d340-6bf7-4243-9752-e49cf5e9b72d" testId="16bcfcc4-326d-4192-a3c5-5906ae15cd01" testName="PutFile_NewFileCanBePut" computerName="VECTOR" duration="00:00:01.4650000" startTime="2018-08-17T04:11:48.1602301-04:00" endTime="2018-08-17T04:11:48.1602371-04:00" testType="13cdc9d9-ddb5-4fa4-a97d-d965ccfc6d4b" outcome="Passed" testListId="8c84fa94-04c1-424b-9868-57a2d4851a1d" relativeResultsDirectory="0885d340-6bf7-4243-9752-e49cf5e9b72d" /><UnitTestResult executionId="0f31b459-7c3c-452d-9ae1-1209072f92e6" testId="f273a365-0f37-4f6e-be79-ddd6f7591fe2" testName="GetList_ListReturnsCorrectCount" computerName="VECTOR" duration="00:00:00.0200000" startTime="2018-08-17T04:11:32.3933040-04:00" endTime="2018-08-17T04:11:32.3933098-04:00" testType="13cdc9d9-ddb5-4fa4-a97d-d965ccfc6d4b" outcome="Passed" testListId="8c84fa94-04c1-424b-9868-57a2d4851a1d" relativeResultsDirectory="0f31b459-7c3c-452d-9ae1-1209072f92e6" /><UnitTestResult executionId="38029094-23b8-4e5e-a74d-15dfc7414a20" testId="a9e06da1-efa8-45bc-b9d8-dad23d6e3268" testName="Patch_InvalidReferencePropertyReturnsBadRequest" computerName="VECTOR" duration="00:00:00.0350000" startTime="2018-08-17T04:11:32.6558169-04:00" endTime="2018-08-17T04:11:32.6558227-04:00" testType="13cdc9d9-ddb5-4fa4-a97d-d965ccfc6d4b" outcome="Passed" testListId="8c84fa94-04c1-424b-9868-57a2d4851a1d" relativeResultsDirectory="38029094-23b8-4e5e-a74d-15dfc7414a20" /><UnitTestResult executionId="d4c56bc2-b917-49cc-8b93-daafa81959a7" testId="cd51048a-c4bc-42de-a330-8d91b5a4bb6a" testName="Post_ValidReferencePropertyCreatesModel" computerName="VECTOR" duration="00:00:00.0120000" startTime="2018-08-17T04:11:28.0775772-04:00" endTime="2018-08-17T04:11:28.0775791-04:00" testType="13cdc9d9-ddb5-4fa4-a97d-d965ccfc6d4b" outcome="Passed" testListId="8c84fa94-04c1-424b-9868-57a2d4851a1d" relativeResultsDirectory="d4c56bc2-b917-49cc-8b93-daafa81959a7" /></Results><TestDefinitions><UnitTest name="PutFile_NewFileCanBePut" storage="d:\modelrelief\modelrelief.test\bin\debug\netcoreapp2.0\modelrelief.test.dll" id="b08eca4d-fc76-4b42-b8b6-b5e3f06cea41"><Execution id="8c0378cb-de9b-4dc9-b655-54328a0d8a30" /><TestMethod codeBase="D:\ModelRelief\ModelRelief.test\bin\Debug\netcoreapp2.0\ModelRelief.Test.dll" adapterTypeName="executor://xunit/VsTestRunner2/netcoreapp" className="ModelRelief.Test.Integration.Models.ModelsFileIntegrationTests" name="PutFile_NewFileCanBePut" /></UnitTest><UnitTest name="Put_CanUpdateModel" storage="d:\modelrelief\modelrelief.test\bin\debug\netcoreapp2.0\modelrelief.test.dll" id="fb542157-3a59-4151-a36b-43ba92e49c15"><Execution id="2acb5b4c-3c57-496a-aee0-c63171d2c603" /><TestMethod codeBase="D:\ModelRelief\ModelRelief.test\bin\Debug\netcoreapp2.0\ModelRelief.Test.dll" adapterTypeName="executor://xunit/VsTestRunner2/netcoreapp" className="ModelRelief.Test.Integration.DepthBuffers.DepthBuffersBaseIntegrationTests" name="Put_CanUpdateModel" /></UnitTest><UnitTest name="Patch_InvalidReferencePropertyReturnsBadRequest" storage="d:\modelrelief\modelrelief.test\bin\debug\netcoreapp2.0\modelrelief.test.dll" id="ceb9ddef-54b2-4622-ba40-042f3350b385"><Execution id="fefbda39-474f-489a-b0b6-54d87abc00f5" /><TestMethod codeBase="D:\ModelRelief\ModelRelief.test\bin\Debug\netcoreapp2.0\ModelRelief.Test.dll" adapterTypeName="executor://xunit/VsTestRunner2/netcoreapp" className="ModelRelief.Test.Integration.Meshes.MeshesBaseIntegrationTests" name="Patch_InvalidReferencePropertyReturnsBadRequest" /></UnitTest><UnitTest name="PutFile_NewFileCanBePut" storage="d:\modelrelief\modelrelief.test\bin\debug\netcoreapp2.0\modelrelief.test.dll" id="16bcfcc4-326d-4192-a3c5-5906ae15cd01"><Execution id="0885d340-6bf7-4243-9752-e49cf5e9b72d" /><TestMethod codeBase="D:\ModelRelief\ModelRelief.test\bin\Debug\netcoreapp2.0\ModelRelief.Test.dll" adapterTypeName="executor://xunit/VsTestRunner2/netcoreapp" className="ModelRelief.Test.Integration.Meshes.MeshesFileIntegrationTests" name="PutFile_NewFileCanBePut" /></UnitTest><UnitTest name="Delete_TargetModelIsDeleted" storage="d:\modelrelief\modelrelief.test\bin\debug\netcoreapp2.0\modelrelief.test.dll" id="5c4da189-b609-430c-85be-35637fd37a54"><Execution id="0b6605ab-499f-4f53-a860-e799e9cfb8db" /><TestMethod codeBase="D:\ModelRelief\ModelRelief.test\bin\Debug\netcoreapp2.0\ModelRelief.Test.dll" adapterTypeName="executor://xunit/VsTestRunner2/netcoreapp" className="ModelRelief.Test.Integration.DepthBuffers.DepthBuffersBaseIntegrationTests" name="Delete_TargetModelIsDeleted" /></UnitTest><UnitTest name="Patch_ValidReferencePropertyUpdatesModel" storage="d:\modelrelief\modelrelief.test\bin\debug\netcoreapp2.0\modelrelief.test.dll" id="2c0b2d2f-4e52-49e7-9ebc-76fe7e0e8fdb"><Execution id="fcd97800-bdb3-4d19-b528-379eaace1961" /><TestMethod codeBase="D:\ModelRelief\ModelRelief.test\bin\Debug\netcoreapp2.0\ModelRelief.Test.dll" adapterTypeName="executor://xunit/VsTestRunner2/netcoreapp" className="ModelRelief.Test.Integration.Cameras.CamerasBaseIntegrationTests" name="Patch_ValidReferencePropertyUpdatesModel" /></UnitTest><UnitTest name="Post_CanCreateNewModel" storage="d:\modelrelief\modelrelief.test\bin\debug\netcoreapp2.0\modelrelief.test.dll" id="06857b46-b8db-4347-89f5-a50d284c0666"><Execution id="a8efcec4-5490-4a13-bfcd-d60c4ee4ed05" /><TestMethod codeBase="D:\ModelRelief\ModelRelief.test\bin\Debug\netcoreapp2.0\ModelRelief.Test.dll" adapterTypeName="executor://xunit/VsTestRunner2/netcoreapp" className="ModelRelief.Test.Integration.Projects.ProjectsBaseIntegrationTests" name="Post_CanCreateNewModel" /></UnitTest><UnitTest name="Patch_InvalidReferencePropertyReturnsBadRequest" storage="d:\modelrelief\modelrelief.test\bin\debug\netcoreapp2.0\modelrelief.test.dll" id="1533a8d7-0139-411c-b85f-9bdee8f5e134"><Execution id="8316adcb-0ebf-4079-ae12-124da029ea42" /><TestMethod codeBase="D:\ModelRelief\ModelRelief.test\bin\Debug\netcoreapp2.0\ModelRelief.Test.dll" adapterTypeName="executor://xunit/VsTestRunner2/netcoreapp" className="ModelRelief.Test.Integration.Projects.ProjectsBaseIntegrationTests" name="Patch_InvalidReferencePropertyReturnsBadRequest" /></UnitTest><UnitTest name="Post_ValidReferencePropertyCreatesModel" storage="d:\modelrelief\modelrelief.test\bin\debug\netcoreapp2.0\modelrelief.test.dll" id="04043615-5a79-4806-a8cc-7ec8c0dc5a15"><Execution id="08acd346-636b-401d-b66f-1f0563a52d4b" /><TestMethod codeBase="D:\ModelRelief\ModelRelief.test\bin\Debug\netcoreapp2.0\ModelRelief.Test.dll" adapterTypeName="executor://xunit/VsTestRunner2/netcoreapp" className="ModelRelief.Test.Integration.Models.ModelsBaseIntegrationTests" name="Post_ValidReferencePropertyCreatesModel" /></UnitTest><UnitTest name="Patch_TargetPropertyIsUpdated" storage="d:\modelrelief\modelrelief.test\bin\debug\netcoreapp2.0\modelrelief.test.dll" id="7a62f137-55bc-4456-abaf-45d43514814c"><Execution id="d2a4d280-9e52-4469-987f-aa4517560e73" /><TestMethod codeBase="D:\ModelRelief\ModelRelief.test\bin\Debug\netcoreapp2.0\ModelRelief.Test.dll" adapterTypeName="executor://xunit/VsTestRunner2/netcoreapp" className="ModelRelief.Test.Integration.Cameras.CamerasBaseIntegrationTests" name="Patch_TargetPropertyIsUpdated" /></UnitTest><UnitTest name="PutFile_FileCanBeUpdated" storage="d:\modelrelief\modelrelief.test\bin\debug\netcoreapp2.0\modelrelief.test.dll" id="fce11f4e-8b7f-4ccf-9aa2-f39a2cf4c6d8"><Execution id="958b1e27-0a8a-4243-bd88-cb5ef5a03ea7" /><TestMethod codeBase="D:\ModelRelief\ModelRelief.test\bin\Debug\netcoreapp2.0\ModelRelief.Test.dll" adapterTypeName="executor://xunit/VsTestRunner2/netcoreapp" className="ModelRelief.Test.Integration.DepthBuffers.DepthBuffersFileIntegrationTests" name="PutFile_FileCanBeUpdated" /></UnitTest><UnitTest name="Post_InvalidReferencePropertyReturnsBadRequest" storage="d:\modelrelief\modelrelief.test\bin\debug\netcoreapp2.0\modelrelief.test.dll" id="c2549edc-64af-4350-9b33-a5992f144b10"><Execution id="6c81cc76-0a49-41cc-be4c-3d87f47e85ff" /><TestMethod codeBase="D:\ModelRelief\ModelRelief.test\bin\Debug\netcoreapp2.0\ModelRelief.Test.dll" adapterTypeName="execut
[...]
24b-9868-57a2d4851a1d" /><TestEntry testId="ffe948ef-ba63-4f08-a60f-57bc9bd63aa3" executionId="94d4ed23-2bab-4e0a-98ea-1410ab621e41" testListId="8c84fa94-04c1-424b-9868-57a2d4851a1d" /><TestEntry testId="c5223c05-0019-4e56-8d0d-7b633db21002" executionId="cc4af11c-93e5-48c0-b8f9-4752e964aba6" testListId="8c84fa94-04c1-424b-9868-57a2d4851a1d" /><TestEntry testId="da4fe25d-d939-401b-9b7f-05493089d198" executionId="b877fe11-0eb4-4ceb-85f8-d5ef8b9a5d1c" testListId="8c84fa94-04c1-424b-9868-57a2d4851a1d" /><TestEntry testId="e769e779-f3b8-40ed-908a-420f67a02eb5" executionId="cbefd75d-5e9e-4546-a8c3-28b34913e131" testListId="8c84fa94-04c1-424b-9868-57a2d4851a1d" /><TestEntry testId="5c77308e-04da-4814-93f8-bd649ec9c131" executionId="a1211992-5044-4818-a95d-3a9482ba5fb4" testListId="8c84fa94-04c1-424b-9868-57a2d4851a1d" /><TestEntry testId="9e4c11ba-bfc6-46f2-b423-a66670d03bce" executionId="53fbe02b-a41c-458d-b758-034dbe792304" testListId="8c84fa94-04c1-424b-9868-57a2d4851a1d" /><TestEntry testId="b08eca4d-fc76-4b42-b8b6-b5e3f06cea41" executionId="8c0378cb-de9b-4dc9-b655-54328a0d8a30" testListId="8c84fa94-04c1-424b-9868-57a2d4851a1d" /><TestEntry testId="9a7de570-da0b-4a33-ab63-756de869bca4" executionId="23abc16b-553f-4f27-a39f-3361ba15ba02" testListId="8c84fa94-04c1-424b-9868-57a2d4851a1d" /><TestEntry testId="c698e81c-6c6d-4a8b-a934-1acc68a278fd" executionId="83aca1a8-b345-4d92-acd9-719bbac65246" testListId="8c84fa94-04c1-424b-9868-57a2d4851a1d" /><TestEntry testId="125e22ac-6152-4c3d-8195-d6d30288b04d" executionId="355a241a-387f-48de-a1c6-eaaa69ef4283" testListId="8c84fa94-04c1-424b-9868-57a2d4851a1d" /><TestEntry testId="642fa1d2-8416-4fef-8dc3-b8b1c5990552" executionId="82b9c77e-dde2-4b14-b2a2-7f231c81ae97" testListId="8c84fa94-04c1-424b-9868-57a2d4851a1d" /><TestEntry testId="7a62f137-55bc-4456-abaf-45d43514814c" executionId="d2a4d280-9e52-4469-987f-aa4517560e73" testListId="8c84fa94-04c1-424b-9868-57a2d4851a1d" /><TestEntry testId="71bd4241-9115-40ec-8288-7deef725e1c6" executionId="0f1eaf50-b623-44f0-92de-aafd0e05d214" testListId="8c84fa94-04c1-424b-9868-57a2d4851a1d" /><TestEntry testId="67bf5d0f-8f8e-4d46-a88a-497477f44f9b" executionId="398f33cb-7b5e-4f09-a3ed-2440c9557f66" testListId="8c84fa94-04c1-424b-9868-57a2d4851a1d" /><TestEntry testId="b7543cba-167e-4606-bd58-1c3737f63786" executionId="b9873286-65b8-4efb-95fc-c6a126bd3e00" testListId="8c84fa94-04c1-424b-9868-57a2d4851a1d" /><TestEntry testId="73b61874-8783-4733-95ff-efcf6373d7d3" executionId="9b521635-c833-4cf2-8a80-360a6b44b1aa" testListId="8c84fa94-04c1-424b-9868-57a2d4851a1d" /><TestEntry testId="cc64f9bb-4e6e-4ca7-9577-316cd1ddd965" executionId="81fff4ed-17fe-439e-ac1e-1d5e8b52ae20" testListId="8c84fa94-04c1-424b-9868-57a2d4851a1d" /><TestEntry testId="78765b08-6d58-454f-9b0f-b179827ad1ca" executionId="f0e11e1a-5799-4ae3-84d3-e4ad6d230cc7" testListId="8c84fa94-04c1-424b-9868-57a2d4851a1d" /><TestEntry testId="415c14dc-873b-4228-a49e-cc79d87557fd" executionId="1efc8f6a-7172-4fae-99a4-632e5f7bd390" testListId="8c84fa94-04c1-424b-9868-57a2d4851a1d" /><TestEntry testId="b63ab1f8-8b93-487b-8d0f-dec0b91006a2" executionId="94783840-31f5-497f-b6c6-0fb7228d78f1" testListId="8c84fa94-04c1-424b-9868-57a2d4851a1d" /><TestEntry testId="eb036629-31cb-42cf-a3c7-280ef3c0b24e" executionId="b62410f3-cdc5-4809-b99e-83d699245eec" testListId="8c84fa94-04c1-424b-9868-57a2d4851a1d" /><TestEntry testId="063703a6-d952-4051-907a-4628eac288bf" executionId="345b37fc-2a25-4d45-822f-7a2c13e7427f" testListId="8c84fa94-04c1-424b-9868-57a2d4851a1d" /><TestEntry testId="09768640-c45b-4e1e-aa7f-317262b53861" executionId="29dff05a-8878-4458-8950-aebf978fe862" testListId="8c84fa94-04c1-424b-9868-57a2d4851a1d" /><TestEntry testId="5c4da189-b609-430c-85be-35637fd37a54" executionId="0b6605ab-499f-4f53-a860-e799e9cfb8db" testListId="8c84fa94-04c1-424b-9868-57a2d4851a1d" /><TestEntry testId="913b9e2b-7760-4423-b40e-7ecf1ec2c8e2" executionId="1b4ffa0e-e9b9-4738-9868-7d75bc5ba856" testListId="8c84fa94-04c1-424b-9868-57a2d4851a1d" /><TestEntry testId="2d2482f7-de31-4976-816e-1d357117a8b0" executionId="c5f4cf3d-d3e8-46d4-929e-542508a75bd1" testListId="8c84fa94-04c1-424b-9868-57a2d4851a1d" /><TestEntry testId="c68eea42-048e-41b6-9504-4af31aaa939c" executionId="d5bad959-8c40-4cd8-ab2c-86a71cf0aa63" testListId="8c84fa94-04c1-424b-9868-57a2d4851a1d" /><TestEntry testId="da3b8c19-8871-4e41-9723-c9b74baeacec" executionId="3d3f3520-57d5-4a34-ae38-c096d680911d" testListId="8c84fa94-04c1-424b-9868-57a2d4851a1d" /><TestEntry testId="a692c9c9-4123-473b-998d-c534a4a51c00" executionId="192ac849-2689-42d8-9183-b9f8cec686c7" testListId="8c84fa94-04c1-424b-9868-57a2d4851a1d" /><TestEntry testId="66cf091e-a3cb-49af-877f-c2632eb32a2c" executionId="3f1fa7fb-70d2-4c9a-9dff-4716482a1cf6" testListId="8c84fa94-04c1-424b-9868-57a2d4851a1d" /><TestEntry testId="32917c3f-935a-4f1e-b372-e80062caa2d7" executionId="315b65b9-a75d-423c-b57c-ee92272e6d77" testListId="8c84fa94-04c1-424b-9868-57a2d4851a1d" /><TestEntry testId="3c9b9e73-bf9a-44f7-a259-1fde91a19b84" executionId="c4f15876-2a5d-4e3f-8e27-3902345a29f6" testListId="8c84fa94-04c1-424b-9868-57a2d4851a1d" /><TestEntry testId="4bb3596a-fd39-4b49-9107-44817a8e6e46" executionId="b95d0063-2a3f-4dd5-897d-ca587b97ba93" testListId="8c84fa94-04c1-424b-9868-57a2d4851a1d" /><TestEntry testId="aad3951d-a82a-4f6b-aea4-faf845fb16f1" executionId="9602e549-fbe3-4bd9-8f8d-aaa70fe3b0f7" testListId="8c84fa94-04c1-424b-9868-57a2d4851a1d" /><TestEntry testId="babdd3ea-e90d-43b9-a22d-b494207867e1" executionId="16ba1a0d-7592-40d4-a0c0-b706110f6500" testListId="8c84fa94-04c1-424b-9868-57a2d4851a1d" /><TestEntry testId="30ad0780-ab74-4762-a9ae-31728df7963b" executionId="f0c53f89-5deb-433d-bf12-039b734e2619" testListId="8c84fa94-04c1-424b-9868-57a2d4851a1d" /><TestEntry testId="b88fd2b8-ae3d-47f0-bb90-4bec8ceb7fe1" executionId="88336f19-bb96-4c91-a2a6-5228c1251c9c" testListId="8c84fa94-04c1-424b-9868-57a2d4851a1d" /><TestEntry testId="d5b540c8-ace7-4406-aa9d-8c39d5c1a2cd" executionId="a9d1fba9-b730-4ef8-b491-1c50d1af73ad" testListId="8c84fa94-04c1-424b-9868-57a2d4851a1d" /><TestEntry testId="d6d2eaf6-7c7c-444d-a45b-31367d507334" executionId="94457af0-b2c6-41b4-ab60-f7cdeed6f53c" testListId="8c84fa94-04c1-424b-9868-57a2d4851a1d" /><TestEntry testId="1c01e14f-69f0-4909-b7c8-e9d62f5856e2" executionId="547cb201-66bc-4f07-8b8c-66ed9e2d07d1" testListId="8c84fa94-04c1-424b-9868-57a2d4851a1d" /><TestEntry testId="2d37cb17-ad52-4def-b415-cee690677eb5" executionId="bc208c80-1f47-4677-b06c-c4d6490dfb55" testListId="8c84fa94-04c1-424b-9868-57a2d4851a1d" /><TestEntry testId="0c45d216-016d-4850-b154-48ae1e4482f7" executionId="6b32f82f-2e02-4351-b0bf-08bca32c807d" testListId="8c84fa94-04c1-424b-9868-57a2d4851a1d" /><TestEntry testId="84c701a5-6148-43df-a024-f75d760fdce6" executionId="2a13768a-b589-429c-8458-2e1cf2065373" testListId="8c84fa94-04c1-424b-9868-57a2d4851a1d" /><TestEntry testId="69bfe1d4-90e9-401d-ba7d-6ae14027add3" executionId="f2608750-e76c-48ff-aa74-e2e01d780e1e" testListId="8c84fa94-04c1-424b-9868-57a2d4851a1d" /><TestEntry testId="dbc0472f-92b4-4a62-b0b8-374fe080eec3" executionId="528f6485-6837-4ba3-ba99-22525e04f8b2" testListId="8c84fa94-04c1-424b-9868-57a2d4851a1d" /><TestEntry testId="cb63f9bb-31c0-4532-b30d-8932f8be89d1" executionId="3d6d80ea-b5ed-458f-ac0f-2409c600e5d7" testListId="8c84fa94-04c1-424b-9868-57a2d4851a1d" /><TestEntry testId="6f4ba70b-6676-49ff-b0d8-41e3cf8450e0" executionId="8a2cdf95-6130-4884-8425-965a6b80caf6" testListId="8c84fa94-04c1-424b-9868-57a2d4851a1d" /><TestEntry testId="db89f6b0-7a70-4852-adb4-cd37ecee96fe" executionId="e610739f-7949-4433-adc3-9de6d2e85701" testListId="8c84fa94-04c1-424b-9868-57a2d4851a1d" /><TestEntry testId="7ad35de3-b37e-4f5b-980b-dc372206569d" executionId="cc983988-c582-4288-bef1-a1f9a2066915" testListId="8c84fa94-04c1-424b-9868-57a2d4851a1d" /><TestEntry testId="25bb48d4-9395-4e79-9138-1db7d8e4293f" executionId="d60818c9-1e69-4b37-9048-b8ec2c5009e4" testListId="8c84fa94-04c1-424b-9868-57a2d4851a1d" /><TestEntry testId="911a4934-8918-4ebc-8d72-2d7754748844" executionId="87077956-daee-4ba0-b125-02249bd220d9" testListId="8c84fa94-04c1-424b-9868-57a2d4851a1d" /><TestEntry testId="c3cf5eac-6135-41fc-8009-056878784f3b" executionId="84071c9e-127a-42ea-8877-13c60ce3d3f5" testListId="8c84fa94-04c1-424b-9868-57a2d4851a1d" /><TestEntry testId="a508a63e-2d6a-4fcd-90eb-5e0c29924830" executionId="7043ba5a-4805-4add-94fe-95432411741b" testListId="8c84fa94-04c1-424b-9868-57a2d4851a1d" /><TestEntry testId="475fdab1-6d2c-460a-9a4c-1c749228e5a7" executionId="490c319a-d2da-4c0d-88ba-8b3ec649d984" testListId="8c84fa94-04c1-424b-9868-57a2d4851a1d" /><TestEntry testId="c41ab13a-0349-4acd-804d-dcab08e041bd" executionId="7c0014c8-792a-45e4-ba25-ca07a9f9ed49" testListId="8c84fa94-04c1-424b-9868-57a2d4851a1d" /><TestEntry testId="1cc4ef09-d7e8-4138-bf55-8c63d5cd727c" executionId="4f461c6d-b719-422a-a56b-01169edc35eb" testListId="8c84fa94-04c1-424b-9868-57a2d4851a1d" /><TestEntry testId="d44a99ad-37af-4713-b5ff-951f7eace418" executionId="cf48c762-6a33-40cd-b1d3-f0002451ff55" testListId="8c84fa94-04c1-424b-9868-57a2d4851a1d" /><TestEntry testId="837fb236-ad02-4cb9-9de0-a7ea1c1cf1c2" executionId="c1f620e5-a5a8-4f52-a071-7fae467df58e" testListId="8c84fa94-04c1-424b-9868-57a2d4851a1d" /><TestEntry testId="1f0ba6a5-e894-4557-a41b-b4654b378e89" executionId="8d625360-68b4-41be-b352-31ba26315917" testListId="8c84fa94-04c1-424b-9868-57a2d4851a1d" /><TestEntry testId="906404a6-95f7-4829-8b6a-4e2184898416" executionId="a015aad7-edbc-43b9-ab4a-7d72b3ac6507" testListId="8c84fa94-04c1-424b-9868-57a2d4851a1d" /><TestEntry testId="42b2c6fa-9624-4474-b782-3e0e9ce8f027" executionId="4c83934c-c59d-4cb3-a913-4831ec93f8b5" testListId="8c84fa94-04c1-424b-9868-57a2d4851a1d" /><TestEntry testId="8fa5b471-568b-4656-9b53-fa36a7d34d06" executionId="b564fb29-c370-45d9-a3eb-d98a6d51b9a9" testListId="8c84fa94-04c1-424b-9868-57a2d4851a1d" /><TestEntry testId="f8c27432-38d3-4e55-9657-cea6029acf89" executionId="5371bace-2a20-4ce8-bafc-3020962d3b21" testListId="8c84fa94-04c1-424b-9868-57a2d4851a1d" /><TestEntry testId="c113c89e-d74d-4d08-9118-569ef4fec0f3" executionId="2b352a44-cdc5-4631-ab6f-76b83b12fcf1" testListId="8c84fa94-04c1-424b-9868-57a2d4851a1d" /><TestEntry testId="1741fa98-3a56-467a-8a38-fefc6866944a" executionId="e5ac5af0-26b1-488c-b691-f1fe01ac4f3d" testListId="8c84fa94-04c1-424b-9868-57a2d4851a1d" /><TestEntry testId="6f72ff88-3acf-40ea-98cf-225e5055031f" executionId="022117d3-0812-42fa-a278-4d3b3af585bf" testListId="8c84fa94-04c1-424b-9868-57a2d4851a1d" /><TestEntry testId="153f53a2-5a7f-4f76-96ac-193e4484a046" executionId="d33ceb68-a9e7-4054-8b31-2398ed5c3b92" testListId="8c84fa94-04c1-424b-9868-57a2d4851a1d" /><TestEntry testId="60f04a10-c4b7-4b1d-80dd-b233f46c570e" executionId="7b0212c5-6adf-4d1e-9c21-e28efd342ef7" testListId="8c84fa94-04c1-424b-9868-57a2d4851a1d" /><TestEntry testId="005a7098-3e07-40aa-92f1-1f911c6c1d60" executionId="abcf6e26-04d3-4ba3-a108-30ebc761ca90" testListId="8c84fa94-04c1-424b-9868-57a2d4851a1d" /><TestEntry testId="15310bdf-c0bd-43f6-aba2-a58f0d361db6" executionId="61847a97-f744-4b37-af99-c3ec90fce270" testListId="8c84fa94-04c1-424b-9868-57a2d4851a1d" /><TestEntry testId="cd38b15c-8fb3-46cc-9c97-731cb8b8d828" executionId="6643ac9a-4979-4046-998e-df571facc96b" testListId="8c84fa94-04c1-424b-9868-57a2d4851a1d" /><TestEntry testId="e2da9797-5e3e-47f7-bbd0-a8ae51e903ac" executionId="1e3c3e8b-a3a1-40ef-9abd-05d2754d9bb3" testListId="8c84fa94-04c1-424b-9868-57a2d4851a1d" /><TestEntry testId="0a111c13-166d-4ea4-8550-b96fd61a0db0" executionId="74b307b5-a1e4-43f9-b50b-d9b2f9ba9e62" testListId="8c84fa94-04c1-424b-9868-57a2d4851a1d" /><TestEntry testId="802fc9ea-2314-452f-866a-d6314eb04b10" executionId="15a5538b-e973-479f-8f3c-afa74bf9dd4e" testListId="8c84fa94-04c1-424b-9868-57a2d4851a1d" /><TestEntry testId="ef21ab80-9aa0-4aa1-a1cc-2f5c37456f99" executionId="d8eb3a5d-ee3e-4247-a1de-363c28a43f00" testListId="8c84fa94-04c1-424b-9868-57a2d4851a1d" /><TestEntry testId="0c069519-d6b9-45ed-9dfc-6838c1c1b1f3" executionId="456781f0-279d-4d63-ba82-009d7d11a4c4" testListId="8c84fa94-04c1-424b-9868-57a2d4851a1d" /><TestEntry testId="dacb7fea-8b77-4dbc-b625-63d1fc77998c" executionId="04cd45b2-d5bc-4d1c-8b44-747d51b14549" testListId="8c84fa94-04c1-424b-9868-57a2d4851a1d" /><TestEntry testId="b6a0a94e-6c67-4e6d-8bdc-f2a6bf11ee2d" executionId="92cfc75c-b584-4508-a1f8-a3ecc58d8775" testListId="8c84fa94-04c1-424b-9868-57a2d4851a1d" /><TestEntry testId="80cca9fa-fadc-4218-b454-21f34f1f43fb" executionId="f0141d70-0dd2-4118-88cc-343a0c5c42ef" testListId="8c84fa94-04c1-424b-9868-57a2d4851a1d" /><TestEntry testId="904d7f3f-dcb2-4d9d-b27c-710f8c67d118" executionId="64a51496-bce6-4f36-a252-2133a67c455e" testListId="8c84fa94-04c1-424b-9868-57a2d4851a1d" /><TestEntry testId="3594d953-7062-4a71-968a-67fcde370bd1" executionId="e31e3a59-db86-4221-8a4c-5753eb10f44a" testListId="8c84fa94-04c1-424b-9868-57a2d4851a1d" /><TestEntry testId="9be2d55f-9a76-4e58-9890-ea3443b5f4c2" executionId="0094a82c-3848-456d-9ef4-64940506a1dc" testListId="8c84fa94-04c1-424b-9868-57a2d4851a1d" /><TestEntry testId="cd1e30bb-ef36-4524-8fce-570dc90c719f" executionId="03bf0903-621f-45f6-b065-17d96981acee" testListId="8c84fa94-04c1-424b-9868-57a2d4851a1d" /><TestEntry testId="5f494a59-bab8-4aa2-af68-3dc80c2d626e" executionId="0a2fe58f-4c00-464d-8e0e-3eb2d149137e" testListId="8c84fa94-04c1-424b-9868-57a2d4851a1d" /><TestEntry testId="df5e6faf-1be6-4432-b3a0-bd266f7af371" executionId="0979e4e3-be21-4a8b-96fc-2c88ed3058d5" testListId="8c84fa94-04c1-424b-9868-57a2d4851a1d" /><TestEntry testId="10344a9b-f495-42a0-8e3a-d7ec7c4310b1" executionId="f1c226d2-cd4d-473f-b8e8-5c19e5f948a9" testListId="8c84fa94-04c1-424b-9868-57a2d4851a1d" /><TestEntry testId="7e8b98d1-f875-4af3-9879-7eb8b3b75f9e" executionId="98f6e75a-dcb4-425b-8b0a-86459ca0fa1c" testListId="8c84fa94-04c1-424b-9868-57a2d4851a1d" /><TestEntry testId="7355314d-0b04-4b47-85ba-1e3d98617501" executionId="2b8af38f-b123-44c9-9dec-ecbde8adb2f0" testListId="8c84fa94-04c1-424b-9868-57a2d4851a1d" /><TestEntry testId="030d3709-1ff8-4efc-aa6a-040d1b764295" executionId="7f99117d-1741-41a2-a943-c5f7fa83e22c" testListId="8c84fa94-04c1-424b-9868-57a2d4851a1d" /><TestEntry testId="f1a63269-33d5-461b-8ea7-64bbc50da986" executionId="26a58326-8d96-4123-9680-ac17fd043c67" testListId="8c84fa94-04c1-424b-9868-57a2d4851a1d" /><TestEntry testId="fbc57d77-49ed-44f1-91d7-49fd087f6d2f" executionId="865e530b-c84c-486d-b72f-f7806578814c" testListId="8c84fa94-04c1-424b-9868-57a2d4851a1d" /><TestEntry testId="a43495e3-082a-45a4-8664-f6b88d37c0c4" executionId="6240fbab-cf74-4fc9-bd2c-4219e75d5a4e" testListId="8c84fa94-04c1-424b-9868-57a2d4851a1d" /><TestEntry testId="2c0b2d2f-4e52-49e7-9ebc-76fe7e0e8fdb" executionId="fcd97800-bdb3-4d19-b528-379eaace1961" testListId="8c84fa94-04c1-424b-9868-57a2d4851a1d" /><TestEntry testId="a10f60b8-ab7d-470a-adae-7a2a807d3287" executionId="0b845535-410a-49c3-9631-5d3bdbf6bd0f" testListId="8c84fa94-04c1-424b-9868-57a2d4851a1d" /><TestEntry testId="20ac0e66-6983-4824-bd0f-d0d7a81b85ed" executionId="2f32b5a6-48ce-44ab-b474-264b498f33e8" testListId="8c84fa94-04c1-424b-9868-57a2d4851a1d" /><TestEntry testId="1533a8d7-0139-411c-b85f-9bdee8f5e134" executionId="8316adcb-0ebf-4079-ae12-124da029ea42" testListId="8c84fa94-04c1-424b-9868-57a2d4851a1d" /><TestEntry testId="72c0edf1-2481-4ded-b891-521072e7ee98" executionId="097e2791-cff4-4117-8476-260d3b1a4586" testListId="8c84fa94-04c1-424b-9868-57a2d4851a1d" /><TestEntry testId="420b2a24-73e6-4c09-9e19-a727903f991f" executionId="ec11df27-b3c1-4e45-9867-09c27aa19d0b" testListId="8c84fa94-04c1-424b-9868-57a2d4851a1d" /><TestEntry testId="04043615-5a79-4806-a8cc-7ec8c0dc5a15" executionId="08acd346-636b-401d-b66f-1f0563a52d4b" testListId="8c84fa94-04c1-424b-9868-57a2d4851a1d" /><TestEntry testId="ceb9ddef-54b2-4622-ba40-042f3350b385" executionId="fefbda39-474f-489a-b0b6-54d87abc00f5" testListId="8c84fa94-04c1-424b-9868-57a2d4851a1d" /><TestEntry testId="760622fe-11c5-4ea8-8e3f-f6685d3235f8" executionId="2fa1e88e-b020-4f4f-be53-f51f99c9436b" testListId="8c84fa94-04c1-424b-9868-57a2d4851a1d" /><TestEntry testId="d48d55f9-ecb3-4cfd-bd20-475ac89cce10" executionId="cb2250ca-ec14-4782-bd6c-68e6bdada22a" testListId="8c84fa94-04c1-424b-9868-57a2d4851a1d" /><TestEntry testId="7ae3db5d-88ee-40ca-9ae2-c2d5ce5211e5" executionId="34d0fac3-90cb-4548-ad06-8ec374a6d572" testListId="8c84fa94-04c1-424b-9868-57a2d4851a1d" /><TestEntry testId="a79f95a2-2cb1-4a0d-bb53-2c4bac6e25fc" executionId="37cff99e-e48e-42f3-ae88-be7668dd4a4d" testListId="8c84fa94-04c1-424b-9868-57a2d4851a1d" /><TestEntry testId="5c48d3b7-b1b6-4bb2-aaf1-8190fd3f9a3b" executionId="a96091b4-3d7f-4be7-8963-0c0afce8db87" testListId="8c84fa94-04c1-424b-9868-57a2d4851a1d" /><TestEntry testId="06857b46-b8db-4347-89f5-a50d284c0666" executionId="a8efcec4-5490-4a13-bfcd-d60c4ee4ed05" testListId="8c84fa94-04c1-424b-9868-57a2d4851a1d" /><TestEntry testId="ab516027-8356-4e9a-ba3d-afb877005cc5" executionId="88981b0a-00e2-4dd0-b1e2-6cb0a8d252b8" testListId="8c84fa94-04c1-424b-9868-57a2d4851a1d" /><TestEntry testId="8fc636e9-9fef-4c95-a076-bba57a11c2b2" executionId="ecca7222-3f00-495f-bd75-39edac4ad1f9" testListId="8c84fa94-04c1-424b-9868-57a2d4851a1d" /><TestEntry testId="455164e7-f8e5-4795-9bc4-521edf748e70" executionId="b57653fe-3129-45b9-861d-c6c0880bb635" testListId="8c84fa94-04c1-424b-9868-57a2d4851a1d" /><TestEntry testId="da88cd88-1566-4c8c-bb34-1eae8c5d5a07" executionId="bd8c369e-efba-481b-b976-01994505c411" testListId="8c84fa94-04c1-424b-9868-57a2d4851a1d" /><TestEntry testId="ebf0008b-3c51-4565-bbbe-129aa3063fb7" executionId="d1ee078b-966b-4371-9203-f90093f00a65" testListId="8c84fa94-04c1-424b-9868-57a2d4851a1d" /><TestEntry testId="3d47b7ec-e39c-4f27-b2aa-17488314ba82" executionId="be636a3d-532a-4185-a9d9-e98327c6a947" testListId="8c84fa94-04c1-424b-9868-57a2d4851a1d" /><TestEntry testId="6922bbad-de3a-4db2-b728-74bfc1019850" executionId="461bf647-faa5-4be5-b46e-e4a2ee037b20" testListId="8c84fa94-04c1-424b-9868-57a2d4851a1d" /><TestEntry testId="0a253d51-6821-423b-89c4-d0db2fe511bd" executionId="09ecc74c-a052-4943-bdc7-742382d82f2e" testListId="8c84fa94-04c1-424b-9868-57a2d4851a1d" /><TestEntry testId="a14ef20a-b775-4f54-9ab9-d3bbdc4edecf" executionId="c8eca962-27bc-43e4-a25f-df68427de27a" testListId="8c84fa94-04c1-424b-9868-57a2d4851a1d" /><TestEntry testId="026129b3-a43b-491a-9032-f26a704d895a" executionId="2d185f8f-ce8a-44a9-9db5-46322576cbd3" testListId="8c84fa94-04c1-424b-9868-57a2d4851a1d" /><TestEntry testId="16bcfcc4-326d-4192-a3c5-5906ae15cd01" executionId="0885d340-6bf7-4243-9752-e49cf5e9b72d" testListId="8c84fa94-04c1-424b-9868-57a2d4851a1d" /><TestEntry testId="f273a365-0f37-4f6e-be79-ddd6f7591fe2" executionId="0f31b459-7c3c-452d-9ae1-1209072f92e6" testListId="8c84fa94-04c1-424b-9868-57a2d4851a1d" /><TestEntry testId="a9e06da1-efa8-45bc-b9d8-dad23d6e3268" executionId="38029094-23b8-4e5e-a74d-15dfc7414a20" testListId="8c84fa94-04c1-424b-9868-57a2d4851a1d" /><TestEntry testId="cd51048a-c4bc-42de-a330-8d91b5a4bb6a" executionId="d4c56bc2-b917-49cc-8b93-daafa81959a7" testListId="8c84fa94-04c1-424b-9868-57a2d4851a1d" /></TestEntries><TestLists><TestList name="Results Not in a List" id="8c84fa94-04c1-424b-9868-57a2d4851a1d" /><TestList name="All Loaded Results" id="19431567-8539-422a-85d7-44ee4e166bda" /></TestLists><ResultSummary outcome="Completed"><Counters total="151" executed="151" passed="151" failed="0" error="0" timeout="0" aborted="0" inconclusive="0" passedButRunAborted="0" notRunnable="0" notExecuted="0" disconnected="0" warning="0" completed="0" inProgress="0" pending="0" /><Output><StdOut>[xUnit.net 00:00:01.2412796]   Discovering: ModelRelief.Test[xUnit.net 00:00:01.3633690]   Discovered:  ModelRelief.Test[xUnit.net 00:00:01.3688099]   Starting:    ModelRelief.Test[xUnit.net 00:00:47.7772357]   Finished:    ModelRelief.Test</StdOut></Output></ResultSummary></TestRun>