<?xml version="1.0" encoding="utf-8"?><TestRun id="c99a0e95-4187-427a-a1b2-55b36c568ba7" name="Steve Knipmeyer@VECTOR 2018-07-28 05:24:22" runUser="VECTOR\Steve Knipmeyer" xmlns="http://microsoft.com/schemas/VisualStudio/TeamTest/2010"><Times creation="2018-07-28T05:24:22.1390834-04:00" queuing="2018-07-28T05:24:22.1390953-04:00" start="2018-07-28T05:24:18.1589042-04:00" finish="2018-07-28T05:24:58.4626723-04:00" /><TestSettings name="default" id="d4fadca9-81f1-4a7d-8e41-755375054fca"><Deployment runDeploymentRoot="Steve_Knipmeyer_VECTOR_2018-07-28_05_24_22" /></TestSettings><Results><UnitTestResult executionId="86b03098-0df8-4b13-8ee0-5027678f5638" testId="618d0a36-75c2-4f1a-8a22-fcc67858efc4" testName="Delete_TargetModelIsDeleted" computerName="VECTOR" duration="00:00:00.1870000" startTime="2018-07-28T05:24:56.4047530-04:00" endTime="2018-07-28T05:24:56.4047590-04:00" testType="13cdc9d9-ddb5-4fa4-a97d-d965ccfc6d4b" outcome="Passed" testListId="8c84fa94-04c1-424b-9868-57a2d4851a1d" relativeResultsDirectory="86b03098-0df8-4b13-8ee0-5027678f5638" /><UnitTestResult executionId="55546ca8-1a21-40c8-bb91-9235f3ddc081" testId="e5739e16-f651-4988-99a1-bea383ad07c3" testName="GetFile_FileCanBeRoundTripped" computerName="VECTOR" duration="00:00:00.5490000" startTime="2018-07-28T05:24:29.5365300-04:00" endTime="2018-07-28T05:24:29.5365420-04:00" testType="13cdc9d9-ddb5-4fa4-a97d-d965ccfc6d4b" outcome="Passed" testListId="8c84fa94-04c1-424b-9868-57a2d4851a1d" relativeResultsDirectory="55546ca8-1a21-40c8-bb91-9235f3ddc081" /><UnitTestResult executionId="a1dfaaf2-b716-49e9-8912-4ce9428204b5" testId="fd63dcdd-d098-4d74-afca-e2ffbb22a7ac" testName="Patch_TargetPropertyIsUpdated" computerName="VECTOR" duration="00:00:00.3360000" startTime="2018-07-28T05:24:22.8504912-04:00" endTime="2018-07-28T05:24:22.8504989-04:00" testType="13cdc9d9-ddb5-4fa4-a97d-d965ccfc6d4b" outcome="Passed" testListId="8c84fa94-04c1-424b-9868-57a2d4851a1d" relativeResultsDirectory="a1dfaaf2-b716-49e9-8912-4ce9428204b5" /><UnitTestResult executionId="bc10e8dd-a040-46a6-97b6-6e232cfe78ce" testId="ac0683ba-5bc3-4445-a2b3-f418e17c34a9" testName="Post_ValidReferencePropertyCreatesModel" computerName="VECTOR" duration="00:00:00.2570000" startTime="2018-07-28T05:24:36.7102603-04:00" endTime="2018-07-28T05:24:36.7102669-04:00" testType="13cdc9d9-ddb5-4fa4-a97d-d965ccfc6d4b" outcome="Passed" testListId="8c84fa94-04c1-424b-9868-57a2d4851a1d" relativeResultsDirectory="bc10e8dd-a040-46a6-97b6-6e232cfe78ce" /><UnitTestResult executionId="7a1d9f5f-817a-40ed-800e-24aae8204561" testId="458a79c2-93ff-4227-a769-91d4563ed916" testName="GetSingle_ValidIdPropertyValueReturnsCorrectModel" computerName="VECTOR" duration="00:00:00.0180000" startTime="2018-07-28T05:24:49.4797311-04:00" endTime="2018-07-28T05:24:49.4797362-04:00" testType="13cdc9d9-ddb5-4fa4-a97d-d965ccfc6d4b" outcome="Passed" testListId="8c84fa94-04c1-424b-9868-57a2d4851a1d" relativeResultsDirectory="7a1d9f5f-817a-40ed-800e-24aae8204561" /><UnitTestResult executionId="dcc4ecaa-b326-4a86-a4b5-38a4a7440265" testId="7687b76e-6e01-40e5-86bd-685d830d1b04" testName="PutFile_FileCanBeUpdated" computerName="VECTOR" duration="00:00:00.5360000" startTime="2018-07-28T05:24:52.7169884-04:00" endTime="2018-07-28T05:24:52.7169944-04:00" testType="13cdc9d9-ddb5-4fa4-a97d-d965ccfc6d4b" outcome="Passed" testListId="8c84fa94-04c1-424b-9868-57a2d4851a1d" relativeResultsDirectory="dcc4ecaa-b326-4a86-a4b5-38a4a7440265" /><UnitTestResult executionId="887fd541-6d3f-46f3-bfed-c4ddb43c1a84" testId="2d892c15-2ae7-44f5-9a2c-e74bf971e297" testName="Put_InvalidIdReturnsNotFound" computerName="VECTOR" duration="00:00:00.2040000" startTime="2018-07-28T05:24:29.7778594-04:00" endTime="2018-07-28T05:24:29.7778654-04:00" testType="13cdc9d9-ddb5-4fa4-a97d-d965ccfc6d4b" outcome="Passed" testListId="8c84fa94-04c1-424b-9868-57a2d4851a1d" relativeResultsDirectory="887fd541-6d3f-46f3-bfed-c4ddb43c1a84" /><UnitTestResult executionId="7d6d4dd0-055b-41dc-99c1-c2bb9e9bf4ed" testId="1a1d1617-3aac-4e3b-a1e4-e15c4b2c7a1b" testName="GetFile_FileCanBeRoundTripped" computerName="VECTOR" duration="00:00:00.3880000" startTime="2018-07-28T05:24:41.0368706-04:00" endTime="2018-07-28T05:24:41.0368828-04:00" testType="13cdc9d9-ddb5-4fa4-a97d-d965ccfc6d4b" outcome="Passed" testListId="8c84fa94-04c1-424b-9868-57a2d4851a1d" relativeResultsDirectory="7d6d4dd0-055b-41dc-99c1-c2bb9e9bf4ed" /><UnitTestResult executionId="e4a39b07-74a8-45a5-8bdd-7762f31531d9" testId="93c5aeeb-acbb-4ce5-b7cf-44ddb6f19048" testName="Put_CanUpdateModel" computerName="VECTOR" duration="00:00:00.3410000" startTime="2018-07-28T05:24:56.8132396-04:00" endTime="2018-07-28T05:24:56.8132496-04:00" testType="13cdc9d9-ddb5-4fa4-a97d-d965ccfc6d4b" outcome="Passed" testListId="8c84fa94-04c1-424b-9868-57a2d4851a1d" relativeResultsDirectory="e4a39b07-74a8-45a5-8bdd-7762f31531d9" /><UnitTestResult executionId="3eba82fd-e3e4-4047-8225-0f7768095386" testId="2b16e0cf-e7a7-49ba-9899-27a35696b832" testName="Patch_TargetPropertyIsUpdated" computerName="VECTOR" duration="00:00:00.3530000" startTime="2018-07-28T05:24:31.9281020-04:00" endTime="2018-07-28T05:24:31.9281082-04:00" testType="13cdc9d9-ddb5-4fa4-a97d-d965ccfc6d4b" outcome="Passed" testListId="8c84fa94-04c1-424b-9868-57a2d4851a1d" relativeResultsDirectory="3eba82fd-e3e4-4047-8225-0f7768095386" /><UnitTestResult executionId="edd4d7f2-8a12-4da2-a9b8-bf843c23c0c8" testId="83b247e7-c542-409b-b707-02aaa8530628" testName="Patch_ValidReferencePropertyUpdatesModel" computerName="VECTOR" duration="00:00:00.3950000" startTime="2018-07-28T05:24:57.5382533-04:00" endTime="2018-07-28T05:24:57.5382598-04:00" testType="13cdc9d9-ddb5-4fa4-a97d-d965ccfc6d4b" outcome="Passed" testListId="8c84fa94-04c1-424b-9868-57a2d4851a1d" relativeResultsDirectory="edd4d7f2-8a12-4da2-a9b8-bf843c23c0c8" /><UnitTestResult executionId="487f10b8-0d83-4564-88f4-ee9e081c3fc0" testId="3b03994f-d2e7-4b74-bc5c-b9f2d1c2a49a" testName="PostFile_NewFileCanBePosted" computerName="VECTOR" duration="00:00:00.3740000" startTime="2018-07-28T05:24:55.5038067-04:00" endTime="2018-07-28T05:24:55.5038183-04:00" testType="13cdc9d9-ddb5-4fa4-a97d-d965ccfc6d4b" outcome="Passed" testListId="8c84fa94-04c1-424b-9868-57a2d4851a1d" relativeResultsDirectory="487f10b8-0d83-4564-88f4-ee9e081c3fc0" /><UnitTestResult executionId="7b617dc7-f488-48e0-8316-47936a6e0869" testId="0c322ba7-fcf8-4ab7-b998-16652a6c29fd" testName="Post_InvalidPropertyValueReturnsBadRequest" computerName="VECTOR" duration="00:00:00.0160000" startTime="2018-07-28T05:24:25.1944723-04:00" endTime="2018-07-28T05:24:25.1944823-04:00" testType="13cdc9d9-ddb5-4fa4-a97d-d965ccfc6d4b" outcome="Passed" testListId="8c84fa94-04c1-424b-9868-57a2d4851a1d" relativeResultsDirectory="7b617dc7-f488-48e0-8316-47936a6e0869" /><UnitTestResult executionId="b7b59b1d-0fa5-471b-be77-971c9c6769df" testId="214973b4-0c0a-42f7-a262-1c49cac8bef5" testName="GetSingle_InvalidIdPropertyValueReturnsNotFound" computerName="VECTOR" duration="00:00:00.0230000" startTime="2018-07-28T05:24:32.3057557-04:00" endTime="2018-07-28T05:24:32.3057648-04:00" testType="13cdc9d9-ddb5-4fa4-a97d-d965ccfc6d4b" outcome="Passed" testListId="8c84fa94-04c1-424b-9868-57a2d4851a1d" relativeResultsDirectory="b7b59b1d-0fa5-471b-be77-971c9c6769df" /><UnitTestResult executionId="9caaae0e-625a-4e65-984b-c2c64c193c5e" testId="e120a909-84f5-431a-a137-01706f318e1f" testName="GetList_ListReturnsCorrectCount" computerName="VECTOR" duration="00:00:00.0510000" startTime="2018-07-28T05:24:23.7886184-04:00" endTime="2018-07-28T05:24:23.7886270-04:00" testType="13cdc9d9-ddb5-4fa4-a97d-d965ccfc6d4b" outcome="Passed" testListId="8c84fa94-04c1-424b-9868-57a2d4851a1d" relativeResultsDirectory="9caaae0e-625a-4e65-984b-c2c64c193c5e" /><UnitTestResult executionId="b4d07c04-ff14-4f34-b9db-f3bf6ff26b28" testId="09469f57-7834-483f-a1ec-476040d6ca28" testName="FileRequest_MeshGenerateSetsFileIsSynchronized" computerName="VECTOR" duration="00:00:03.3620000" startTime="2018-07-28T05:24:46.9394350-04:00" endTime="2018-07-28T05:24:46.9394419-04:00" testType="13cdc9d9-ddb5-4fa4-a97d-d965ccfc6d4b" outcome="Passed" testListId="8c84fa94-04c1-424b-9868-57a2d4851a1d" relativeResultsDirectory="b4d07c04-ff14-4f34-b9db-f3bf6ff26b28" /><UnitTestResult executionId="cf51bc37-a474-42e0-a29f-de8061218001" testId="5c7c33b3-5040-421e-a309-6b5b890c6ae9" testName="GetSingle_InvalidIdPropertyValueReturnsNotFound" computerName="VECTOR" duration="00:00:00.0160000" startTime="2018-07-28T05:24:23.3885127-04:00" endTime="2018-07-28T05:24:23.3885187-04:00" testType="13cdc9d9-ddb5-4fa4-a97d-d965ccfc6d4b" outcome="Passed" testListId="8c84fa94-04c1-424b-9868-57a2d4851a1d" relativeResultsDirectory="cf51bc37-a474-42e0-a29f-de8061218001" /><UnitTestResult executionId="bfcbd489-fe60-4390-bec3-c8bf7ecf7f4a" testId="dc9fceec-486d-4769-b480-98febb55630d" testName="GetSingle_InvalidIdPropertyValueReturnsNotFound" computerName="VECTOR" duration="00:00:00.0150000" startTime="2018-07-28T05:24:56.4542273-04:00" endTime="2018-07-28T05:24:56.4542332-04:00" testType="13cdc9d9-ddb5-4fa4-a97d-d965ccfc6d4b" outcome="Passed" testListId="8c84fa94-04c1-424b-9868-57a2d4851a1d" relativeResultsDirectory="bfcbd489-fe60-4390-bec3-c8bf7ecf7f4a" /><UnitTestResult executionId="8638b5f9-d981-4a17-89de-38ebcbb4116b" testId="059bf540-c61f-4323-ba8e-bcee9a41f27d" testName="PutFile_FileCanBeUpdated" computerName="VECTOR" duration="00:00:00.5080000" startTime="2018-07-28T05:24:41.5462927-04:00" endTime="2018-07-28T05:24:41.5463046-04:00" testType="13cdc9d9-ddb5-4fa4-a97d-d965ccfc6d4b" outcome="Passed" testListId="8c84fa94-04c1-424b-9868-57a2d4851a1d" relativeResultsDirectory="8638b5f9-d981-4a17-89de-38ebcbb4116b" /><UnitTestResult executionId="8f128a3f-e9f4-4727-a657-f559dc6ca673" testId="c0d18169-771b-4dcc-8a3b-9ae7b089c07a" testName="Patch_ValidReferencePropertyUpdatesModel" computerName="VECTOR" duration="00:00:00.4040000" startTime="2018-07-28T05:24:49.9224408-04:00" endTime="2018-07-28T05:24:49.9224471-04:00" testType="13cdc9d9-ddb5-4fa4-a97d-d965ccfc6d4b" outcome="Passed" testListId="8c84fa94-04c1-424b-9868-57a2d4851a1d" relativeResultsDirectory="8f128a3f-e9f4-4727-a657-f559dc6ca673" /><UnitTestResult executionId="5cf273b1-32c3-4602-a9e7-8c5881efbc5d" testId="0a741704-4749-4624-bb48-d698f209d273" testName="GetFile_ExistingFileReturnsSuccess" computerName="VECTOR" duration="00:00:00.0630000" startTime="2018-07-28T05:24:50.7047328-04:00" endTime="2018-07-28T05:24:50.7047408-04:00" testType="13cdc9d9-ddb5-4fa4-a97d-d965ccfc6d4b" outcome="Passed" testListId="8c84fa94-04c1-424b-9868-57a2d4851a1d" relativeResultsDirectory="5cf273b1-32c3-4602-a9e7-8c5881efbc5d" /><UnitTestResult executionId="99710f4a-ac19-4a99-999d-906b90a69979" testId="d7258162-d22e-4617-a531-6fbf7c6da9a7" testName="Put_CanUpdateModel" computerName="VECTOR" duration="00:00:00.3470000" startTime="2018-07-28T05:24:23.7367162-04:00" endTime="2018-07-28T05:24:23.7367319-04:00" testType="13cdc9d9-ddb5-4fa4-a97d-d965ccfc6d4b" outcome="Passed" testListId="8c84fa94-04c1-424b-9868-57a2d4851a1d" relativeResultsDirectory="99710f4a-ac19-4a99-999d-906b90a69979" /><UnitTestResult executionId="d3040f17-9f83-45ae-a0d4-082de6a51b2a" testId="2f5d0379-18e2-4bf5-8c7b-d5e2e04be0f2" testName="Patch_InvalidPropertyNameReturnsBadRequest" computerName="VECTOR" duration="00:00:00.0250000" startTime="2018-07-28T05:24:29.8027827-04:00" endTime="2018-07-28T05:24:29.8027884-04:00" testType="13cdc9d9-ddb5-4fa4-a97d-d965ccfc6d4b" outcome="Passed" testListId="8c84fa94-04c1-424b-9868-57a2d4851a1d" relativeResultsDirectory="d3040f17-9f83-45ae-a0d4-082de6a51b2a" /><UnitTestResult executionId="89a1220c-ba52-45bc-8f2d-e008a7e23851" testId="9ef6ba69-b2a7-4d1c-bf82-5fafb4519df0" testName="FileRequest_FileCanBeReadAfterRename" computerName="VECTOR" duration="00:00:00.5490000" startTime="2018-07-28T05:24:47.8336602-04:00" endTime="2018-07-28T05:24:47.8336679-04:00" testType="13cdc9d9-ddb5-4fa4-a97d-d965ccfc6d4b" outcome="Passed" testListId="8c84fa94-04c1-424b-9868-57a2d4851a1d" relativeResultsDirectory="89a1220c-ba52-45bc-8f2d-e008a7e23851" /><UnitTestResult executionId="17482fbf-5d71-44cd-8284-dccc4d3ed44d" testId="5491190a-42ac-4850-8f0d-9447958f670c" testName="Patch_InvalidPropertyNameReturnsBadRequest" computerName="VECTOR" duration="00:00:00.0210000" startTime="2018-07-28T05:24:36.3427481-04:00" endTime="2018-07-28T05:24:36.3427532-04:00" testType="13cdc9d9-ddb5-4fa4-a97d-d965ccfc6d4b" outcome="Passed" testListId="8c84fa94-04c1-424b-9868-57a2d4851a1d" relativeResultsDirectory="17482fbf-5d71-44cd-8284-dccc4d3ed44d" /><UnitTestResult executionId="b5df9441-c62a-4081-9ffa-7109586e30ca" testId="cef378bf-610f-4348-94d0-1b88fccab902" testName="GetList_ListReturnsCorrectCount" computerName="VECTOR" duration="00:00:00.0290000" startTime="2018-07-28T05:24:47.9180579-04:00" endTime="2018-07-28T05:24:47.9180635-04:00" testType="13cdc9d9-ddb5-4fa4-a97d-d965ccfc6d4b" outcome="Passed" testListId="8c84fa94-04c1-424b-9868-57a2d4851a1d" relativeResultsDirectory="b5df9441-c62a-4081-9ffa-7109586e30ca" /><UnitTestResult executionId="fc45894a-dcb0-4e8a-8777-b41cb0bb4933" testId="57f3c27e-8599-4db9-af48-23c4018add4b" testName="Patch_InvalidPropertyNameReturnsBadRequest" computerName="VECTOR" duration="00:00:00.1080000" startTime="2018-07-28T05:24:22.1003615-04:00" endTime="2018-07-28T05:24:22.1003680-04:00" testType="13cdc9d9-ddb5-4fa4-a97d-d965ccfc6d4b" outcome="Passed" testListId="8c84fa94-04c1-424b-9868-57a2d4851a1d" relativeResultsDirectory="fc45894a-dcb0-4e8a-8777-b41cb0bb4933" /><UnitTestResult executionId="0e0ce614-5899-41a5-bf29-42afaa35774c" testId="88a80f59-e3fd-4bee-8df6-01ced4be9039" testName="Patch_TargetPropertyIsUpdated" computerName="VECTOR" duration="00:00:00.3760000" startTime="2018-07-28T05:24:48.8439918-04:00" endTime="2018-07-28T05:24:48.8439989-04:00" testType="13cdc9d9-ddb5-4fa4-a97d-d965ccfc6d4b" outcome="Passed" testListId="8c84fa94-04c1-424b-9868-57a2d4851a1d" relativeResultsDirectory="0e0ce614-5899-41a5-bf29-42afaa35774c" /><UnitTestResult executionId="21763530-b752-479e-9e33-a8cf987d83b9" testId="efea79d7-4d27-4a10-a4c1-44438251778f" testName="PostFile_FileIsSynchronizedIsUpdatedAfterFileIsPosted" computerName="VECTOR" duration="00:00:00.3560000" startTime="2018-07-28T05:24:55.1287538-04:00" endTime="2018-07-28T05:24:55.1287661-04:00" testType="13cdc9d9-ddb5-4fa4-a97d-d965ccfc6d4b" outcome="Passed" testListId="8c84fa94-04c1-424b-9868-57a2d4851a1d" relativeResultsDirectory="21763530-b752-479e-9e33-a8cf987d83b9" /><UnitTestResult executionId="2dd4d77a-c215-4187-b9a8-c4cc9b365f13" testId="e803b357-0940-41b9-9bc2-6132aa05bfc5" testName="Put_InvalidReferencePropertyReturndBadRequest" computerName="VECTOR" duration="00:00:00.0590000" startTime="2018-07-28T05:24:47.9965428-04:00" endTime="2018-07-28T05:24:47.9965510-04:00" testType="13cdc9d9-ddb5-4fa4-a97d-d965ccfc6d4b" outcome="Passed" testListId="8c84fa94-04c1-424b-9868-57a2d4851a1d" relativeResultsDirectory="2dd4d77a-c215-4187-b9a8-c4cc9b365f13" /><UnitTestResult executionId="fbc86966-f310-413f-9a47-dbbe295503dc" testId="fbc34b3f-0fd0-4bb3-9b07-fdabdf99c5f8" testName="Delete_TargetModelIsDeleted" computerName="VECTOR" duration="00:00:00.3940000" startTime="2018-07-28T05:24:22.5143307-04:00" endTime="2018-07-28T05:24:22.5143372-04:00" testType="13cdc9d9-ddb5-4fa4-a97d-d965ccfc6d4b" outcome="Passed" testListId="8c84fa94-04c1-424b-9868-57a2d4851a1d" relativeResultsDirectory="fbc86966-f310-413f-9a47-dbbe295503dc" /><UnitTestResult executionId="647203d2-80b6-49a3-b098-ab403b934265" testId="1dbb36fe-f1b5-45c3-a295-36e3afe8c1b6" testName="Patch_TargetPropertyIsUpdated" computerName="VECTOR" duration="00:00:00.4210000" startTime="2018-07-28T05:24:58.3201203-04:00" endTime="2018-07-28T05:24:58.3201325-04:00" testType="13cdc9d9-ddb5-4fa4-a97d-d965ccfc6d4b" outcome="Passed" testListId="8c84fa94-04c1-424b-9868-57a2d4851a1d" relativeResultsDirectory="647203d2-80b6-49a3-b098-ab403b934265" /><UnitTestResult executionId="63747c4a-f508-4c7c-bb11-897169ca3224" testId="27f844de-476b-463e-922a-299dbaaf2c51" testName="Post_ValidReferencePropertyCreatesModel" computerName="VECTOR" duration="00:00:00.1890000" startTime="2018-07-28T05:24:57.0393088-04:00" endTime="2018-07-28T05:24:57.0393168-04:00" testType="13cdc9d9-ddb5-4fa4-a97d-d965ccfc6d4b" outcome="Passed" testListId="8c84fa94-04c1-424b-9868-57a2d4851a1d" relativeResultsDirectory="63747c4a-f508-4c7c-bb11-897169ca3224" /><UnitTestResult executionId="b4ebff64-5be5-4831-9b52-7b0df540a231" testId="b95f3476-6d81-40e9-a73e-9157e3cf9013" testName="Post_InvalidPropertyValueReturnsBadRequest" computerName="VECTOR" duration="00:00:00.0120000" startTime="2018-07-28T05:24:57.1430332-04:00" endTime="2018-07-28T05:24:57.1430372-04:00" testType="13cdc9d9-ddb5-4fa4-a97d-d965ccfc6d4b" outcome="Passed" testListId="8c84fa94-04c1-424b-9868-57a2d4851a1d" relativeResultsDirectory="b4ebff64-5be5-4831-9b52-7b0df540a231" /><UnitTestResult executionId="6fa564cc-b830-4b56-82b4-28706ada830f" testId="1ea6a8e8-8e87-4cc9-946e-2a741e1f3180" testName="Post_CanCreateNewModel" computerName="VECTOR" duration="00:00:00.3830000" startTime="2018-07-28T05:24:23.2629617-04:00" endTime="2018-07-28T05:24:23.2629680-04:00" testType="13cdc9d9-ddb5-4fa4-a97d-d965ccfc6d4b" outcome="Passed" testListId="8c84fa94-04c1-424b-9868-57a2d4851a1d" relativeResultsDirectory="6fa564cc-b830-4b56-82b4-28706ada830f" /><UnitTestResult executionId="255f3b80-85ba-4f2e-b0da-56118df4b88f" testId="a3dee802-ca8e-43ee-b207-c559dc87c961" testName="Patch_ValidReferencePropertyUpdatesModel" computerName="VECTOR" duration="00:00:00.9060000" startTime="2018-07-28T05:24:34.3327298-04:00" endTime="2018-07-28T05:24:34.3327360-04:00" testType="13cdc9d9-ddb5-4fa4-a97d-d965ccfc6d4b" outcome="Passed" testListId="8c84fa94-04c1-424b-9868-57a2d4851a1d" relativeResultsDirectory="255f3b80-85ba-4f2e-b0da-56118df4b88f" /><UnitTestResult executionId="d4237695-703f-48ae-b03e-a44cc6afbd22" testId="c52941be-3bde-414d-8f82-876fc311449f" testName="Post_CanCreateNewModel" computerName="VECTOR" duration="00:00:00.2090000" startTime="2018-07-28T05:24:56.1662702-04:00" endTime="2018-07-28T05:24:56.1662816-04:00" testType="13cdc9d9-ddb5-4fa4-a97d-d965ccfc6d4b" outcome="Passed" testListId="8c84fa94-04c1-424b-9868-57a2d4851a1d" relativeResultsDirectory="d4237695-703f-48ae-b03e-a44cc6afbd22" /><UnitTestResult executionId="0c38c0e7-bdb0-4585-9377-81aa74b020e0" testId="5f933894-03a9-4f02-80e6-3ab7cecbff87" testName="Post_InvalidReferencePropertyReturnsBadRequest" computerName="VECTOR" duration="00:00:00.0200000" startTime="2018-07-28T05:24:49.4611048-04:00" endTime="2018-07-28T05:24:49.4611105-04:00" testType="13cdc9d9-ddb5-4fa4-a97d-d965ccfc6d4b" outcome="Passed" testListId="8c84fa94-04c1-424b-9868-57a2d4851a1d" relativeResultsDirectory="0c38c0e7-bdb0-4585-9377-81aa74b020e0" /><UnitTestResult executionId="8a81709b-1612-4d2d-9257-5a948685f499" testId="cfbc6a09-bea8-4a8d-a02d-7269aeb84cb7" testName="GetList_ListReturnsCorrectCount" computerName="VECTOR" duration="00:00:00.0360000" startTime="2018-07-28T05:24:26.2937187-04:00" endTime="2018-07-28T05:24:26.2937244-04:00" testType="13cdc9d9-ddb5-4fa4-a97d-d965ccfc6d4b" outcome="Passed" testListId="8c84fa94-04c1-424b-9868-57a2d4851a1d" relativeResultsDirectory="8a81709b-1612-4d2d-9257-5a948685f499" /><UnitTestResult executionId="82d1f007-4a58-4b82-bcf2-a70df8d9bc7e" testId="d3d78754-37ee-40f8-8341-a6ac9a9b62c9" testName="GetFile_ExistingFileReturnsSuccess" computerName="VECTOR" duration="00:00:00.1610000" startTime="2018-07-28T05:24:28.1154024-04:00" endTime="2018-07-28T05:24:28.1154098-04:00" testType="13cdc9d9-ddb5-4fa4-a97d-d965ccfc6d4b" outcome="Passed" testListId="8c84fa94-04c1-424b-9868-57a2d4851a1d" relativeResultsDirectory="82d1f007-4a58-4b82-bcf2-a70df8d9bc7e" /><UnitTestResult executionId="2f8c85ac-7c6c-4347-a3a7-be5ba2059b13" testId="19f308e7-8f05-49da-8427-6743e96d69ff" testName="Post_InvalidReferencePropertyReturnsBadRequest" computerName="VECTOR" duration="00:00:00.0090000" startTime="2018-07-28T05:24:22.1198531-04:00" endTime="2018-07-28T05:24:22.1198616-04:00" testType="13cdc9d9-ddb5-4fa4-a97d-d965ccfc6d4b" outcome="Passed" testListId="8c84fa94-04c1-424b-9868-57a2d4851a1d" relativeResultsDirectory="2f8c85ac-7c6c-4347-a3a7-be5ba2059b13" /><UnitTestResult executionId="f6857aed-83ee-4f73-8fa8-1c6aee8f5a64" testId="26edbcdb-bfa8-49e6-a116-4525bd0c128c" testName="Post_CanCreateNewModel" computerName="VECTOR" duration="00:00:00.2240000" startTime="2018-07-28T05:24:36.2823842-04:00" endTime="2018-07-28T05:24:36.2823910-04:00" testType="13cdc9d9-ddb5-4fa4-a97d-d965ccfc6d4b" outcome="Passed" testListId="8c84fa94-04c1-424b-9868-57a2d4851a1d" relativeResultsDirectory="f6857aed-83ee-4f73-8fa8-1c6aee8f5a64" /><UnitTestResult executionId="57b10de7-cb7a-41da-8962-8ab6382bf152" testId="99b7c957-f415-4afc-b48c-5ff043a07ef3" testName="Patch_InvalidReferencePropertyReturnsBadRequest" computerName="VECTOR" duration="00:00:00.0110000" startTime="2018-07-28T05:24:22.8795027-04:00" endTime="2018-07-28T05:24:22.8795096-04:00" testType="13cdc9d9-ddb5-4fa4-a97d-d965ccfc6d4b" outcome="Passed" testListId="8c84fa94-04c1-424b-9868-57a2d4851a1d" relativeResultsDirectory="57b10de7-cb7a-41da-8962-8ab6382bf152" /><UnitTestResult executionId="fec31de7-aa82-474c-b071-8689fb753997" testId="bc6a3a41-e534-43ac-a628-f554dd58cc06" testName="Patch_InvalidReferencePropertyReturnsBadRequest" computerName="VECTOR" duration="00:00:00.0290000" startTime="2018-07-28T05:24:57.5676876-04:00" endTime="2018-07-28T05:24:57.5676984-04:00" testType="13cdc9d9-ddb5-4fa4-a97d-d965ccfc6d4b" outcome="Passed" testListId="8c84fa94-04c1-424b-9868-57a2d4851a1d" relativeResultsDirectory="fec31de7-aa82-474c-b071-8689fb753997" /><UnitTestResult executionId="8375c574-0ca7-43aa-9076-87f5544a57e8" testId="f97b6932-b893-45e4-bae4-a369bc4e5502" testName="Delete_TargetModelIsDeleted" computerName="VECTOR" duration="00:00:00.2600000" startTime="2018-07-28T05:24:26.8489357-04:00" endTime="2018-07-28T05:24:26.8489470-04:00" testType="13cdc9d9-ddb5-4fa4-a97d-d965ccfc6d4b" outcome="Passed" testListId="8c84fa94-04c1-424b-9868-57a2d4851a1d" relativeResultsDirectory="8375c574-0ca7-43aa-9076-87f5544a57e8" /><UnitTestResult executionId="bdbccbed-4a39-4962-81ae-3bfacc5a8fbd" testId="80860d7e-974f-4088-aaf3-2cc8cb1d19af" testName="Put_CanUpdateModel" computerName="VECTOR" duration="00:00:00.4470000" startTime="2018-07-28T05:24:50.6408994-04:00" endTime="2018-07-28T05:24:50.6409071-04:00" testType="13cdc9d9-ddb5-4fa4-a97d-d965ccfc6d4b" outcome="Passed" testListId="8c84fa94-04c1-424b-9868-57a2d4851a1d" relativeResultsDirectory="bdbccbed-4a39-4962-81ae-3bfacc5a8fbd" /><UnitTestResult executionId="7b01385d-d1f0-4339-bcad-f0c10165b4a2" testId="4970f491-a004-461b-a056-04314c5bdf80" testName="GetList_ListReturnsCorrectCount" computerName="VECTOR" duration="00:00:01.0150000" startTime="2018-07-28T05:24:33.3539003-04:00" endTime="2018-07-28T05:24:33.3539057-04:00" testType="13cdc9d9-ddb5-4fa4-a97d-d965ccfc6d4b" outcome="Passed" testListId="8c84fa94-04c1-424b-9868-57a2d4851a1d" relativeResultsDirectory="7b01385d-d1f0-4339-bcad-f0c10165b4a2" /><UnitTestResult executionId="c7ac369b-56bf-4395-84c2-f395143ddb3e" testId="6450d33e-92fe-4162-a6c7-78fbd157f24c" testName="Put_ValidReferencePropertyUpdatesModel" computerName="VECTOR" duration="00:00:00.5130000" startTime="2018-07-28T05:24:49.3575956-04:00" endTime="2018-07-28T05:24:49.3576093-04:00" testType="13cdc9d9-ddb5-4fa4-a97d-d965ccfc6d4b" outcome="Passed" testListId="8c84fa94-04c1-424b-9868-57a2d4851a1d" relativeResultsDirectory="c7ac369b-56bf-4395-84c2-f395143ddb3e" /><UnitTestResult executionId="5871b1ea-219c-4392-8ac3-2eda0e7cd200" testId="3fb1e6cd-2b69-4959-81b4-b7e530e10ea9" testName="Post_InvalidPropertyValueReturnsBadRequest" computerName="VECTOR" duration="00:00:00.0140000" startTime="2018-07-28T05:24:49.5178128-04:00" endTime="2018-07-28T05:24:49.5178171-04:00" testType="13cdc9d9-ddb5-4fa4-a97d-d965ccfc6d4b" outcome="Passed" testListId="8c84fa94-04c1-424b-9868-57a2d4851a1d" relativeResultsDirectory="5871b1ea-219c-4392-8ac3-2eda0e7cd200" /><UnitTestResult executionId="16184937-6881-4c98-8992-2d164df2efc1" testId="60975839-df0b-44b1-b95c-155069a84baf" testName="LucyCameraFindsAllDependents" computerName="VECTOR" duration="00:00:00.0060000" startTime="2018-07-28T05:24:21.3014556-04:00" endTime="2018-07-28T05:24:21.3014582-04:00" testType="13cdc9d9-ddb5-4fa4-a97d-d965ccfc6d4b" outcome="Passed" testListId="8c84fa94-04c1-424b-9868-57a2d4851a1d" relativeResultsDirectory="16184937-6881-4c98-8992-2d164df2efc1" /><UnitTestResult executionId="e5e319ec-17ce-41bd-99dc-4d358660712f" testId="f547bc4e-4e04-47e3-9f6a-30e85c6d4034" testName="DepthBufferHasExpectedDependentFiles" computerName="VECTOR" duration="00:00:00.0010000" startTime="2018-07-28T05:24:21.3050577-04:00" endTime="2018-07-28T05:24:21.3050592-04:00" testType="13cdc9d9-ddb5-4fa4-a97d-d965ccfc6d4b" outcome="Passed" testListId="8c84fa94-04c1-424b-9868-57a2d4851a1d" relativeResultsDirectory="e5e319ec-17ce-41bd-99dc-4d358660712f" /><UnitTestResult executionId="0894c8db-ca47-4d7f-9c27-aa79594406af" testId="80090cc3-6105-45ad-a406-fd8286ae8d0a" testName="Patch_ValidReferencePropertyUpdatesModel" computerName="VECTOR" duration="00:00:00.4120000" startTime="2018-07-28T05:24:31.5750004-04:00" endTime="2018-07-28T05:24:31.5750075-04:00" testType="13cdc9d9-ddb5-4fa4-a97d-d965ccfc6d4b" outcome="Passed" testListId="8c84fa94-04c1-424b-9868-57a2d4851a1d" relativeResultsDirectory="0894c8db-ca47-4d7f-9c27-aa79594406af" /><UnitTestResult executionId="08b767c6-5cbc-4562-bd51-b0aa0cd4ec3f" testId="0366548a-10f2-4b94-8994-672a4e437bfa" testName="Patch_InvalidPropertyNameReturnsBadRequest" computerName="VECTOR" duration="00:00:00.0180000" startTime="2018-07-28T05:24:25.1783417-04:00" endTime="2018-07-28T05:24:25.1783517-04:00" testType="13cdc9d9-ddb5-4fa4-a97d-d965ccfc6d4b" outcome="Passed" testListId="8c84fa94-04c1-424b-9868-57a2d4851a1d" relativeResultsDirectory="08b767c6-5cbc-4562-bd51-b0aa0cd4ec3f" /><UnitTestResult executionId="0d686109-7d05-486a-9c28-30ca8835f2dd" testId="a677be0d-a491-470c-a74a-1e7b758ebba7" testName="MeshTransformHasExpectedDependentFiles" computerName="VECTOR" duration="00:00:00.0010000" startTime="2018-07-28T05:24:21.3018954-04:00" endTime="2018-07-28T05:24:21.3018966-04:00" testType="13cdc9d9-ddb5-4fa4-a97d-d965ccfc6d4b" outcome="Passed" testListId="8c84fa94-04c1-424b-9868-57a2d4851a1d" relativeResultsDirectory="0d686109-7d05-486a-9c28-30ca8835f2dd" /><UnitTestResult executionId="81e75b30-cf24-4012-befe-36eb27679d42" testId="ab04e131-7092-4f35-b1c7-f37a5e3fbc93" testName="GetFile_NonExistentFileReturnsNotFound" computerName="VECTOR" duration="00:00:00.0340000" startTime="2018-07-28T05:24:54.4845049-04:00" endTime="2018-07-28T05:24:54.4845112-04:00" testType="13cdc9d9-ddb5-4fa4-a97d-d965ccfc6d4b" outcome="Passed" testListId="8c84fa94-04c1-424b-9868-57a2d4851a1d" relativeResultsDirectory="81e75b30-cf24-4012-befe-36eb27679d42" /><UnitTestResult executionId="f9159121-a710-47ad-95e8-787288aa6ae9" testId="b956221e-540b-4f6c-a1be-89233f9b1fd9" testName="GetSingle_InvalidIdPropertyValueReturnsNotFound" computerName="VECTOR" duration="00:00:00.0250000" startTime="2018-07-28T05:24:25.1096221-04:00" endTime="2018-07-28T05:24:25.1096278-04:00" testType="13cdc9d9-ddb5-4fa4-a97d-d965ccfc6d4b" outcome="Passed" testListId="8c84fa94-04c1-424b-9868-57a2d4851a1d" relativeResultsDirectory="f9159121-a710-47ad-95e8-787288aa6ae9" /><UnitTestResult executionId="6bc94b7d-21f0-4327-84c4-0b8b911f1b13" testId="33771b26-c3f1-4b67-bacf-d894209a1c7d" testName="Patch_InvalidIdPropertyReturnsNotFound" computerName="VECTOR" duration="00:00:00.0210000" startTime="2018-07-28T05:24:48.2312527-04:00" endTime="2018-07-28T05:24:48.2312592-04:00" testType="13cdc9d9-ddb5-4fa4-a97d-d965ccfc6d4b" outcome="Passed" testListId="8c84fa94-04c1-424b-9868-57a2d4851a1d" relativeResultsDirectory="6bc94b7d-21f0-4327-84c4-0b8b911f1b13" /><UnitTestResult executionId="d20e4d25-92bf-4c1e-8e7a-980dd0c5e29a" testId="3e798371-cdb0-406c-9973-ba3a79f2929c" testName="PutFile_NewFileCanBePut" computerName="VECTOR" duration="00:00:00.2870000" startTime="2018-07-28T05:24:54.7720362-04:00" endTime="2018-07-28T05:24:54.7720430-04:00" testType="13cdc9d9-ddb5-4fa4-a97d-d965ccfc6d4b" outcome="Passed" testListId="8c84fa94-04c1-424b-9868-57a2d4851a1d" relativeResultsDirectory="d20e4d25-92bf-4c1e-8e7a-980dd0c5e29a" /><UnitTestResult executionId="2d1f3c0f-291c-4862-b675-8e8596c1f562" testId="8ab119b5-bd1e-45e6-8826-b17b7ce04479" testName="Patch_ValidReferencePropertyUpdatesModel" computerName="VECTOR" duration="00:00:00.6800000" startTime="2018-07-28T05:24:21.9912779-04:00" endTime="2018-07-28T05:24:21.9912876-04:00" testType="13cdc9d9-ddb5-4fa4-a97d-d965ccfc6d4b" outcome="Passed" testListId="8c84fa94-04c1-424b-9868-57a2d4851a1d" relativeResultsDirectory="2d1f3c0f-291c-4862-b675-8e8596c1f562" /><UnitTestResult executionId="b6ff1389-a418-454d-81d1-2deeb5732c79" testId="01de2c6e-2fdb-4a08-9199-d12f296e3d6b" testName="Put_InvalidReferencePropertyReturndBadRequest" computerName="VECTOR" duration="00:00:00.0420000" startTime="2018-07-28T05:24:26.8916392-04:00" endTime="2018-07-28T05:24:26.8916463-04:00" testType="13cdc9d9-ddb5-4fa4-a97d-d965ccfc6d4b" outcome="Passed" testListId="8c84fa94-04c1-424b-9868-57a2d4851a1d" relativeResultsDirectory="b6ff1389-a418-454d-81d1-2deeb5732c79" /><UnitTestResult executionId="07082087-db4a-4d59-9bf2-bb0b246cbe4a" testId="307cb98f-6cfe-47ec-8f87-2dd8214a1830" testName="Put_InvalidIdReturnsNotFound" computerName="VECTOR" duration="00:00:00.0590000" startTime="2018-07-28T05:24:23.3227217-04:00" endTime="2018-07-28T05:24:23.3227279-04:00" testType="13cdc9d9-ddb5-4fa4-a97d-d965ccfc6d4b" outcome="Passed" testListId="8c84fa94-04c1-424b-9868-57a2d4851a1d" relativeResultsDirectory="07082087-db4a-4d59-9bf2-bb0b246cbe4a" /><UnitTestResult executionId="f0d88024-4694-41d6-9332-a8e513b04b10" testId="303a5c1a-4380-437d-a500-179c558b99a7" testName="Post_InvalidReferencePropertyReturnsBadRequest" computerName="VECTOR" duration="00:00:00.0170000" startTime="2018-07-28T05:24:56.4717911-04:00" endTime="2018-07-28T05:24:56.4717977-04:00" testType="13cdc9d9-ddb5-4fa4-a97d-d965ccfc6d4b" outcome="Passed" testListId="8c84fa94-04c1-424b-9868-57a2d4851a1d" relativeResultsDirectory="f0d88024-4694-41d6-9332-a8e513b04b10" /><UnitTestResult executionId="3e75d25a-6e5b-4731-be26-ea2e782a548c" testId="af586ddb-7353-4761-8411-3d6858e93692" testName="Patch_InvalidEnumPropertyValueReturnsBadRequest" computerName="VECTOR" duration="00:00:00.0300000" startTime="2018-07-28T05:24:35.7049890-04:00" endTime="2018-07-28T05:24:35.7049949-04:00" testType="13cdc9d9-ddb5-4fa4-a97d-d965ccfc6d4b" outcome="Passed" testListId="8c84fa94-04c1-424b-9868-57a2d4851a1d" relativeResultsDirectory="3e75d25a-6e5b-4731-be26-ea2e782a548c" /><UnitTestResult executionId="14e02400-d350-46cd-b5c0-07376f00b438" testId="3c0e14e2-d1ef-4e65-87d9-808d656b6942" testName="Post_CanCreateNewModel" computerName="VECTOR" duration="00:00:00.2140000" startTime="2018-07-28T05:24:26.5271210-04:00" endTime="2018-07-28T05:24:26.5271295-04:00" testType="13cdc9d9-ddb5-4fa4-a97d-d965ccfc6d4b" outcome="Passed" testListId="8c84fa94-04c1-424b-9868-57a2d4851a1d" relativeResultsDirectory="14e02400-d350-46cd-b5c0-07376f00b438" /><UnitTestResult executionId="3b48586a-463f-47fc-9ab3-1a58da75f31f" testId="51def34d-9a2b-426a-b19d-73a37cf7040d" testName="CameraHasExpectedDependentFiles" computerName="VECTOR" duration="00:00:00.0010000" startTime="2018-07-28T05:24:21.3016697-04:00" endTime="2018-07-28T05:24:21.3016711-04:00" testType="13cdc9d9-ddb5-4fa4-a97d-d965ccfc6d4b" outcome="Passed" testListId="8c84fa94-04c1-424b-9868-57a2d4851a1d" relativeResultsDirectory="3b48586a-463f-47fc-9ab3-1a58da75f31f" /><UnitTestResult executionId="c12df74b-8a8d-4032-b7d4-d29178bcad04" testId="903cb1e0-d0fc-4fc1-b562-c6a031228978" testName="PostFile_FileTimeStampIsUpdatedAfterFileIsPosted" computerName="VECTOR" duration="00:00:01.5600000" startTime="2018-07-28T05:24:43.1681282-04:00" endTime="2018-07-28T05:24:43.1681350-04:00" testType="13cdc9d9-ddb5-4fa4-a97d-d965ccfc6d4b" outcome="Passed" testListId="8c84fa94-04c1-424b-9868-57a2d4851a1d" relativeResultsDirectory="c12df74b-8a8d-4032-b7d4-d29178bcad04" /><UnitTestResult executionId="2a4c96d9-97bb-4048-a2d8-b34da0ff8398" testId="0f3c475d-4a47-4ebb-8b12-9b29514e455d" testName="PostFile_FileIsSynchronizedIsUpdatedAfterFileIsPosted" computerName="VECTOR" duration="00:00:00.3440000" startTime="2018-07-28T05:24:47.2837860-04:00" endTime="2018-07-28T05:24:47.2837928-04:00" testType="13cdc9d9-ddb5-4fa4-a97d-d965ccfc6d4b" outcome="Passed" testListId="8c84fa94-04c1-424b-9868-57a2d4851a1d" relativeResultsDirectory="2a4c96d9-97bb-4048-a2d8-b34da0ff8398" /><UnitTestResult executionId="56fffc92-2a5b-47ef-a8f9-ff01ee5f6001" testId="9cbb989e-0f81-4b8c-a180-bb899a69490b" testName="FileRequest_FileCanBeReadAfterRename" computerName="VECTOR" duration="00:00:00.5510000" startTime="2018-07-28T05:24:28.6663751-04:00" endTime="2018-07-28T05:24:28.6663810-04:00" testType="13cdc9d9-ddb5-4fa4-a97d-d965ccfc6d4b" outcome="Passed" testListId="8c84fa94-04c1-424b-9868-57a2d4851a1d" relativeResultsDirectory="56fffc92-2a5b-47ef-a8f9-ff01ee5f6001" /><UnitTestResult executionId="4aa502e2-04f6-4a82-b414-e9ee8ae1ccbc" testId="79d90d04-38da-43d5-9097-78968c020e3b" testName="Post_InvalidReferencePropertyReturnsBadRequest" computerName="VECTOR" duration="00:00:00.0150000" startTime="2018-07-28T05:24:32.3377305-04:00" endTime="2018-07-28T05:24:32.3377368-04:00" testType="13cdc9d9-ddb5-4fa4-a97d-d965ccfc6d4b" outcome="Passed" testListId="8c84fa94-04c1-424b-9868-57a2d4851a1d" relativeResultsDirectory="4aa502e2-04f6-4a82-b414-e9ee8ae1ccbc" /><UnitTestResult executionId="3eb2584a-bfe9-471d-a706-f74b7ee2eddf" testId="403fbb10-c3a6-4599-839e-ec964f70eef4" testName="LucyDepthBufferFindsOneDependent" computerName="VECTOR" duration="00:00:00.0030000" startTime="2018-07-28T05:24:21.3048442-04:00" endTime="2018-07-28T05:24:21.3048468-04:00" testType="13cdc9d9-ddb5-4fa4-a97d-d965ccfc6d4b" outcome="Passed" testListId="8c84fa94-04c1-424b-9868-57a2d4851a1d" relativeResultsDirectory="3eb2584a-bfe9-471d-a706-f74b7ee2eddf" /><UnitTestResult executionId="3401eebb-d811-49ad-8c73-427c545635e9" testId="19a3da4c-285f-49d8-b5c7-ffab8f17c610" testName="PostFile_FileIsSynchronizedIsUpdatedAfterFileIsPosted" computerName="VECTOR" duration="00:00:00.0130000" startTime="2018-07-28T05:24:29.5731468-04:00" endTime="2018-07-28T05:24:29.5731525-04:00" testType="13cdc9d9-ddb5-4fa4-a97d-d965ccfc6d4b" outcome="Passed" testListId="8c84fa94-04c1-424b-9868-57a2d4851a1d" relativeResultsDirectory="3401eebb-d811-49ad-8c73-427c545635e9" /><UnitTestResult executionId="00da5398-cf4e-45b0-92bb-054382b3368d" testId="608da681-4918-44f5-a569-e40f58f038a8" testName="Delete_TargetModelIsDeleted" computerName="VECTOR" duration="00:00:00.1990000" startTime="2018-07-28T05:24:36.9099875-04:00" endTime="2018-07-28T05:24:36.9099937-04:00" testType="13cdc9d9-ddb5-4fa4-a97d-d965ccfc6d4b" outcome="Passed" testListId="8c84fa94-04c1-424b-9868-57a2d4851a1d" relativeResultsDirectory="00da5398-cf4e-45b0-92bb-054382b3368d" /><UnitTestResult executionId="6d238a81-b525-4f2d-bcd7-f2a3f8a02c9d" testId="5ccf38bc-d1f0-4775-b47a-25ee02a0a820" testName="Put_CanUpdateModel" computerName="VECTOR" duration="00:00:00.7830000" startTime="2018-07-28T05:24:35.1159493-04:00" endTime="2018-07-28T05:24:35.1159561-04:00" testType="13cdc9d9-ddb5-4fa4-a97d-d965ccfc6d4b" outcome="Passed" testListId="8c84fa94-04c1-424b-9868-57a2d4851a1d" relativeResultsDirectory="6d238a81-b525-4f2d-bcd7-f2a3f8a02c9d" /><UnitTestResult executionId="df03b0cd-7aa1-4ded-b93a-a2ecb90a706d" testId="85476b2f-2287-4625-803e-c1ea9b4aa750" testName="FileRequest_FileCanBeReadAfterRename" computerName="VECTOR" duration="00:00:00.5390000" startTime="2018-07-28T05:24:53.2561351-04:00" endTime="2018-07-28T05:24:53.2561422-04:00" testType="13cdc9d9-ddb5-4fa4-a97d-d965ccfc6d4b" outcome="Passed" testListId="8c84fa94-04c1-424b-9868-57a2d4851a1d" relativeResultsDirectory="df03b0cd-7aa1-4ded-b93a-a2ecb90a706d" /><UnitTestResult executionId="997cab33-399c-499e-b54c-3c66d22be77c" testId="caebdf0d-ec95-44ac-a601-9660564fe28c" testName="GetList_ListReturnsCorrectCount" computerName="VECTOR" duration="00:00:00.0220000" startTime="2018-07-28T05:24:56.4268187-04:00" endTime="2018-07-28T05:24:56.4268261-04:00" testType="13cdc9d9-ddb5-4fa4-a97d-d965ccfc6d4b" outcome="Passed" testListId="8c84fa94-04c1-424b-9868-57a2d4851a1d" relativeResultsDirectory="997cab33-399c-499e-b54c-3c66d22be77c" /><UnitTestResult executionId="1641c18e-1ce0-4dd1-90b4-3fed52732313" testId="b0031206-a12d-4012-b50a-9443a2532c7f" testName="PostFile_FileTimeStampIsUpdatedAfterFileIsPosted" computerName="VECTOR" duration="00:00:00.0200000" startTime="2018-07-28T05:24:26.9125113-04:00" endTime="2018-07-28T05:24:26.9125167-04:00" testType="13cdc9d9-ddb5-4fa4-a97d-d965ccfc6d4b" outcome="Passed" testListId="8c84fa94-04c1-424b-9868-57a2d4851a1d" relativeResultsDirectory="1641c18e-1ce0-4dd1-90b4-3fed52732313" /><UnitTestResult executionId="ea9345c9-2e07-43fe-a4ab-d58c27d2b92e" testId="d74a61ce-c08e-4c78-8159-586511c36fca" testName="Put_InvalidReferencePropertyReturndBadRequest" computerName="VECTOR" duration="00:00:00.0360000" startTime="2018-07-28T05:24:56.8496415-04:00" endTime="2018-07-28T05:24:56.8496489-04:00" testType="13cdc9d9-ddb5-4fa4-a97d-d965ccfc6d4b" outcome="Passed" testListId="8c84fa94-04c1-424b-9868-57a2d4851a1d" relativeResultsDirectory="ea9345c9-2e07-43fe-a4ab-d58c27d2b92e" /><UnitTestResult executionId="5b7c275d-4de6-4aaa-bfef-7a7635c67e89" testId="24d35fb4-5580-4cf0-901d-da82ddcc425c" testName="FileRequest_DepthBufferIsInvalidatedAfterCameraDependencyPropertyChange" computerName="VECTOR" duration="00:00:01.1940000" startTime="2018-07-28T05:24:54.4501561-04:00" endTime="2018-07-28T05:24:54.4501626-04:00" testType="13cdc9d9-ddb5-4fa4-a97d-d965ccfc6d4b" outcome="Passed" testListId="8c84fa94-04c1-424b-9868-57a2d4851a1d" relativeResultsDirectory="5b7c275d-4de6-4aaa-bfef-7a7635c67e89" /><UnitTestResult executionId="30a1ffad-1de0-4759-b5f4-b9f27a16474a" testId="9c53506b-08a8-43b1-816b-0e08b1614500" testName="Post_ValidReferencePropertyCreatesModel" computerName="VECTOR" duration="00:00:00.2150000" startTime="2018-07-28T05:24:31.0781848-04:00" endTime="2018-07-28T05:24:31.0781965-04:00" testType="13cdc9d9-ddb5-4fa4-a97d-d965ccfc6d4b" outcome="Passed" testListId="8c84fa94-04c1-424b-9868-57a2d4851a1d" relativeResultsDirectory="30a1ffad-1de0-4759-b5f4-b9f27a16474a" /><UnitTestResult executionId="74d5789e-358a-4dc2-8bf8-0c37cf624b98" testId="35dea6b6-5536-441a-baf3-be857547f6d2" testName="Post_InvalidReferencePropertyReturnsBadRequest" computerName="VECTOR" duration="00:00:00.0260000" startTime="2018-07-28T05:24:36.4126708-04:00" endTime="2018-07-28T05:24:36.4126802-04:00" testType="13cdc9d9-ddb5-4fa4-a97d-d965ccfc6d4b" outcome="Passed" testListId="8c84fa94-04c1-424b-9868-57a2d4851a1d" relativeResultsDirectory="74d5789e-358a-4dc2-8bf8-0c37cf624b98" /><UnitTestResult executionId="92b3a567-4977-46d6-a05e-5b757d96ec4f" testId="d67a00e3-e09a-4434-9cee-5322c0f210c5" testName="Patch_InvalidEnumPropertyValueReturnsBadRequest" computerName="VECTOR" duration="00:00:00.0090000" startTime="2018-07-28T05:24:31.1626302-04:00" endTime="2018-07-28T05:24:31.1626356-04:00" testType="13cdc9d9-ddb5-4fa4-a97d-d965ccfc6d4b" outcome="Passed" testListId="8c84fa94-04c1-424b-9868-57a2d4851a1d" relativeResultsDirectory="92b3a567-4977-46d6-a05e-5b757d96ec4f" /><UnitTestResult executionId="3478f60d-0f6a-4db5-91af-bd7e95c465b4" testId="2cb40362-b1a1-482b-b9a5-09c6adcc6180" testName="Put_ValidReferencePropertyUpdatesModel" computerName="VECTOR" duration="00:00:00.5580000" startTime="2018-07-28T05:24:35.6742607-04:00" endTime="2018-07-28T05:24:35.6742661-04:00" testType="13cdc9d9-ddb5-4fa4-a97d-d965ccfc6d4b" outcome="Passed" testListId="8c84fa94-04c1-424b-9868-57a2d4851a1d" relativeResultsDirectory="3478f60d-0f6a-4db5-91af-bd7e95c465b4" /><UnitTestResult executionId="b109e961-76cb-4e66-b09b-8185581b946a" testId="d48424a4-6fe9-491b-a3f2-fa4449973dbd" testName="GetFile_NonExistentFileReturnsNotFound" computerName="VECTOR" duration="00:00:00.0270000" startTime="2018-07-28T05:24:37.0425124-04:00" endTime="2018-07-28T05:24:37.0425186-04:00" testType="13cdc9d9-ddb5-4fa4-a97d-d965ccfc6d4b" outcome="Passed" testListId="8c84fa94-04c1-424b-9868-57a2d4851a1d" relativeResultsDirectory="b109e961-76cb-4e66-b09b-8185581b946a" /><UnitTestResult executionId="fde62065-7d91-4f5f-95b0-221c120a2fc3" testId="0dfa3071-411d-4e83-b717-9be2888dc0c2" testName="Put_ValidReferencePropertyUpdatesModel" computerName="VECTOR" duration="00:00:00.3290000" startTime="2018-07-28T05:24:57.8977714-04:00" endTime="2018-07-28T05:24:57.8977782-04:00" testType="13cdc9d9-ddb5-4fa4-a97d-d965ccfc6d4b" outcome="Passed" testListId="8c84fa94-04c1-424b-9868-57a2d4851a1d" relativeResultsDirectory="fde62065-7d91-4f5f-95b0-221c120a2fc3" /><UnitTestResult executionId="fe2b7637-5453-4ac6-9c9f-a629ace58bab" testId="f5280928-dbfe-40e6-bd4c-524a798a6a35" testName="GetSingle_ValidIdPropertyValueReturnsCorrectModel" computerName="VECTOR" duration="00:00:00.0170000" startTime="2018-07-28T05:24:32.3227712-04:00" endTime="2018-07-28T05:24:32.3227780-04:00" testType="13cdc9d9-ddb5-4fa4-a97d-d965ccfc6d4b" outcome="Passed" testListId="8c84fa94-04c1-424b-9868-57a2d4851a1d" relativeResultsDirectory="fe2b7637-5453-4ac6-9c9f-a629ace58bab" /><UnitTestResult executionId="d5d97292-adc9-45d5-b076-fcd153a44aed" testId="c6f62b12-b9b8-445b-846b-3cafeae05575" testName="Put_InvalidReferencePropertyReturndBadRequest" computerName="VECTOR" duration="00:00:00.0420000" startTime="2018-07-28T05:24:36.9933801-04:00" endTime="2018-07-28T05:24:36.9933855-04:00" testType="13cdc9d9-ddb5-4fa4-a97d-d965ccfc6d4b" outcome="Passed" testListId="8c84fa94-04c1-424b-9868-57a2d4851a1d" relativeResultsDirectory="d5d97292-adc9-45d5-b076-fcd153a44aed" /><UnitTestResult executionId="abbcade9-80a1-42c4-9d87-4e5d5a6f88a9" testId="9f22e93b-e7ea-4c11-a51c-758b8af41d4c" testName="Patch_TargetPropertyIsUpdated" computerName="VECTOR" duration="00:00:00.3520000" startTime="2018-07-28T05:24:36.0575815-04:00" endTime="2018-07-28T05:24:36.0575877-04:00" testType="13cdc9d9-ddb5-4fa4-a97d-d965ccfc6d4b" outcome="Passed" testListId="8c84fa94-04c1-424b-9868-57a2d4851a1d" relativeResultsDirectory="abbcade9-80a1-42c4-9d87-4e5d5a6f88a9" /><UnitTestResult executionId="5f2d3724-ffd9-47a1-95f2-6019e19e5631" testId="28b052bb-8fed-421d-9084-362c79be01ae" testName="Patch_InvalidPropertyNameReturnsBadRequest" computerName="VECTOR" duration="00:00:00.0170000" startTime="2018-07-28T05:24:57.1310796-04:00" endTime="2018-07-28T05:24:57.1310841-04:00" testType="13cdc9d9-ddb5-4fa4-a97d-d965ccfc6d4b" outcome="Passed" testListId="8c84fa94-04c1-424b-9868-57a2d4851a1d" relativeResultsDirectory="5f2d3724-ffd9-47a1-95f2-6019e19e5631" /><UnitTestResult executionId="b2a7bac6-15d6-4091-840c-fe5fa864f902" testId="b1f52276-1007-4c98-8315-4feace7d3d7c" testName="Patch_InvalidIdPropertyReturnsNotFound" computerName="VECTOR" duration="00:00:00.0150000" startTime="2018-07-28T05:24:31.1531717-04:00" endTime="2018-07-28T05:24:31.1531774-04:00" testType="13cdc9d9-ddb5-4fa4-a97d-d965ccfc6d4b" outcome="Passed" testListId="8c84fa94-04c1-424b-9868-57a2d4851a1d" relativeResultsDirectory="b2a7bac6-15d6-4091-840c-fe5fa864f902" /><UnitTestResult executionId="ab9219fd-133b-4980-873c-fc85fc620939" testId="f152425e-14dd-48bf-b1c5-a7580301b4f9" testName="Put_ValidReferencePropertyUpdatesModel" computerName="VECTOR" duration="00:00:00.5030000" startTime="2018-07-28T05:24:26.0038669-04:00" endTime="2018-07-28T05:24:26.0038737-04:00" testType="13cdc9d9-ddb5-4fa4-a97d-d965ccfc6d4b" outcome="Passed" testListId="8c84fa94-04c1-424b-9868-57a2d4851a1d" relativeResultsDirectory="ab9219fd-133b-4980-873c-fc85fc620939" /><UnitTestResult executionId="99b3ec24-ac9b-4604-86bc-a05e851001f5" testId="825c81aa-d373-4c70-9f61-9c4a4bb015f7" testName="PutFile_NewFileCanBePut" computerName="VECTOR" duration="00:00:00.3880000" startTime="2018-07-28T05:24:37.4310727-04:00" endTime="2018-07-28T05:24:37.4310892-04:00" testType="13cdc9d9-ddb5-4fa4-a97d-d965ccfc6d4b" outcome="Passed" testListId="8c84fa94-04c1-424b-9868-57a2d4851a1d" relativeResultsDirectory="99b3ec24-ac9b-4604-86bc-a05e851001f5" /><UnitTestResult executionId="c7185299-b640-4e14-bb9c-50f67b326e8c" testId="802fcb96-d888-480b-a63c-e40ad261222a" testName="Patch_InvalidIdPropertyReturnsNotFound" computerName="VECTOR" duration="00:00:00.0210000" startTime="2018-07-28T05:24:57.1138053-04:00" endTime="2018-07-28T05:24:57.1138104-04:00" testType="13cdc9d9-ddb5-4fa4-a97d-d965ccfc6d4b" outcome="Passed" testListId="8c84fa94-04c1-424b-9868-57a2d4851a1d" relativeResultsDirectory="c7185299-b640-4e14-bb9c-50f67b326e8c" /><UnitTestResult executionId="6f3c2dbe-89ee-4c66-a972-7ac4ff396017" testId="5f708f6e-2893-4f26-9cf9-de1f3ac3a5f5" testName="Patch_InvalidEnumPropertyValueReturnsBadRequest" computerName="VECTOR" duration="00:00:00.0120000" startTime="2018-07-28T05:24:56.4388045-04:00" endTime="2018-07-28T05:24:56.4388133-04:00" testType="13cdc9d9-ddb5-4fa4-a97d-d965ccfc6d4b" outcome="Passed" testListId="8c84fa94-04c1-424b-9868-57a2d4851a1d" relativeResultsDirectory="6f3c2dbe-89ee-4c66-a972-7ac4ff396017" /><UnitTestResult executionId="4d7fadb2-01e1-4fc1-8a7f-d44bdffcdbf9" testId="bfec7798-72b2-4d8b-ad06-74f3884c0112" testName="GetSingle_ValidIdPropertyValueReturnsCorrectModel" computerName="VECTOR" duration="00:00:00.0250000" startTime="2018-07-28T05:24:55.9564583-04:00" endTime="2018-07-28T05:24:55.9564639-04:00" testType="13cdc9d9-ddb5-4fa4-a97d-d965ccfc6d4b" outcome="Passed" testListId="8c84fa94-04c1-424b-9868-57a2d4851a1d" relativeResultsDirectory="4d7fadb2-01e1-4fc1-8a7f-d44bdffcdbf9" /><UnitTestResult executionId="47d69fb7-0acc-4f5d-89b7-29e620e4adeb" testId="f708746f-505c-4378-9036-93d8b7490a2c" testName="PostFile_NewFileCanBePosted" computerName="VECTOR" duration="00:00:00.4080000" startTime="2018-07-28T05:24:43.5769382-04:00" endTime="2018-07-28T05:24:43.5769502-04:00" testType="13cdc9d9-ddb5-4fa4-a97d-d965ccfc6d4b" outcome="Passed" testListId="8c84fa94-04c1-424b-9868-57a2d4851a1d" relativeResultsDirectory="47d69fb7-0acc-4f5d-89b7-29e620e4adeb" /><UnitTestResult executionId="17e5a14f-2e03-46a2-99b7-d1bbd5efa483" testId="2e866c9e-25fc-4d16-b61d-da79d0a418fb" testName="GetSingle_InvalidIdPropertyValueReturnsNotFound" computerName="VECTOR" duration="00:00:00.0210000" startTime="2018-07-28T05:24:36.3858086-04:00" endTime="2018-07-28T05:24:36.3858154-04:00" testType="13cdc9d9-ddb5-4fa4-a97d-d965ccfc6d4b" outcome="Passed" testListId="8c84fa94-04c1-424b-9868-57a2d4851a1d" relativeResultsDirectory="17e5a14f-2e03-46a2-99b7-d1bbd5efa483" /><UnitTestResult executionId="0e9153c5-fc42-40e3-ad9f-5d91252ef0b3" testId="dfaee535-67b5-4828-ab77-d6737c4cd7a6" testName="Put_InvalidIdReturnsNotFound" computerName="VECTOR" duration="00:00:00.0500000" startTime="2018-07-28T05:24:25.1596564-04:00" endTime="2018-07-28T05:24:25.1596632-04:00" testType="13cdc9d9-ddb5-4fa4-a97d-d965ccfc6d4b" outcome="Passed" testListId="8c84fa94-04c1-424b-9868-57a2d4851a1d" relativeResultsDirectory="0e9153c5-fc42-40e3-ad9f-5d91252ef0b3" /><UnitTestResult executionId="510b6ac1-8545-4b4b-b57f-fdc20cf43b94" testId="ffe1779a-4fd4-48e1-aa65-45f37c3b8e47" testName="Patch_InvalidIdPropertyReturnsNotFound" computerName="VECTOR" duration="00:00:00.0200000" startTime="2018-07-28T05:24:26.0246327-04:00" endTime="2018-07-28T05:24:26.0246387-04:00" testType="13cdc9d9-ddb5-4fa4-a97d-d965ccfc6d4b" outcome="Passed" testListId="8c84fa94-04c1-424b-9868-57a2d4851a1d" relativeResultsDirectory="510b6ac1-8545-4b4b-b57f-fdc20cf43b94" /><UnitTestResult executionId="76f06c3e-715a-458c-8259-3ac07d4421cc" testId="260b240f-8cf6-4a59-989d-8fdbf34f1168" testName="GetSingle_ValidIdPropertyValueReturnsCorrectModel" computerName="VECTOR" duration="00:00:00.0290000" startTime="2018-07-28T05:24:23.3522487-04:00" endTime="2018-07-28T05:24:23.3522552-04:00" testType="13cdc9d9-ddb5-4fa4-a97d-d965ccfc6d4b" outcome="Passed" testListId="8c84fa94-04c1-424b-9868-57a2d4851a1d" relativeResultsDirectory="76f06c3e-715a-458c-8259-3ac07d4421cc" /><UnitTestResult executionId="5d05d990-7d41-4345-a677-9775b480717b" testId="00916608-8581-406a-b02e-62486c2771d4" testName="Put_ValidReferencePropertyUpdatesModel" computerName="VECTOR" duration="00:00:00.4010000" startTime="2018-07-28T05:24:30.8372890-04:00" endTime="2018-07-28T05:24:30.8373026-04:00" testType="13cdc9d9-ddb5-4fa4-a97d-d965ccfc6d4b" outcome="Passed" testListId="8c84fa94-04c1-424b-9868-57a2d4851a1d" relativeResultsDirectory="5d05d990-7d41-4345-a677-9775b480717b" /><UnitTestResult executionId="559d5d8c-6ba4-4ace-a47f-369fc573ff0b" testId="c96a4adb-1da0-4863-94cc-623d752300cf" testName="Patch_InvalidReferencePropertyReturnsBadRequest" computerName="VECTOR" duration="00:00:00.0590000" startTime="2018-07-28T05:24:49.4167860-04:00" endTime="2018-07-28T05:24:49.4167920-04:00" testType="13cdc9d9-ddb5-4fa4-a97d-d965ccfc6d4b" outcome="Passed" testListId="8c84fa94-04c1-424b-9868-57a2d4851a1d" relativeResultsDirectory="559d5d8c-6ba4-4ace-a47f-369fc573ff0b" /><UnitTestResult executionId="3a832ecd-80bc-4149-9fc5-937b1afbe296" testId="b786186f-af8a-403d-be7a-7d36c41ac3db" testName="Put_CanUpdateModel" computerName="VECTOR" duration="00:00:00.3540000" startTime="2018-07-28T05:24:32.2825258-04:00" endTime="2018-07-28T05:24:32.2825323-04:00" testType="13cdc9d9-ddb5-4fa4-a97d-d965ccfc6d4b" outcome="Passed" testListId="8c84fa94-04c1-424b-9868-57a2d4851a1d" relativeResultsDirectory="3a832ecd-80bc-4149-9fc5-937b1afbe296" /><UnitTestResult executionId="ced9b194-273d-49be-8234-98ee0597ecee" testId="6ce9f5ae-1383-45f0-a2a1-c027e4faf00d" testName="Patch_ValidReferencePropertyUpdatesModel" computerName="VECTOR" duration="00:00:00.2880000" startTime="2018-07-28T05:24:25.5007646-04:00" endTime="2018-07-28T05:24:25.5007723-04:00" testType="13cdc9d9-ddb5-4fa4-a97d-d965ccfc6d4b" outcome="Passed" testListId="8c84fa94-04c1-424b-9868-57a2d4851a1d" relativeResultsDirectory="ced9b194-273d-49be-8234-98ee0597ecee" /><UnitTestResult executionId="5e2279ad-ac26-446e-ad4b-4d9423639415" testId="adbc0176-db23-42d6-b58d-014d99b6037a" testName="Patch_InvalidPropertyNameReturnsBadRequest" computerName="VECTOR" duration="00:00:00.0190000" startTime="2018-07-28T05:24:47.9369942-04:00" endTime="2018-07-28T05:24:47.9370033-04:00" testType="13cdc9d9-ddb5-4fa4-a97d-d965ccfc6d4b" outcome="Passed" testListId="8c84fa94-04c1-424b-9868-57a2d4851a1d" relativeResultsDirectory="5e2279ad-ac26-446e-ad4b-4d9423639415" /><UnitTestResult executionId="e9c8badd-ded4-4086-a9a2-16e06e49f66b" testId="84d29dbd-be7f-4717-a04b-d1e36a3b7bdd" testName="PutFile_FileCanBeUpdated" computerName="VECTOR" duration="00:00:00.5330000" startTime="2018-07-28T05:24:27.9536604-04:00" endTime="2018-07-28T05:24:27.9536672-04:00" testType="13cdc9d9-ddb5-4fa4-a97d-d965ccfc6d4b" outcome="Passed" testListId="8c84fa94-04c1-424b-9868-57a2d4851a1d" relativeResultsDirectory="e9c8badd-ded4-4086-a9a2-16e06e49f66b" /><UnitTestResult executionId="699ac286-6147-4369-b337-59ea05018bae" testId="3a4a8621-5e92-4735-9f3e-ccf4426d0aac" testName="Patch_InvalidReferencePropertyReturnsBadRequest" computerName="VECTOR" duration="00:00:00.0380000" startTime="2018-07-28T05:24:36.3212469-04:00" endTime="2018-07-28T05:24:36.3212529-04:00" testType="13cdc9d9-ddb5-4fa4-a97d-d965ccfc6d4b" outcome="Passed" testListId="8c84fa94-04c1-424b-9868-57a2d4851a1d" relativeResultsDirectory="699ac286-6147-4369-b337-59ea05018bae" /><UnitTestResult executionId="2c79f8b4-d1ad-4db6-ae3f-ac397c7c331c" testId="40d853ee-64b6-4974-b329-05d6d39898e3" testName="GetFile_FileCanBeRoundTripped" computerName="VECTOR" duration="00:00:00.4260000" startTime="2018-07-28T05:24:55.9302642-04:00" endTime="2018-07-28T05:24:55.9302708-04:00" testType="13cdc9d9-ddb5-4fa4-a97d-d965ccfc6d4b" outcome="Passed" testListId="8c84fa94-04c1-424b-9868-57a2d4851a1d" relativeResultsDirectory="2c79f8b4-d1ad-4db6-ae3f-ac397c7c331c" /><UnitTestResult executionId="e0dbcf30-6a4b-4c3e-baaa-586022661118" testId="1263287d-2683-4998-8b3e-1b929b24bb7d" testName="Post_InvalidPropertyValueReturnsBadRequest" computerName="VECTOR" duration="00:00:00.0210000" startTime="2018-07-28T05:24:37.0150763-04:00" endTime="2018-07-28T05:24:37.0150828-04:00" testType="13cdc9d9-ddb5-4fa4-a97d-d965ccfc6d4b" outcome="Passed" testListId="8c84fa94-04c1-424b-9868-57a2d4851a1d" relativeResultsDirectory="e0dbcf30-6a4b-4c3e-baaa-586022661118" /><UnitTestResult executionId="b97caf47-6458-4b05-a810-786d00dba3ec" testId="b73f16fa-4dc8-4285-8833-5fdec8191cb7" testName="Put_InvalidIdReturnsNotFound" computerName="VECTOR" duration="00:00:00.0720000" startTime="2018-07-28T05:24:33.4260395-04:00" endTime="2018-07-28T05:24:33.4260458-04:00" testType="13cdc9d9-ddb5-4fa4-a97d-d965ccfc6d4b" outcome="Passed" testListId="8c84fa94-04c1-424b-9868-57a2d4851a1d" relativeResultsDirectory="b97caf47-6458-4b05-a810-786d00dba3ec" /><UnitTestResult executionId="d8a90655-ee9d-42a1-a191-d5adf56ddbc6" testId="1e665d0a-7b57-4bc3-b3e6-aa78be8372cd" testName="Patch_MultipleInvalidReferencePropertiesReturnsMultipleValidationErrorsAndBadRequest" computerName="VECTOR" duration="00:00:00.0140000" startTime="2018-07-28T05:24:23.8032156-04:00" endTime="2018-07-28T05:24:23.8032205-04:00" testType="13cdc9d9-ddb5-4fa4-a97d-d965ccfc6d4b" outcome="Passed" testListId="8c84fa94-04c1-424b-9868-57a2d4851a1d" relativeResultsDirectory="d8a90655-ee9d-42a1-a191-d5adf56ddbc6" /><UnitTestResult executionId="3ce7abda-70c2-42b0-b896-9efe594ce3df" testId="78b8cf5a-981c-4c04-9487-62e4dce602d0" testName="Put_InvalidIdReturnsNotFound" computerName="VECTOR" duration="00:00:00.0230000" startTime="2018-07-28T05:24:49.5030561-04:00" endTime="2018-07-28T05:24:49.5030613-04:00" testType="13cdc9d9-ddb5-4fa4-a97d-d965ccfc6d4b" outcome="Passed" testListId="8c84fa94-04c1-424b-9868-57a2d4851a1d" relativeResultsDirectory="3ce7abda-70c2-42b0-b896-9efe594ce3df" /><UnitTestResult executionId="a51fabfd-f1f9-42b6-a021-6ed41dfefc1e" testId="92ea83f1-e69d-4c74-a6ca-2abcffe5dbb5" testName="Model3dHasExpectedDependentFiles" computerName="VECTOR" duration="00:00:00.0280000" startTime="2018-07-28T05:24:20.9325506-04:00" endTime="2018-07-28T05:24:20.9325583-04:00" testType="13cdc9d9-ddb5-4fa4-a97d-d965ccfc6d4b" outcome="Passed" testListId="8c84fa94-04c1-424b-9868-57a2d4851a1d" relativeResultsDirectory="a51fabfd-f1f9-42b6-a021-6ed41dfefc1e" /><UnitTestResult executionId="c1c2065b-fb61-4034-89e2-12e769139b51" testId="9a624fa2-636b-4e33-b96d-136dda5bf0e2" testName="PostFile_NewFileCanBePosted" computerName="VECTOR" duration="00:00:00.3190000" startTime="2018-07-28T05:24:28.9867288-04:00" endTime="2018-07-28T05:24:28.9867402-04:00" testType="13cdc9d9-ddb5-4fa4-a97d-d965ccfc6d4b" outcome="Passed" testListId="8c84fa94-04c1-424b-9868-57a2d4851a1d" relativeResultsDirectory="c1c2065b-fb61-4034-89e2-12e769139b51" /><UnitTestResult executionId="c86d3e00-f0ba-421f-937d-370c3a29f1a2" testId="a74b55cc-e0a5-49a2-9561-c4a54d8bf933" testName="GetFile_ExistingFileReturnsSuccess" computerName="VECTOR" duration="00:00:00.0610000" startTime="2018-07-28T05:24:41.6081703-04:00" endTime="2018-07-28T05:24:41.6081786-04:00" testType="13cdc9d9-ddb5-4fa4-a97d-d965ccfc6d4b" outcome="Passed" testListId="8c84fa94-04c1-424b-9868-57a2d4851a1d" relativeResultsDirectory="c86d3e00-f0ba-421f-937d-370c3a29f1a2" /><UnitTestResult executionId="344620a7-0f1f-4209-a2b1-13e9765b8aba" testId="ba247cfd-085c-4312-b3b3-8bb15c55dbc8" testName="Patch_InvalidReferencePropertyReturnsBadRequest" computerName="VECTOR" duration="00:00:00.0390000" startTime="2018-07-28T05:24:30.4096554-04:00" endTime="2018-07-28T05:24:30.4096631-04:00" testType="13cdc9d9-ddb5-4fa4-a97d-d965ccfc6d4b" outcome="Passed" testListId="8c84fa94-04c1-424b-9868-57a2d4851a1d" relativeResultsDirectory="344620a7-0f1f-4209-a2b1-13e9765b8aba" /><UnitTestResult executionId="0ed655e1-51c0-4ffc-bf5e-5a988a468020" testId="5d5304a8-3fe2-46e9-a1ab-ef01490b7ca2" testName="Post_InvalidReferencePropertyReturnsBadRequest" computerName="VECTOR" duration="00:00:00.3230000" startTime="2018-07-28T05:24:24.1779862-04:00" endTime="2018-07-28T05:24:24.1779936-04:00" testType="13cdc9d9-ddb5-4fa4-a97d-d965ccfc6d4b" outcome="Passed" testListId="8c84fa94-04c1-424b-9868-57a2d4851a1d" relativeResultsDirectory="0ed655e1-51c0-4ffc-bf5e-5a988a468020" /><UnitTestResult executionId="616ce5d4-d5ac-401a-ad2e-c70dceff68dd" testId="f6d390c0-6716-49a5-8af8-8865cb5e4437" testName="Patch_MultipleInvalidReferencePropertiesReturnsMultipleValidationErrorsAndBadRequest" computerName="VECTOR" duration="00:00:00.0490000" startTime="2018-07-28T05:24:30.1674476-04:00" endTime="2018-07-28T05:24:30.1674542-04:00" testType="13cdc9d9-ddb5-4fa4-a97d-d965ccfc6d4b" outcome="Passed" testListId="8c84fa94-04c1-424b-9868-57a2d4851a1d" relativeResultsDirectory="616ce5d4-d5ac-401a-ad2e-c70dceff68dd" /><UnitTestResult executionId="f28c343d-afe0-4aef-accb-b8c2979542b0" testId="2ca159c1-4419-4670-bc85-d70806578ecd" testName="GetSingle_ValidIdPropertyValueReturnsCorrectModel" computerName="VECTOR" duration="00:00:00.0180000" startTime="2018-07-28T05:24:25.2123677-04:00" endTime="2018-07-28T05:24:25.2123766-04:00" testType="13cdc9d9-ddb5-4fa4-a97d-d965ccfc6d4b" outcome="Passed" testListId="8c84fa94-04c1-424b-9868-57a2d4851a1d" relativeResultsDirectory="f28c343d-afe0-4aef-accb-b8c2979542b0" /><UnitTestResult executionId="2678b72f-2409-49f6-ad62-d88936f5b0e6" testId="f74b1ec6-3515-4321-8988-961dc6372068" testName="GetFile_NonExistentFileReturnsNotFound" computerName="VECTOR" duration="00:00:00.0240000" startTime="2018-07-28T05:24:29.5604211-04:00" endTime="2018-07-28T05:24:29.5604271-04:00" testType="13cdc9d9-ddb5-4fa4-a97d-d965ccfc6d4b" outcome="Passed" testListId="8c84fa94-04c1-424b-9868-57a2d4851a1d" relativeResultsDirectory="2678b72f-2409-49f6-ad62-d88936f5b0e6" /><UnitTestResult executionId="dc1f0a40-b7d8-4426-a685-ea9368c0a16a" testId="738ffe5d-3325-45e9-bc16-f4c1f92a8466" testName="PutFile_NewFileCanBePut" computerName="VECTOR" duration="00:00:00.5070000" startTime="2018-07-28T05:24:27.4200168-04:00" endTime="2018-07-28T05:24:27.4200231-04:00" testType="13cdc9d9-ddb5-4fa4-a97d-d965ccfc6d4b" outcome="Passed" testListId="8c84fa94-04c1-424b-9868-57a2d4851a1d" relativeResultsDirectory="dc1f0a40-b7d8-4426-a685-ea9368c0a16a" /><UnitTestResult executionId="8c231053-339b-44c7-9222-7fef1e1de9d4" testId="6010e61e-88b1-4cd1-a0dc-f92d19523ca2" testName="Patch_MultipleInvalidReferencePropertiesReturnsMultipleValidationErrorsAndBadRequest" computerName="VECTOR" duration="00:00:00.0530000" startTime="2018-07-28T05:24:57.0926368-04:00" endTime="2018-07-28T05:24:57.0926430-04:00" testType="13cdc9d9-ddb5-4fa4-a97d-d965ccfc6d4b" outcome="Passed" testListId="8c84fa94-04c1-424b-9868-57a2d4851a1d" relativeResultsDirectory="8c231053-339b-44c7-9222-7fef1e1de9d4" /><UnitTestResult executionId="d1fdbccf-12d9-4df7-b42e-74272b899a34" testId="8b0b8c05-6a3c-469f-9c08-a01df1b1efcd" testName="Patch_InvalidIdPropertyReturnsNotFound" computerName="VECTOR" duration="00:00:00.0210000" startTime="2018-07-28T05:24:36.3641227-04:00" endTime="2018-07-28T05:24:36.3641281-04:00" testType="13cdc9d9-ddb5-4fa4-a97d-d965ccfc6d4b" outcome="Passed" testListId="8c84fa94-04c1-424b-9868-57a2d4851a1d" relativeResultsDirectory="d1fdbccf-12d9-4df7-b42e-74272b899a34" /><UnitTestResult executionId="d1714718-f39c-4d1a-a546-0647562fea8b" testId="7617af95-71b4-4bf8-91de-5f369f5d2457" testName="Put_InvalidReferencePropertyReturndBadRequest" computerName="VECTOR" duration="00:00:00.0590000" startTime="2018-07-28T05:24:31.1374514-04:00" endTime="2018-07-28T05:24:31.1374585-04:00" testType="13cdc9d9-ddb5-4fa4-a97d-d965ccfc6d4b" outcome="Passed" testListId="8c84fa94-04c1-424b-9868-57a2d4851a1d" relativeResultsDirectory="d1714718-f39c-4d1a-a546-0647562fea8b" /><UnitTestResult executionId="b73dfab1-d27f-42dc-8acd-2a878c78bd13" testId="07ba45c0-cc63-440c-b970-c06f6fadb314" testName="GetList_ListReturnsCorrectCount" computerName="VECTOR" duration="00:00:00.0250000" startTime="2018-07-28T05:24:30.4351137-04:00" endTime="2018-07-28T05:24:30.4351189-04:00" testType="13cdc9d9-ddb5-4fa4-a97d-d965ccfc6d4b" outcome="Passed" testListId="8c84fa94-04c1-424b-9868-57a2d4851a1d" relativeResultsDirectory="b73dfab1-d27f-42dc-8acd-2a878c78bd13" /><UnitTestResult executionId="5f1e7e66-7330-4d17-8227-f5f6e30730a6" testId="270123df-4a3c-486d-a7b4-e80ac4455029" testName="Patch_InvalidIdPropertyReturnsNotFound" computerName="VECTOR" duration="00:00:00.0190000" startTime="2018-07-28T05:24:23.8333595-04:00" endTime="2018-07-28T05:24:23.8333657-04:00" testType="13cdc9d9-ddb5-4fa4-a97d-d965ccfc6d4b" outcome="Passed" testListId="8c84fa94-04c1-424b-9868-57a2d4851a1d" relativeResultsDirectory="5f1e7e66-7330-4d17-8227-f5f6e30730a6" /><UnitTestResult executionId="4793a4ba-7cd8-46ba-b9e6-143e6d3f99d3" testId="87187232-11be-47ae-aa8e-433e1707d0b4" testName="Patch_MultipleInvalidReferencePropertiesReturnsMultipleValidationErrorsAndBadRequest" computerName="VECTOR" duration="00:00:00.0530000" startTime="2018-07-28T05:24:26.2570211-04:00" endTime="2018-07-28T05:24:26.2570277-04:00" testType="13cdc9d9-ddb5-4fa4-a97d-d965ccfc6d4b" outcome="Passed" testListId="8c84fa94-04c1-424b-9868-57a2d4851a1d" relativeResultsDirectory="4793a4ba-7cd8-46ba-b9e6-143e6d3f99d3" /><UnitTestResult executionId="89838a9a-a9f6-4057-9387-fe10658c4be4" testId="b13d7e7b-e9c2-4be4-90ae-9b935c6aadda" testName="Patch_InvalidEnumPropertyValueReturnsBadRequest" computerName="VECTOR" duration="00:00:00.0540000" startTime="2018-07-28T05:24:47.8889974-04:00" endTime="2018-07-28T05:24:47.8890034-04:00" testType="13cdc9d9-ddb5-4fa4-a97d-d965ccfc6d4b" outcome="Passed" testListId="8c84fa94-04c1-424b-9868-57a2d4851a1d" relativeResultsDirectory="89838a9a-a9f6-4057-9387-fe10658c4be4" /><UnitTestResult executionId="cbd7ac5a-a1e9-460b-b5e8-f2bf69e8522b" testId="b8e4f911-cf2a-4bff-9129-bdb7635d3149" testName="GetSingle_InvalidIdPropertyValueReturnsNotFound" computerName="VECTOR" duration="00:00:00.0270000" startTime="2018-07-28T05:24:49.9501413-04:00" endTime="2018-07-28T05:24:49.9501467-04:00" testType="13cdc9d9-ddb5-4fa4-a97d-d965ccfc6d4b" outcome="Passed" testListId="8c84fa94-04c1-424b-9868-57a2d4851a1d" relativeResultsDirectory="cbd7ac5a-a1e9-460b-b5e8-f2bf69e8522b" /><UnitTestResult executionId="fcba50ae-dc1d-438f-a70f-c35c5b9d297f" testId="ae2c31d3-08a1-4a0b-9314-29f89812d57f" testName="Delete_TargetModelIsDeleted" computerName="VECTOR" duration="00:00:00.3150000" startTime="2018-07-28T05:24:30.1177804-04:00" endTime="2018-07-28T05:24:30.1177863-04:00" testType="13cdc9d9-ddb5-4fa4-a97d-d965ccfc6d4b" outcome="Passed" testListId="8c84fa94-04c1-424b-9868-57a2d4851a1d" relativeResultsDirectory="fcba50ae-dc1d-438f-a70f-c35c5b9d297f" /><UnitTestResult executionId="10d2c087-ccd6-4b84-9d29-e67b9a350d0f" testId="d1cec7ba-7994-4197-bf10-28b30f5a479e" testName="Post_CanCreateNewModel" computerName="VECTOR" duration="00:00:00.2350000" startTime="2018-07-28T05:24:48.4671158-04:00" endTime="2018-07-28T05:24:48.4671201-04:00" testType="13cdc9d9-ddb5-4fa4-a97d-d965ccfc6d4b" outcome="Passed" testListId="8c84fa94-04c1-424b-9868-57a2d4851a1d" relativeResultsDirectory="10d2c087-ccd6-4b84-9d29-e67b9a350d0f" /><UnitTestResult executionId="b2b52f38-bb5a-4faf-b35c-f70c271fb9e4" testId="45912ae4-57b8-4875-a92f-99d1c7513b11" testName="Patch_InvalidEnumPropertyValueReturnsBadRequest" computerName="VECTOR" duration="00:00:00.0200000" startTime="2018-07-28T05:24:23.3726456-04:00" endTime="2018-07-28T05:24:23.3726499-04:00" testType="13cdc9d9-ddb5-4fa4-a97d-d965ccfc6d4b" outcome="Passed" testListId="8c84fa94-04c1-424b-9868-57a2d4851a1d" relativeResultsDirectory="b2b52f38-bb5a-4faf-b35c-f70c271fb9e4" /><UnitTestResult executionId="827b0360-d4b6-4fd2-acb7-f8d454661279" testId="9e38d80b-ea4f-4df6-a5d1-59644d2e65e5" testName="Post_CanCreateNewModel" computerName="VECTOR" duration="00:00:00.2020000" startTime="2018-07-28T05:24:30.3698051-04:00" endTime="2018-07-28T05:24:30.3698119-04:00" testType="13cdc9d9-ddb5-4fa4-a97d-d965ccfc6d4b" outcome="Passed" testListId="8c84fa94-04c1-424b-9868-57a2d4851a1d" relativeResultsDirectory="827b0360-d4b6-4fd2-acb7-f8d454661279" /><UnitTestResult executionId="43f9010e-84c4-4c09-9f73-6b1e25da30bd" testId="a5fbcc9e-cb64-4755-81a6-8d839e45b989" testName="Put_InvalidReferencePropertyReturndBadRequest" computerName="VECTOR" duration="00:00:00.0110000" startTime="2018-07-28T05:24:23.8141348-04:00" endTime="2018-07-28T05:24:23.8141399-04:00" testType="13cdc9d9-ddb5-4fa4-a97d-d965ccfc6d4b" outcome="Passed" testListId="8c84fa94-04c1-424b-9868-57a2d4851a1d" relativeResultsDirectory="43f9010e-84c4-4c09-9f73-6b1e25da30bd" /><UnitTestResult executionId="804b63c4-86ab-4ac1-b143-bb46ecd9e45c" testId="7b890943-244f-4378-93c8-8a3015ab61c5" testName="Post_InvalidPropertyValueReturnsBadRequest" computerName="VECTOR" duration="00:00:00.0240000" startTime="2018-07-28T05:24:30.8617066-04:00" endTime="2018-07-28T05:24:30.8617149-04:00" testType="13cdc9d9-ddb5-4fa4-a97d-d965ccfc6d4b" outcome="Passed" testListId="8c84fa94-04c1-424b-9868-57a2d4851a1d" relativeResultsDirectory="804b63c4-86ab-4ac1-b143-bb46ecd9e45c" /><UnitTestResult executionId="ea0f2e7b-f3c0-4630-85ad-89cf565c4bb7" testId="ece0a483-860e-429d-9eb7-11220b309161" testName="Delete_TargetModelIsDeleted" computerName="VECTOR" duration="00:00:00.2130000" startTime="2018-07-28T05:24:48.2097822-04:00" endTime="2018-07-28T05:24:48.2097899-04:00" testType="13cdc9d9-ddb5-4fa4-a97d-d965ccfc6d4b" outcome="Passed" testListId="8c84fa94-04c1-424b-9868-57a2d4851a1d" relativeResultsDirectory="ea0f2e7b-f3c0-4630-85ad-89cf565c4bb7" /><UnitTestResult executionId="bdeecd7b-e9fd-4f09-ac6d-e95716ebd550" testId="fe171292-ac4a-448f-bf26-542e1f489e92" testName="GetSingle_ValidIdPropertyValueReturnsCorrectModel" computerName="VECTOR" duration="00:00:00.0410000" startTime="2018-07-28T05:24:36.9513247-04:00" endTime="2018-07-28T05:24:36.9513304-04:00" testType="13cdc9d9-ddb5-4fa4-a97d-d965ccfc6d4b" outcome="Passed" testListId="8c84fa94-04c1-424b-9868-57a2d4851a1d" relativeResultsDirectory="bdeecd7b-e9fd-4f09-ac6d-e95716ebd550" /><UnitTestResult executionId="5ae1dd4d-e6f1-48c2-afef-58a8c45ba402" testId="90096a9e-d014-4e49-93af-728ba7d4fe89" testName="FileRequest_MeshIsInvalidatedAfterDepthBufferFileBecomesUnsynchronized" computerName="VECTOR" duration="00:00:03.2170000" startTime="2018-07-28T05:24:40.6483276-04:00" endTime="2018-07-28T05:24:40.6483338-04:00" testType="13cdc9d9-ddb5-4fa4-a97d-d965ccfc6d4b" outcome="Passed" testListId="8c84fa94-04c1-424b-9868-57a2d4851a1d" relativeResultsDirectory="5ae1dd4d-e6f1-48c2-afef-58a8c45ba402" /><UnitTestResult executionId="8cfa8a48-1ce3-4ec9-9223-5d049df90dce" testId="a790d332-a318-4445-ab7b-1032531ea71d" testName="Post_ValidReferencePropertyCreatesModel" computerName="VECTOR" duration="00:00:00.2420000" startTime="2018-07-28T05:24:50.1933500-04:00" endTime="2018-07-28T05:24:50.1933642-04:00" testType="13cdc9d9-ddb5-4fa4-a97d-d965ccfc6d4b" outcome="Passed" testListId="8c84fa94-04c1-424b-9868-57a2d4851a1d" relativeResultsDirectory="8cfa8a48-1ce3-4ec9-9223-5d049df90dce" /><UnitTestResult executionId="299c61d5-1abb-4719-8843-f01812df36aa" testId="300dd17f-6bde-4133-9887-91226bb58654" testName="Patch_TargetPropertyIsUpdated" computerName="VECTOR" duration="00:00:00.5230000" startTime="2018-07-28T05:24:24.7019017-04:00" endTime="2018-07-28T05:24:24.7019082-04:00" testType="13cdc9d9-ddb5-4fa4-a97d-d965ccfc6d4b" outcome="Passed" testListId="8c84fa94-04c1-424b-9868-57a2d4851a1d" relativeResultsDirectory="299c61d5-1abb-4719-8843-f01812df36aa" /><UnitTestResult executionId="80941971-c510-470c-aff7-60eb5ce8b7b3" testId="462cad6c-45c5-44d5-8808-9fc9c4e51969" testName="Put_CanUpdateModel" computerName="VECTOR" duration="00:00:00.3820000" startTime="2018-07-28T05:24:25.0843751-04:00" endTime="2018-07-28T05:24:25.0843816-04:00" testType="13cdc9d9-ddb5-4fa4-a97d-d965ccfc6d4b" outcome="Passed" testListId="8c84fa94-04c1-424b-9868-57a2d4851a1d" relativeResultsDirectory="80941971-c510-470c-aff7-60eb5ce8b7b3" /><UnitTestResult executionId="488b43da-b642-4e93-8185-20cc9c9caf63" testId="b547da52-7455-4e45-8bd2-25774cad4627" testName="Patch_MultipleInvalidReferencePropertiesReturnsMultipleValidationErrorsAndBadRequest" computerName="VECTOR" duration="00:00:00.0230000" startTime="2018-07-28T05:24:49.4404499-04:00" endTime="2018-07-28T05:24:49.4404556-04:00" testType="13cdc9d9-ddb5-4fa4-a97d-d965ccfc6d4b" outcome="Passed" testListId="8c84fa94-04c1-424b-9868-57a2d4851a1d" relativeResultsDirectory="488b43da-b642-4e93-8185-20cc9c9caf63" /><UnitTestResult executionId="1f6deb61-77e2-420f-8101-ce1b5c03c658" testId="a77696ac-b3d5-4e1c-8bd6-b659e80c744d" testName="PostFile_FileTimeStampIsUpdatedAfterFileIsPosted" computerName="VECTOR" duration="00:00:01.4750000" startTime="2018-07-28T05:24:52.1806308-04:00" endTime="2018-07-28T05:24:52.1806399-04:00" testType="13cdc9d9-ddb5-4fa4-a97d-d965ccfc6d4b" outcome="Passed" testListId="8c84fa94-04c1-424b-9868-57a2d4851a1d" relativeResultsDirectory="1f6deb61-77e2-420f-8101-ce1b5c03c658" /><UnitTestResult executionId="f5382bbc-ccd9-4950-93c8-e09065a2d8f0" testId="cbf7c42d-84e9-4415-a05b-a9443bdea1f4" testName="Post_InvalidPropertyValueReturnsBadRequest" computerName="VECTOR" duration="00:00:00.0200000" startTime="2018-07-28T05:24:23.8536726-04:00" endTime="2018-07-28T05:24:23.8536780-04:00" testType="13cdc9d9-ddb5-4fa4-a97d-d965ccfc6d4b" outcome="Passed" testListId="8c84fa94-04c1-424b-9868-57a2d4851a1d" relativeResultsDirectory="f5382bbc-ccd9-4950-93c8-e09065a2d8f0" /><UnitTestResult executionId="4550d533-a4d5-4ef4-ab24-aee0e61cde69" testId="3bc2aa67-25b7-48fe-987a-59317cea54b4" testName="Post_ValidReferencePropertyCreatesModel" computerName="VECTOR" duration="00:00:00.0100000" startTime="2018-07-28T05:24:22.1142351-04:00" endTime="2018-07-28T05:24:22.1142374-04:00" testType="13cdc9d9-ddb5-4fa4-a97d-d965ccfc6d4b" outcome="Passed" testListId="8c84fa94-04c1-424b-9868-57a2d4851a1d" relativeResultsDirectory="4550d533-a4d5-4ef4-ab24-aee0e61cde69" /><UnitTestResult executionId="d4f4ec4e-44ec-4717-8ef9-822783ab08d0" testId="f2e2c058-4ce8-4891-89bb-dee02fa19cfb" testName="Patch_InvalidEnumPropertyValueReturnsBadRequest" computerName="VECTOR" duration="00:00:00.0180000" startTime="2018-07-28T05:24:26.3123583-04:00" endTime="2018-07-28T05:24:26.3123637-04:00" testType="13cdc9d9-ddb5-4fa4-a97d-d965ccfc6d4b" outcome="Passed" testListId="8c84fa94-04c1-424b-9868-57a2d4851a1d" relativeResultsDirectory="d4f4ec4e-44ec-4717-8ef9-822783ab08d0" /><UnitTestResult executionId="505ae2f1-48e7-4322-9c21-dd9561883dcc" testId="1d9730c0-daf4-40e3-a8ec-8cefaa0411b9" testName="Put_ValidReferencePropertyUpdatesModel" computerName="VECTOR" duration="00:00:00.0180000" startTime="2018-07-28T05:24:22.8682558-04:00" endTime="2018-07-28T05:24:22.8682618-04:00" testType="13cdc9d9-ddb5-4fa4-a97d-d965ccfc6d4b" outcome="Passed" testListId="8c84fa94-04c1-424b-9868-57a2d4851a1d" relativeResultsDirectory="505ae2f1-48e7-4322-9c21-dd9561883dcc" /><UnitTestResult executionId="58cc4dfb-7191-4c8d-b2bc-6faad4f1ff20" testId="877eafc6-ee1a-41a6-b8ec-114653fded67" testName="Patch_InvalidReferencePropertyReturnsBadRequest" computerName="VECTOR" duration="00:00:00.0600000" startTime="2018-07-28T05:24:26.5876618-04:00" endTime="2018-07-28T05:24:26.5876681-04:00" testType="13cdc9d9-ddb5-4fa4-a97d-d965ccfc6d4b" outcome="Passed" testListId="8c84fa94-04c1-424b-9868-57a2d4851a1d" relativeResultsDirectory="58cc4dfb-7191-4c8d-b2bc-6faad4f1ff20" /><UnitTestResult executionId="78fe5fe0-043c-4470-8444-cd282faef31c" testId="a7e81bee-b8c0-4a76-b1f1-362ba75825a5" testName="LucyModel3dHasTwoDependents" computerName="VECTOR" duration="00:00:00.3650000" startTime="2018-07-28T05:24:21.2950196-04:00" endTime="2018-07-28T05:24:21.2950258-04:00" testType="13cdc9d9-ddb5-4fa4-a97d-d965ccfc6d4b" outcome="Passed" testListId="8c84fa94-04c1-424b-9868-57a2d4851a1d" relativeResultsDirectory="78fe5fe0-043c-4470-8444-cd282faef31c" /><UnitTestResult executionId="719bde32-6e72-4d09-844c-7004a3275c7f" testId="ea78ea9c-b1e6-4cd4-93be-9d6becd41016" testName="Put_InvalidIdReturnsNotFound" computerName="VECTOR" duration="00:00:00.0500000" startTime="2018-07-28T05:24:56.2169091-04:00" endTime="2018-07-28T05:24:56.2169171-04:00" testType="13cdc9d9-ddb5-4fa4-a97d-d965ccfc6d4b" outcome="Passed" testListId="8c84fa94-04c1-424b-9868-57a2d4851a1d" relativeResultsDirectory="719bde32-6e72-4d09-844c-7004a3275c7f" /><UnitTestResult executionId="3cfac9f7-f67e-4609-a53d-c02f7a1b7d12" testId="3fc73b58-1e35-48f5-b0f6-845cf22d67ad" testName="Patch_MultipleInvalidReferencePropertiesReturnsMultipleValidationErrorsAndBadRequest" computerName="VECTOR" duration="00:00:00.0390000" startTime="2018-07-28T05:24:36.4525397-04:00" endTime="2018-07-28T05:24:36.4525460-04:00" testType="13cdc9d9-ddb5-4fa4-a97d-d965ccfc6d4b" outcome="Passed" testListId="8c84fa94-04c1-424b-9868-57a2d4851a1d" relativeResultsDirectory="3cfac9f7-f67e-4609-a53d-c02f7a1b7d12" /><UnitTestResult executionId="6307d2ad-8acc-4ef3-8a82-169d2d57f531" testId="14ff4baa-f1a2-45e1-96e9-f2fb290fcb77" testName="Post_ValidReferencePropertyCreatesModel" computerName="VECTOR" duration="00:00:00.1790000" startTime="2018-07-28T05:24:26.2036793-04:00" endTime="2018-07-28T05:24:26.2036867-04:00" testType="13cdc9d9-ddb5-4fa4-a97d-d965ccfc6d4b" outcome="Passed" testListId="8c84fa94-04c1-424b-9868-57a2d4851a1d" relativeResultsDirectory="6307d2ad-8acc-4ef3-8a82-169d2d57f531" /></Results><TestDefinitions><UnitTest name="Put_CanUpdateModel" storage="d:\users\steve knipmeyer\documents\github\modelrelief\modelrelief.test\bin\debug\netcoreapp2.0\modelrelief.test.dll" id="d7258162-d22e-4617-a531-6fbf7c6da9a7"><Execution id="99710f4a-ac19-4a99-999d-906b90a69979" /><TestMethod codeBase="D:\Users\Steve Knipmeyer\Documents\GitHub\ModelRelief\ModelRelief.test\bin\Debug\netcoreapp2.0\ModelRelief.Test.dll" adapterTypeName="executor://xunit/VsTestRunner2/netcoreapp" className="ModelRelief.Test.Integration.Projects.ProjectsBaseIntegrationTests" name="Put_CanUpdateModel" /></UnitTest><UnitTest name="GetSingle_ValidIdPropertyValueReturnsCorrectModel" storage="d:\users\steve knipmeyer\documents\github\modelrelief\modelrelief.test\bin\debug\netcoreapp2.0\modelrelief.test.dll" id="bfec7798-72b2-4d8b-ad06-74f3884c0112"><Execution id="4d7fadb2-01e1-4fc1-8a7f-d44bdffcdbf9" /><TestMethod codeBase="D:\Users\Steve Knipmeyer\Documents\GitHub\ModelRelief\ModelRelief.test\bin\Debug\netcoreapp2.0\ModelRelief.Test.dll" adapterTypeName="executor://xunit/VsTestRunner2/netcoreapp" className="ModelRelief.Test.Integration.Cameras.CamerasBaseIntegrationTests" name="GetSingle_ValidIdPropertyValueReturnsCorrectModel" /></UnitTest><UnitTest name="Patch_InvalidPropertyNameReturnsBadRequest" storage="d:\users\steve knipmeyer\documents\github\modelrelief\modelrelief.test\bin\debug\netcoreapp2.0\modelrelief.test.dll" id="57f3c27e-8599-4db9-af48-23c4018add4b"><Execution id="fc45894a-dcb0-4e8a-8777-b41cb0bb4933" /><TestMethod codeBase="D:\Users\Steve Knipmeyer\Documents\GitHub\ModelRelief\ModelRelief.test\bin\Debug\netcoreapp2.0\ModelRelief.Test.dll" adapterTypeName="executor://xunit/VsTestRunner2/netcoreapp" className="ModelRelief.Test.Integration.Projects.ProjectsBaseIntegrationTests" name="Patch_InvalidPropertyNameReturnsBadRequest" /></UnitTest><UnitTest name="Post_ValidReferencePropertyCreatesModel" storage="d:\users\steve knipmeyer\documents\github\modelrelief\modelrelief.test\bin\debug\netcoreapp2.0\modelrelief.test.dll" id="ac0683ba-5bc3-4445-a2b3-f418e17c34a9"><Execution id="bc10e8dd-a040-46a6-97b6-6e232cfe78ce" /><TestMethod codeBase="D:\Users\Steve Knipmeyer\Documents\GitHub\ModelRelief\ModelRelief.test\bin\Debug\netcoreapp2.0\ModelRelief.Test.dll" adapterTypeName="executor://xunit/VsTestRunner2/netcoreapp" className="ModelRelief.Test.Integration.Meshes.MeshesBaseIntegrationTests" name="Post_ValidReferencePropertyCreatesModel" /></UnitTest><UnitTest name="Put_InvalidIdReturnsNotFound" storage="d:\users\steve knipmeyer\documents\github\modelrelief\modelrelief.test\bin\debug\netcoreapp2.0\modelrelief.test.dll" id="307cb98f-6cfe-47ec-8f87-2dd8214a1830"><Execution id="07082087-db4a-4d59-9bf2-bb0b246cbe4a" /><TestMethod codeBase="D:\Users\Steve Knipmeyer\Documents\GitHub\ModelRelief\ModelRelief.test\bin\Debug\netcoreapp2.0\ModelRelief.Test.dll" adapterTypeName="executor://xunit/VsTestRunner2/netcoreapp" className="ModelRelief.Test.Integration.Projects.ProjectsBaseIntegrationTests" name="Put_InvalidIdReturnsNotFound" /></UnitTest><UnitTest name="PostFile_FileIsSynchronizedIsUpdatedAfterFileIsPosted" storage="d:\users\steve knipmeyer\documents\github\modelrelief\modelrelief.test\bin\debug\netcoreapp2.0\modelrelief.test.dll" id="efea79d7-4d27-4a10-a4c1-44438251778f"><Execution id="21763530-b752-479e-9e33-a8cf987d83b9" /><TestMethod codeBase="D:\Users\Steve Knipmeyer\Documents\GitHub\ModelRelief\ModelRelief.test\bin\Debug\netcoreapp2.0\ModelRelief.Test.dll" adapterTypeName="executor://xunit/VsTestRunner2/netcoreapp" className="ModelRelief.Test.Integration.DepthBuffers.DepthBuffersFileIntegrationTests" name="PostFile_FileIsSynchronizedIsUpdatedAfterFileIsPosted" /></UnitTest><UnitTest name="Patch_InvalidIdPropertyReturnsNotFound" storage="d:\users\steve knipmeyer\documents\github\modelrelief\modelrelief.test\bin\debug\netcoreapp2.0\modelrelief.test.dll" id="270123df-4a3c-486d-a7b4-e80ac4455029"><Execution id="5f1e7e66-7330-4d17-8227-f5f6e30730a6" /><TestMethod codeBase="D:\Users\Steve Knipmeyer\Documents\GitHub\ModelRelief\ModelRelief.test\bin\Debug\netcoreapp2.0\ModelRelief.Test.dll" adapterTypeName="executor://xunit/VsTestRunner2/netcoreapp" className="ModelRelief.Test.Integration.Projects.ProjectsBaseIntegrationTests" name="Patch_InvalidIdPropertyReturnsNotFound" /></UnitTest><UnitTest name="Post_InvalidReferencePropertyReturnsBadRequest" storage="d:\users\steve knipmeyer\documents\github\modelrelief\modelrelief.test\bin\debug\netcoreapp2.0\modelrelief.test.dll" id="19f308e7-8f05-49da-8427-6743e96d69ff"><Execution id="2f8c85ac-7c6c-4347-a3a7-be5ba2059b13" /><TestMethod codeBase="D:\Users\Steve Knipmeyer\Documents\GitHub\ModelRelief\ModelRelief.test\bin\Debug\netcoreapp2.0\ModelRelief.Test.dll" adapterTypeName="executor://xunit/VsTestRunner2/netcoreapp" className="ModelRelief.Test.Integration.Projects.ProjectsBaseIntegrationTests" name="Post_InvalidReferencePropertyReturnsBadRequest" /></UnitTest><UnitTest name="Post_ValidReferencePropertyCreatesModel" storage="d:\users\steve knipmeyer\documents\github\modelrelief\modelrelief.test\bin\debug\netcoreapp2.0\modelrelief.test.dll" id="14ff4baa-f1a2-45e1-96e9-f2fb290fcb77"><Execution id="6307d2ad-8acc-4ef3-8a82-169d2d57f531" /><TestMethod codeBase="D:\Users\Steve Knipmeyer\Documents\GitHub\ModelRelief\ModelRelief.test\bin\Debug\netcoreapp2.0\ModelRelief.Test.dll" adapterTypeName="executor://xunit/VsTestRunner2/netcoreapp" className="ModelRelief.Test.Integration.Models.ModelsBaseIntegrationTests" name="Post_ValidReferencePropertyCreatesModel" /></UnitTest><UnitTest name="GetList_ListReturnsCorrectCount" storage="d:\users\steve knipmeyer\documents\github\modelrelief\modelrelief.test\bin\debug\netcoreapp2.0\modelrelief.test.dll" id="e120a909-84f5-431a-a137-01706f318e1f"><Execution id="9caaae0e-625a-4e65-984b-c2c64c193c5e" /><TestMethod codeBase="D:\Users\Steve Knipmeyer\Documents\GitHub\ModelRelief\ModelRelief.test\bin\Debug\netcoreapp2.0\ModelRelief.Test.dll" adapterTypeName="executor://xunit/VsTestRunner2/netcoreapp" className="ModelRelief.Test.Integration.Projects.ProjectsBaseIntegrationTests" name="GetList_ListRetur
[...]
24b-9868-57a2d4851a1d" /><TestEntry testId="1dbb36fe-f1b5-45c3-a295-36e3afe8c1b6" executionId="647203d2-80b6-49a3-b098-ab403b934265" testListId="8c84fa94-04c1-424b-9868-57a2d4851a1d" /><TestEntry testId="27f844de-476b-463e-922a-299dbaaf2c51" executionId="63747c4a-f508-4c7c-bb11-897169ca3224" testListId="8c84fa94-04c1-424b-9868-57a2d4851a1d" /><TestEntry testId="b95f3476-6d81-40e9-a73e-9157e3cf9013" executionId="b4ebff64-5be5-4831-9b52-7b0df540a231" testListId="8c84fa94-04c1-424b-9868-57a2d4851a1d" /><TestEntry testId="1ea6a8e8-8e87-4cc9-946e-2a741e1f3180" executionId="6fa564cc-b830-4b56-82b4-28706ada830f" testListId="8c84fa94-04c1-424b-9868-57a2d4851a1d" /><TestEntry testId="a3dee802-ca8e-43ee-b207-c559dc87c961" executionId="255f3b80-85ba-4f2e-b0da-56118df4b88f" testListId="8c84fa94-04c1-424b-9868-57a2d4851a1d" /><TestEntry testId="c52941be-3bde-414d-8f82-876fc311449f" executionId="d4237695-703f-48ae-b03e-a44cc6afbd22" testListId="8c84fa94-04c1-424b-9868-57a2d4851a1d" /><TestEntry testId="5f933894-03a9-4f02-80e6-3ab7cecbff87" executionId="0c38c0e7-bdb0-4585-9377-81aa74b020e0" testListId="8c84fa94-04c1-424b-9868-57a2d4851a1d" /><TestEntry testId="cfbc6a09-bea8-4a8d-a02d-7269aeb84cb7" executionId="8a81709b-1612-4d2d-9257-5a948685f499" testListId="8c84fa94-04c1-424b-9868-57a2d4851a1d" /><TestEntry testId="d3d78754-37ee-40f8-8341-a6ac9a9b62c9" executionId="82d1f007-4a58-4b82-bcf2-a70df8d9bc7e" testListId="8c84fa94-04c1-424b-9868-57a2d4851a1d" /><TestEntry testId="19f308e7-8f05-49da-8427-6743e96d69ff" executionId="2f8c85ac-7c6c-4347-a3a7-be5ba2059b13" testListId="8c84fa94-04c1-424b-9868-57a2d4851a1d" /><TestEntry testId="26edbcdb-bfa8-49e6-a116-4525bd0c128c" executionId="f6857aed-83ee-4f73-8fa8-1c6aee8f5a64" testListId="8c84fa94-04c1-424b-9868-57a2d4851a1d" /><TestEntry testId="99b7c957-f415-4afc-b48c-5ff043a07ef3" executionId="57b10de7-cb7a-41da-8962-8ab6382bf152" testListId="8c84fa94-04c1-424b-9868-57a2d4851a1d" /><TestEntry testId="bc6a3a41-e534-43ac-a628-f554dd58cc06" executionId="fec31de7-aa82-474c-b071-8689fb753997" testListId="8c84fa94-04c1-424b-9868-57a2d4851a1d" /><TestEntry testId="f97b6932-b893-45e4-bae4-a369bc4e5502" executionId="8375c574-0ca7-43aa-9076-87f5544a57e8" testListId="8c84fa94-04c1-424b-9868-57a2d4851a1d" /><TestEntry testId="80860d7e-974f-4088-aaf3-2cc8cb1d19af" executionId="bdbccbed-4a39-4962-81ae-3bfacc5a8fbd" testListId="8c84fa94-04c1-424b-9868-57a2d4851a1d" /><TestEntry testId="4970f491-a004-461b-a056-04314c5bdf80" executionId="7b01385d-d1f0-4339-bcad-f0c10165b4a2" testListId="8c84fa94-04c1-424b-9868-57a2d4851a1d" /><TestEntry testId="6450d33e-92fe-4162-a6c7-78fbd157f24c" executionId="c7ac369b-56bf-4395-84c2-f395143ddb3e" testListId="8c84fa94-04c1-424b-9868-57a2d4851a1d" /><TestEntry testId="3fb1e6cd-2b69-4959-81b4-b7e530e10ea9" executionId="5871b1ea-219c-4392-8ac3-2eda0e7cd200" testListId="8c84fa94-04c1-424b-9868-57a2d4851a1d" /><TestEntry testId="60975839-df0b-44b1-b95c-155069a84baf" executionId="16184937-6881-4c98-8992-2d164df2efc1" testListId="8c84fa94-04c1-424b-9868-57a2d4851a1d" /><TestEntry testId="f547bc4e-4e04-47e3-9f6a-30e85c6d4034" executionId="e5e319ec-17ce-41bd-99dc-4d358660712f" testListId="8c84fa94-04c1-424b-9868-57a2d4851a1d" /><TestEntry testId="80090cc3-6105-45ad-a406-fd8286ae8d0a" executionId="0894c8db-ca47-4d7f-9c27-aa79594406af" testListId="8c84fa94-04c1-424b-9868-57a2d4851a1d" /><TestEntry testId="0366548a-10f2-4b94-8994-672a4e437bfa" executionId="08b767c6-5cbc-4562-bd51-b0aa0cd4ec3f" testListId="8c84fa94-04c1-424b-9868-57a2d4851a1d" /><TestEntry testId="a677be0d-a491-470c-a74a-1e7b758ebba7" executionId="0d686109-7d05-486a-9c28-30ca8835f2dd" testListId="8c84fa94-04c1-424b-9868-57a2d4851a1d" /><TestEntry testId="ab04e131-7092-4f35-b1c7-f37a5e3fbc93" executionId="81e75b30-cf24-4012-befe-36eb27679d42" testListId="8c84fa94-04c1-424b-9868-57a2d4851a1d" /><TestEntry testId="b956221e-540b-4f6c-a1be-89233f9b1fd9" executionId="f9159121-a710-47ad-95e8-787288aa6ae9" testListId="8c84fa94-04c1-424b-9868-57a2d4851a1d" /><TestEntry testId="33771b26-c3f1-4b67-bacf-d894209a1c7d" executionId="6bc94b7d-21f0-4327-84c4-0b8b911f1b13" testListId="8c84fa94-04c1-424b-9868-57a2d4851a1d" /><TestEntry testId="3e798371-cdb0-406c-9973-ba3a79f2929c" executionId="d20e4d25-92bf-4c1e-8e7a-980dd0c5e29a" testListId="8c84fa94-04c1-424b-9868-57a2d4851a1d" /><TestEntry testId="8ab119b5-bd1e-45e6-8826-b17b7ce04479" executionId="2d1f3c0f-291c-4862-b675-8e8596c1f562" testListId="8c84fa94-04c1-424b-9868-57a2d4851a1d" /><TestEntry testId="01de2c6e-2fdb-4a08-9199-d12f296e3d6b" executionId="b6ff1389-a418-454d-81d1-2deeb5732c79" testListId="8c84fa94-04c1-424b-9868-57a2d4851a1d" /><TestEntry testId="307cb98f-6cfe-47ec-8f87-2dd8214a1830" executionId="07082087-db4a-4d59-9bf2-bb0b246cbe4a" testListId="8c84fa94-04c1-424b-9868-57a2d4851a1d" /><TestEntry testId="303a5c1a-4380-437d-a500-179c558b99a7" executionId="f0d88024-4694-41d6-9332-a8e513b04b10" testListId="8c84fa94-04c1-424b-9868-57a2d4851a1d" /><TestEntry testId="af586ddb-7353-4761-8411-3d6858e93692" executionId="3e75d25a-6e5b-4731-be26-ea2e782a548c" testListId="8c84fa94-04c1-424b-9868-57a2d4851a1d" /><TestEntry testId="3c0e14e2-d1ef-4e65-87d9-808d656b6942" executionId="14e02400-d350-46cd-b5c0-07376f00b438" testListId="8c84fa94-04c1-424b-9868-57a2d4851a1d" /><TestEntry testId="51def34d-9a2b-426a-b19d-73a37cf7040d" executionId="3b48586a-463f-47fc-9ab3-1a58da75f31f" testListId="8c84fa94-04c1-424b-9868-57a2d4851a1d" /><TestEntry testId="903cb1e0-d0fc-4fc1-b562-c6a031228978" executionId="c12df74b-8a8d-4032-b7d4-d29178bcad04" testListId="8c84fa94-04c1-424b-9868-57a2d4851a1d" /><TestEntry testId="0f3c475d-4a47-4ebb-8b12-9b29514e455d" executionId="2a4c96d9-97bb-4048-a2d8-b34da0ff8398" testListId="8c84fa94-04c1-424b-9868-57a2d4851a1d" /><TestEntry testId="9cbb989e-0f81-4b8c-a180-bb899a69490b" executionId="56fffc92-2a5b-47ef-a8f9-ff01ee5f6001" testListId="8c84fa94-04c1-424b-9868-57a2d4851a1d" /><TestEntry testId="79d90d04-38da-43d5-9097-78968c020e3b" executionId="4aa502e2-04f6-4a82-b414-e9ee8ae1ccbc" testListId="8c84fa94-04c1-424b-9868-57a2d4851a1d" /><TestEntry testId="403fbb10-c3a6-4599-839e-ec964f70eef4" executionId="3eb2584a-bfe9-471d-a706-f74b7ee2eddf" testListId="8c84fa94-04c1-424b-9868-57a2d4851a1d" /><TestEntry testId="19a3da4c-285f-49d8-b5c7-ffab8f17c610" executionId="3401eebb-d811-49ad-8c73-427c545635e9" testListId="8c84fa94-04c1-424b-9868-57a2d4851a1d" /><TestEntry testId="608da681-4918-44f5-a569-e40f58f038a8" executionId="00da5398-cf4e-45b0-92bb-054382b3368d" testListId="8c84fa94-04c1-424b-9868-57a2d4851a1d" /><TestEntry testId="5ccf38bc-d1f0-4775-b47a-25ee02a0a820" executionId="6d238a81-b525-4f2d-bcd7-f2a3f8a02c9d" testListId="8c84fa94-04c1-424b-9868-57a2d4851a1d" /><TestEntry testId="85476b2f-2287-4625-803e-c1ea9b4aa750" executionId="df03b0cd-7aa1-4ded-b93a-a2ecb90a706d" testListId="8c84fa94-04c1-424b-9868-57a2d4851a1d" /><TestEntry testId="caebdf0d-ec95-44ac-a601-9660564fe28c" executionId="997cab33-399c-499e-b54c-3c66d22be77c" testListId="8c84fa94-04c1-424b-9868-57a2d4851a1d" /><TestEntry testId="b0031206-a12d-4012-b50a-9443a2532c7f" executionId="1641c18e-1ce0-4dd1-90b4-3fed52732313" testListId="8c84fa94-04c1-424b-9868-57a2d4851a1d" /><TestEntry testId="d74a61ce-c08e-4c78-8159-586511c36fca" executionId="ea9345c9-2e07-43fe-a4ab-d58c27d2b92e" testListId="8c84fa94-04c1-424b-9868-57a2d4851a1d" /><TestEntry testId="24d35fb4-5580-4cf0-901d-da82ddcc425c" executionId="5b7c275d-4de6-4aaa-bfef-7a7635c67e89" testListId="8c84fa94-04c1-424b-9868-57a2d4851a1d" /><TestEntry testId="9c53506b-08a8-43b1-816b-0e08b1614500" executionId="30a1ffad-1de0-4759-b5f4-b9f27a16474a" testListId="8c84fa94-04c1-424b-9868-57a2d4851a1d" /><TestEntry testId="35dea6b6-5536-441a-baf3-be857547f6d2" executionId="74d5789e-358a-4dc2-8bf8-0c37cf624b98" testListId="8c84fa94-04c1-424b-9868-57a2d4851a1d" /><TestEntry testId="d67a00e3-e09a-4434-9cee-5322c0f210c5" executionId="92b3a567-4977-46d6-a05e-5b757d96ec4f" testListId="8c84fa94-04c1-424b-9868-57a2d4851a1d" /><TestEntry testId="2cb40362-b1a1-482b-b9a5-09c6adcc6180" executionId="3478f60d-0f6a-4db5-91af-bd7e95c465b4" testListId="8c84fa94-04c1-424b-9868-57a2d4851a1d" /><TestEntry testId="d48424a4-6fe9-491b-a3f2-fa4449973dbd" executionId="b109e961-76cb-4e66-b09b-8185581b946a" testListId="8c84fa94-04c1-424b-9868-57a2d4851a1d" /><TestEntry testId="0dfa3071-411d-4e83-b717-9be2888dc0c2" executionId="fde62065-7d91-4f5f-95b0-221c120a2fc3" testListId="8c84fa94-04c1-424b-9868-57a2d4851a1d" /><TestEntry testId="f5280928-dbfe-40e6-bd4c-524a798a6a35" executionId="fe2b7637-5453-4ac6-9c9f-a629ace58bab" testListId="8c84fa94-04c1-424b-9868-57a2d4851a1d" /><TestEntry testId="c6f62b12-b9b8-445b-846b-3cafeae05575" executionId="d5d97292-adc9-45d5-b076-fcd153a44aed" testListId="8c84fa94-04c1-424b-9868-57a2d4851a1d" /><TestEntry testId="9f22e93b-e7ea-4c11-a51c-758b8af41d4c" executionId="abbcade9-80a1-42c4-9d87-4e5d5a6f88a9" testListId="8c84fa94-04c1-424b-9868-57a2d4851a1d" /><TestEntry testId="28b052bb-8fed-421d-9084-362c79be01ae" executionId="5f2d3724-ffd9-47a1-95f2-6019e19e5631" testListId="8c84fa94-04c1-424b-9868-57a2d4851a1d" /><TestEntry testId="b1f52276-1007-4c98-8315-4feace7d3d7c" executionId="b2a7bac6-15d6-4091-840c-fe5fa864f902" testListId="8c84fa94-04c1-424b-9868-57a2d4851a1d" /><TestEntry testId="f152425e-14dd-48bf-b1c5-a7580301b4f9" executionId="ab9219fd-133b-4980-873c-fc85fc620939" testListId="8c84fa94-04c1-424b-9868-57a2d4851a1d" /><TestEntry testId="825c81aa-d373-4c70-9f61-9c4a4bb015f7" executionId="99b3ec24-ac9b-4604-86bc-a05e851001f5" testListId="8c84fa94-04c1-424b-9868-57a2d4851a1d" /><TestEntry testId="802fcb96-d888-480b-a63c-e40ad261222a" executionId="c7185299-b640-4e14-bb9c-50f67b326e8c" testListId="8c84fa94-04c1-424b-9868-57a2d4851a1d" /><TestEntry testId="5f708f6e-2893-4f26-9cf9-de1f3ac3a5f5" executionId="6f3c2dbe-89ee-4c66-a972-7ac4ff396017" testListId="8c84fa94-04c1-424b-9868-57a2d4851a1d" /><TestEntry testId="bfec7798-72b2-4d8b-ad06-74f3884c0112" executionId="4d7fadb2-01e1-4fc1-8a7f-d44bdffcdbf9" testListId="8c84fa94-04c1-424b-9868-57a2d4851a1d" /><TestEntry testId="f708746f-505c-4378-9036-93d8b7490a2c" executionId="47d69fb7-0acc-4f5d-89b7-29e620e4adeb" testListId="8c84fa94-04c1-424b-9868-57a2d4851a1d" /><TestEntry testId="2e866c9e-25fc-4d16-b61d-da79d0a418fb" executionId="17e5a14f-2e03-46a2-99b7-d1bbd5efa483" testListId="8c84fa94-04c1-424b-9868-57a2d4851a1d" /><TestEntry testId="dfaee535-67b5-4828-ab77-d6737c4cd7a6" executionId="0e9153c5-fc42-40e3-ad9f-5d91252ef0b3" testListId="8c84fa94-04c1-424b-9868-57a2d4851a1d" /><TestEntry testId="ffe1779a-4fd4-48e1-aa65-45f37c3b8e47" executionId="510b6ac1-8545-4b4b-b57f-fdc20cf43b94" testListId="8c84fa94-04c1-424b-9868-57a2d4851a1d" /><TestEntry testId="260b240f-8cf6-4a59-989d-8fdbf34f1168" executionId="76f06c3e-715a-458c-8259-3ac07d4421cc" testListId="8c84fa94-04c1-424b-9868-57a2d4851a1d" /><TestEntry testId="00916608-8581-406a-b02e-62486c2771d4" executionId="5d05d990-7d41-4345-a677-9775b480717b" testListId="8c84fa94-04c1-424b-9868-57a2d4851a1d" /><TestEntry testId="c96a4adb-1da0-4863-94cc-623d752300cf" executionId="559d5d8c-6ba4-4ace-a47f-369fc573ff0b" testListId="8c84fa94-04c1-424b-9868-57a2d4851a1d" /><TestEntry testId="b786186f-af8a-403d-be7a-7d36c41ac3db" executionId="3a832ecd-80bc-4149-9fc5-937b1afbe296" testListId="8c84fa94-04c1-424b-9868-57a2d4851a1d" /><TestEntry testId="6ce9f5ae-1383-45f0-a2a1-c027e4faf00d" executionId="ced9b194-273d-49be-8234-98ee0597ecee" testListId="8c84fa94-04c1-424b-9868-57a2d4851a1d" /><TestEntry testId="adbc0176-db23-42d6-b58d-014d99b6037a" executionId="5e2279ad-ac26-446e-ad4b-4d9423639415" testListId="8c84fa94-04c1-424b-9868-57a2d4851a1d" /><TestEntry testId="84d29dbd-be7f-4717-a04b-d1e36a3b7bdd" executionId="e9c8badd-ded4-4086-a9a2-16e06e49f66b" testListId="8c84fa94-04c1-424b-9868-57a2d4851a1d" /><TestEntry testId="3a4a8621-5e92-4735-9f3e-ccf4426d0aac" executionId="699ac286-6147-4369-b337-59ea05018bae" testListId="8c84fa94-04c1-424b-9868-57a2d4851a1d" /><TestEntry testId="40d853ee-64b6-4974-b329-05d6d39898e3" executionId="2c79f8b4-d1ad-4db6-ae3f-ac397c7c331c" testListId="8c84fa94-04c1-424b-9868-57a2d4851a1d" /><TestEntry testId="1263287d-2683-4998-8b3e-1b929b24bb7d" executionId="e0dbcf30-6a4b-4c3e-baaa-586022661118" testListId="8c84fa94-04c1-424b-9868-57a2d4851a1d" /><TestEntry testId="b73f16fa-4dc8-4285-8833-5fdec8191cb7" executionId="b97caf47-6458-4b05-a810-786d00dba3ec" testListId="8c84fa94-04c1-424b-9868-57a2d4851a1d" /><TestEntry testId="1e665d0a-7b57-4bc3-b3e6-aa78be8372cd" executionId="d8a90655-ee9d-42a1-a191-d5adf56ddbc6" testListId="8c84fa94-04c1-424b-9868-57a2d4851a1d" /><TestEntry testId="78b8cf5a-981c-4c04-9487-62e4dce602d0" executionId="3ce7abda-70c2-42b0-b896-9efe594ce3df" testListId="8c84fa94-04c1-424b-9868-57a2d4851a1d" /><TestEntry testId="92ea83f1-e69d-4c74-a6ca-2abcffe5dbb5" executionId="a51fabfd-f1f9-42b6-a021-6ed41dfefc1e" testListId="8c84fa94-04c1-424b-9868-57a2d4851a1d" /><TestEntry testId="9a624fa2-636b-4e33-b96d-136dda5bf0e2" executionId="c1c2065b-fb61-4034-89e2-12e769139b51" testListId="8c84fa94-04c1-424b-9868-57a2d4851a1d" /><TestEntry testId="a74b55cc-e0a5-49a2-9561-c4a54d8bf933" executionId="c86d3e00-f0ba-421f-937d-370c3a29f1a2" testListId="8c84fa94-04c1-424b-9868-57a2d4851a1d" /><TestEntry testId="ba247cfd-085c-4312-b3b3-8bb15c55dbc8" executionId="344620a7-0f1f-4209-a2b1-13e9765b8aba" testListId="8c84fa94-04c1-424b-9868-57a2d4851a1d" /><TestEntry testId="5d5304a8-3fe2-46e9-a1ab-ef01490b7ca2" executionId="0ed655e1-51c0-4ffc-bf5e-5a988a468020" testListId="8c84fa94-04c1-424b-9868-57a2d4851a1d" /><TestEntry testId="f6d390c0-6716-49a5-8af8-8865cb5e4437" executionId="616ce5d4-d5ac-401a-ad2e-c70dceff68dd" testListId="8c84fa94-04c1-424b-9868-57a2d4851a1d" /><TestEntry testId="2ca159c1-4419-4670-bc85-d70806578ecd" executionId="f28c343d-afe0-4aef-accb-b8c2979542b0" testListId="8c84fa94-04c1-424b-9868-57a2d4851a1d" /><TestEntry testId="f74b1ec6-3515-4321-8988-961dc6372068" executionId="2678b72f-2409-49f6-ad62-d88936f5b0e6" testListId="8c84fa94-04c1-424b-9868-57a2d4851a1d" /><TestEntry testId="738ffe5d-3325-45e9-bc16-f4c1f92a8466" executionId="dc1f0a40-b7d8-4426-a685-ea9368c0a16a" testListId="8c84fa94-04c1-424b-9868-57a2d4851a1d" /><TestEntry testId="6010e61e-88b1-4cd1-a0dc-f92d19523ca2" executionId="8c231053-339b-44c7-9222-7fef1e1de9d4" testListId="8c84fa94-04c1-424b-9868-57a2d4851a1d" /><TestEntry testId="8b0b8c05-6a3c-469f-9c08-a01df1b1efcd" executionId="d1fdbccf-12d9-4df7-b42e-74272b899a34" testListId="8c84fa94-04c1-424b-9868-57a2d4851a1d" /><TestEntry testId="7617af95-71b4-4bf8-91de-5f369f5d2457" executionId="d1714718-f39c-4d1a-a546-0647562fea8b" testListId="8c84fa94-04c1-424b-9868-57a2d4851a1d" /><TestEntry testId="07ba45c0-cc63-440c-b970-c06f6fadb314" executionId="b73dfab1-d27f-42dc-8acd-2a878c78bd13" testListId="8c84fa94-04c1-424b-9868-57a2d4851a1d" /><TestEntry testId="270123df-4a3c-486d-a7b4-e80ac4455029" executionId="5f1e7e66-7330-4d17-8227-f5f6e30730a6" testListId="8c84fa94-04c1-424b-9868-57a2d4851a1d" /><TestEntry testId="87187232-11be-47ae-aa8e-433e1707d0b4" executionId="4793a4ba-7cd8-46ba-b9e6-143e6d3f99d3" testListId="8c84fa94-04c1-424b-9868-57a2d4851a1d" /><TestEntry testId="b13d7e7b-e9c2-4be4-90ae-9b935c6aadda" executionId="89838a9a-a9f6-4057-9387-fe10658c4be4" testListId="8c84fa94-04c1-424b-9868-57a2d4851a1d" /><TestEntry testId="b8e4f911-cf2a-4bff-9129-bdb7635d3149" executionId="cbd7ac5a-a1e9-460b-b5e8-f2bf69e8522b" testListId="8c84fa94-04c1-424b-9868-57a2d4851a1d" /><TestEntry testId="ae2c31d3-08a1-4a0b-9314-29f89812d57f" executionId="fcba50ae-dc1d-438f-a70f-c35c5b9d297f" testListId="8c84fa94-04c1-424b-9868-57a2d4851a1d" /><TestEntry testId="d1cec7ba-7994-4197-bf10-28b30f5a479e" executionId="10d2c087-ccd6-4b84-9d29-e67b9a350d0f" testListId="8c84fa94-04c1-424b-9868-57a2d4851a1d" /><TestEntry testId="45912ae4-57b8-4875-a92f-99d1c7513b11" executionId="b2b52f38-bb5a-4faf-b35c-f70c271fb9e4" testListId="8c84fa94-04c1-424b-9868-57a2d4851a1d" /><TestEntry testId="9e38d80b-ea4f-4df6-a5d1-59644d2e65e5" executionId="827b0360-d4b6-4fd2-acb7-f8d454661279" testListId="8c84fa94-04c1-424b-9868-57a2d4851a1d" /><TestEntry testId="a5fbcc9e-cb64-4755-81a6-8d839e45b989" executionId="43f9010e-84c4-4c09-9f73-6b1e25da30bd" testListId="8c84fa94-04c1-424b-9868-57a2d4851a1d" /><TestEntry testId="7b890943-244f-4378-93c8-8a3015ab61c5" executionId="804b63c4-86ab-4ac1-b143-bb46ecd9e45c" testListId="8c84fa94-04c1-424b-9868-57a2d4851a1d" /><TestEntry testId="ece0a483-860e-429d-9eb7-11220b309161" executionId="ea0f2e7b-f3c0-4630-85ad-89cf565c4bb7" testListId="8c84fa94-04c1-424b-9868-57a2d4851a1d" /><TestEntry testId="fe171292-ac4a-448f-bf26-542e1f489e92" executionId="bdeecd7b-e9fd-4f09-ac6d-e95716ebd550" testListId="8c84fa94-04c1-424b-9868-57a2d4851a1d" /><TestEntry testId="90096a9e-d014-4e49-93af-728ba7d4fe89" executionId="5ae1dd4d-e6f1-48c2-afef-58a8c45ba402" testListId="8c84fa94-04c1-424b-9868-57a2d4851a1d" /><TestEntry testId="a790d332-a318-4445-ab7b-1032531ea71d" executionId="8cfa8a48-1ce3-4ec9-9223-5d049df90dce" testListId="8c84fa94-04c1-424b-9868-57a2d4851a1d" /><TestEntry testId="300dd17f-6bde-4133-9887-91226bb58654" executionId="299c61d5-1abb-4719-8843-f01812df36aa" testListId="8c84fa94-04c1-424b-9868-57a2d4851a1d" /><TestEntry testId="462cad6c-45c5-44d5-8808-9fc9c4e51969" executionId="80941971-c510-470c-aff7-60eb5ce8b7b3" testListId="8c84fa94-04c1-424b-9868-57a2d4851a1d" /><TestEntry testId="b547da52-7455-4e45-8bd2-25774cad4627" executionId="488b43da-b642-4e93-8185-20cc9c9caf63" testListId="8c84fa94-04c1-424b-9868-57a2d4851a1d" /><TestEntry testId="a77696ac-b3d5-4e1c-8bd6-b659e80c744d" executionId="1f6deb61-77e2-420f-8101-ce1b5c03c658" testListId="8c84fa94-04c1-424b-9868-57a2d4851a1d" /><TestEntry testId="cbf7c42d-84e9-4415-a05b-a9443bdea1f4" executionId="f5382bbc-ccd9-4950-93c8-e09065a2d8f0" testListId="8c84fa94-04c1-424b-9868-57a2d4851a1d" /><TestEntry testId="3bc2aa67-25b7-48fe-987a-59317cea54b4" executionId="4550d533-a4d5-4ef4-ab24-aee0e61cde69" testListId="8c84fa94-04c1-424b-9868-57a2d4851a1d" /><TestEntry testId="f2e2c058-4ce8-4891-89bb-dee02fa19cfb" executionId="d4f4ec4e-44ec-4717-8ef9-822783ab08d0" testListId="8c84fa94-04c1-424b-9868-57a2d4851a1d" /><TestEntry testId="1d9730c0-daf4-40e3-a8ec-8cefaa0411b9" executionId="505ae2f1-48e7-4322-9c21-dd9561883dcc" testListId="8c84fa94-04c1-424b-9868-57a2d4851a1d" /><TestEntry testId="877eafc6-ee1a-41a6-b8ec-114653fded67" executionId="58cc4dfb-7191-4c8d-b2bc-6faad4f1ff20" testListId="8c84fa94-04c1-424b-9868-57a2d4851a1d" /><TestEntry testId="a7e81bee-b8c0-4a76-b1f1-362ba75825a5" executionId="78fe5fe0-043c-4470-8444-cd282faef31c" testListId="8c84fa94-04c1-424b-9868-57a2d4851a1d" /><TestEntry testId="ea78ea9c-b1e6-4cd4-93be-9d6becd41016" executionId="719bde32-6e72-4d09-844c-7004a3275c7f" testListId="8c84fa94-04c1-424b-9868-57a2d4851a1d" /><TestEntry testId="3fc73b58-1e35-48f5-b0f6-845cf22d67ad" executionId="3cfac9f7-f67e-4609-a53d-c02f7a1b7d12" testListId="8c84fa94-04c1-424b-9868-57a2d4851a1d" /><TestEntry testId="14ff4baa-f1a2-45e1-96e9-f2fb290fcb77" executionId="6307d2ad-8acc-4ef3-8a82-169d2d57f531" testListId="8c84fa94-04c1-424b-9868-57a2d4851a1d" /></TestEntries><TestLists><TestList name="Results Not in a List" id="8c84fa94-04c1-424b-9868-57a2d4851a1d" /><TestList name="All Loaded Results" id="19431567-8539-422a-85d7-44ee4e166bda" /></TestLists><ResultSummary outcome="Completed"><Counters total="151" executed="151" passed="151" failed="0" error="0" timeout="0" aborted="0" inconclusive="0" passedButRunAborted="0" notRunnable="0" notExecuted="0" disconnected="0" warning="0" completed="0" inProgress="0" pending="0" /><Output><StdOut>[xUnit.net 00:00:01.0477676]   Discovering: ModelRelief.Test[xUnit.net 00:00:01.1604604]   Discovered:  ModelRelief.Test[xUnit.net 00:00:01.1657679]   Starting:    ModelRelief.Test[xUnit.net 00:00:39.5802980]   Finished:    ModelRelief.Test</StdOut></Output></ResultSummary></TestRun>