<?xml version="1.0" encoding="utf-8"?><TestRun id="9be40b60-995a-4a65-9886-10485e26072b" name="Steve Knipmeyer@VECTOR 2018-08-24 08:50:25" runUser="VECTOR\Steve Knipmeyer" xmlns="http://microsoft.com/schemas/VisualStudio/TeamTest/2010"><Times creation="2018-08-24T08:50:25.0576175-04:00" queuing="2018-08-24T08:50:25.0576283-04:00" start="2018-08-24T08:50:19.7129806-04:00" finish="2018-08-24T08:50:43.7348054-04:00" /><TestSettings name="default" id="d127c118-a020-4d9d-87f4-dff89ef10c4d"><Deployment runDeploymentRoot="Steve_Knipmeyer_VECTOR_2018-08-24_08_50_25" /></TestSettings><Results><UnitTestResult executionId="ba7e5b71-e157-405e-930d-0e05542223bd" testId="0a35f601-13de-4d2e-a8c4-e47873b20a5c" testName="GetList_ListReturnsCorrectCount" computerName="VECTOR" duration="00:00:00.0150000" startTime="2018-08-24T08:50:25.5078953-04:00" endTime="2018-08-24T08:50:25.5078992-04:00" testType="13cdc9d9-ddb5-4fa4-a97d-d965ccfc6d4b" outcome="Passed" testListId="8c84fa94-04c1-424b-9868-57a2d4851a1d" relativeResultsDirectory="ba7e5b71-e157-405e-930d-0e05542223bd" /><UnitTestResult executionId="195f9d91-a395-4c71-a05c-6090560d9fd3" testId="2f1ec837-7994-46a2-aa3f-564dce66e0d0" testName="Patch_InvalidPropertyNameReturnsBadRequest" computerName="VECTOR" duration="00:00:00.1190000" startTime="2018-08-24T08:50:25.0136027-04:00" endTime="2018-08-24T08:50:25.0136093-04:00" testType="13cdc9d9-ddb5-4fa4-a97d-d965ccfc6d4b" outcome="Passed" testListId="8c84fa94-04c1-424b-9868-57a2d4851a1d" relativeResultsDirectory="195f9d91-a395-4c71-a05c-6090560d9fd3" /><UnitTestResult executionId="a30d1deb-72cd-4ebb-858f-35ad0310eeb0" testId="0f0218cc-0c4f-4192-aa0b-2ec809e6d3b1" testName="Patch_InvalidEnumPropertyValueReturnsBadRequest" computerName="VECTOR" duration="00:00:00.0360000" startTime="2018-08-24T08:50:39.8547951-04:00" endTime="2018-08-24T08:50:39.8548089-04:00" testType="13cdc9d9-ddb5-4fa4-a97d-d965ccfc6d4b" outcome="Passed" testListId="8c84fa94-04c1-424b-9868-57a2d4851a1d" relativeResultsDirectory="a30d1deb-72cd-4ebb-858f-35ad0310eeb0" /><UnitTestResult executionId="4161d31c-f626-4221-98b7-46a0c5d9d20a" testId="e59f3759-d55c-4982-a96e-e1c7bbd55dff" testName="LucyCameraFindsAllDependents" computerName="VECTOR" duration="00:00:00.0090000" startTime="2018-08-24T08:50:24.2169147-04:00" endTime="2018-08-24T08:50:24.2169193-04:00" testType="13cdc9d9-ddb5-4fa4-a97d-d965ccfc6d4b" outcome="Passed" testListId="8c84fa94-04c1-424b-9868-57a2d4851a1d" relativeResultsDirectory="4161d31c-f626-4221-98b7-46a0c5d9d20a" /><UnitTestResult executionId="32431eac-16da-41ea-8295-a68878858aa7" testId="8cd7e184-10d7-4b9d-b0b8-00bffe21cb16" testName="GetSingle_ValidIdPropertyValueReturnsCorrectModel" computerName="VECTOR" duration="00:00:00.0130000" startTime="2018-08-24T08:50:43.0811551-04:00" endTime="2018-08-24T08:50:43.0811601-04:00" testType="13cdc9d9-ddb5-4fa4-a97d-d965ccfc6d4b" outcome="Passed" testListId="8c84fa94-04c1-424b-9868-57a2d4851a1d" relativeResultsDirectory="32431eac-16da-41ea-8295-a68878858aa7" /><UnitTestResult executionId="d5a6a7bd-6200-4398-96f3-19ea41ac451d" testId="a61f2701-58fa-4645-8e0d-a1396c3a77c6" testName="Post_CanCreateNewModel" computerName="VECTOR" duration="00:00:00.0370000" startTime="2018-08-24T08:50:40.0448686-04:00" endTime="2018-08-24T08:50:40.0448742-04:00" testType="13cdc9d9-ddb5-4fa4-a97d-d965ccfc6d4b" outcome="Passed" testListId="8c84fa94-04c1-424b-9868-57a2d4851a1d" relativeResultsDirectory="d5a6a7bd-6200-4398-96f3-19ea41ac451d" /><UnitTestResult executionId="3d1259cc-6c7d-4414-a037-99636930cb8e" testId="83bd4f3f-3d57-4dc9-b41f-28ce0d2fb74b" testName="Post_CanCreateNewModel" computerName="VECTOR" duration="00:00:00.0270000" startTime="2018-08-24T08:50:26.5966113-04:00" endTime="2018-08-24T08:50:26.5966178-04:00" testType="13cdc9d9-ddb5-4fa4-a97d-d965ccfc6d4b" outcome="Passed" testListId="8c84fa94-04c1-424b-9868-57a2d4851a1d" relativeResultsDirectory="3d1259cc-6c7d-4414-a037-99636930cb8e" /><UnitTestResult executionId="14a2adbd-20a6-47a3-b1a0-b2f051c6b2e9" testId="a8242434-9bc1-4439-8a8b-8a5ac04aabc8" testName="Patch_InvalidPropertyNameReturnsBadRequest" computerName="VECTOR" duration="00:00:00.0220000" startTime="2018-08-24T08:50:39.9007127-04:00" endTime="2018-08-24T08:50:39.9007186-04:00" testType="13cdc9d9-ddb5-4fa4-a97d-d965ccfc6d4b" outcome="Passed" testListId="8c84fa94-04c1-424b-9868-57a2d4851a1d" relativeResultsDirectory="14a2adbd-20a6-47a3-b1a0-b2f051c6b2e9" /><UnitTestResult executionId="be862c3d-593d-433f-8048-724ff76c8a22" testId="ce33c83c-03bb-401d-9f77-480346dd5caa" testName="Delete_TargetModelIsDeleted" computerName="VECTOR" duration="00:00:00.0300000" startTime="2018-08-24T08:50:26.6577873-04:00" endTime="2018-08-24T08:50:26.6577935-04:00" testType="13cdc9d9-ddb5-4fa4-a97d-d965ccfc6d4b" outcome="Passed" testListId="8c84fa94-04c1-424b-9868-57a2d4851a1d" relativeResultsDirectory="be862c3d-593d-433f-8048-724ff76c8a22" /><UnitTestResult executionId="47f812d8-249c-4518-be5d-777425b42d85" testId="572da192-fdf1-458e-9563-98a90866dd03" testName="PostFile_FileIsSynchronizedIsUpdatedAfterFileIsPosted" computerName="VECTOR" duration="00:00:00.1280000" startTime="2018-08-24T08:50:39.6913348-04:00" endTime="2018-08-24T08:50:39.6913392-04:00" testType="13cdc9d9-ddb5-4fa4-a97d-d965ccfc6d4b" outcome="Passed" testListId="8c84fa94-04c1-424b-9868-57a2d4851a1d" relativeResultsDirectory="47f812d8-249c-4518-be5d-777425b42d85" /><UnitTestResult executionId="012f83e5-b8ca-4f42-aa27-955286eb8e8c" testId="ccf8368c-bf17-4d7d-8e04-2ebfc2573b57" testName="PostFile_FileTimeStampIsUpdatedAfterFileIsPosted" computerName="VECTOR" duration="00:00:01.1540000" startTime="2018-08-24T08:50:41.8894130-04:00" endTime="2018-08-24T08:50:41.8894172-04:00" testType="13cdc9d9-ddb5-4fa4-a97d-d965ccfc6d4b" outcome="Passed" testListId="8c84fa94-04c1-424b-9868-57a2d4851a1d" relativeResultsDirectory="012f83e5-b8ca-4f42-aa27-955286eb8e8c" /><UnitTestResult executionId="074046a6-e310-4eeb-a295-39f80c31e48a" testId="0e441dd4-fd11-4a01-8c9b-5ef177517905" testName="PutFile_NewFileCanBePut" computerName="VECTOR" duration="00:00:00.1090000" startTime="2018-08-24T08:50:26.8162702-04:00" endTime="2018-08-24T08:50:26.8162743-04:00" testType="13cdc9d9-ddb5-4fa4-a97d-d965ccfc6d4b" outcome="Passed" testListId="8c84fa94-04c1-424b-9868-57a2d4851a1d" relativeResultsDirectory="074046a6-e310-4eeb-a295-39f80c31e48a" /><UnitTestResult executionId="50d22406-4116-4b82-8b6a-ae4f900c9ac4" testId="51b2b95d-653a-4918-8fbb-fa0a367714b9" testName="Patch_InvalidIdPropertyReturnsNotFound" computerName="VECTOR" duration="00:00:00.0160000" startTime="2018-08-24T08:50:26.4708586-04:00" endTime="2018-08-24T08:50:26.4708633-04:00" testType="13cdc9d9-ddb5-4fa4-a97d-d965ccfc6d4b" outcome="Passed" testListId="8c84fa94-04c1-424b-9868-57a2d4851a1d" relativeResultsDirectory="50d22406-4116-4b82-8b6a-ae4f900c9ac4" /><UnitTestResult executionId="45600439-cd1a-4df8-abe1-d028065a9a91" testId="5f608e5b-ca79-4b3b-ab25-f4e80e61da27" testName="FileRequest_FileCanBeReadAfterRename" computerName="VECTOR" duration="00:00:00.1210000" startTime="2018-08-24T08:50:42.1537970-04:00" endTime="2018-08-24T08:50:42.1538045-04:00" testType="13cdc9d9-ddb5-4fa4-a97d-d965ccfc6d4b" outcome="Passed" testListId="8c84fa94-04c1-424b-9868-57a2d4851a1d" relativeResultsDirectory="45600439-cd1a-4df8-abe1-d028065a9a91" /><UnitTestResult executionId="5af0a51b-7e1a-484a-921f-e2de5c3afc0b" testId="5ec2dd90-38ca-4197-b5e2-a0d98e14085b" testName="Patch_InvalidEnumPropertyValueReturnsBadRequest" computerName="VECTOR" duration="00:00:00.0090000" startTime="2018-08-24T08:50:43.1839143-04:00" endTime="2018-08-24T08:50:43.1839191-04:00" testType="13cdc9d9-ddb5-4fa4-a97d-d965ccfc6d4b" outcome="Passed" testListId="8c84fa94-04c1-424b-9868-57a2d4851a1d" relativeResultsDirectory="5af0a51b-7e1a-484a-921f-e2de5c3afc0b" /><UnitTestResult executionId="4bc4aca7-2140-430d-97df-438e30af0ef9" testId="d5c946fa-19bd-49df-bf1a-0b836abe76fe" testName="Patch_TargetPropertyIsUpdated" computerName="VECTOR" duration="00:00:00.0610000" startTime="2018-08-24T08:50:43.6199934-04:00" endTime="2018-08-24T08:50:43.6200009-04:00" testType="13cdc9d9-ddb5-4fa4-a97d-d965ccfc6d4b" outcome="Passed" testListId="8c84fa94-04c1-424b-9868-57a2d4851a1d" relativeResultsDirectory="4bc4aca7-2140-430d-97df-438e30af0ef9" /><UnitTestResult executionId="3000b001-5d3c-4a1e-80f5-bcf36d15916b" testId="bc2d35f0-41a5-4f7a-83e8-ec5ef09d1834" testName="FileRequest_MeshGenerateSetsFileIsSynchronized" computerName="VECTOR" duration="00:00:04.1390000" startTime="2018-08-24T08:50:39.5624593-04:00" endTime="2018-08-24T08:50:39.5624654-04:00" testType="13cdc9d9-ddb5-4fa4-a97d-d965ccfc6d4b" outcome="Passed" testListId="8c84fa94-04c1-424b-9868-57a2d4851a1d" relativeResultsDirectory="3000b001-5d3c-4a1e-80f5-bcf36d15916b" /><UnitTestResult executionId="0cd3ee4b-7ffa-4a8f-a7cd-958b54348bb1" testId="7e9e96ab-cb6f-4b23-9932-b46116a9e3ad" testName="Post_InvalidPropertyValueReturnsBadRequest" computerName="VECTOR" duration="00:00:00.0160000" startTime="2018-08-24T08:50:28.3056384-04:00" endTime="2018-08-24T08:50:28.3056441-04:00" testType="13cdc9d9-ddb5-4fa4-a97d-d965ccfc6d4b" outcome="Passed" testListId="8c84fa94-04c1-424b-9868-57a2d4851a1d" relativeResultsDirectory="0cd3ee4b-7ffa-4a8f-a7cd-958b54348bb1" /><UnitTestResult executionId="b0aafa65-fdea-4dd4-92bd-5ebb035021f8" testId="090b7f28-8418-4da7-a5fa-ec6d7aa53641" testName="Post_ValidReferencePropertyCreatesModel" computerName="VECTOR" duration="00:00:00.0280000" startTime="2018-08-24T08:50:26.4998405-04:00" endTime="2018-08-24T08:50:26.4998465-04:00" testType="13cdc9d9-ddb5-4fa4-a97d-d965ccfc6d4b" outcome="Passed" testListId="8c84fa94-04c1-424b-9868-57a2d4851a1d" relativeResultsDirectory="b0aafa65-fdea-4dd4-92bd-5ebb035021f8" /><UnitTestResult executionId="d3a4e878-05cf-493f-afa8-3261f8f99e4a" testId="db2b4cfb-af27-4285-9fdb-efc4c2bacb8b" testName="LucyDepthBufferFindsOneDependent" computerName="VECTOR" duration="00:00:00.0050000" startTime="2018-08-24T08:50:24.2225858-04:00" endTime="2018-08-24T08:50:24.2225891-04:00" testType="13cdc9d9-ddb5-4fa4-a97d-d965ccfc6d4b" outcome="Passed" testListId="8c84fa94-04c1-424b-9868-57a2d4851a1d" relativeResultsDirectory="d3a4e878-05cf-493f-afa8-3261f8f99e4a" /><UnitTestResult executionId="8659e610-bbcb-4c83-abaf-06d632ef22eb" testId="6d617354-7c4b-4485-b16a-fab7f226433d" testName="GetList_ListReturnsCorrectCount" computerName="VECTOR" duration="00:00:00.0220000" startTime="2018-08-24T08:50:26.5544295-04:00" endTime="2018-08-24T08:50:26.5544343-04:00" testType="13cdc9d9-ddb5-4fa4-a97d-d965ccfc6d4b" outcome="Passed" testListId="8c84fa94-04c1-424b-9868-57a2d4851a1d" relativeResultsDirectory="8659e610-bbcb-4c83-abaf-06d632ef22eb" /><UnitTestResult executionId="4ba11354-b8de-48a8-80f2-fafc2fdf6531" testId="22e41856-f051-4b38-8f12-54770951ef6c" testName="FileRequest_DepthBufferIsInvalidatedAfterCameraDependencyPropertyChange" computerName="VECTOR" duration="00:00:00.4130000" startTime="2018-08-24T08:50:42.5669392-04:00" endTime="2018-08-24T08:50:42.5669456-04:00" testType="13cdc9d9-ddb5-4fa4-a97d-d965ccfc6d4b" outcome="Passed" testListId="8c84fa94-04c1-424b-9868-57a2d4851a1d" relativeResultsDirectory="4ba11354-b8de-48a8-80f2-fafc2fdf6531" /><UnitTestResult executionId="d0186869-74bd-40ab-b867-7d5e4bc578ad" testId="dca3e1dd-754a-47ea-8baf-d88227edccdf" testName="Patch_InvalidIdPropertyReturnsNotFound" computerName="VECTOR" duration="00:00:00.0180000" startTime="2018-08-24T08:50:28.3706751-04:00" endTime="2018-08-24T08:50:28.3706825-04:00" testType="13cdc9d9-ddb5-4fa4-a97d-d965ccfc6d4b" outcome="Passed" testListId="8c84fa94-04c1-424b-9868-57a2d4851a1d" relativeResultsDirectory="d0186869-74bd-40ab-b867-7d5e4bc578ad" /><UnitTestResult executionId="2b8db6b4-3db3-4e61-be76-bba0a1ac27f4" testId="8f4fd605-dcc5-4017-9841-b0c3dcd50edf" testName="Patch_MultipleInvalidReferencePropertiesReturnsMultipleValidationErrorsAndBadRequest" computerName="VECTOR" duration="00:00:00.0100000" startTime="2018-08-24T08:50:25.5183883-04:00" endTime="2018-08-24T08:50:25.5183919-04:00" testType="13cdc9d9-ddb5-4fa4-a97d-d965ccfc6d4b" outcome="Passed" testListId="8c84fa94-04c1-424b-9868-57a2d4851a1d" relativeResultsDirectory="2b8db6b4-3db3-4e61-be76-bba0a1ac27f4" /><UnitTestResult executionId="d5c92a1b-f9bd-49a1-aa0f-c47269674d63" testId="341952fd-aa18-4e0d-97fa-fbf3d0574a1b" testName="Patch_InvalidIdPropertyReturnsNotFound" computerName="VECTOR" duration="00:00:00.0210000" startTime="2018-08-24T08:50:31.3235206-04:00" endTime="2018-08-24T08:50:31.3235272-04:00" testType="13cdc9d9-ddb5-4fa4-a97d-d965ccfc6d4b" outcome="Passed" testListId="8c84fa94-04c1-424b-9868-57a2d4851a1d" relativeResultsDirectory="d5c92a1b-f9bd-49a1-aa0f-c47269674d63" /><UnitTestResult executionId="7ec21c31-97e6-4946-b2d7-c050f0730a8b" testId="bec136f2-50b7-4842-9c75-995448d5e9f8" testName="GetFile_ExistingFileReturnsSuccess" computerName="VECTOR" duration="00:00:00.0710000" startTime="2018-08-24T08:50:34.1549429-04:00" endTime="2018-08-24T08:50:34.1549501-04:00" testType="13cdc9d9-ddb5-4fa4-a97d-d965ccfc6d4b" outcome="Passed" testListId="8c84fa94-04c1-424b-9868-57a2d4851a1d" relativeResultsDirectory="7ec21c31-97e6-4946-b2d7-c050f0730a8b" /><UnitTestResult executionId="5445844d-82b3-4a01-8973-5f0cd708301e" testId="0d241448-6aa4-4904-be26-dcfd87398b9b" testName="Post_ValidReferencePropertyCreatesModel" computerName="VECTOR" duration="00:00:00.0090000" startTime="2018-08-24T08:50:25.0291835-04:00" endTime="2018-08-24T08:50:25.0291856-04:00" testType="13cdc9d9-ddb5-4fa4-a97d-d965ccfc6d4b" outcome="Passed" testListId="8c84fa94-04c1-424b-9868-57a2d4851a1d" relativeResultsDirectory="5445844d-82b3-4a01-8973-5f0cd708301e" /><UnitTestResult executionId="e8183a3a-09b3-45a9-a2a4-e09c92a355c5" testId="96300f4e-8518-412b-b4fd-286e0db9d2b1" testName="CameraHasExpectedDependentFiles" computerName="VECTOR" duration="00:00:00.0010000" startTime="2018-08-24T08:50:24.2172793-04:00" endTime="2018-08-24T08:50:24.2172809-04:00" testType="13cdc9d9-ddb5-4fa4-a97d-d965ccfc6d4b" outcome="Passed" testListId="8c84fa94-04c1-424b-9868-57a2d4851a1d" relativeResultsDirectory="e8183a3a-09b3-45a9-a2a4-e09c92a355c5" /><UnitTestResult executionId="cb8c6814-382a-49c1-ab7a-23247ca12a2f" testId="0cf07f19-60c5-417e-9112-1ec5ba3f7f60" testName="Post_CanCreateNewModel" computerName="VECTOR" duration="00:00:00.0180000" startTime="2018-08-24T08:50:25.3759307-04:00" endTime="2018-08-24T08:50:25.3759363-04:00" testType="13cdc9d9-ddb5-4fa4-a97d-d965ccfc6d4b" outcome="Passed" testListId="8c84fa94-04c1-424b-9868-57a2d4851a1d" relativeResultsDirectory="cb8c6814-382a-49c1-ab7a-23247ca12a2f" /><UnitTestResult executionId="52ff6d3d-17e9-49b3-80bc-d3dfcadca7f5" testId="f4445a0e-7bc7-4327-b001-54567c4dc605" testName="GetFile_NonExistentFileReturnsNotFound" computerName="VECTOR" duration="00:00:00.0340000" startTime="2018-08-24T08:50:31.6222440-04:00" endTime="2018-08-24T08:50:31.6222499-04:00" testType="13cdc9d9-ddb5-4fa4-a97d-d965ccfc6d4b" outcome="Passed" testListId="8c84fa94-04c1-424b-9868-57a2d4851a1d" relativeResultsDirectory="52ff6d3d-17e9-49b3-80bc-d3dfcadca7f5" /><UnitTestResult executionId="6d9eb964-6f2b-4271-bb5b-915ad88f60ab" testId="1b4978ae-3dd8-404a-9dec-599c63a0e06f" testName="FileRequest_FileCanBeReadAfterRename" computerName="VECTOR" duration="00:00:00.1190000" startTime="2018-08-24T08:50:27.3327523-04:00" endTime="2018-08-24T08:50:27.3327591-04:00" testType="13cdc9d9-ddb5-4fa4-a97d-d965ccfc6d4b" outcome="Passed" testListId="8c84fa94-04c1-424b-9868-57a2d4851a1d" relativeResultsDirectory="6d9eb964-6f2b-4271-bb5b-915ad88f60ab" /><UnitTestResult executionId="e415cf8f-97e6-4b58-a95a-44893a5472e6" testId="c92768e0-712a-45b3-9fce-542a3b602b22" testName="GetFile_FileCanBeRoundTripped" computerName="VECTOR" duration="00:00:00.2060000" startTime="2018-08-24T08:50:43.0667323-04:00" endTime="2018-08-24T08:50:43.0667368-04:00" testType="13cdc9d9-ddb5-4fa4-a97d-d965ccfc6d4b" outcome="Passed" testListId="8c84fa94-04c1-424b-9868-57a2d4851a1d" relativeResultsDirectory="e415cf8f-97e6-4b58-a95a-44893a5472e6" /><UnitTestResult executionId="4488d4b8-f8a3-4ebd-8dbc-6c4f6fcb885b" testId="48191bec-082e-4e53-a746-b869f468667e" testName="GetFile_NonExistentFileReturnsNotFound" computerName="VECTOR" duration="00:00:00.0180000" startTime="2018-08-24T08:50:27.6971329-04:00" endTime="2018-08-24T08:50:27.6971385-04:00" testType="13cdc9d9-ddb5-4fa4-a97d-d965ccfc6d4b" outcome="Passed" testListId="8c84fa94-04c1-424b-9868-57a2d4851a1d" relativeResultsDirectory="4488d4b8-f8a3-4ebd-8dbc-6c4f6fcb885b" /><UnitTestResult executionId="02fad4ac-9eb5-4ea1-92f2-45c2291ca6f9" testId="0d1d0015-5ed5-4c3d-b917-5a548852e1a9" testName="PostFile_FileTimeStampIsUpdatedAfterFileIsPosted" computerName="VECTOR" duration="00:00:00.0120000" startTime="2018-08-24T08:50:26.7064265-04:00" endTime="2018-08-24T08:50:26.7064386-04:00" testType="13cdc9d9-ddb5-4fa4-a97d-d965ccfc6d4b" outcome="Passed" testListId="8c84fa94-04c1-424b-9868-57a2d4851a1d" relativeResultsDirectory="02fad4ac-9eb5-4ea1-92f2-45c2291ca6f9" /><UnitTestResult executionId="fe82e064-ed0b-4753-a8e8-76ba62710e9e" testId="8d12de0a-1c17-4c8e-baa5-6b53d66b8653" testName="Patch_InvalidReferencePropertyReturnsBadRequest" computerName="VECTOR" duration="00:00:00.0200000" startTime="2018-08-24T08:50:28.1724019-04:00" endTime="2018-08-24T08:50:28.1724084-04:00" testType="13cdc9d9-ddb5-4fa4-a97d-d965ccfc6d4b" outcome="Passed" testListId="8c84fa94-04c1-424b-9868-57a2d4851a1d" relativeResultsDirectory="fe82e064-ed0b-4753-a8e8-76ba62710e9e" /><UnitTestResult executionId="ff590936-ceb9-43bb-9b1e-2b48c9ae31ae" testId="47952d70-7072-42e6-9421-e3fd0ad5496c" testName="Post_InvalidReferencePropertyReturnsBadRequest" computerName="VECTOR" duration="00:00:00.0180000" startTime="2018-08-24T08:50:43.2165557-04:00" endTime="2018-08-24T08:50:43.2165617-04:00" testType="13cdc9d9-ddb5-4fa4-a97d-d965ccfc6d4b" outcome="Passed" testListId="8c84fa94-04c1-424b-9868-57a2d4851a1d" relativeResultsDirectory="ff590936-ceb9-43bb-9b1e-2b48c9ae31ae" /><UnitTestResult executionId="9df43408-6140-4099-919f-aa4b2e872501" testId="2aa7ec0c-f9c5-4185-8a6a-8b6b2bd400fe" testName="Put_ValidReferencePropertyUpdatesModel" computerName="VECTOR" duration="00:00:00.0990000" startTime="2018-08-24T08:50:28.2894480-04:00" endTime="2018-08-24T08:50:28.2894546-04:00" testType="13cdc9d9-ddb5-4fa4-a97d-d965ccfc6d4b" outcome="Passed" testListId="8c84fa94-04c1-424b-9868-57a2d4851a1d" relativeResultsDirectory="9df43408-6140-4099-919f-aa4b2e872501" /><UnitTestResult executionId="bd3c173b-24e5-435b-9c6b-dc092d381d6a" testId="2df12145-c7a9-4ab7-8e95-e228bb9f625b" testName="Patch_InvalidPropertyNameReturnsBadRequest" computerName="VECTOR" duration="00:00:00.0150000" startTime="2018-08-24T08:50:43.3947406-04:00" endTime="2018-08-24T08:50:43.3947470-04:00" testType="13cdc9d9-ddb5-4fa4-a97d-d965ccfc6d4b" outcome="Passed" testListId="8c84fa94-04c1-424b-9868-57a2d4851a1d" relativeResultsDirectory="bd3c173b-24e5-435b-9c6b-dc092d381d6a" /><UnitTestResult executionId="50115ddd-66f7-4142-bde9-6375401b414a" testId="6b726294-03b4-43e9-8529-16f50afbe534" testName="Patch_InvalidEnumPropertyValueReturnsBadRequest" computerName="VECTOR" duration="00:00:00.0080000" startTime="2018-08-24T08:50:28.3787105-04:00" endTime="2018-08-24T08:50:28.3787149-04:00" testType="13cdc9d9-ddb5-4fa4-a97d-d965ccfc6d4b" outcome="Passed" testListId="8c84fa94-04c1-424b-9868-57a2d4851a1d" relativeResultsDirectory="50115ddd-66f7-4142-bde9-6375401b414a" /><UnitTestResult executionId="0c470f9f-d2e0-4f65-aba0-71a9c5aa70ef" testId="6cfa62bf-d1a7-4a22-97d8-9fee244f7980" testName="Patch_ValidReferencePropertyUpdatesModel" computerName="VECTOR" duration="00:00:00.6660000" startTime="2018-08-24T08:50:24.8943323-04:00" endTime="2018-08-24T08:50:24.8943387-04:00" testType="13cdc9d9-ddb5-4fa4-a97d-d965ccfc6d4b" outcome="Passed" testListId="8c84fa94-04c1-424b-9868-57a2d4851a1d" relativeResultsDirectory="0c470f9f-d2e0-4f65-aba0-71a9c5aa70ef" /><UnitTestResult executionId="0c368ec0-114e-4418-ba8b-bd40f42ca42d" testId="4cb336d8-0b20-412a-9dcf-51a9950c17b7" testName="PostFile_FileIsSynchronizedIsUpdatedAfterFileIsPosted" computerName="VECTOR" duration="00:00:00.1010000" startTime="2018-08-24T08:50:42.7619116-04:00" endTime="2018-08-24T08:50:42.7619171-04:00" testType="13cdc9d9-ddb5-4fa4-a97d-d965ccfc6d4b" outcome="Passed" testListId="8c84fa94-04c1-424b-9868-57a2d4851a1d" relativeResultsDirectory="0c368ec0-114e-4418-ba8b-bd40f42ca42d" /><UnitTestResult executionId="069aeded-bd56-4a93-b6bd-3664e8f6e2e9" testId="d7a18f1c-7d1c-44ec-b0e3-2e781cbf0ff8" testName="PutFile_NewFileCanBePut" computerName="VECTOR" duration="00:00:00.0710000" startTime="2018-08-24T08:50:42.6600375-04:00" endTime="2018-08-24T08:50:42.6600412-04:00" testType="13cdc9d9-ddb5-4fa4-a97d-d965ccfc6d4b" outcome="Passed" testListId="8c84fa94-04c1-424b-9868-57a2d4851a1d" relativeResultsDirectory="069aeded-bd56-4a93-b6bd-3664e8f6e2e9" /><UnitTestResult executionId="9a560d6a-6945-4ff8-b8e9-8f66c1279ed6" testId="d4441cf5-d1e4-498f-b88e-073177d251fa" testName="Put_InvalidReferencePropertyReturndBadRequest" computerName="VECTOR" duration="00:00:00.0390000" startTime="2018-08-24T08:50:31.5640679-04:00" endTime="2018-08-24T08:50:31.5640739-04:00" testType="13cdc9d9-ddb5-4fa4-a97d-d965ccfc6d4b" outcome="Passed" testListId="8c84fa94-04c1-424b-9868-57a2d4851a1d" relativeResultsDirectory="9a560d6a-6945-4ff8-b8e9-8f66c1279ed6" /><UnitTestResult executionId="2948b19c-2842-402a-a64d-04ade835a17b" testId="3d2528fb-e947-46ee-b7c3-dddd5d1000df" testName="Patch_ValidReferencePropertyUpdatesModel" computerName="VECTOR" duration="00:00:00.0660000" startTime="2018-08-24T08:50:28.4455612-04:00" endTime="2018-08-24T08:50:28.4455676-04:00" testType="13cdc9d9-ddb5-4fa4-a97d-d965ccfc6d4b" outcome="Passed" testListId="8c84fa94-04c1-424b-9868-57a2d4851a1d" relativeResultsDirectory="2948b19c-2842-402a-a64d-04ade835a17b" /><UnitTestResult executionId="f83b7ed6-ef2d-48d8-92ae-620afb1e5305" testId="5991e9cf-3a81-450d-b7ac-7cf115c3aaa3" testName="Put_ValidReferencePropertyUpdatesModel" computerName="VECTOR" duration="00:00:00.0500000" startTime="2018-08-24T08:50:26.4541855-04:00" endTime="2018-08-24T08:50:26.4541917-04:00" testType="13cdc9d9-ddb5-4fa4-a97d-d965ccfc6d4b" outcome="Passed" testListId="8c84fa94-04c1-424b-9868-57a2d4851a1d" relativeResultsDirectory="f83b7ed6-ef2d-48d8-92ae-620afb1e5305" /><UnitTestResult executionId="bea12fc0-3577-4dc3-8e48-586c46bcfcf1" testId="9067cef9-d4fa-4aa5-8fef-312805dfd57b" testName="Delete_TargetModelIsDeleted" computerName="VECTOR" duration="00:00:00.0410000" startTime="2018-08-24T08:50:31.4935541-04:00" endTime="2018-08-24T08:50:31.4935603-04:00" testType="13cdc9d9-ddb5-4fa4-a97d-d965ccfc6d4b" outcome="Passed" testListId="8c84fa94-04c1-424b-9868-57a2d4851a1d" relativeResultsDirectory="bea12fc0-3577-4dc3-8e48-586c46bcfcf1" /><UnitTestResult executionId="8d5ea518-c1d2-49c2-86c5-e4d1957e5b9d" testId="cc4065df-1aed-4b83-94e3-0a977a9ee8d5" testName="GetList_ListReturnsCorrectCount" computerName="VECTOR" duration="00:00:00.0230000" startTime="2018-08-24T08:50:39.8783124-04:00" endTime="2018-08-24T08:50:39.8783186-04:00" testType="13cdc9d9-ddb5-4fa4-a97d-d965ccfc6d4b" outcome="Passed" testListId="8c84fa94-04c1-424b-9868-57a2d4851a1d" relativeResultsDirectory="8d5ea518-c1d2-49c2-86c5-e4d1957e5b9d" /><UnitTestResult executionId="815e1f47-b2dc-4d97-853f-84075faa0d3c" testId="86061e2b-a2f4-4ec4-a602-0461e7e2a114" testName="Put_InvalidReferencePropertyReturndBadRequest" computerName="VECTOR" duration="00:00:00.0480000" startTime="2018-08-24T08:50:39.9492603-04:00" endTime="2018-08-24T08:50:39.9492710-04:00" testType="13cdc9d9-ddb5-4fa4-a97d-d965ccfc6d4b" outcome="Passed" testListId="8c84fa94-04c1-424b-9868-57a2d4851a1d" relativeResultsDirectory="815e1f47-b2dc-4d97-853f-84075faa0d3c" /><UnitTestResult executionId="246a45aa-8c67-4b19-9d17-de588b3bd511" testId="ef64349c-2741-4fce-8e3a-523451c503d1" testName="Patch_MultipleInvalidReferencePropertiesReturnsMultipleValidationErrorsAndBadRequest" computerName="VECTOR" duration="00:00:00.0300000" startTime="2018-08-24T08:50:28.1250125-04:00" endTime="2018-08-24T08:50:28.1250185-04:00" testType="13cdc9d9-ddb5-4fa4-a97d-d965ccfc6d4b" outcome="Passed" testListId="8c84fa94-04c1-424b-9868-57a2d4851a1d" relativeResultsDirectory="246a45aa-8c67-4b19-9d17-de588b3bd511" /><UnitTestResult executionId="13b5d598-5a65-45ba-a917-1dc3e531e8b3" testId="803404e3-c0e0-4ee4-aaa9-9fadf41cc95e" testName="Post_ValidReferencePropertyCreatesModel" computerName="VECTOR" duration="00:00:00.0360000" startTime="2018-08-24T08:50:40.6376865-04:00" endTime="2018-08-24T08:50:40.6376974-04:00" testType="13cdc9d9-ddb5-4fa4-a97d-d965ccfc6d4b" outcome="Passed" testListId="8c84fa94-04c1-424b-9868-57a2d4851a1d" relativeResultsDirectory="13b5d598-5a65-45ba-a917-1dc3e531e8b3" /><UnitTestResult executionId="bfce123d-50cb-4768-9840-5fbe3b1b7652" testId="0dbc77c3-0be3-47c3-8828-fbe289cf11df" testName="Put_CanUpdateModel" computerName="VECTOR" duration="00:00:00.4900000" startTime="2018-08-24T08:50:31.0366173-04:00" endTime="2018-08-24T08:50:31.0366281-04:00" testType="13cdc9d9-ddb5-4fa4-a97d-d965ccfc6d4b" outcome="Passed" testListId="8c84fa94-04c1-424b-9868-57a2d4851a1d" relativeResultsDirectory="bfce123d-50cb-4768-9840-5fbe3b1b7652" /><UnitTestResult executionId="7ae910c0-01ae-4f52-bc6c-752bf2fcf3a5" testId="c225b6e2-a358-4b79-9312-fce8aacaf67b" testName="GetSingle_InvalidIdPropertyValueReturnsNotFound" computerName="VECTOR" duration="00:00:00.0130000" startTime="2018-08-24T08:50:43.1976873-04:00" endTime="2018-08-24T08:50:43.1977010-04:00" testType="13cdc9d9-ddb5-4fa4-a97d-d965ccfc6d4b" outcome="Passed" testListId="8c84fa94-04c1-424b-9868-57a2d4851a1d" relativeResultsDirectory="7ae910c0-01ae-4f52-bc6c-752bf2fcf3a5" /><UnitTestResult executionId="501b8d5e-53b7-4f88-89be-2f84bef10696" testId="0bacf26d-e397-4399-879b-b482d4e32651" testName="Patch_MultipleInvalidReferencePropertiesReturnsMultipleValidationErrorsAndBadRequest" computerName="VECTOR" duration="00:00:00.0310000" startTime="2018-08-24T08:50:40.4180689-04:00" endTime="2018-08-24T08:50:40.4180750-04:00" testType="13cdc9d9-ddb5-4fa4-a97d-d965ccfc6d4b" outcome="Passed" testListId="8c84fa94-04c1-424b-9868-57a2d4851a1d" relativeResultsDirectory="501b8d5e-53b7-4f88-89be-2f84bef10696" /><UnitTestResult executionId="6783122d-7a4e-4d5a-9318-ab0d3828488d" testId="30acecf6-472c-4377-b334-59c84d5c891b" testName="Patch_TargetPropertyIsUpdated" computerName="VECTOR" duration="00:00:00.0610000" startTime="2018-08-24T08:50:28.5074540-04:00" endTime="2018-08-24T08:50:28.5074603-04:00" testType="13cdc9d9-ddb5-4fa4-a97d-d965ccfc6d4b" outcome="Passed" testListId="8c84fa94-04c1-424b-9868-57a2d4851a1d" relativeResultsDirectory="6783122d-7a4e-4d5a-9318-ab0d3828488d" /><UnitTestResult executionId="ec46855a-1a0f-499b-99f5-490e29eb981e" testId="f2991929-e64b-420e-a100-0569eeb73cf2" testName="Post_InvalidPropertyValueReturnsBadRequest" computerName="VECTOR" duration="00:00:00.0130000" startTime="2018-08-24T08:50:43.4082443-04:00" endTime="2018-08-24T08:50:43.4082482-04:00" testType="13cdc9d9-ddb5-4fa4-a97d-d965ccfc6d4b" outcome="Passed" testListId="8c84fa94-04c1-424b-9868-57a2d4851a1d" relativeResultsDirectory="ec46855a-1a0f-499b-99f5-490e29eb981e" /><UnitTestResult executionId="30a27e19-f5d1-4e99-987f-9de4fc549db3" testId="a05cc096-3c1b-4889-9e9b-081002f0a2dc" testName="Put_ValidReferencePropertyUpdatesModel" computerName="VECTOR" duration="00:00:00.0660000" startTime="2018-08-24T08:50:31.1034499-04:00" endTime="2018-08-24T08:50:31.1034565-04:00" testType="13cdc9d9-ddb5-4fa4-a97d-d965ccfc6d4b" outcome="Passed" testListId="8c84fa94-04c1-424b-9868-57a2d4851a1d" relativeResultsDirectory="30a27e19-f5d1-4e99-987f-9de4fc549db3" /><UnitTestResult executionId="feb5bd33-7fe1-4531-b8ee-1694b3bb2927" testId="5ba32216-1f86-481f-9322-5d1a702110d7" testName="GetList_ListReturnsCorrectCount" computerName="VECTOR" duration="00:00:00.0160000" startTime="2018-08-24T08:50:43.1743858-04:00" endTime="2018-08-24T08:50:43.1743912-04:00" testType="13cdc9d9-ddb5-4fa4-a97d-d965ccfc6d4b" outcome="Passed" testListId="8c84fa94-04c1-424b-9868-57a2d4851a1d" relativeResultsDirectory="feb5bd33-7fe1-4531-b8ee-1694b3bb2927" /><UnitTestResult executionId="4f2a20a0-2087-4828-a821-9d586384fdc2" testId="ae4ea7f8-d5a2-45c1-be55-1b1307ed5666" testName="FileRequest_FileCanBeReadAfterRename" computerName="VECTOR" duration="00:00:00.1260000" startTime="2018-08-24T08:50:39.8180095-04:00" endTime="2018-08-24T08:50:39.8180156-04:00" testType="13cdc9d9-ddb5-4fa4-a97d-d965ccfc6d4b" outcome="Passed" testListId="8c84fa94-04c1-424b-9868-57a2d4851a1d" relativeResultsDirectory="4f2a20a0-2087-4828-a821-9d586384fdc2" /><UnitTestResult executionId="500518f0-86b6-431b-9367-ab1dc845e827" testId="405be227-4e9c-4eda-9f3b-a1b066dc3837" testName="Put_InvalidReferencePropertyReturndBadRequest" computerName="VECTOR" duration="00:00:00.0150000" startTime="2018-08-24T08:50:25.5335207-04:00" endTime="2018-08-24T08:50:25.5335298-04:00" testType="13cdc9d9-ddb5-4fa4-a97d-d965ccfc6d4b" outcome="Passed" testListId="8c84fa94-04c1-424b-9868-57a2d4851a1d" relativeResultsDirectory="500518f0-86b6-431b-9367-ab1dc845e827" /><UnitTestResult executionId="9d3e5e36-2960-418f-9135-3134ebae5d2e" testId="b6f93e65-f74b-40c0-a3ee-e995397d5765" testName="Post_InvalidReferencePropertyReturnsBadRequest" computerName="VECTOR" duration="00:00:00.0280000" startTime="2018-08-24T08:50:31.3758622-04:00" endTime="2018-08-24T08:50:31.3758680-04:00" testType="13cdc9d9-ddb5-4fa4-a97d-d965ccfc6d4b" outcome="Passed" testListId="8c84fa94-04c1-424b-9868-57a2d4851a1d" relativeResultsDirectory="9d3e5e36-2960-418f-9135-3134ebae5d2e" /><UnitTestResult executionId="0ced9111-4689-44fd-b7b8-23b273228117" testId="6e5f9f37-3493-4d55-8c05-d7a6dbb19766" testName="PostFile_FileIsSynchronizedIsUpdatedAfterFileIsPosted" computerName="VECTOR" duration="00:00:00.0110000" startTime="2018-08-24T08:50:27.7084970-04:00" endTime="2018-08-24T08:50:27.7085017-04:00" testType="13cdc9d9-ddb5-4fa4-a97d-d965ccfc6d4b" outcome="Passed" testListId="8c84fa94-04c1-424b-9868-57a2d4851a1d" relativeResultsDirectory="0ced9111-4689-44fd-b7b8-23b273228117" /><UnitTestResult executionId="be0e7343-db83-4114-a23d-d6d28a0aa9d0" testId="61bcab2a-3169-43da-a644-42c0210c6b52" testName="GetSingle_InvalidIdPropertyValueReturnsNotFound" computerName="VECTOR" duration="00:00:00.0220000" startTime="2018-08-24T08:50:40.6009806-04:00" endTime="2018-08-24T08:50:40.6009863-04:00" testType="13cdc9d9-ddb5-4fa4-a97d-d965ccfc6d4b" outcome="Passed" testListId="8c84fa94-04c1-424b-9868-57a2d4851a1d" relativeResultsDirectory="be0e7343-db83-4114-a23d-d6d28a0aa9d0" /><UnitTestResult executionId="af47df12-339d-4d08-8952-8a66fe20f158" testId="a33b7f6d-6b03-4ff7-85f8-01a07da314e1" testName="Patch_InvalidReferencePropertyReturnsBadRequest" computerName="VECTOR" duration="00:00:00.0230000" startTime="2018-08-24T08:50:43.4918276-04:00" endTime="2018-08-24T08:50:43.4918367-04:00" testType="13cdc9d9-ddb5-4fa4-a97d-d965ccfc6d4b" outcome="Passed" testListId="8c84fa94-04c1-424b-9868-57a2d4851a1d" relativeResultsDirectory="af47df12-339d-4d08-8952-8a66fe20f158" /><UnitTestResult executionId="cd89cebd-abf4-4397-988b-2c4689e025b4" testId="ebc21939-7b3e-47de-bbbf-5529f2d96ed0" testName="Post_ValidReferencePropertyCreatesModel" computerName="VECTOR" duration="00:00:00.0260000" startTime="2018-08-24T08:50:43.3294872-04:00" endTime="2018-08-24T08:50:43.3294928-04:00" testType="13cdc9d9-ddb5-4fa4-a97d-d965ccfc6d4b" outcome="Passed" testListId="8c84fa94-04c1-424b-9868-57a2d4851a1d" relativeResultsDirectory="cd89cebd-abf4-4397-988b-2c4689e025b4" /><UnitTestResult executionId="2bc58445-544e-49d7-bed5-fd5623a8ec98" testId="27063433-117e-4829-a127-bf0e6ba95ccd" testName="FileRequest_MeshIsInvalidatedAfterDepthBufferFileBecomesUnsynchronized" computerName="VECTOR" duration="00:00:02.0920000" startTime="2018-08-24T08:50:33.8187027-04:00" endTime="2018-08-24T08:50:33.8187150-04:00" testType="13cdc9d9-ddb5-4fa4-a97d-d965ccfc6d4b" outcome="Passed" testListId="8c84fa94-04c1-424b-9868-57a2d4851a1d" relativeResultsDirectory="2bc58445-544e-49d7-bed5-fd5623a8ec98" /><UnitTestResult executionId="32433214-3ecc-40c9-b0b5-783ae2fabc9b" testId="cf4cb2f6-39f5-47b6-ae62-3ff6a100c8eb" testName="Patch_MultipleInvalidReferencePropertiesReturnsMultipleValidationErrorsAndBadRequest" computerName="VECTOR" duration="00:00:00.0310000" startTime="2018-08-24T08:50:26.5314576-04:00" endTime="2018-08-24T08:50:26.5314685-04:00" testType="13cdc9d9-ddb5-4fa4-a97d-d965ccfc6d4b" outcome="Passed" testListId="8c84fa94-04c1-424b-9868-57a2d4851a1d" relativeResultsDirectory="32433214-3ecc-40c9-b0b5-783ae2fabc9b" /><UnitTestResult executionId="b8aad71d-b5bc-4994-8d9d-89377621a0c9" testId="519bef5b-eb89-406f-8088-d01fb701f806" testName="Post_InvalidReferencePropertyReturnsBadRequest" computerName="VECTOR" duration="00:00:00.3490000" startTime="2018-08-24T08:50:25.9183885-04:00" endTime="2018-08-24T08:50:25.9183950-04:00" testType="13cdc9d9-ddb5-4fa4-a97d-d965ccfc6d4b" outcome="Passed" testListId="8c84fa94-04c1-424b-9868-57a2d4851a1d" relativeResultsDirectory="b8aad71d-b5bc-4994-8d9d-89377621a0c9" /><UnitTestResult executionId="6b0a145c-175f-438d-8554-b8e99105805d" testId="4a4a7694-a13b-41b7-9333-110ff4e6c22b" testName="Put_ValidReferencePropertyUpdatesModel" computerName="VECTOR" duration="00:00:00.2420000" startTime="2018-08-24T08:50:40.3509911-04:00" endTime="2018-08-24T08:50:40.3509984-04:00" testType="13cdc9d9-ddb5-4fa4-a97d-d965ccfc6d4b" outcome="Passed" testListId="8c84fa94-04c1-424b-9868-57a2d4851a1d" relativeResultsDirectory="6b0a145c-175f-438d-8554-b8e99105805d" /><UnitTestResult executionId="95576d61-6a1b-442f-b0f1-31c69d088f98" testId="1476c605-31d4-4c9e-8fff-3240c6592bf3" testName="Patch_TargetPropertyIsUpdated" computerName="VECTOR" duration="00:00:00.0740000" startTime="2018-08-24T08:50:25.3352381-04:00" endTime="2018-08-24T08:50:25.3352533-04:00" testType="13cdc9d9-ddb5-4fa4-a97d-d965ccfc6d4b" outcome="Passed" testListId="8c84fa94-04c1-424b-9868-57a2d4851a1d" relativeResultsDirectory="95576d61-6a1b-442f-b0f1-31c69d088f98" /><UnitTestResult executionId="391a8d72-9bbc-4d10-bc9a-5f2222cd2003" testId="66bfccc7-3a52-4ac5-af3e-9416151f9951" testName="Patch_InvalidEnumPropertyValueReturnsBadRequest" computerName="VECTOR" duration="00:00:00.0230000" startTime="2018-08-24T08:50:31.1271292-04:00" endTime="2018-08-24T08:50:31.1271350-04:00" testType="13cdc9d9-ddb5-4fa4-a97d-d965ccfc6d4b" outcome="Passed" testListId="8c84fa94-04c1-424b-9868-57a2d4851a1d" relativeResultsDirectory="391a8d72-9bbc-4d10-bc9a-5f2222cd2003" /><UnitTestResult executionId="5efc0302-7ceb-46eb-9090-3e0116edfce2" testId="2185d20e-b5a5-4fb7-b30b-a082a806836c" testName="Patch_InvalidPropertyNameReturnsBadRequest" computerName="VECTOR" duration="00:00:00.0230000" startTime="2018-08-24T08:50:31.3018816-04:00" endTime="2018-08-24T08:50:31.3018884-04:00" testType="13cdc9d9-ddb5-4fa4-a97d-d965ccfc6d4b" outcome="Passed" testListId="8c84fa94-04c1-424b-9868-57a2d4851a1d" relativeResultsDirectory="5efc0302-7ceb-46eb-9090-3e0116edfce2" /><UnitTestResult executionId="f41859cf-1674-45dc-bc0b-e24bd644c713" testId="f06fd326-1eaf-40af-accb-6c7e8fa5f33d" testName="MeshTransformHasExpectedDependentFiles" computerName="VECTOR" duration="00:00:00.0010000" startTime="2018-08-24T08:50:24.2175375-04:00" endTime="2018-08-24T08:50:24.2175390-04:00" testType="13cdc9d9-ddb5-4fa4-a97d-d965ccfc6d4b" outcome="Passed" testListId="8c84fa94-04c1-424b-9868-57a2d4851a1d" relativeResultsDirectory="f41859cf-1674-45dc-bc0b-e24bd644c713" /><UnitTestResult executionId="e98f2ad2-3f9e-4e06-a578-cbfd9b36d1a9" testId="086ba312-3288-4a1e-9f7b-4eb627c27d7f" testName="GetSingle_InvalidIdPropertyValueReturnsNotFound" computerName="VECTOR" duration="00:00:00.0140000" startTime="2018-08-24T08:50:25.4535557-04:00" endTime="2018-08-24T08:50:25.4535608-04:00" testType="13cdc9d9-ddb5-4fa4-a97d-d965ccfc6d4b" outcome="Passed" testListId="8c84fa94-04c1-424b-9868-57a2d4851a1d" relativeResultsDirectory="e98f2ad2-3f9e-4e06-a578-cbfd9b36d1a9" /><UnitTestResult executionId="6d552148-d694-4842-a0e3-32e49a2d1c3b" testId="a3e24007-2987-47aa-9117-28d5bca0034b" testName="PutFile_FileCanBeUpdated" computerName="VECTOR" duration="00:00:00.1420000" startTime="2018-08-24T08:50:42.0321957-04:00" endTime="2018-08-24T08:50:42.0322011-04:00" testType="13cdc9d9-ddb5-4fa4-a97d-d965ccfc6d4b" outcome="Passed" testListId="8c84fa94-04c1-424b-9868-57a2d4851a1d" relativeResultsDirectory="6d552148-d694-4842-a0e3-32e49a2d1c3b" /><UnitTestResult executionId="ed54f070-9a0b-45c4-8e9c-f732d4181ee0" testId="ca666e80-7d3d-4805-8bf7-ec0aa8fac417" testName="Post_InvalidPropertyValueReturnsBadRequest" computerName="VECTOR" duration="00:00:00.0170000" startTime="2018-08-24T08:50:25.5677035-04:00" endTime="2018-08-24T08:50:25.5677113-04:00" testType="13cdc9d9-ddb5-4fa4-a97d-d965ccfc6d4b" outcome="Passed" testListId="8c84fa94-04c1-424b-9868-57a2d4851a1d" relativeResultsDirectory="ed54f070-9a0b-45c4-8e9c-f732d4181ee0" /><UnitTestResult executionId="108ef093-a1e4-48c3-8567-29f610f410b9" testId="1b5294e0-f392-48cb-9de3-5197f918c51a" testName="Post_InvalidReferencePropertyReturnsBadRequest" computerName="VECTOR" duration="00:00:00.0150000" startTime="2018-08-24T08:50:28.6164775-04:00" endTime="2018-08-24T08:50:28.6164821-04:00" testType="13cdc9d9-ddb5-4fa4-a97d-d965ccfc6d4b" outcome="Passed" testListId="8c84fa94-04c1-424b-9868-57a2d4851a1d" relativeResultsDirectory="108ef093-a1e4-48c3-8567-29f610f410b9" /><UnitTestResult executionId="ce304e56-1355-4c31-949c-c78f76055c60" testId="4277d679-d61a-44ce-8a8d-92057294d63b" testName="LucyModel3dHasTwoDependents" computerName="VECTOR" duration="00:00:00.5420000" startTime="2018-08-24T08:50:24.2071408-04:00" endTime="2018-08-24T08:50:24.2071477-04:00" testType="13cdc9d9-ddb5-4fa4-a97d-d965ccfc6d4b" outcome="Passed" testListId="8c84fa94-04c1-424b-9868-57a2d4851a1d" relativeResultsDirectory="ce304e56-1355-4c31-949c-c78f76055c60" /><UnitTestResult executionId="16aac2c6-e9f2-4087-9086-076e3e5a1e29" testId="d8df761d-9f4f-40ea-924f-cfaf23f79667" testName="Put_CanUpdateModel" computerName="VECTOR" duration="00:00:00.1090000" startTime="2018-08-24T08:50:26.2264517-04:00" endTime="2018-08-24T08:50:26.2264585-04:00" testType="13cdc9d9-ddb5-4fa4-a97d-d965ccfc6d4b" outcome="Passed" testListId="8c84fa94-04c1-424b-9868-57a2d4851a1d" relativeResultsDirectory="16aac2c6-e9f2-4087-9086-076e3e5a1e29" /><UnitTestResult executionId="59f3fc0e-df6b-43ee-9dcd-17e72129e246" testId="1e92b831-1128-4bbd-8ce3-dae7e90b677e" testName="Patch_TargetPropertyIsUpdated" computerName="VECTOR" duration="00:00:00.0720000" startTime="2018-08-24T08:50:31.1998331-04:00" endTime="2018-08-24T08:50:31.1998398-04:00" testType="13cdc9d9-ddb5-4fa4-a97d-d965ccfc6d4b" outcome="Passed" testListId="8c84fa94-04c1-424b-9868-57a2d4851a1d" relativeResultsDirectory="59f3fc0e-df6b-43ee-9dcd-17e72129e246" /><UnitTestResult executionId="23f2b746-303c-4f44-909c-2bbbbdb1da46" testId="b4fef315-bef4-4696-829c-c05098196d41" testName="Post_ValidReferencePropertyCreatesModel" computerName="VECTOR" duration="00:00:00.0260000" startTime="2018-08-24T08:50:28.3319801-04:00" endTime="2018-08-24T08:50:28.3319858-04:00" testType="13cdc9d9-ddb5-4fa4-a97d-d965ccfc6d4b" outcome="Passed" testListId="8c84fa94-04c1-424b-9868-57a2d4851a1d" relativeResultsDirectory="23f2b746-303c-4f44-909c-2bbbbdb1da46" /><UnitTestResult executionId="a899948b-ebde-427c-9208-ce86477e2498" testId="8d7ac990-d25b-4f69-919f-eb988c9bb813" testName="GetFile_FileCanBeRoundTripped" computerName="VECTOR" duration="00:00:00.0960000" startTime="2018-08-24T08:50:33.9149549-04:00" endTime="2018-08-24T08:50:33.9149612-04:00" testType="13cdc9d9-ddb5-4fa4-a97d-d965ccfc6d4b" outcome="Passed" testListId="8c84fa94-04c1-424b-9868-57a2d4851a1d" relativeResultsDirectory="a899948b-ebde-427c-9208-ce86477e2498" /><UnitTestResult executionId="871e3972-71e0-42e4-886e-20f3317cdab9" testId="480b9a28-b6ad-44f0-b319-8e03eef4b301" testName="Patch_TargetPropertyIsUpdated" computerName="VECTOR" duration="00:00:00.0630000" startTime="2018-08-24T08:50:40.1082366-04:00" endTime="2018-08-24T08:50:40.1082427-04:00" testType="13cdc9d9-ddb5-4fa4-a97d-d965ccfc6d4b" outcome="Passed" testListId="8c84fa94-04c1-424b-9868-57a2d4851a1d" relativeResultsDirectory="871e3972-71e0-42e4-886e-20f3317cdab9" /><UnitTestResult executionId="81221fff-2f31-49ad-989f-462c9bbba582" testId="1d0fd52a-ddae-4cd6-ab7a-9521596a02aa" testName="Patch_InvalidIdPropertyReturnsNotFound" computerName="VECTOR" duration="00:00:00.0160000" startTime="2018-08-24T08:50:25.5497060-04:00" endTime="2018-08-24T08:50:25.5497103-04:00" testType="13cdc9d9-ddb5-4fa4-a97d-d965ccfc6d4b" outcome="Passed" testListId="8c84fa94-04c1-424b-9868-57a2d4851a1d" relativeResultsDirectory="81221fff-2f31-49ad-989f-462c9bbba582" /><UnitTestResult executionId="13dd47a8-43a7-48cf-b3a1-26c5eae497a4" testId="891608eb-4543-42e3-865a-93556d09476b" testName="Post_CanCreateNewModel" computerName="VECTOR" duration="00:00:00.0380000" startTime="2018-08-24T08:50:31.2383741-04:00" endTime="2018-08-24T08:50:31.2383805-04:00" testType="13cdc9d9-ddb5-4fa4-a97d-d965ccfc6d4b" outcome="Passed" testListId="8c84fa94-04c1-424b-9868-57a2d4851a1d" relativeResultsDirectory="13dd47a8-43a7-48cf-b3a1-26c5eae497a4" /><UnitTestResult executionId="325658e3-f41b-4d79-be0d-66a931911bf7" testId="c09eaee0-74bf-42d0-958f-1b286a7f8c35" testName="Put_CanUpdateModel" computerName="VECTOR" duration="00:00:00.0390000" startTime="2018-08-24T08:50:25.4927223-04:00" endTime="2018-08-24T08:50:25.4927285-04:00" testType="13cdc9d9-ddb5-4fa4-a97d-d965ccfc6d4b" outcome="Passed" testListId="8c84fa94-04c1-424b-9868-57a2d4851a1d" relativeResultsDirectory="325658e3-f41b-4d79-be0d-66a931911bf7" /><UnitTestResult executionId="324a8f7e-2d87-419c-9b08-8706a89da5c8" testId="827478d2-81b8-412b-92f8-eff835227ad8" testName="GetFile_ExistingFileReturnsSuccess" computerName="VECTOR" duration="00:00:00.2520000" startTime="2018-08-24T08:50:27.2130770-04:00" endTime="2018-08-24T08:50:27.2130846-04:00" testType="13cdc9d9-ddb5-4fa4-a97d-d965ccfc6d4b" outcome="Passed" testListId="8c84fa94-04c1-424b-9868-57a2d4851a1d" relativeResultsDirectory="324a8f7e-2d87-419c-9b08-8706a89da5c8" /><UnitTestResult executionId="e8c9e420-2678-42dc-8814-1c68cbd216e3" testId="058ee8a2-5764-48ce-8b3a-023e9afb762f" testName="GetSingle_ValidIdPropertyValueReturnsCorrectModel" computerName="VECTOR" duration="00:00:00.0160000" startTime="2018-08-24T08:50:28.6008859-04:00" endTime="2018-08-24T08:50:28.6008912-04:00" testType="13cdc9d9-ddb5-4fa4-a97d-d965ccfc6d4b" outcome="Passed" testListId="8c84fa94-04c1-424b-9868-57a2d4851a1d" relativeResultsDirectory="e8c9e420-2678-42dc-8814-1c68cbd216e3" /><UnitTestResult executionId="92d5aff4-f889-48f7-845d-38c47da3dc05" testId="4f5abad2-9689-4db0-98cd-26f1d342833b" testName="Delete_TargetModelIsDeleted" computerName="VECTOR" duration="00:00:00.2290000" startTime="2018-08-24T08:50:25.2609687-04:00" endTime="2018-08-24T08:50:25.2609749-04:00" testType="13cdc9d9-ddb5-4fa4-a97d-d965ccfc6d4b" outcome="Passed" testListId="8c84fa94-04c1-424b-9868-57a2d4851a1d" relativeResultsDirectory="92d5aff4-f889-48f7-845d-38c47da3dc05" /><UnitTestResult executionId="ed213b2d-d5ea-49c0-b750-122bad4f51a0" testId="047d36e5-6599-4134-81c2-8ffd7ebf02ba" testName="Patch_InvalidIdPropertyReturnsNotFound" computerName="VECTOR" duration="00:00:00.0150000" startTime="2018-08-24T08:50:43.3789565-04:00" endTime="2018-08-24T08:50:43.3789661-04:00" testType="13cdc9d9-ddb5-4fa4-a97d-d965ccfc6d4b" outcome="Passed" testListId="8c84fa94-04c1-424b-9868-57a2d4851a1d" relativeResultsDirectory="ed213b2d-d5ea-49c0-b750-122bad4f51a0" /><UnitTestResult executionId="5bb88e50-5d4a-4bd1-8a72-a2bd2d677225" testId="d350e9b1-1cdb-4bd6-a18e-5451ed6dc0f7" testName="Put_InvalidIdReturnsNotFound" computerName="VECTOR" duration="00:00:00.0360000" startTime="2018-08-24T08:50:26.2804574-04:00" endTime="2018-08-24T08:50:26.2804629-04:00" testType="13cdc9d9-ddb5-4fa4-a97d-d965ccfc6d4b" outcome="Passed" testListId="8c84fa94-04c1-424b-9868-57a2d4851a1d" relativeResultsDirectory="5bb88e50-5d4a-4bd1-8a72-a2bd2d677225" /><UnitTestResult executionId="227bb358-21fa-4f7c-baaa-2d8e8d235b07" testId="a321a84c-e2a9-4110-8654-e9c5069f415b" testName="Patch_InvalidEnumPropertyValueReturnsBadRequest" computerName="VECTOR" duration="00:00:00.0100000" startTime="2018-08-24T08:50:25.4389132-04:00" endTime="2018-08-24T08:50:25.4389163-04:00" testType="13cdc9d9-ddb5-4fa4-a97d-d965ccfc6d4b" outcome="Passed" testListId="8c84fa94-04c1-424b-9868-57a2d4851a1d" relativeResultsDirectory="227bb358-21fa-4f7c-baaa-2d8e8d235b07" /><UnitTestResult executionId="2e674e78-affa-4074-8d38-18b194f62ed7" testId="2defbc72-8cb1-4243-b869-86e33167b710" testName="Patch_ValidReferencePropertyUpdatesModel" computerName="VECTOR" duration="00:00:00.7230000" startTime="2018-08-24T08:50:30.5456960-04:00" endTime="2018-08-24T08:50:30.5457023-04:00" testType="13cdc9d9-ddb5-4fa4-a97d-d965ccfc6d4b" outcome="Passed" testListId="8c84fa94-04c1-424b-9868-57a2d4851a1d" relativeResultsDirectory="2e674e78-affa-4074-8d38-18b194f62ed7" /><UnitTestResult executionId="f0f0b479-95bd-40c4-87b9-1d1fd0f576d3" testId="3b00f406-f6c1-4e23-8c7f-43ded377509f" testName="Put_ValidReferencePropertyUpdatesModel" computerName="VECTOR" duration="00:00:00.0120000" startTime="2018-08-24T08:50:25.3471813-04:00" endTime="2018-08-24T08:50:25.3471859-04:00" testType="13cdc9d9-ddb5-4fa4-a97d-d965ccfc6d4b" outcome="Passed" testListId="8c84fa94-04c1-424b-9868-57a2d4851a1d" relativeResultsDirectory="f0f0b479-95bd-40c4-87b9-1d1fd0f576d3" /><UnitTestResult executionId="525923e9-e299-4818-99d5-2be2db16e7a2" testId="ffa088a0-f0c7-4cd8-b5ca-69a71dae43ca" testName="PostFile_NewFileCanBePosted" computerName="VECTOR" duration="00:00:00.0950000" startTime="2018-08-24T08:50:35.4227784-04:00" endTime="2018-08-24T08:50:35.4227820-04:00" testType="13cdc9d9-ddb5-4fa4-a97d-d965ccfc6d4b" outcome="Passed" testListId="8c84fa94-04c1-424b-9868-57a2d4851a1d" relativeResultsDirectory="525923e9-e299-4818-99d5-2be2db16e7a2" /><UnitTestResult executionId="9f83be69-741c-4262-ae20-62d9411531c3" testId="2c2f8a65-1926-4907-90f5-0f6c409f2fa4" testName="GetSingle_ValidIdPropertyValueReturnsCorrectModel" computerName="VECTOR" duration="00:00:00.0170000" startTime="2018-08-24T08:50:26.3357782-04:00" endTime="2018-08-24T08:50:26.3357839-04:00" testType="13cdc9d9-ddb5-4fa4-a97d-d965ccfc6d4b" outcome="Passed" testListId="8c84fa94-04c1-424b-9868-57a2d4851a1d" relativeResultsDirectory="9f83be69-741c-4262-ae20-62d9411531c3" /><UnitTestResult executionId="48b886ac-a3ac-4c3e-a629-e836ce711137" testId="d99f2e82-4406-45f2-aaf3-d173dd092173" testName="Put_ValidReferencePropertyUpdatesModel" computerName="VECTOR" duration="00:00:00.0660000" startTime="2018-08-24T08:50:43.5587385-04:00" endTime="2018-08-24T08:50:43.5587448-04:00" testType="13cdc9d9-ddb5-4fa4-a97d-d965ccfc6d4b" outcome="Passed" testListId="8c84fa94-04c1-424b-9868-57a2d4851a1d" relativeResultsDirectory="48b886ac-a3ac-4c3e-a629-e836ce711137" /><UnitTestResult executionId="4d47a5da-6924-452b-8017-6b342e2f0959" testId="d558828b-c3ac-415f-9c2e-46c5e721272e" testName="Patch_InvalidEnumPropertyValueReturnsBadRequest" computerName="VECTOR" duration="00:00:00.0140000" startTime="2018-08-24T08:50:26.5687685-04:00" endTime="2018-08-24T08:50:26.5687751-04:00" testType="13cdc9d9-ddb5-4fa4-a97d-d965ccfc6d4b" outcome="Passed" testListId="8c84fa94-04c1-424b-9868-57a2d4851a1d" relativeResultsDirectory="4d47a5da-6924-452b-8017-6b342e2f0959" /><UnitTestResult executionId="7a7a3669-5f86-4f4f-a0c0-14eee104bbd3" testId="48e96500-68ce-4597-ac57-8de8a50cb0ec" testName="Patch_InvalidIdPropertyReturnsNotFound" computerName="VECTOR" duration="00:00:00.0190000" startTime="2018-08-24T08:50:40.0069145-04:00" endTime="2018-08-24T08:50:40.0069225-04:00" testType="13cdc9d9-ddb5-4fa4-a97d-d965ccfc6d4b" outcome="Passed" testListId="8c84fa94-04c1-424b-9868-57a2d4851a1d" relativeResultsDirectory="7a7a3669-5f86-4f4f-a0c0-14eee104bbd3" /><UnitTestResult executionId="8dc18647-0d6c-453a-81aa-b3b63a6b5e39" testId="0256ac6d-6364-499b-afc4-f4da7c8bc03b" testName="GetSingle_ValidIdPropertyValueReturnsCorrectModel" computerName="VECTOR" duration="00:00:00.0300000" startTime="2018-08-24T08:50:31.5243198-04:00" endTime="2018-08-24T08:50:31.5243255-04:00" testType="13cdc9d9-ddb5-4fa4-a97d-d965ccfc6d4b" outcome="Passed" testListId="8c84fa94-04c1-424b-9868-57a2d4851a1d" relativeResultsDirectory="8dc18647-0d6c-453a-81aa-b3b63a6b5e39" /><UnitTestResult executionId="cba1a757-b147-439e-9c69-0f3eecbc43e9" testId="efe00779-b4bf-4ecc-8ed7-497c07cb5fa2" testName="Patch_TargetPropertyIsUpdated" computerName="VECTOR" duration="00:00:00.1980000" startTime="2018-08-24T08:50:26.1173362-04:00" endTime="2018-08-24T08:50:26.1173422-04:00" testType="13cdc9d9-ddb5-4fa4-a97d-d965ccfc6d4b" outcome="Passed" testListId="8c84fa94-04c1-424b-9868-57a2d4851a1d" relativeResultsDirectory="cba1a757-b147-439e-9c69-0f3eecbc43e9" /><UnitTestResult executionId="50846f54-04cc-483e-8114-9995cc389550" testId="087549a1-9d4f-4f5b-92c6-857401c1baa7" testName="Post_ValidReferencePropertyCreatesModel" computerName="VECTOR" duration="00:00:00.0330000" startTime="2018-08-24T08:50:31.4518225-04:00" endTime="2018-08-24T08:50:31.4518290-04:00" testType="13cdc9d9-ddb5-4fa4-a97d-d965ccfc6d4b" outcome="Passed" testListId="8c84fa94-04c1-424b-9868-57a2d4851a1d" relativeResultsDirectory="50846f54-04cc-483e-8114-9995cc389550" /><UnitTestResult executionId="5f1fb92b-2e88-4b93-b812-7a4b2dc7d82a" testId="b4658cfc-5a40-418d-8f3f-4e1635bb9744" testName="Patch_InvalidPropertyNameReturnsBadRequest" computerName="VECTOR" duration="00:00:00.0240000" startTime="2018-08-24T08:50:26.3050208-04:00" endTime="2018-08-24T08:50:26.3050267-04:00" testType="13cdc9d9-ddb5-4fa4-a97d-d965ccfc6d4b" outcome="Passed" testListId="8c84fa94-04c1-424b-9868-57a2d4851a1d" relativeResultsDirectory="5f1fb92b-2e88-4b93-b812-7a4b2dc7d82a" /><UnitTestResult executionId="28ba08f3-5257-435b-b107-f5d0d60aadaf" testId="99f13095-9d6c-42f5-8bb8-e0622a23e21e" testName="Delete_TargetModelIsDeleted" computerName="VECTOR" duration="00:00:00.0290000" startTime="2018-08-24T08:50:43.1578746-04:00" endTime="2018-08-24T08:50:43.1578809-04:00" testType="13cdc9d9-ddb5-4fa4-a97d-d965ccfc6d4b" outcome="Passed" testListId="8c84fa94-04c1-424b-9868-57a2d4851a1d" relativeResultsDirectory="28ba08f3-5257-435b-b107-f5d0d60aadaf" /><UnitTestResult executionId="225789a5-af20-49c5-aac1-a8117d63f041" testId="e6b36c64-d324-4210-908e-060030f5e3ad" testName="GetFile_ExistingFileReturnsSuccess" computerName="VECTOR" duration="00:00:00.0350000" startTime="2018-08-24T08:50:40.7351627-04:00" endTime="2018-08-24T08:50:40.7351697-04:00" testType="13cdc9d9-ddb5-4fa4-a97d-d965ccfc6d4b" outcome="Passed" testListId="8c84fa94-04c1-424b-9868-57a2d4851a1d" relativeResultsDirectory="225789a5-af20-49c5-aac1-a8117d63f041" /><UnitTestResult executionId="944d72e8-1268-463f-ae50-4590530b978f" testId="3922312d-0733-45ff-ae21-517e69ee25be" testName="Post_InvalidPropertyValueReturnsBadRequest" computerName="VECTOR" duration="00:00:00.0220000" startTime="2018-08-24T08:50:31.5877467-04:00" endTime="2018-08-24T08:50:31.5877523-04:00" testType="13cdc9d9-ddb5-4fa4-a97d-d965ccfc6d4b" outcome="Passed" testListId="8c84fa94-04c1-424b-9868-57a2d4851a1d" relativeResultsDirectory="944d72e8-1268-463f-ae50-4590530b978f" /><UnitTestResult executionId="11227b1b-0f4b-4b98-b1a9-639e79f01096" testId="a95744f2-5424-41b3-8c47-a4c43899bc22" testName="Patch_MultipleInvalidReferencePropertiesReturnsMultipleValidationErrorsAndBadRequest" computerName="VECTOR" duration="00:00:00.0330000" startTime="2018-08-24T08:50:43.3634279-04:00" endTime="2018-08-24T08:50:43.3634381-04:00" testType="13cdc9d9-ddb5-4fa4-a97d-d965ccfc6d4b" outcome="Passed" testListId="8c84fa94-04c1-424b-9868-57a2d4851a1d" relativeResultsDirectory="11227b1b-0f4b-4b98-b1a9-639e79f01096" /><UnitTestResult executionId="ac024080-053f-4197-8571-d81580e92204" testId="073f5b56-590a-4429-b4a8-d0802b38b4d1" testName="GetSingle_ValidIdPropertyValueReturnsCorrectModel" computerName="VECTOR" duration="00:00:00.0150000" startTime="2018-08-24T08:50:25.4291128-04:00" endTime="2018-08-24T08:50:25.4291174-04:00" testType="13cdc9d9-ddb5-4fa4-a97d-d965ccfc6d4b" outcome="Passed" testListId="8c84fa94-04c1-424b-9868-57a2d4851a1d" relativeResultsDirectory="ac024080-053f-4197-8571-d81580e92204" /><UnitTestResult executionId="c2d12d14-f9a2-49f1-a49b-00d6da239a45" testId="3dd99f9e-49e5-4362-9f00-01c79adeaa32" testName="PutFile_FileCanBeUpdated" computerName="VECTOR" duration="00:00:00.1680000" startTime="2018-08-24T08:50:34.0831946-04:00" endTime="2018-08-24T08:50:34.0832001-04:00" testType="13cdc9d9-ddb5-4fa4-a97d-d965ccfc6d4b" outcome="Passed" testListId="8c84fa94-04c1-424b-9868-57a2d4851a1d" relativeResultsDirectory="c2d12d14-f9a2-49f1-a49b-00d6da239a45" /><UnitTestResult executionId="e5b2434c-39db-40a5-8d74-0e36b732b084" testId="95b67da7-2b1e-416d-a06e-e96ba8a10e2c" testName="GetSingle_InvalidIdPropertyValueReturnsNotFound" computerName="VECTOR" duration="00:00:00.0240000" startTime="2018-08-24T08:50:31.3477786-04:00" endTime="2018-08-24T08:50:31.3477851-04:00" testType="13cdc9d9-ddb5-4fa4-a97d-d965ccfc6d4b" outcome="Passed" testListId="8c84fa94-04c1-424b-9868-57a2d4851a1d" relativeResultsDirectory="e5b2434c-39db-40a5-8d74-0e36b732b084" /><UnitTestResult executionId="a53cbfc9-77f1-4549-abd1-eb5201181121" testId="cdb13faf-ef59-449b-9888-ca8839edd970" testName="DepthBufferHasExpectedDependentFiles" computerName="VECTOR" duration="00:00:00.0010000" startTime="2018-08-24T08:50:24.2229803-04:00" endTime="2018-08-24T08:50:24.2229829-04:00" testType="13cdc9d9-ddb5-4fa4-a97d-d965ccfc6d4b" outcome="Passed" testListId="8c84fa94-04c1-424b-9868-57a2d4851a1d" relativeResultsDirectory="a53cbfc9-77f1-4549-abd1-eb5201181121" /><UnitTestResult executionId="7290fca1-91b3-4a8c-baaa-c6377076972b" testId="81270195-f69a-470a-8bdd-48e47413e6c8" testName="Patch_ValidReferencePropertyUpdatesModel" computerName="VECTOR" duration="00:00:00.0670000" startTime="2018-08-24T08:50:40.5786457-04:00" endTime="2018-08-24T08:50:40.5786528-04:00" testType="13cdc9d9-ddb5-4fa4-a97d-d965ccfc6d4b" outcome="Passed" testListId="8c84fa94-04c1-424b-9868-57a2d4851a1d" relativeResultsDirectory="7290fca1-91b3-4a8c-baaa-c6377076972b" /><UnitTestResult executionId="4a775d4a-9564-4dc1-bd7c-23f5e4741507" testId="2ab6de60-e0d6-432b-aebd-70c80374b4de" testName="Patch_InvalidReferencePropertyReturnsBadRequest" computerName="VECTOR" duration="00:00:00.0300000" startTime="2018-08-24T08:50:26.6267819-04:00" endTime="2018-08-24T08:50:26.6267879-04:00" testType="13cdc9d9-ddb5-4fa4-a97d-d965ccfc6d4b" outcome="Passed" testListId="8c84fa94-04c1-424b-9868-57a2d4851a1d" relativeResultsDirectory="4a775d4a-9564-4dc1-bd7c-23f5e4741507" /><UnitTestResult executionId="14feec01-5b9a-40eb-8fbf-595bb1a9e804" testId="fd7b1587-5a3c-4329-bdbf-2c4822bc8697" testName="GetList_ListReturnsCorrectCount" computerName="VECTOR" duration="00:00:01.1150000" startTime="2018-08-24T08:50:29.7326449-04:00" endTime="2018-08-24T08:50:29.7326503-04:00" testType="13cdc9d9-ddb5-4fa4-a97d-d965ccfc6d4b" outcome="Passed" testListId="8c84fa94-04c1-424b-9868-57a2d4851a1d" relativeResultsDirectory="14feec01-5b9a-40eb-8fbf-595bb1a9e804" /><UnitTestResult executionId="f1448ced-9f89-40b1-8699-11fdb83f7a6b" testId="7cb1bc93-122c-4247-b976-5291ecc52cfb" testName="PostFile_FileTimeStampIsUpdatedAfterFileIsPosted" computerName="VECTOR" duration="00:00:01.1710000" startTime="2018-08-24T08:50:35.3269058-04:00" endTime="2018-08-24T08:50:35.3269101-04:00" testType="13cdc9d9-ddb5-4fa4-a97d-d965ccfc6d4b" outcome="Passed" testListId="8c84fa94-04c1-424b-9868-57a2d4851a1d" relativeResultsDirectory="f1448ced-9f89-40b1-8699-11fdb83f7a6b" /><UnitTestResult executionId="0d9f46d3-cf12-44c6-a9bb-c4b04680dd86" testId="db21ac19-af05-43e1-906a-a21640b11650" testName="Patch_InvalidReferencePropertyReturnsBadRequest" computerName="VECTOR" duration="00:00:00.0100000" startTime="2018-08-24T08:50:25.3572794-04:00" endTime="2018-08-24T08:50:25.3572823-04:00" testType="13cdc9d9-ddb5-4fa4-a97d-d965ccfc6d4b" outcome="Passed" testListId="8c84fa94-04c1-424b-9868-57a2d4851a1d" relativeResultsDirectory="0d9f46d3-cf12-44c6-a9bb-c4b04680dd86" /><UnitTestResult executionId="2d08501e-7161-48c9-a4fd-b8a2647e20bd" testId="356e2ed3-4f3c-4f6f-8e6e-784e18f5d448" testName="GetSingle_InvalidIdPropertyValueReturnsNotFound" computerName="VECTOR" duration="00:00:00.0180000" startTime="2018-08-24T08:50:26.2444071-04:00" endTime="2018-08-24T08:50:26.2444142-04:00" testType="13cdc9d9-ddb5-4fa4-a97d-d965ccfc6d4b" outcome="Passed" testListId="8c84fa94-04c1-424b-9868-57a2d4851a1d" relativeResultsDirectory="2d08501e-7161-48c9-a4fd-b8a2647e20bd" /><UnitTestResult executionId="1f304ff1-2547-4cf0-b8a0-a8fdf5ff4ee4" testId="e724f70b-a7bb-4198-b613-c81b57bbf7af" testName="PutFile_FileCanBeUpdated" computerName="VECTOR" duration="00:00:00.1440000" startTime="2018-08-24T08:50:26.9609526-04:00" endTime="2018-08-24T08:50:26.9609587-04:00" testType="13cdc9d9-ddb5-4fa4-a97d-d965ccfc6d4b" outcome="Passed" testListId="8c84fa94-04c1-424b-9868-57a2d4851a1d" relativeResultsDirectory="1f304ff1-2547-4cf0-b8a0-a8fdf5ff4ee4" /><UnitTestResult executionId="907c77c8-1046-4b0c-8abc-07360eb691ff" testId="1dca54a1-257f-4cef-8bdb-d52f985bfa20" testName="PutFile_NewFileCanBePut" computerName="VECTOR" duration="00:00:00.1030000" startTime="2018-08-24T08:50:31.7262059-04:00" endTime="2018-08-24T08:50:31.7262116-04:00" testType="13cdc9d9-ddb5-4fa4-a97d-d965ccfc6d4b" outcome="Passed" testListId="8c84fa94-04c1-424b-9868-57a2d4851a1d" relativeResultsDirectory="907c77c8-1046-4b0c-8abc-07360eb691ff" /><UnitTestResult executionId="1579e99d-d342-4f46-a66b-e5dac0592208" testId="ed37c8d7-5274-4b7f-9c16-1600aa1e582b" testName="GetSingle_ValidIdPropertyValueReturnsCorrectModel" computerName="VECTOR" duration="00:00:00.0240000" startTime="2018-08-24T08:50:40.4683994-04:00" endTime="2018-08-24T08:50:40.4684051-04:00" testType="13cdc9d9-ddb5-4fa4-a97d-d965ccfc6d4b" outcome="Passed" testListId="8c84fa94-04c1-424b-9868-57a2d4851a1d" relativeResultsDirectory="1579e99d-d342-4f46-a66b-e5dac0592208" /><UnitTestResult executionId="9461ff40-4fae-4982-9c3a-f70f47e37ba5" testId="726f8df9-5caf-4d25-857c-302a6c400e10" testName="Post_InvalidReferencePropertyReturnsBadRequest" computerName="VECTOR" duration="00:00:00.0250000" startTime="2018-08-24T08:50:40.4437236-04:00" endTime="2018-08-24T08:50:40.4437297-04:00" testType="13cdc9d9-ddb5-4fa4-a97d-d965ccfc6d4b" outcome="Passed" testListId="8c84fa94-04c1-424b-9868-57a2d4851a1d" relativeResultsDirectory="9461ff40-4fae-4982-9c3a-f70f47e37ba5" /><UnitTestResult executionId="0044ba5b-61f2-4199-bc4b-4c8ab7a4fb5b" testId="1c2c17e1-d8e6-4e5f-9ac3-d0a656139f03" testName="Put_InvalidReferencePropertyReturndBadRequest" computerName="VECTOR" duration="00:00:00.0200000" startTime="2018-08-24T08:50:28.3525208-04:00" endTime="2018-08-24T08:50:28.3525259-04:00" testType="13cdc9d9-ddb5-4fa4-a97d-d965ccfc6d4b" outcome="Passed" testListId="8c84fa94-04c1-424b-9868-57a2d4851a1d" relativeResultsDirectory="0044ba5b-61f2-4199-bc4b-4c8ab7a4fb5b" /><UnitTestResult executionId="c1767acb-dbf4-4188-85cc-3634c92ac0cb" testId="43f72c12-db38-4fa3-8c4a-c0743fb1ee14" testName="Model3dHasExpectedDependentFiles" computerName="VECTOR" duration="00:00:00.0350000" startTime="2018-08-24T08:50:23.6668333-04:00" endTime="2018-08-24T08:50:23.6668379-04:00" testType="13cdc9d9-ddb5-4fa4-a97d-d965ccfc6d4b" outcome="Passed" testListId="8c84fa94-04c1-424b-9868-57a2d4851a1d" relativeResultsDirectory="c1767acb-dbf4-4188-85cc-3634c92ac0cb" /><UnitTestResult executionId="b0226d26-8726-4ee7-813c-d3ed188a3db1" testId="e4a320fc-359f-4d05-bc01-b6357237b1df" testName="Delete_TargetModelIsDeleted" computerName="VECTOR" duration="00:00:00.0380000" startTime="2018-08-24T08:50:39.9876799-04:00" endTime="2018-08-24T08:50:39.9876857-04:00" testType="13cdc9d9-ddb5-4fa4-a97d-d965ccfc6d4b" outcome="Passed" testListId="8c84fa94-04c1-424b-9868-57a2d4851a1d" relativeResultsDirectory="b0226d26-8726-4ee7-813c-d3ed188a3db1" /><UnitTestResult executionId="a2b864bb-3738-4895-bea8-8509b70550ed" testId="c9ca71ac-eab0-4ce2-846a-d7d9ec8113f6" testName="GetSingle_InvalidIdPropertyValueReturnsNotFound" computerName="VECTOR" duration="00:00:00.0140000" startTime="2018-08-24T08:50:28.5840837-04:00" endTime="2018-08-24T08:50:28.5840887-04:00" testType="13cdc9d9-ddb5-4fa4-a97d-d965ccfc6d4b" outcome="Passed" testListId="8c84fa94-04c1-424b-9868-57a2d4851a1d" relativeResultsDirectory="a2b864bb-3738-4895-bea8-8509b70550ed" /><UnitTestResult executionId="0cc8c31b-47c0-4b5d-a23e-462cb31bc198" testId="4d94bccc-ca1c-4970-9551-633887ed4306" testName="Post_InvalidPropertyValueReturnsBadRequest" computerName="VECTOR" duration="00:00:00.0120000" startTime="2018-08-24T08:50:26.3179485-04:00" endTime="2018-08-24T08:50:26.3179543-04:00" testType="13cdc9d9-ddb5-4fa4-a97d-d965ccfc6d4b" outcome="Passed" testListId="8c84fa94-04c1-424b-9868-57a2d4851a1d" relativeResultsDirectory="0cc8c31b-47c0-4b5d-a23e-462cb31bc198" /><UnitTestResult executionId="66cca0d5-8858-437c-ae9a-efa5a76c153b" testId="b438ed47-4e95-43f0-bec3-ebf9413dbc19" testName="Put_InvalidIdReturnsNotFound" computerName="VECTOR" duration="00:00:00.2310000" startTime="2018-08-24T08:50:27.9405426-04:00" endTime="2018-08-24T08:50:27.9405550-04:00" testType="13cdc9d9-ddb5-4fa4-a97d-d965ccfc6d4b" outcome="Passed" testListId="8c84fa94-04c1-424b-9868-57a2d4851a1d" relativeResultsDirectory="66cca0d5-8858-437c-ae9a-efa5a76c153b" /><UnitTestResult executionId="94689e98-79d4-4467-90f4-3f48fd1683dd" testId="fc94596b-3d9e-470b-8a6f-db57465e0385" testName="GetFile_NonExistentFileReturnsNotFound" computerName="VECTOR" duration="00:00:00.0220000" startTime="2018-08-24T08:50:42.5888849-04:00" endTime="2018-08-24T08:50:42.5888917-04:00" testType="13cdc9d9-ddb5-4fa4-a97d-d965ccfc6d4b" outcome="Passed" testListId="8c84fa94-04c1-424b-9868-57a2d4851a1d" relativeResultsDirectory="94689e98-79d4-4467-90f4-3f48fd1683dd" /><UnitTestResult executionId="dd8f289c-604b-4bc9-8347-c4fc9b9920d1" testId="3a91c09b-8833-4a42-89bd-2c58673b39d4" testName="Put_CanUpdateModel" computerName="VECTOR" duration="00:00:00.0610000" startTime="2018-08-24T08:50:40.6989323-04:00" endTime="2018-08-24T08:50:40.6989386-04:00" testType="13cdc9d9-ddb5-4fa4-a97d-d965ccfc6d4b" outcome="Passed" testListId="8c84fa94-04c1-424b-9868-57a2d4851a1d" relativeResultsDirectory="dd8f289c-604b-4bc9-8347-c4fc9b9920d1" /><UnitTestResult executionId="5c044f79-8c59-4eeb-aebe-14614225bbb7" testId="f91a9a16-a9ea-44df-bbc6-8190ae500dfa" testName="Put_InvalidIdReturnsNotFound" computerName="VECTOR" duration="00:00:00.0370000" startTime="2018-08-24T08:50:25.4138575-04:00" endTime="2018-08-24T08:50:25.4138633-04:00" testType="13cdc9d9-ddb5-4fa4-a97d-d965ccfc6d4b" outcome="Passed" testListId="8c84fa94-04c1-424b-9868-57a2d4851a1d" relativeResultsDirectory="5c044f79-8c59-4eeb-aebe-14614225bbb7" /><UnitTestResult executionId="834a44ba-e037-4fa7-aa59-091d98e06a77" testId="fcc7436d-b65a-4905-be45-cd873561c12e" testName="Patch_ValidReferencePropertyUpdatesModel" computerName="VECTOR" duration="00:00:00.0590000" startTime="2018-08-24T08:50:43.4680711-04:00" endTime="2018-08-24T08:50:43.4680774-04:00" testType="13cdc9d9-ddb5-4fa4-a97d-d965ccfc6d4b" outcome="Passed" testListId="8c84fa94-04c1-424b-9868-57a2d4851a1d" relativeResultsDirectory="834a44ba-e037-4fa7-aa59-091d98e06a77" /><UnitTestResult executionId="6678b030-9c0a-4dcc-b211-3d63f2150264" testId="d6a431cf-5207-49dc-b744-89e23ce16c7c" testName="Post_CanCreateNewModel" computerName="VECTOR" duration="00:00:00.0250000" startTime="2018-08-24T08:50:43.1071329-04:00" endTime="2018-08-24T08:50:43.1071388-04:00" testType="13cdc9d9-ddb5-4fa4-a97d-d965ccfc6d4b" outcome="Passed" testListId="8c84fa94-04c1-424b-9868-57a2d4851a1d" relativeResultsDirectory="6678b030-9c0a-4dcc-b211-3d63f2150264" /><UnitTestResult executionId="a16b9a59-8ba8-4caa-b23a-87344ee58a6c" testId="4c7ce45f-cf0e-4123-bee3-fb354ce126c1" testName="Patch_InvalidReferencePropertyReturnsBadRequest" computerName="VECTOR" duration="00:00:00.0390000" startTime="2018-08-24T08:50:31.2781146-04:00" endTime="2018-08-24T08:50:31.2781206-04:00" testType="13cdc9d9-ddb5-4fa4-a97d-d965ccfc6d4b" outcome="Passed" testListId="8c84fa94-04c1-424b-9868-57a2d4851a1d" relativeResultsDirectory="a16b9a59-8ba8-4caa-b23a-87344ee58a6c" /><UnitTestResult executionId="ebde8d3f-e0ce-4e67-aee1-38b9e2d0fa5f" testId="0dd1d7b3-de9c-4b69-b7a9-0ba5b0921857" testName="PostFile_NewFileCanBePosted" computerName="VECTOR" duration="00:00:00.0980000" startTime="2018-08-24T08:50:42.8601333-04:00" endTime="2018-08-24T08:50:42.8601378-04:00" testType="13cdc9d9-ddb5-4fa4-a97d-d965ccfc6d4b" outcome="Passed" testListId="8c84fa94-04c1-424b-9868-57a2d4851a1d" relativeResultsDirectory="ebde8d3f-e0ce-4e67-aee1-38b9e2d0fa5f" /><UnitTestResult executionId="9fc9bc63-ba21-42da-b42b-272117f0032d" testId="3654daeb-aa96-4e52-95f5-891c13e3cb71" testName="Put_InvalidIdReturnsNotFound" computerName="VECTOR" duration="00:00:00.0260000" startTime="2018-08-24T08:50:40.4949084-04:00" endTime="2018-08-24T08:50:40.4949142-04:00" testType="13cdc9d9-ddb5-4fa4-a97d-d965ccfc6d4b" outcome="Passed" testListId="8c84fa94-04c1-424b-9868-57a2d4851a1d" relativeResultsDirectory="9fc9bc63-ba21-42da-b42b-272117f0032d" /><UnitTestResult executionId="69b10b28-04da-4164-96c6-3a26be9556c1" testId="78d86264-e485-440d-8595-2f98eeab28c8" testName="Put_InvalidReferencePropertyReturndBadRequest" computerName="VECTOR" duration="00:00:00.0350000" startTime="2018-08-24T08:50:26.6938004-04:00" endTime="2018-08-24T08:50:26.6938061-04:00" testType="13cdc9d9-ddb5-4fa4-a97d-d965ccfc6d4b" outcome="Passed" testListId="8c84fa94-04c1-424b-9868-57a2d4851a1d" relativeResultsDirectory="69b10b28-04da-4164-96c6-3a26be9556c1" /><UnitTestResult executionId="b6b7cddf-1946-407d-ab40-6fb7abbfb6c3" testId="6dffe4e3-d7c0-4c6b-aadc-dc7824fe0f0e" testName="PostFile_NewFileCanBePosted" computerName="VECTOR" duration="00:00:00.2610000" startTime="2018-08-24T08:50:27.5939458-04:00" endTime="2018-08-24T08:50:27.5939513-04:00" testType="13cdc9d9-ddb5-4fa4-a97d-d965ccfc6d4b" outcome="Passed" testListId="8c84fa94-04c1-424b-9868-57a2d4851a1d" relativeResultsDirectory="b6b7cddf-1946-407d-ab40-6fb7abbfb6c3" /><UnitTestResult executionId="85e95e7c-f355-49eb-9f55-6aecd58d3256" testId="e0ccea2c-a13e-4862-b1c3-af730c2486ec" testName="Post_InvalidReferencePropertyReturnsBadRequest" computerName="VECTOR" duration="00:00:00.0090000" startTime="2018-08-24T08:50:25.0315178-04:00" endTime="2018-08-24T08:50:25.0315205-04:00" testType="13cdc9d9-ddb5-4fa4-a97d-d965ccfc6d4b" outcome="Passed" testListId="8c84fa94-04c1-424b-9868-57a2d4851a1d" relativeResultsDirectory="85e95e7c-f355-49eb-9f55-6aecd58d3256" /><UnitTestResult executionId="f7133568-35bc-4874-8c7c-76a1ff81ac26" testId="87ca33c6-8f00-4e10-9173-cbca610e9ad2" testName="Post_CanCreateNewModel" computerName="VECTOR" duration="00:00:00.0270000" startTime="2018-08-24T08:50:28.1521188-04:00" endTime="2018-08-24T08:50:28.1521252-04:00" testType="13cdc9d9-ddb5-4fa4-a97d-d965ccfc6d4b" outcome="Passed" testListId="8c84fa94-04c1-424b-9868-57a2d4851a1d" relativeResultsDirectory="f7133568-35bc-4874-8c7c-76a1ff81ac26" /><UnitTestResult executionId="da2e0666-d891-4d2e-a140-803a66382b34" testId="7df7de71-b692-4d7f-bd11-fbf949f062b6" testName="Put_CanUpdateModel" computerName="VECTOR" duration="00:00:00.0580000" startTime="2018-08-24T08:50:43.2754607-04:00" endTime="2018-08-24T08:50:43.2754670-04:00" testType="13cdc9d9-ddb5-4fa4-a97d-d965ccfc6d4b" outcome="Passed" testListId="8c84fa94-04c1-424b-9868-57a2d4851a1d" relativeResultsDirectory="da2e0666-d891-4d2e-a140-803a66382b34" /><UnitTestResult executionId="9c205313-29e5-424b-be85-54fb0bfb21bd" testId="4b54d9cc-6b6d-4265-8be5-c7c9996585ca" testName="Post_InvalidPropertyValueReturnsBadRequest" computerName="VECTOR" duration="00:00:00.0150000" startTime="2018-08-24T08:50:40.5106746-04:00" endTime="2018-08-24T08:50:40.5106820-04:00" testType="13cdc9d9-ddb5-4fa4-a97d-d965ccfc6d4b" outcome="Passed" testListId="8c84fa94-04c1-424b-9868-57a2d4851a1d" relativeResultsDirectory="9c205313-29e5-424b-be85-54fb0bfb21bd" /><UnitTestResult executionId="7248907f-d163-4766-98b1-681b42fdf185" testId="c5091b5e-0f73-41ec-a761-4f8488cccde5" testName="Put_InvalidReferencePropertyReturndBadRequest" computerName="VECTOR" duration="00:00:00.0270000" startTime="2018-08-24T08:50:43.3026492-04:00" endTime="2018-08-24T08:50:43.3026549-04:00" testType="13cdc9d9-ddb5-4fa4-a97d-d965ccfc6d4b" outcome="Passed" testListId="8c84fa94-04c1-424b-9868-57a2d4851a1d" relativeResultsDirectory="7248907f-d163-4766-98b1-681b42fdf185" /><UnitTestResult executionId="d79a0803-db4f-4a51-bffc-79b069810127" testId="4f512fd5-d6ae-40af-b76a-081dcb850be2" testName="Delete_TargetModelIsDeleted" computerName="VECTOR" duration="00:00:00.1290000" startTime="2018-08-24T08:50:28.0947680-04:00" endTime="2018-08-24T08:50:28.0947743-04:00" testType="13cdc9d9-ddb5-4fa4-a97d-d965ccfc6d4b" outcome="Passed" testListId="8c84fa94-04c1-424b-9868-57a2d4851a1d" relativeResultsDirectory="d79a0803-db4f-4a51-bffc-79b069810127" /><UnitTestResult executionId="06ac5594-7795-4bd7-9e72-f8e7e89dc604" testId="aaf7cae8-4799-4f10-b0f2-2f1d2fd19070" testName="Patch_InvalidReferencePropertyReturnsBadRequest" computerName="VECTOR" duration="00:00:00.0350000" startTime="2018-08-24T08:50:40.3870401-04:00" endTime="2018-08-24T08:50:40.3870476-04:00" testType="13cdc9d9-ddb5-4fa4-a97d-d965ccfc6d4b" outcome="Passed" testListId="8c84fa94-04c1-424b-9868-57a2d4851a1d" relativeResultsDirectory="06ac5594-7795-4bd7-9e72-f8e7e89dc604" /><UnitTestResult executionId="33e58b57-ad5c-4f7e-a20c-3add0a5b4243" testId="7bf34300-7707-4a59-995c-71b678749227" testName="Patch_ValidReferencePropertyUpdatesModel" computerName="VECTOR" duration="00:00:00.0670000" startTime="2018-08-24T08:50:26.4031121-04:00" endTime="2018-08-24T08:50:26.4031188-04:00" testType="13cdc9d9-ddb5-4fa4-a97d-d965ccfc6d4b" outcome="Passed" testListId="8c84fa94-04c1-424b-9868-57a2d4851a1d" relativeResultsDirectory="33e58b57-ad5c-4f7e-a20c-3add0a5b4243" /><UnitTestResult executionId="e58697f1-2beb-48aa-bc4d-2aeddad1ec56" testId="1c7cf312-9322-4e76-916d-7f788c9efb99" testName="Put_CanUpdateModel" computerName="VECTOR" duration="00:00:00.0620000" startTime="2018-08-24T08:50:28.5698131-04:00" endTime="2018-08-24T08:50:28.5698237-04:00" testType="13cdc9d9-ddb5-4fa4-a97d-d965ccfc6d4b" outcome="Passed" testListId="8c84fa94-04c1-424b-9868-57a2d4851a1d" relativeResultsDirectory="e58697f1-2beb-48aa-bc4d-2aeddad1ec56" /><UnitTestResult executionId="65aa286d-dd2f-4376-9372-b37f6f2156d4" testId="69c4f02d-bcab-44f7-b890-5167f22c5d03" testName="Patch_MultipleInvalidReferencePropertiesReturnsMultipleValidationErrorsAndBadRequest" computerName="VECTOR" duration="00:00:00.0420000" startTime="2018-08-24T08:50:31.4183129-04:00" endTime="2018-08-24T08:50:31.4183188-04:00" testType="13cdc9d9-ddb5-4fa4-a97d-d965ccfc6d4b" outcome="Passed" testListId="8c84fa94-04c1-424b-9868-57a2d4851a1d" relativeResultsDirectory="65aa286d-dd2f-4376-9372-b37f6f2156d4" /><UnitTestResult executionId="3f1d6a53-f419-415e-b655-3ca441f2a66c" testId="9583e328-4e06-47f6-aaf5-23b8097fa3ee" testName="Patch_InvalidPropertyNameReturnsBadRequest" computerName="VECTOR" duration="00:00:00.0240000" startTime="2018-08-24T08:50:27.9651504-04:00" endTime="2018-08-24T08:50:27.9651560-04:00" testType="13cdc9d9-ddb5-4fa4-a97d-d965ccfc6d4b" outcome="Passed" testListId="8c84fa94-04c1-424b-9868-57a2d4851a1d" relativeResultsDirectory="3f1d6a53-f419-415e-b655-3ca441f2a66c" /><UnitTestResult executionId="09bfecab-7dad-42d1-ae12-6a6a3dda603e" testId="f9fa5538-d78b-4860-a931-d05a08941c9d" testName="Put_InvalidIdReturnsNotFound" computerName="VECTOR" duration="00:00:00.0210000" startTime="2018-08-24T08:50:43.1283223-04:00" endTime="2018-08-24T08:50:43.1283284-04:00" testType="13cdc9d9-ddb5-4fa4-a97d-d965ccfc6d4b" outcome="Passed" testListId="8c84fa94-04c1-424b-9868-57a2d4851a1d" relativeResultsDirectory="09bfecab-7dad-42d1-ae12-6a6a3dda603e" /><UnitTestResult executionId="5beca589-2203-4d83-a3a7-b4c78703fdcb" testId="3f219b71-f89c-4134-9292-b451f391ffc1" testName="GetFile_FileCanBeRoundTripped" computerName="VECTOR" duration="00:00:00.0840000" startTime="2018-08-24T08:50:27.6786817-04:00" endTime="2018-08-24T08:50:27.6786861-04:00" testType="13cdc9d9-ddb5-4fa4-a97d-d965ccfc6d4b" outcome="Passed" testListId="8c84fa94-04c1-424b-9868-57a2d4851a1d" relativeResultsDirectory="5beca589-2203-4d83-a3a7-b4c78703fdcb" /><UnitTestResult executionId="88265c19-cf5b-49ae-a263-360a5dcb6789" testId="251bb081-5a57-490a-b2b6-836ba6199bee" testName="Put_InvalidIdReturnsNotFound" computerName="VECTOR" duration="00:00:00.0890000" startTime="2018-08-24T08:50:29.8223351-04:00" endTime="2018-08-24T08:50:29.8223410-04:00" testType="13cdc9d9-ddb5-4fa4-a97d-d965ccfc6d4b" outcome="Passed" testListId="8c84fa94-04c1-424b-9868-57a2d4851a1d" relativeResultsDirectory="88265c19-cf5b-49ae-a263-360a5dcb6789" /><UnitTestResult executionId="4b76645a-6604-46dd-8847-65228958f1e2" testId="ccd74621-6aba-4ed4-9a26-5089c1f8bbfe" testName="GetList_ListReturnsCorrectCount" computerName="VECTOR" duration="00:00:00.0170000" startTime="2018-08-24T08:50:28.1899626-04:00" endTime="2018-08-24T08:50:28.1899671-04:00" testType="13cdc9d9-ddb5-4fa4-a97d-d965ccfc6d4b" outcome="Passed" testListId="8c84fa94-04c1-424b-9868-57a2d4851a1d" relativeResultsDirectory="4b76645a-6604-46dd-8847-65228958f1e2" /></Results><TestDefinitions><UnitTest name="Patch_TargetPropertyIsUpdated" storage="d:\modelrelief\modelrelief.test\bin\debug\netcoreapp2.0\modelrelief.test.dll" id="480b9a28-b6ad-44f0-b319-8e03eef4b301"><Execution id="871e3972-71e0-42e4-886e-20f3317cdab9" /><TestMethod codeBase="D:\ModelRelief\ModelRelief.test\bin\Debug\netcoreapp2.0\ModelRelief.Test.dll" adapterTypeName="executor://xunit/VsTestRunner2/netcoreapp" className="ModelRelief.Test.Integration.DepthBuffers.DepthBuffersBaseIntegrationTests" name="Patch_TargetPropertyIsUpdated" /></UnitTest><UnitTest name="Post_ValidReferencePropertyCreatesModel" storage="d:\modelrelief\modelrelief.test\bin\debug\netcoreapp2.0\modelrelief.test.dll" id="b4fef315-bef4-4696-829c-c05098196d41"><Execution id="23f2b746-303c-4f44-909c-2bbbbdb1da46" /><TestMethod codeBase="D:\ModelRelief\ModelRelief.test\bin\Debug\netcoreapp2.0\ModelRelief.Test.dll" adapterTypeName="executor://xunit/VsTestRunner2/netcoreapp" className="ModelRelief.Test.Integration.MeshTransforms.MeshTransformsBaseIntegrationTests" name="Post_ValidReferencePropertyCreatesModel" /></UnitTest><UnitTest name="Patch_ValidReferencePropertyUpdatesModel" storage="d:\modelrelief\modelrelief.test\bin\debug\netcoreapp2.0\modelrelief.test.dll" id="fcc7436d-b65a-4905-be45-cd873561c12e"><Execution id="834a44ba-e037-4fa7-aa59-091d98e06a77" /><TestMethod codeBase="D:\ModelRelief\ModelRelief.test\bin\Debug\netcoreapp2.0\ModelRelief.Test.dll" adapterTypeName="executor://xunit/VsTestRunner2/netcoreapp" className="ModelRelief.Test.Integration.Cameras.CamerasBaseIntegrationTests" name="Patch_ValidReferencePropertyUpdatesModel" /></UnitTest><UnitTest name="Patch_InvalidReferencePropertyReturnsBadRequest" storage="d:\modelrelief\modelrelief.test\bin\debug\netcoreapp2.0\modelrelief.test.dll" id="8d12de0a-1c17-4c8e-baa5-6b53d66b8653"><Execution id="fe82e064-ed0b-4753-a8e8-76ba62710e9e" /><TestMethod codeBase="D:\ModelRelief\ModelRelief.test\bin\Debug\netcoreapp2.0\ModelRelief.Test.dll" adapterTypeName="executor://xunit/VsTestRunner2/netcoreapp" className="ModelRelief.Test.Integration.MeshTransforms.MeshTransformsBaseIntegrationTests" name="Patch_InvalidReferencePropertyReturnsBadRequest" /></UnitTest><UnitTest name="Post_ValidReferencePropertyCreatesModel" storage="d:\modelrelief\modelrelief.test\bin\debug\netcoreapp2.0\modelrelief.test.dll" id="ebc21939-7b3e-47de-bbbf-5529f2d96ed0"><Execution id="cd89cebd-abf4-4397-988b-2c4689e025b4" /><TestMethod codeBase="D:\ModelRelief\ModelRelief.test\bin\Debug\netcoreapp2.0\ModelRelief.Test.dll" adapterTypeName="executor://xunit/VsTestRunner2/netcoreapp" className="ModelRelief.Test.Integration.Cameras.CamerasBaseIntegrationTests" name="Post_ValidReferencePropertyCreatesModel" /></UnitTest><UnitTest name="PostFile_FileTimeStampIsUpdatedAfterFileIsPosted" storage="d:\modelrelief\modelrelief.test\bin\debug\netcoreapp2.0\modelrelief.test.dll" id="7cb1bc93-122c-4247-b976-5291ecc52cfb"><Execution id="f1448ced-9f89-40b1-8699-11fdb83f7a6b" /><TestMethod codeBase="D:\ModelRelief\ModelRelief.test\bin\Debug\netcoreapp2.0\ModelRelief.Test.dll" adapterTypeName="executor://xunit/VsTestRunner2/netcoreapp" className="ModelRelief.Test.Integration.Meshes.MeshesFileIntegrationTests" name="PostFile_FileTimeStampIsUpdatedAfterFileIsPosted" /></UnitTest><UnitTest name="Post_CanCreateNewModel" storage="d:\modelrelief\modelrelief.test\bin\debug\netcoreapp2.0\modelrelief.test.dll" id="87ca33c6-8f00-4e10-9173-cbca610e9ad2"><Execution id="f7133568-35bc-4874-8c7c-76a1ff81ac26" /><TestMethod codeBase="D:\ModelRelief\ModelRelief.test\bin\Debug\netcoreapp2.0\ModelRelief.Test.dll" adapterTypeName="executor://xunit/VsTestRunner2/netcoreapp" className="ModelRelief.Test.Integration.MeshTransforms.MeshTransformsBaseIntegrationTests" name="Post_CanCreateNewModel" /></UnitTest><UnitTest name="Put_InvalidReferencePropertyReturndBadRequest" storage="d:\modelrelief\modelrelief.test\bin\debug\netcoreapp2.0\modelrelief.test.dll" id="c5091b5e-0f73-41ec-a761-4f8488cccde5"><Execution id="7248907f-d163-4766-98b1-681b42fdf185" /><TestMethod codeBase="D:\ModelRelief\ModelRelief.test\bin\Debug\netcoreapp2.0\ModelRelief.Test.dll" adapterTypeName="executor://xunit/VsTestRunner2/netcoreapp" className="ModelRelief.Test.Integration.Cameras.CamerasBaseIntegrationTests" name="Put_InvalidReferencePropertyReturndBadRequest" /></UnitTest><UnitTest name="Post_InvalidReferencePropertyReturnsBadRequest" storage="d:\modelrelief\modelrelief.test\bin\debug\netcoreapp2.0\modelrelief.test.dll" id="726f8df9-5caf-4d25-857c-302a6c400e10"><Execution id="9461ff40-4fae-4982-9c3a-f70f47e37ba5" /><TestMethod codeBase="D:\ModelRelief\ModelRelief.test\bin\Debug\netcoreapp2.0\ModelRelief.Test.dll" adapterTypeName="executor://xunit/VsTestRunner2/netcoreapp" className="ModelRelief.Test.Integration.DepthBuffers.DepthBuffersBaseIntegrationTests" name="Post_InvalidReferencePropertyReturnsBadRequest" /></UnitTest><UnitTest name="GetFile_FileCanBeRoundTripped" storage="d:\modelrelief\modelrelief.test\bin\debug\netcoreapp2.0\modelrelief.test.dll" id="8d7ac990-d25b-4f69-919f-eb988c9bb813"><Execution id="a899948b-ebde-427c-9208-ce86477e2498" /><TestMethod codeBase="D:\ModelRelief\ModelRelief.test\bin\Debug\netcoreapp2.0\ModelRelief.Test.dll" adapterTypeName="executor://xunit/VsTestRunner2/netcoreapp" className="ModelRelief.Test.Integration.Meshes.MeshesFileIntegrationTests" name="GetFile_FileCanBeRoundTripped" /></UnitTest><UnitTest name="Model3dHasExpectedDependentFiles" storage="d:\modelrelief\modelrelief.test\bin\debug\netcoreapp2.0\modelrelief.test.dll" id="43f72c12-db38-4fa3-8c4a-c0743fb1ee14"><Execution id="c1767acb-dbf4-4188-85cc-3634c92ac0cb" /><TestMethod codeBase="D:\ModelRelief\ModelRelief.test\bin\Debug\netcoreapp2.0\ModelRelief.Test.dll" adapterTypeName="executor://xunit/VsTestRunner2/netcoreapp" className="ModelRelief.Test.Unit.DependencyManager.DependencyManagerTests" name="Model3dHasExpectedDependentFiles" /></UnitTest><UnitTest name="Put_InvalidIdReturnsNotFound" storage="d:\modelrelief\modelrelief.test\bin\debug\netcoreapp2.0\modelrelief.test.dll" id="f91a9a16-a9ea-44df-bbc6-8190ae500dfa"><Execution i
[...]
24b-9868-57a2d4851a1d" /><TestEntry testId="c92768e0-712a-45b3-9fce-542a3b602b22" executionId="e415cf8f-97e6-4b58-a95a-44893a5472e6" testListId="8c84fa94-04c1-424b-9868-57a2d4851a1d" /><TestEntry testId="48191bec-082e-4e53-a746-b869f468667e" executionId="4488d4b8-f8a3-4ebd-8dbc-6c4f6fcb885b" testListId="8c84fa94-04c1-424b-9868-57a2d4851a1d" /><TestEntry testId="0d1d0015-5ed5-4c3d-b917-5a548852e1a9" executionId="02fad4ac-9eb5-4ea1-92f2-45c2291ca6f9" testListId="8c84fa94-04c1-424b-9868-57a2d4851a1d" /><TestEntry testId="8d12de0a-1c17-4c8e-baa5-6b53d66b8653" executionId="fe82e064-ed0b-4753-a8e8-76ba62710e9e" testListId="8c84fa94-04c1-424b-9868-57a2d4851a1d" /><TestEntry testId="47952d70-7072-42e6-9421-e3fd0ad5496c" executionId="ff590936-ceb9-43bb-9b1e-2b48c9ae31ae" testListId="8c84fa94-04c1-424b-9868-57a2d4851a1d" /><TestEntry testId="2aa7ec0c-f9c5-4185-8a6a-8b6b2bd400fe" executionId="9df43408-6140-4099-919f-aa4b2e872501" testListId="8c84fa94-04c1-424b-9868-57a2d4851a1d" /><TestEntry testId="2df12145-c7a9-4ab7-8e95-e228bb9f625b" executionId="bd3c173b-24e5-435b-9c6b-dc092d381d6a" testListId="8c84fa94-04c1-424b-9868-57a2d4851a1d" /><TestEntry testId="6b726294-03b4-43e9-8529-16f50afbe534" executionId="50115ddd-66f7-4142-bde9-6375401b414a" testListId="8c84fa94-04c1-424b-9868-57a2d4851a1d" /><TestEntry testId="6cfa62bf-d1a7-4a22-97d8-9fee244f7980" executionId="0c470f9f-d2e0-4f65-aba0-71a9c5aa70ef" testListId="8c84fa94-04c1-424b-9868-57a2d4851a1d" /><TestEntry testId="4cb336d8-0b20-412a-9dcf-51a9950c17b7" executionId="0c368ec0-114e-4418-ba8b-bd40f42ca42d" testListId="8c84fa94-04c1-424b-9868-57a2d4851a1d" /><TestEntry testId="d7a18f1c-7d1c-44ec-b0e3-2e781cbf0ff8" executionId="069aeded-bd56-4a93-b6bd-3664e8f6e2e9" testListId="8c84fa94-04c1-424b-9868-57a2d4851a1d" /><TestEntry testId="d4441cf5-d1e4-498f-b88e-073177d251fa" executionId="9a560d6a-6945-4ff8-b8e9-8f66c1279ed6" testListId="8c84fa94-04c1-424b-9868-57a2d4851a1d" /><TestEntry testId="3d2528fb-e947-46ee-b7c3-dddd5d1000df" executionId="2948b19c-2842-402a-a64d-04ade835a17b" testListId="8c84fa94-04c1-424b-9868-57a2d4851a1d" /><TestEntry testId="5991e9cf-3a81-450d-b7ac-7cf115c3aaa3" executionId="f83b7ed6-ef2d-48d8-92ae-620afb1e5305" testListId="8c84fa94-04c1-424b-9868-57a2d4851a1d" /><TestEntry testId="9067cef9-d4fa-4aa5-8fef-312805dfd57b" executionId="bea12fc0-3577-4dc3-8e48-586c46bcfcf1" testListId="8c84fa94-04c1-424b-9868-57a2d4851a1d" /><TestEntry testId="cc4065df-1aed-4b83-94e3-0a977a9ee8d5" executionId="8d5ea518-c1d2-49c2-86c5-e4d1957e5b9d" testListId="8c84fa94-04c1-424b-9868-57a2d4851a1d" /><TestEntry testId="86061e2b-a2f4-4ec4-a602-0461e7e2a114" executionId="815e1f47-b2dc-4d97-853f-84075faa0d3c" testListId="8c84fa94-04c1-424b-9868-57a2d4851a1d" /><TestEntry testId="ef64349c-2741-4fce-8e3a-523451c503d1" executionId="246a45aa-8c67-4b19-9d17-de588b3bd511" testListId="8c84fa94-04c1-424b-9868-57a2d4851a1d" /><TestEntry testId="803404e3-c0e0-4ee4-aaa9-9fadf41cc95e" executionId="13b5d598-5a65-45ba-a917-1dc3e531e8b3" testListId="8c84fa94-04c1-424b-9868-57a2d4851a1d" /><TestEntry testId="0dbc77c3-0be3-47c3-8828-fbe289cf11df" executionId="bfce123d-50cb-4768-9840-5fbe3b1b7652" testListId="8c84fa94-04c1-424b-9868-57a2d4851a1d" /><TestEntry testId="c225b6e2-a358-4b79-9312-fce8aacaf67b" executionId="7ae910c0-01ae-4f52-bc6c-752bf2fcf3a5" testListId="8c84fa94-04c1-424b-9868-57a2d4851a1d" /><TestEntry testId="0bacf26d-e397-4399-879b-b482d4e32651" executionId="501b8d5e-53b7-4f88-89be-2f84bef10696" testListId="8c84fa94-04c1-424b-9868-57a2d4851a1d" /><TestEntry testId="30acecf6-472c-4377-b334-59c84d5c891b" executionId="6783122d-7a4e-4d5a-9318-ab0d3828488d" testListId="8c84fa94-04c1-424b-9868-57a2d4851a1d" /><TestEntry testId="f2991929-e64b-420e-a100-0569eeb73cf2" executionId="ec46855a-1a0f-499b-99f5-490e29eb981e" testListId="8c84fa94-04c1-424b-9868-57a2d4851a1d" /><TestEntry testId="a05cc096-3c1b-4889-9e9b-081002f0a2dc" executionId="30a27e19-f5d1-4e99-987f-9de4fc549db3" testListId="8c84fa94-04c1-424b-9868-57a2d4851a1d" /><TestEntry testId="5ba32216-1f86-481f-9322-5d1a702110d7" executionId="feb5bd33-7fe1-4531-b8ee-1694b3bb2927" testListId="8c84fa94-04c1-424b-9868-57a2d4851a1d" /><TestEntry testId="ae4ea7f8-d5a2-45c1-be55-1b1307ed5666" executionId="4f2a20a0-2087-4828-a821-9d586384fdc2" testListId="8c84fa94-04c1-424b-9868-57a2d4851a1d" /><TestEntry testId="405be227-4e9c-4eda-9f3b-a1b066dc3837" executionId="500518f0-86b6-431b-9367-ab1dc845e827" testListId="8c84fa94-04c1-424b-9868-57a2d4851a1d" /><TestEntry testId="b6f93e65-f74b-40c0-a3ee-e995397d5765" executionId="9d3e5e36-2960-418f-9135-3134ebae5d2e" testListId="8c84fa94-04c1-424b-9868-57a2d4851a1d" /><TestEntry testId="6e5f9f37-3493-4d55-8c05-d7a6dbb19766" executionId="0ced9111-4689-44fd-b7b8-23b273228117" testListId="8c84fa94-04c1-424b-9868-57a2d4851a1d" /><TestEntry testId="61bcab2a-3169-43da-a644-42c0210c6b52" executionId="be0e7343-db83-4114-a23d-d6d28a0aa9d0" testListId="8c84fa94-04c1-424b-9868-57a2d4851a1d" /><TestEntry testId="a33b7f6d-6b03-4ff7-85f8-01a07da314e1" executionId="af47df12-339d-4d08-8952-8a66fe20f158" testListId="8c84fa94-04c1-424b-9868-57a2d4851a1d" /><TestEntry testId="ebc21939-7b3e-47de-bbbf-5529f2d96ed0" executionId="cd89cebd-abf4-4397-988b-2c4689e025b4" testListId="8c84fa94-04c1-424b-9868-57a2d4851a1d" /><TestEntry testId="27063433-117e-4829-a127-bf0e6ba95ccd" executionId="2bc58445-544e-49d7-bed5-fd5623a8ec98" testListId="8c84fa94-04c1-424b-9868-57a2d4851a1d" /><TestEntry testId="cf4cb2f6-39f5-47b6-ae62-3ff6a100c8eb" executionId="32433214-3ecc-40c9-b0b5-783ae2fabc9b" testListId="8c84fa94-04c1-424b-9868-57a2d4851a1d" /><TestEntry testId="519bef5b-eb89-406f-8088-d01fb701f806" executionId="b8aad71d-b5bc-4994-8d9d-89377621a0c9" testListId="8c84fa94-04c1-424b-9868-57a2d4851a1d" /><TestEntry testId="4a4a7694-a13b-41b7-9333-110ff4e6c22b" executionId="6b0a145c-175f-438d-8554-b8e99105805d" testListId="8c84fa94-04c1-424b-9868-57a2d4851a1d" /><TestEntry testId="1476c605-31d4-4c9e-8fff-3240c6592bf3" executionId="95576d61-6a1b-442f-b0f1-31c69d088f98" testListId="8c84fa94-04c1-424b-9868-57a2d4851a1d" /><TestEntry testId="66bfccc7-3a52-4ac5-af3e-9416151f9951" executionId="391a8d72-9bbc-4d10-bc9a-5f2222cd2003" testListId="8c84fa94-04c1-424b-9868-57a2d4851a1d" /><TestEntry testId="2185d20e-b5a5-4fb7-b30b-a082a806836c" executionId="5efc0302-7ceb-46eb-9090-3e0116edfce2" testListId="8c84fa94-04c1-424b-9868-57a2d4851a1d" /><TestEntry testId="f06fd326-1eaf-40af-accb-6c7e8fa5f33d" executionId="f41859cf-1674-45dc-bc0b-e24bd644c713" testListId="8c84fa94-04c1-424b-9868-57a2d4851a1d" /><TestEntry testId="086ba312-3288-4a1e-9f7b-4eb627c27d7f" executionId="e98f2ad2-3f9e-4e06-a578-cbfd9b36d1a9" testListId="8c84fa94-04c1-424b-9868-57a2d4851a1d" /><TestEntry testId="a3e24007-2987-47aa-9117-28d5bca0034b" executionId="6d552148-d694-4842-a0e3-32e49a2d1c3b" testListId="8c84fa94-04c1-424b-9868-57a2d4851a1d" /><TestEntry testId="ca666e80-7d3d-4805-8bf7-ec0aa8fac417" executionId="ed54f070-9a0b-45c4-8e9c-f732d4181ee0" testListId="8c84fa94-04c1-424b-9868-57a2d4851a1d" /><TestEntry testId="1b5294e0-f392-48cb-9de3-5197f918c51a" executionId="108ef093-a1e4-48c3-8567-29f610f410b9" testListId="8c84fa94-04c1-424b-9868-57a2d4851a1d" /><TestEntry testId="4277d679-d61a-44ce-8a8d-92057294d63b" executionId="ce304e56-1355-4c31-949c-c78f76055c60" testListId="8c84fa94-04c1-424b-9868-57a2d4851a1d" /><TestEntry testId="d8df761d-9f4f-40ea-924f-cfaf23f79667" executionId="16aac2c6-e9f2-4087-9086-076e3e5a1e29" testListId="8c84fa94-04c1-424b-9868-57a2d4851a1d" /><TestEntry testId="1e92b831-1128-4bbd-8ce3-dae7e90b677e" executionId="59f3fc0e-df6b-43ee-9dcd-17e72129e246" testListId="8c84fa94-04c1-424b-9868-57a2d4851a1d" /><TestEntry testId="b4fef315-bef4-4696-829c-c05098196d41" executionId="23f2b746-303c-4f44-909c-2bbbbdb1da46" testListId="8c84fa94-04c1-424b-9868-57a2d4851a1d" /><TestEntry testId="8d7ac990-d25b-4f69-919f-eb988c9bb813" executionId="a899948b-ebde-427c-9208-ce86477e2498" testListId="8c84fa94-04c1-424b-9868-57a2d4851a1d" /><TestEntry testId="480b9a28-b6ad-44f0-b319-8e03eef4b301" executionId="871e3972-71e0-42e4-886e-20f3317cdab9" testListId="8c84fa94-04c1-424b-9868-57a2d4851a1d" /><TestEntry testId="1d0fd52a-ddae-4cd6-ab7a-9521596a02aa" executionId="81221fff-2f31-49ad-989f-462c9bbba582" testListId="8c84fa94-04c1-424b-9868-57a2d4851a1d" /><TestEntry testId="891608eb-4543-42e3-865a-93556d09476b" executionId="13dd47a8-43a7-48cf-b3a1-26c5eae497a4" testListId="8c84fa94-04c1-424b-9868-57a2d4851a1d" /><TestEntry testId="c09eaee0-74bf-42d0-958f-1b286a7f8c35" executionId="325658e3-f41b-4d79-be0d-66a931911bf7" testListId="8c84fa94-04c1-424b-9868-57a2d4851a1d" /><TestEntry testId="827478d2-81b8-412b-92f8-eff835227ad8" executionId="324a8f7e-2d87-419c-9b08-8706a89da5c8" testListId="8c84fa94-04c1-424b-9868-57a2d4851a1d" /><TestEntry testId="058ee8a2-5764-48ce-8b3a-023e9afb762f" executionId="e8c9e420-2678-42dc-8814-1c68cbd216e3" testListId="8c84fa94-04c1-424b-9868-57a2d4851a1d" /><TestEntry testId="4f5abad2-9689-4db0-98cd-26f1d342833b" executionId="92d5aff4-f889-48f7-845d-38c47da3dc05" testListId="8c84fa94-04c1-424b-9868-57a2d4851a1d" /><TestEntry testId="047d36e5-6599-4134-81c2-8ffd7ebf02ba" executionId="ed213b2d-d5ea-49c0-b750-122bad4f51a0" testListId="8c84fa94-04c1-424b-9868-57a2d4851a1d" /><TestEntry testId="d350e9b1-1cdb-4bd6-a18e-5451ed6dc0f7" executionId="5bb88e50-5d4a-4bd1-8a72-a2bd2d677225" testListId="8c84fa94-04c1-424b-9868-57a2d4851a1d" /><TestEntry testId="a321a84c-e2a9-4110-8654-e9c5069f415b" executionId="227bb358-21fa-4f7c-baaa-2d8e8d235b07" testListId="8c84fa94-04c1-424b-9868-57a2d4851a1d" /><TestEntry testId="2defbc72-8cb1-4243-b869-86e33167b710" executionId="2e674e78-affa-4074-8d38-18b194f62ed7" testListId="8c84fa94-04c1-424b-9868-57a2d4851a1d" /><TestEntry testId="3b00f406-f6c1-4e23-8c7f-43ded377509f" executionId="f0f0b479-95bd-40c4-87b9-1d1fd0f576d3" testListId="8c84fa94-04c1-424b-9868-57a2d4851a1d" /><TestEntry testId="ffa088a0-f0c7-4cd8-b5ca-69a71dae43ca" executionId="525923e9-e299-4818-99d5-2be2db16e7a2" testListId="8c84fa94-04c1-424b-9868-57a2d4851a1d" /><TestEntry testId="2c2f8a65-1926-4907-90f5-0f6c409f2fa4" executionId="9f83be69-741c-4262-ae20-62d9411531c3" testListId="8c84fa94-04c1-424b-9868-57a2d4851a1d" /><TestEntry testId="d99f2e82-4406-45f2-aaf3-d173dd092173" executionId="48b886ac-a3ac-4c3e-a629-e836ce711137" testListId="8c84fa94-04c1-424b-9868-57a2d4851a1d" /><TestEntry testId="d558828b-c3ac-415f-9c2e-46c5e721272e" executionId="4d47a5da-6924-452b-8017-6b342e2f0959" testListId="8c84fa94-04c1-424b-9868-57a2d4851a1d" /><TestEntry testId="48e96500-68ce-4597-ac57-8de8a50cb0ec" executionId="7a7a3669-5f86-4f4f-a0c0-14eee104bbd3" testListId="8c84fa94-04c1-424b-9868-57a2d4851a1d" /><TestEntry testId="0256ac6d-6364-499b-afc4-f4da7c8bc03b" executionId="8dc18647-0d6c-453a-81aa-b3b63a6b5e39" testListId="8c84fa94-04c1-424b-9868-57a2d4851a1d" /><TestEntry testId="efe00779-b4bf-4ecc-8ed7-497c07cb5fa2" executionId="cba1a757-b147-439e-9c69-0f3eecbc43e9" testListId="8c84fa94-04c1-424b-9868-57a2d4851a1d" /><TestEntry testId="087549a1-9d4f-4f5b-92c6-857401c1baa7" executionId="50846f54-04cc-483e-8114-9995cc389550" testListId="8c84fa94-04c1-424b-9868-57a2d4851a1d" /><TestEntry testId="b4658cfc-5a40-418d-8f3f-4e1635bb9744" executionId="5f1fb92b-2e88-4b93-b812-7a4b2dc7d82a" testListId="8c84fa94-04c1-424b-9868-57a2d4851a1d" /><TestEntry testId="99f13095-9d6c-42f5-8bb8-e0622a23e21e" executionId="28ba08f3-5257-435b-b107-f5d0d60aadaf" testListId="8c84fa94-04c1-424b-9868-57a2d4851a1d" /><TestEntry testId="e6b36c64-d324-4210-908e-060030f5e3ad" executionId="225789a5-af20-49c5-aac1-a8117d63f041" testListId="8c84fa94-04c1-424b-9868-57a2d4851a1d" /><TestEntry testId="3922312d-0733-45ff-ae21-517e69ee25be" executionId="944d72e8-1268-463f-ae50-4590530b978f" testListId="8c84fa94-04c1-424b-9868-57a2d4851a1d" /><TestEntry testId="a95744f2-5424-41b3-8c47-a4c43899bc22" executionId="11227b1b-0f4b-4b98-b1a9-639e79f01096" testListId="8c84fa94-04c1-424b-9868-57a2d4851a1d" /><TestEntry testId="073f5b56-590a-4429-b4a8-d0802b38b4d1" executionId="ac024080-053f-4197-8571-d81580e92204" testListId="8c84fa94-04c1-424b-9868-57a2d4851a1d" /><TestEntry testId="3dd99f9e-49e5-4362-9f00-01c79adeaa32" executionId="c2d12d14-f9a2-49f1-a49b-00d6da239a45" testListId="8c84fa94-04c1-424b-9868-57a2d4851a1d" /><TestEntry testId="95b67da7-2b1e-416d-a06e-e96ba8a10e2c" executionId="e5b2434c-39db-40a5-8d74-0e36b732b084" testListId="8c84fa94-04c1-424b-9868-57a2d4851a1d" /><TestEntry testId="cdb13faf-ef59-449b-9888-ca8839edd970" executionId="a53cbfc9-77f1-4549-abd1-eb5201181121" testListId="8c84fa94-04c1-424b-9868-57a2d4851a1d" /><TestEntry testId="81270195-f69a-470a-8bdd-48e47413e6c8" executionId="7290fca1-91b3-4a8c-baaa-c6377076972b" testListId="8c84fa94-04c1-424b-9868-57a2d4851a1d" /><TestEntry testId="2ab6de60-e0d6-432b-aebd-70c80374b4de" executionId="4a775d4a-9564-4dc1-bd7c-23f5e4741507" testListId="8c84fa94-04c1-424b-9868-57a2d4851a1d" /><TestEntry testId="fd7b1587-5a3c-4329-bdbf-2c4822bc8697" executionId="14feec01-5b9a-40eb-8fbf-595bb1a9e804" testListId="8c84fa94-04c1-424b-9868-57a2d4851a1d" /><TestEntry testId="7cb1bc93-122c-4247-b976-5291ecc52cfb" executionId="f1448ced-9f89-40b1-8699-11fdb83f7a6b" testListId="8c84fa94-04c1-424b-9868-57a2d4851a1d" /><TestEntry testId="db21ac19-af05-43e1-906a-a21640b11650" executionId="0d9f46d3-cf12-44c6-a9bb-c4b04680dd86" testListId="8c84fa94-04c1-424b-9868-57a2d4851a1d" /><TestEntry testId="356e2ed3-4f3c-4f6f-8e6e-784e18f5d448" executionId="2d08501e-7161-48c9-a4fd-b8a2647e20bd" testListId="8c84fa94-04c1-424b-9868-57a2d4851a1d" /><TestEntry testId="e724f70b-a7bb-4198-b613-c81b57bbf7af" executionId="1f304ff1-2547-4cf0-b8a0-a8fdf5ff4ee4" testListId="8c84fa94-04c1-424b-9868-57a2d4851a1d" /><TestEntry testId="1dca54a1-257f-4cef-8bdb-d52f985bfa20" executionId="907c77c8-1046-4b0c-8abc-07360eb691ff" testListId="8c84fa94-04c1-424b-9868-57a2d4851a1d" /><TestEntry testId="ed37c8d7-5274-4b7f-9c16-1600aa1e582b" executionId="1579e99d-d342-4f46-a66b-e5dac0592208" testListId="8c84fa94-04c1-424b-9868-57a2d4851a1d" /><TestEntry testId="726f8df9-5caf-4d25-857c-302a6c400e10" executionId="9461ff40-4fae-4982-9c3a-f70f47e37ba5" testListId="8c84fa94-04c1-424b-9868-57a2d4851a1d" /><TestEntry testId="1c2c17e1-d8e6-4e5f-9ac3-d0a656139f03" executionId="0044ba5b-61f2-4199-bc4b-4c8ab7a4fb5b" testListId="8c84fa94-04c1-424b-9868-57a2d4851a1d" /><TestEntry testId="43f72c12-db38-4fa3-8c4a-c0743fb1ee14" executionId="c1767acb-dbf4-4188-85cc-3634c92ac0cb" testListId="8c84fa94-04c1-424b-9868-57a2d4851a1d" /><TestEntry testId="e4a320fc-359f-4d05-bc01-b6357237b1df" executionId="b0226d26-8726-4ee7-813c-d3ed188a3db1" testListId="8c84fa94-04c1-424b-9868-57a2d4851a1d" /><TestEntry testId="c9ca71ac-eab0-4ce2-846a-d7d9ec8113f6" executionId="a2b864bb-3738-4895-bea8-8509b70550ed" testListId="8c84fa94-04c1-424b-9868-57a2d4851a1d" /><TestEntry testId="4d94bccc-ca1c-4970-9551-633887ed4306" executionId="0cc8c31b-47c0-4b5d-a23e-462cb31bc198" testListId="8c84fa94-04c1-424b-9868-57a2d4851a1d" /><TestEntry testId="b438ed47-4e95-43f0-bec3-ebf9413dbc19" executionId="66cca0d5-8858-437c-ae9a-efa5a76c153b" testListId="8c84fa94-04c1-424b-9868-57a2d4851a1d" /><TestEntry testId="fc94596b-3d9e-470b-8a6f-db57465e0385" executionId="94689e98-79d4-4467-90f4-3f48fd1683dd" testListId="8c84fa94-04c1-424b-9868-57a2d4851a1d" /><TestEntry testId="3a91c09b-8833-4a42-89bd-2c58673b39d4" executionId="dd8f289c-604b-4bc9-8347-c4fc9b9920d1" testListId="8c84fa94-04c1-424b-9868-57a2d4851a1d" /><TestEntry testId="f91a9a16-a9ea-44df-bbc6-8190ae500dfa" executionId="5c044f79-8c59-4eeb-aebe-14614225bbb7" testListId="8c84fa94-04c1-424b-9868-57a2d4851a1d" /><TestEntry testId="fcc7436d-b65a-4905-be45-cd873561c12e" executionId="834a44ba-e037-4fa7-aa59-091d98e06a77" testListId="8c84fa94-04c1-424b-9868-57a2d4851a1d" /><TestEntry testId="d6a431cf-5207-49dc-b744-89e23ce16c7c" executionId="6678b030-9c0a-4dcc-b211-3d63f2150264" testListId="8c84fa94-04c1-424b-9868-57a2d4851a1d" /><TestEntry testId="4c7ce45f-cf0e-4123-bee3-fb354ce126c1" executionId="a16b9a59-8ba8-4caa-b23a-87344ee58a6c" testListId="8c84fa94-04c1-424b-9868-57a2d4851a1d" /><TestEntry testId="0dd1d7b3-de9c-4b69-b7a9-0ba5b0921857" executionId="ebde8d3f-e0ce-4e67-aee1-38b9e2d0fa5f" testListId="8c84fa94-04c1-424b-9868-57a2d4851a1d" /><TestEntry testId="3654daeb-aa96-4e52-95f5-891c13e3cb71" executionId="9fc9bc63-ba21-42da-b42b-272117f0032d" testListId="8c84fa94-04c1-424b-9868-57a2d4851a1d" /><TestEntry testId="78d86264-e485-440d-8595-2f98eeab28c8" executionId="69b10b28-04da-4164-96c6-3a26be9556c1" testListId="8c84fa94-04c1-424b-9868-57a2d4851a1d" /><TestEntry testId="6dffe4e3-d7c0-4c6b-aadc-dc7824fe0f0e" executionId="b6b7cddf-1946-407d-ab40-6fb7abbfb6c3" testListId="8c84fa94-04c1-424b-9868-57a2d4851a1d" /><TestEntry testId="e0ccea2c-a13e-4862-b1c3-af730c2486ec" executionId="85e95e7c-f355-49eb-9f55-6aecd58d3256" testListId="8c84fa94-04c1-424b-9868-57a2d4851a1d" /><TestEntry testId="87ca33c6-8f00-4e10-9173-cbca610e9ad2" executionId="f7133568-35bc-4874-8c7c-76a1ff81ac26" testListId="8c84fa94-04c1-424b-9868-57a2d4851a1d" /><TestEntry testId="7df7de71-b692-4d7f-bd11-fbf949f062b6" executionId="da2e0666-d891-4d2e-a140-803a66382b34" testListId="8c84fa94-04c1-424b-9868-57a2d4851a1d" /><TestEntry testId="4b54d9cc-6b6d-4265-8be5-c7c9996585ca" executionId="9c205313-29e5-424b-be85-54fb0bfb21bd" testListId="8c84fa94-04c1-424b-9868-57a2d4851a1d" /><TestEntry testId="c5091b5e-0f73-41ec-a761-4f8488cccde5" executionId="7248907f-d163-4766-98b1-681b42fdf185" testListId="8c84fa94-04c1-424b-9868-57a2d4851a1d" /><TestEntry testId="4f512fd5-d6ae-40af-b76a-081dcb850be2" executionId="d79a0803-db4f-4a51-bffc-79b069810127" testListId="8c84fa94-04c1-424b-9868-57a2d4851a1d" /><TestEntry testId="aaf7cae8-4799-4f10-b0f2-2f1d2fd19070" executionId="06ac5594-7795-4bd7-9e72-f8e7e89dc604" testListId="8c84fa94-04c1-424b-9868-57a2d4851a1d" /><TestEntry testId="7bf34300-7707-4a59-995c-71b678749227" executionId="33e58b57-ad5c-4f7e-a20c-3add0a5b4243" testListId="8c84fa94-04c1-424b-9868-57a2d4851a1d" /><TestEntry testId="1c7cf312-9322-4e76-916d-7f788c9efb99" executionId="e58697f1-2beb-48aa-bc4d-2aeddad1ec56" testListId="8c84fa94-04c1-424b-9868-57a2d4851a1d" /><TestEntry testId="69c4f02d-bcab-44f7-b890-5167f22c5d03" executionId="65aa286d-dd2f-4376-9372-b37f6f2156d4" testListId="8c84fa94-04c1-424b-9868-57a2d4851a1d" /><TestEntry testId="9583e328-4e06-47f6-aaf5-23b8097fa3ee" executionId="3f1d6a53-f419-415e-b655-3ca441f2a66c" testListId="8c84fa94-04c1-424b-9868-57a2d4851a1d" /><TestEntry testId="f9fa5538-d78b-4860-a931-d05a08941c9d" executionId="09bfecab-7dad-42d1-ae12-6a6a3dda603e" testListId="8c84fa94-04c1-424b-9868-57a2d4851a1d" /><TestEntry testId="3f219b71-f89c-4134-9292-b451f391ffc1" executionId="5beca589-2203-4d83-a3a7-b4c78703fdcb" testListId="8c84fa94-04c1-424b-9868-57a2d4851a1d" /><TestEntry testId="251bb081-5a57-490a-b2b6-836ba6199bee" executionId="88265c19-cf5b-49ae-a263-360a5dcb6789" testListId="8c84fa94-04c1-424b-9868-57a2d4851a1d" /><TestEntry testId="ccd74621-6aba-4ed4-9a26-5089c1f8bbfe" executionId="4b76645a-6604-46dd-8847-65228958f1e2" testListId="8c84fa94-04c1-424b-9868-57a2d4851a1d" /></TestEntries><TestLists><TestList name="Results Not in a List" id="8c84fa94-04c1-424b-9868-57a2d4851a1d" /><TestList name="All Loaded Results" id="19431567-8539-422a-85d7-44ee4e166bda" /></TestLists><ResultSummary outcome="Completed"><Counters total="151" executed="151" passed="151" failed="0" error="0" timeout="0" aborted="0" inconclusive="0" passedButRunAborted="0" notRunnable="0" notExecuted="0" disconnected="0" warning="0" completed="0" inProgress="0" pending="0" /><Output><StdOut>[xUnit.net 00:00:01.2714415]   Discovering: ModelRelief.Test[xUnit.net 00:00:01.4076596]   Discovered:  ModelRelief.Test[xUnit.net 00:00:01.4139829]   Starting:    ModelRelief.Test[xUnit.net 00:00:23.1863419]   Finished:    ModelRelief.Test</StdOut></Output></ResultSummary></TestRun>